[17:39:02] [ClientServer/ClientMain/init/DEBUG]: address: baidu.com:80
[17:39:02] [ClientServer/ClientMain/init/DEBUG]: 图片加载成功
[17:39:02] [ClientServer/ClientMain/init/DEBUG]: GIF动画加载成功
[17:39:02] [ClientServer/ClientMain/init/DEBUG]: 物品预加载成功
[17:39:03] [ClientServer/ClientMain/init/DEBUG]: init over
[17:39:03] [ClientServer/ClientMain/KERNEL]: 0.开始建立网络连接…………
[17:39:03] [ClientServer/ClientMain/setUpConnection/DEBUG]: setUpConnection over
[17:39:03] [ClientServer/ClientMain/KERNEL]: 1.网络连接成功!
[17:39:03] [ClientServer/ClientMain/KERNEL]: 2.发送0000包，确认对方是否为服务器Gate端
[17:39:03] [SendingModule/send00Package/INFO]: send00Package over
[17:39:03] [ClientSever/LoginBox/serverState/INFO]: Receive a package 0001(回应连接请求)
[17:39:03] [AioModule/Write/Completed/DEBUG]: Sent 14 bytes to sessionbaidu.com/123.125.114.144:80
[17:39:03] [ClientSever/LoginBox/serverState/INFO]: package 0001: 1
[17:39:03] [ClientServer/ClientMain/KERNEL]: 3.收到0001包，确认对方为服务器Gate端
[17:39:03] [AioModule/Write/Completed/DEBUG]: Sent contents(14bytes): ff ff 00 00 00 0e 00 00 00 00 30 39 20 db 
[17:39:03] [ClientServer/ClientMain/KERNEL]: 4.初始化loginBox登陆界面
[17:39:03] [ClientServer/LoginBox/onLoginResponse/INFO]: Receive a package 0003(登陆反馈)
[17:39:03] [ClientServer/LoginBox/onLoginResponse/INFO]: package 0003: true
[17:39:03] [ClientSever/LoginBox/addCharacter/INFO]: Receive a package 0006(角色预加载)
[17:39:04] [ClientSever/LoginBox/addCharacter/INFO]: Receive a package 0006(角色预加载)
[17:39:04] [ClientServer/LoginBox/noMorePackage/INFO]: Receive a package 0006(角色预加载: 这是最后一个空包
[17:39:04] [AioModule/Write/Completed/DEBUG]: Sent 25 bytes to sessionbaidu.com/123.125.114.144:80
[17:39:04] [SendingModule/sendCreateCharacter/INFO]: package 0008(创建角色) send!
[17:39:04] [ClientServer/LoginBox/onCreatResponse/INFO]: Receive a package 0009(角色创建结果)
[17:39:04] [AioModule/Write/Completed/DEBUG]: Sent contents(25bytes): ff ff 00 00 00 19 00 08 6e 75 6c 6c 00 64 64 64 64 00 01 00 00 00 01 38 47 
[17:39:06] [ClientServer/GameBox/addCharacter/DEBUG]: Receive a package 000A(游戏中所有玩家信息)
[17:39:06] [ClientServer/GameBox/addCharacter/DEBUG]: 000A:加入一个非主角玩家:dddd
[17:39:06] [ClientServer/GameBox/addCharacter/DEBUG]: Receive a package 000A(游戏中所有玩家信息)
[17:39:06] [ClientServer/GameBox/addCharacter/DEBUG]: 000A:加入一个非主角玩家:dddd
[17:39:06] [ClientServer/GameBox/addCharacter/DEBUG]: Receive a package 000A(游戏中所有玩家信息)
[17:39:06] [ClientServer/GameBox/addCharacter/DEBUG]: 000A:加入一个主角玩家:dddd
[17:39:06] [ClientServer/ClientMain/KERNEL]: 5.登陆结束
[17:39:06] [ClientServer/ClientMain/KERNEL]: 6.开始游戏，启动gameBox
[17:39:06] [ClientServer/GameBox/startGame/KERNEL]: 接收主角详细信息(000A):关闭加载窗口,开始游戏!
[17:39:06] [Client/GameBox/updateTarget/INFO]: receive Package 000C(角色目标)
[17:39:06] [Client/GameBox/updateTarget/INFO]: targetX: 5000/targetY 2000
[17:39:06] [Client/GameBox/updateTarget/INFO]: receive Package 000C(角色目标)
[17:39:06] [Client/GameBox/updateTarget/INFO]: targetX: 1000/targetY 3000
[17:39:08] [Client/GameBox/updateTarget/INFO]: receive Package 000C(角色目标)
[17:39:08] [Client/GameBox/updateTarget/INFO]: targetX: 374/targetY 312
[17:39:08] [AioModule/Write/Completed/DEBUG]: Sent 26 bytes to sessionbaidu.com/123.125.114.144:80
[17:39:08] [SendingModule/sendTargetPos/DEBUG]: package 000B(角色移动意图) send!
[17:39:08] [SendingModule/sendTargetPos/DEBUG]: targetX: 374/targetY: 312
[17:39:08] [AioModule/Write/Completed/DEBUG]: Sent contents(26bytes): ff ff 00 00 00 1a 00 0b 00 00 01 76 00 00 01 38 00 00 01 4d f6 96 33 eb 84 58 
[17:39:09] [Client/GameBox/updateTarget/INFO]: receive Package 000C(角色目标)
[17:39:09] [Client/GameBox/updateTarget/INFO]: targetX: 567/targetY 539
[17:39:09] [SendingModule/sendTargetPos/DEBUG]: package 000B(角色移动意图) send!
[17:39:09] [AioModule/Write/Completed/DEBUG]: Sent 26 bytes to sessionbaidu.com/123.125.114.144:80
[17:39:09] [SendingModule/sendTargetPos/DEBUG]: targetX: 567/targetY: 539
[17:39:09] [AioModule/Write/Completed/DEBUG]: Sent contents(26bytes): ff ff 00 00 00 1a 00 0b 00 00 02 37 00 00 02 1b 00 00 01 4d f6 96 38 a5 00 01 
[17:39:10] [Client/GameBox/updateTarget/INFO]: receive Package 000C(角色目标)
[17:39:10] [Client/GameBox/updateTarget/INFO]: targetX: 706/targetY 699
[17:39:10] [SendingModule/sendTargetPos/DEBUG]: package 000B(角色移动意图) send!
[17:39:10] [AioModule/Write/Completed/DEBUG]: Sent 26 bytes to sessionbaidu.com/123.125.114.144:80
[17:39:10] [SendingModule/sendTargetPos/DEBUG]: targetX: 706/targetY: 699
[17:39:10] [AioModule/Write/Completed/DEBUG]: Sent contents(26bytes): ff ff 00 00 00 1a 00 0b 00 00 02 c2 00 00 02 bb 00 00 01 4d f6 96 3b b5 0d 18 
[17:39:11] [Client/GameBox/updateTarget/INFO]: receive Package 000C(角色目标)
[17:39:11] [Client/GameBox/updateTarget/INFO]: targetX: 805/targetY 803
[17:39:11] [SendingModule/sendTargetPos/DEBUG]: package 000B(角色移动意图) send!
[17:39:11] [AioModule/Write/Completed/DEBUG]: Sent 26 bytes to sessionbaidu.com/123.125.114.144:80
[17:39:11] [SendingModule/sendTargetPos/DEBUG]: targetX: 805/targetY: 803
[17:39:11] [AioModule/Write/Completed/DEBUG]: Sent contents(26bytes): ff ff 00 00 00 1a 00 0b 00 00 03 25 00 00 03 23 00 00 01 4d f6 96 3e 9c 12 f0 
[17:39:14] [Client/GameBox/updateTarget/INFO]: receive Package 000C(角色目标)
[17:39:14] [Client/GameBox/updateTarget/INFO]: targetX: 1545/targetY 582
[17:39:14] [SendingModule/sendTargetPos/DEBUG]: package 000B(角色移动意图) send!
[17:39:14] [SendingModule/sendTargetPos/DEBUG]: targetX: 1545/targetY: 582
[17:39:14] [AioModule/Write/Failed/WARNING]: Failed to send to sessionnull. java.nio.channels.ClosedChannelException
[17:39:15] [Client/GameBox/updateTarget/INFO]: receive Package 000C(角色目标)
[17:39:15] [Client/GameBox/updateTarget/INFO]: targetX: 1932/targetY 854
[17:39:15] [SendingModule/sendTargetPos/DEBUG]: package 000B(角色移动意图) send!
[17:39:15] [SendingModule/sendTargetPos/DEBUG]: targetX: 1932/targetY: 854
[17:39:17] [Client/GameBox/updateTarget/INFO]: receive Package 000C(角色目标)
[17:39:17] [Client/GameBox/updateTarget/INFO]: targetX: 2057/targetY 1062
[17:39:17] [SendingModule/sendTargetPos/DEBUG]: package 000B(角色移动意图) send!
[17:39:17] [SendingModule/sendTargetPos/DEBUG]: targetX: 2057/targetY: 1062
[17:39:19] [Client/GameBox/updateTarget/INFO]: receive Package 000C(角色目标)
[17:39:19] [Client/GameBox/updateTarget/INFO]: targetX: 2316/targetY 1188
[17:39:19] [SendingModule/sendTargetPos/DEBUG]: package 000B(角色移动意图) send!
[17:39:19] [SendingModule/sendTargetPos/DEBUG]: targetX: 2316/targetY: 1188
[17:39:40] [Client/GameBox/updateTarget/INFO]: receive Package 000C(角色目标)
[17:39:40] [Client/GameBox/updateTarget/INFO]: targetX: 2373/targetY 1535
[17:39:40] [SendingModule/sendTargetPos/DEBUG]: package 000B(角色移动意图) send!
[17:39:40] [SendingModule/sendTargetPos/DEBUG]: targetX: 2373/targetY: 1535
[17:39:41] [Client/GameBox/updateTarget/INFO]: receive Package 000C(角色目标)
[17:39:41] [Client/GameBox/updateTarget/INFO]: targetX: 2395/targetY 1669
[17:39:41] [SendingModule/sendTargetPos/DEBUG]: package 000B(角色移动意图) send!
[17:39:41] [SendingModule/sendTargetPos/DEBUG]: targetX: 2395/targetY: 1669
[17:39:41] [Client/GameBox/updateTarget/INFO]: receive Package 000C(角色目标)
[17:39:41] [Client/GameBox/updateTarget/INFO]: targetX: 2399/targetY 1696
[17:39:41] [SendingModule/sendTargetPos/DEBUG]: package 000B(角色移动意图) send!
[17:39:41] [SendingModule/sendTargetPos/DEBUG]: targetX: 2399/targetY: 1696
[17:39:41] [Client/GameBox/updateTarget/INFO]: receive Package 000C(角色目标)
[17:39:41] [Client/GameBox/updateTarget/INFO]: targetX: 2404/targetY 1724
[17:39:41] [SendingModule/sendTargetPos/DEBUG]: package 000B(角色移动意图) send!
[17:39:41] [SendingModule/sendTargetPos/DEBUG]: targetX: 2404/targetY: 1724
[17:39:41] [Client/GameBox/updateTarget/INFO]: receive Package 000C(角色目标)
[17:39:41] [Client/GameBox/updateTarget/INFO]: targetX: 2407/targetY 1748
[17:39:41] [SendingModule/sendTargetPos/DEBUG]: package 000B(角色移动意图) send!
[17:39:41] [SendingModule/sendTargetPos/DEBUG]: targetX: 2407/targetY: 1748
[17:39:41] [Client/GameBox/updateTarget/INFO]: receive Package 000C(角色目标)
[17:39:41] [Client/GameBox/updateTarget/INFO]: targetX: 2411/targetY 1771
[17:39:41] [SendingModule/sendTargetPos/DEBUG]: package 000B(角色移动意图) send!
[17:39:41] [SendingModule/sendTargetPos/DEBUG]: targetX: 2411/targetY: 1771
[17:39:41] [Client/GameBox/updateTarget/INFO]: receive Package 000C(角色目标)
[17:39:41] [Client/GameBox/updateTarget/INFO]: targetX: 2415/targetY 1791
[17:39:41] [SendingModule/sendTargetPos/DEBUG]: package 000B(角色移动意图) send!
[17:39:41] [SendingModule/sendTargetPos/DEBUG]: targetX: 2415/targetY: 1791
[17:39:41] [Client/GameBox/updateTarget/INFO]: receive Package 000C(角色目标)
[17:39:41] [Client/GameBox/updateTarget/INFO]: targetX: 2418/targetY 1815
[17:39:41] [SendingModule/sendTargetPos/DEBUG]: package 000B(角色移动意图) send!
[17:39:41] [SendingModule/sendTargetPos/DEBUG]: targetX: 2418/targetY: 1815
[17:39:41] [Client/GameBox/updateTarget/INFO]: receive Package 000C(角色目标)
[17:39:41] [Client/GameBox/updateTarget/INFO]: targetX: 2423/targetY 1842
[17:39:41] [SendingModule/sendTargetPos/DEBUG]: package 000B(角色移动意图) send!
[17:39:41] [SendingModule/sendTargetPos/DEBUG]: targetX: 2423/targetY: 1842
[17:39:42] [Client/GameBox/updateTarget/INFO]: receive Package 000C(角色目标)
[17:39:42] [Client/GameBox/updateTarget/INFO]: targetX: 2427/targetY 1866
[17:39:42] [SendingModule/sendTargetPos/DEBUG]: package 000B(角色移动意图) send!
[17:39:42] [SendingModule/sendTargetPos/DEBUG]: targetX: 2427/targetY: 1866
[17:39:42] [Client/GameBox/updateTarget/INFO]: receive Package 000C(角色目标)
[17:39:42] [Client/GameBox/updateTarget/INFO]: targetX: 2431/targetY 1894
[17:39:42] [SendingModule/sendTargetPos/DEBUG]: package 000B(角色移动意图) send!
[17:39:42] [SendingModule/sendTargetPos/DEBUG]: targetX: 2431/targetY: 1894
[17:39:42] [Client/GameBox/updateTarget/INFO]: receive Package 000C(角色目标)
[17:39:42] [Client/GameBox/updateTarget/INFO]: targetX: 2436/targetY 1925
[17:39:42] [SendingModule/sendTargetPos/DEBUG]: package 000B(角色移动意图) send!
[17:39:42] [SendingModule/sendTargetPos/DEBUG]: targetX: 2436/targetY: 1925
[17:39:42] [Client/GameBox/updateTarget/INFO]: receive Package 000C(角色目标)
[17:39:42] [Client/GameBox/updateTarget/INFO]: targetX: 2442/targetY 1961
[17:39:42] [SendingModule/sendTargetPos/DEBUG]: package 000B(角色移动意图) send!
[17:39:42] [SendingModule/sendTargetPos/DEBUG]: targetX: 2442/targetY: 1961
[17:39:42] [Client/GameBox/updateTarget/INFO]: receive Package 000C(角色目标)
[17:39:42] [Client/GameBox/updateTarget/INFO]: targetX: 2447/targetY 1988
[17:39:42] [SendingModule/sendTargetPos/DEBUG]: package 000B(角色移动意图) send!
[17:39:42] [SendingModule/sendTargetPos/DEBUG]: targetX: 2447/targetY: 1988
[17:39:42] [Client/GameBox/updateTarget/INFO]: receive Package 000C(角色目标)
[17:39:42] [Client/GameBox/updateTarget/INFO]: targetX: 2451/targetY 2016
[17:39:42] [SendingModule/sendTargetPos/DEBUG]: package 000B(角色移动意图) send!
[17:39:42] [SendingModule/sendTargetPos/DEBUG]: targetX: 2451/targetY: 2016
[17:39:42] [Client/GameBox/updateTarget/INFO]: receive Package 000C(角色目标)
[17:39:42] [Client/GameBox/updateTarget/INFO]: targetX: 2455/targetY 2040
[17:39:42] [SendingModule/sendTargetPos/DEBUG]: package 000B(角色移动意图) send!
[17:39:42] [SendingModule/sendTargetPos/DEBUG]: targetX: 2455/targetY: 2040
[17:39:43] [Client/GameBox/updateTarget/INFO]: receive Package 000C(角色目标)
[17:39:43] [Client/GameBox/updateTarget/INFO]: targetX: 2460/targetY 2067
[17:39:43] [SendingModule/sendTargetPos/DEBUG]: package 000B(角色移动意图) send!
[17:39:43] [SendingModule/sendTargetPos/DEBUG]: targetX: 2460/targetY: 2067
[17:39:43] [Client/GameBox/updateTarget/INFO]: receive Package 000C(角色目标)
[17:39:43] [Client/GameBox/updateTarget/INFO]: targetX: 2462/targetY 2083
[17:39:43] [SendingModule/sendTargetPos/DEBUG]: package 000B(角色移动意图) send!
[17:39:43] [SendingModule/sendTargetPos/DEBUG]: targetX: 2462/targetY: 2083
[17:39:43] [Client/GameBox/updateTarget/INFO]: receive Package 000C(角色目标)
[17:39:43] [Client/GameBox/updateTarget/INFO]: targetX: 2467/targetY 2111
[17:39:43] [SendingModule/sendTargetPos/DEBUG]: package 000B(角色移动意图) send!
[17:39:43] [SendingModule/sendTargetPos/DEBUG]: targetX: 2467/targetY: 2111
[17:39:43] [Client/GameBox/updateTarget/INFO]: receive Package 000C(角色目标)
[17:39:43] [Client/GameBox/updateTarget/INFO]: targetX: 2471/targetY 2138
[17:39:43] [SendingModule/sendTargetPos/DEBUG]: package 000B(角色移动意图) send!
[17:39:43] [SendingModule/sendTargetPos/DEBUG]: targetX: 2471/targetY: 2138
[17:39:43] [Client/GameBox/updateTarget/INFO]: receive Package 000C(角色目标)
[17:39:43] [Client/GameBox/updateTarget/INFO]: targetX: 2482/targetY 2206
[17:39:43] [SendingModule/sendTargetPos/DEBUG]: package 000B(角色移动意图) send!
[17:39:43] [SendingModule/sendTargetPos/DEBUG]: targetX: 2482/targetY: 2206
[17:39:43] [Client/GameBox/updateTarget/INFO]: receive Package 000C(角色目标)
[17:39:43] [Client/GameBox/updateTarget/INFO]: targetX: 2487/targetY 2237
[17:39:43] [SendingModule/sendTargetPos/DEBUG]: package 000B(角色移动意图) send!
[17:39:43] [SendingModule/sendTargetPos/DEBUG]: targetX: 2487/targetY: 2237
[17:39:44] [Client/GameBox/updateTarget/INFO]: receive Package 000C(角色目标)
[17:39:44] [Client/GameBox/updateTarget/INFO]: targetX: 2492/targetY 2269
[17:39:44] [SendingModule/sendTargetPos/DEBUG]: package 000B(角色移动意图) send!
[17:39:44] [SendingModule/sendTargetPos/DEBUG]: targetX: 2492/targetY: 2269
[17:39:44] [Client/GameBox/updateTarget/INFO]: receive Package 000C(角色目标)
[17:39:44] [Client/GameBox/updateTarget/INFO]: targetX: 2496/targetY 2292
[17:39:44] [SendingModule/sendTargetPos/DEBUG]: package 000B(角色移动意图) send!
[17:39:44] [SendingModule/sendTargetPos/DEBUG]: targetX: 2496/targetY: 2292
[17:39:44] [Client/GameBox/updateTarget/INFO]: receive Package 000C(角色目标)
[17:39:44] [Client/GameBox/updateTarget/INFO]: targetX: 2500/targetY 2316
[17:39:44] [SendingModule/sendTargetPos/DEBUG]: package 000B(角色移动意图) send!
[17:39:44] [SendingModule/sendTargetPos/DEBUG]: targetX: 2500/targetY: 2316
[17:39:44] [Client/GameBox/updateTarget/INFO]: receive Package 000C(角色目标)
[17:39:44] [Client/GameBox/updateTarget/INFO]: targetX: 2506/targetY 2352
[17:39:44] [SendingModule/sendTargetPos/DEBUG]: package 000B(角色移动意图) send!
[17:39:44] [SendingModule/sendTargetPos/DEBUG]: targetX: 2506/targetY: 2352
[17:39:44] [Client/GameBox/updateTarget/INFO]: receive Package 000C(角色目标)
[17:39:44] [Client/GameBox/updateTarget/INFO]: targetX: 2510/targetY 2375
[17:39:44] [SendingModule/sendTargetPos/DEBUG]: package 000B(角色移动意图) send!
[17:39:44] [SendingModule/sendTargetPos/DEBUG]: targetX: 2510/targetY: 2375
[17:39:44] [Client/GameBox/updateTarget/INFO]: receive Package 000C(角色目标)
[17:39:44] [Client/GameBox/updateTarget/INFO]: targetX: 2513/targetY 2395
[17:39:44] [SendingModule/sendTargetPos/DEBUG]: package 000B(角色移动意图) send!
[17:39:44] [SendingModule/sendTargetPos/DEBUG]: targetX: 2513/targetY: 2395
[17:39:44] [Client/GameBox/updateTarget/INFO]: receive Package 000C(角色目标)
[17:39:44] [Client/GameBox/updateTarget/INFO]: targetX: 2517/targetY 2423
[17:39:44] [SendingModule/sendTargetPos/DEBUG]: package 000B(角色移动意图) send!
[17:39:44] [SendingModule/sendTargetPos/DEBUG]: targetX: 2517/targetY: 2423
[17:39:44] [Client/GameBox/updateTarget/INFO]: receive Package 000C(角色目标)
[17:39:44] [Client/GameBox/updateTarget/INFO]: targetX: 2521/targetY 2446
[17:39:44] [SendingModule/sendTargetPos/DEBUG]: package 000B(角色移动意图) send!
[17:39:44] [SendingModule/sendTargetPos/DEBUG]: targetX: 2521/targetY: 2446
[17:39:45] [Client/GameBox/updateTarget/INFO]: receive Package 000C(角色目标)
[17:39:45] [Client/GameBox/updateTarget/INFO]: targetX: 2525/targetY 2470
[17:39:45] [SendingModule/sendTargetPos/DEBUG]: package 000B(角色移动意图) send!
[17:39:45] [SendingModule/sendTargetPos/DEBUG]: targetX: 2525/targetY: 2470
[17:39:45] [Client/GameBox/updateTarget/INFO]: receive Package 000C(角色目标)
[17:39:45] [Client/GameBox/updateTarget/INFO]: targetX: 2530/targetY 2498
[17:39:45] [SendingModule/sendTargetPos/DEBUG]: package 000B(角色移动意图) send!
[17:39:45] [SendingModule/sendTargetPos/DEBUG]: targetX: 2530/targetY: 2498
[17:39:45] [Client/GameBox/updateTarget/INFO]: receive Package 000C(角色目标)
[17:39:45] [Client/GameBox/updateTarget/INFO]: targetX: 2534/targetY 2525
[17:39:45] [SendingModule/sendTargetPos/DEBUG]: package 000B(角色移动意图) send!
[17:39:45] [SendingModule/sendTargetPos/DEBUG]: targetX: 2534/targetY: 2525
[17:39:45] [Client/GameBox/updateTarget/INFO]: receive Package 000C(角色目标)
[17:39:45] [Client/GameBox/updateTarget/INFO]: targetX: 2542/targetY 2573
[17:39:45] [SendingModule/sendTargetPos/DEBUG]: package 000B(角色移动意图) send!
[17:39:45] [SendingModule/sendTargetPos/DEBUG]: targetX: 2542/targetY: 2573
[17:39:45] [Client/GameBox/updateTarget/INFO]: receive Package 000C(角色目标)
[17:39:45] [Client/GameBox/updateTarget/INFO]: targetX: 2546/targetY 2600
[17:39:45] [SendingModule/sendTargetPos/DEBUG]: package 000B(角色移动意图) send!
[17:39:45] [SendingModule/sendTargetPos/DEBUG]: targetX: 2546/targetY: 2600
[17:39:45] [Client/GameBox/updateTarget/INFO]: receive Package 000C(角色目标)
[17:39:45] [Client/GameBox/updateTarget/INFO]: targetX: 2553/targetY 2640
[17:39:45] [SendingModule/sendTargetPos/DEBUG]: package 000B(角色移动意图) send!
[17:39:45] [SendingModule/sendTargetPos/DEBUG]: targetX: 2553/targetY: 2640
[17:39:46] [Client/GameBox/updateTarget/INFO]: receive Package 000C(角色目标)
[17:39:46] [Client/GameBox/updateTarget/INFO]: targetX: 2557/targetY 2664
[17:39:46] [SendingModule/sendTargetPos/DEBUG]: package 000B(角色移动意图) send!
[17:39:46] [SendingModule/sendTargetPos/DEBUG]: targetX: 2557/targetY: 2664
[17:39:46] [Client/GameBox/updateTarget/INFO]: receive Package 000C(角色目标)
[17:39:46] [Client/GameBox/updateTarget/INFO]: targetX: 2559/targetY 2679
[17:39:46] [SendingModule/sendTargetPos/DEBUG]: package 000B(角色移动意图) send!
[17:39:46] [SendingModule/sendTargetPos/DEBUG]: targetX: 2559/targetY: 2679
[17:39:46] [Client/GameBox/updateTarget/INFO]: receive Package 000C(角色目标)
[17:39:46] [Client/GameBox/updateTarget/INFO]: targetX: 2563/targetY 2703
[17:39:46] [SendingModule/sendTargetPos/DEBUG]: package 000B(角色移动意图) send!
[17:39:46] [SendingModule/sendTargetPos/DEBUG]: targetX: 2563/targetY: 2703
[17:39:46] [Client/GameBox/updateTarget/INFO]: receive Package 000C(角色目标)
[17:39:46] [Client/GameBox/updateTarget/INFO]: targetX: 2573/targetY 2766
[17:39:46] [SendingModule/sendTargetPos/DEBUG]: package 000B(角色移动意图) send!
[17:39:46] [SendingModule/sendTargetPos/DEBUG]: targetX: 2573/targetY: 2766
[17:39:46] [Client/GameBox/updateTarget/INFO]: receive Package 000C(角色目标)
[17:39:46] [Client/GameBox/updateTarget/INFO]: targetX: 2577/targetY 2786
[17:39:46] [SendingModule/sendTargetPos/DEBUG]: package 000B(角色移动意图) send!
[17:39:46] [SendingModule/sendTargetPos/DEBUG]: targetX: 2577/targetY: 2786
[17:39:46] [Client/GameBox/updateTarget/INFO]: receive Package 000C(角色目标)
[17:39:46] [Client/GameBox/updateTarget/INFO]: targetX: 2583/targetY 2825
[17:39:46] [SendingModule/sendTargetPos/DEBUG]: package 000B(角色移动意图) send!
[17:39:46] [SendingModule/sendTargetPos/DEBUG]: targetX: 2583/targetY: 2825
[17:39:47] [Client/GameBox/updateTarget/INFO]: receive Package 000C(角色目标)
[17:39:47] [Client/GameBox/updateTarget/INFO]: targetX: 2587/targetY 2849
[17:39:47] [SendingModule/sendTargetPos/DEBUG]: package 000B(角色移动意图) send!
[17:39:47] [SendingModule/sendTargetPos/DEBUG]: targetX: 2587/targetY: 2849
[17:39:47] [Client/GameBox/updateTarget/INFO]: receive Package 000C(角色目标)
[17:39:47] [Client/GameBox/updateTarget/INFO]: targetX: 2590/targetY 2869
[17:39:47] [SendingModule/sendTargetPos/DEBUG]: package 000B(角色移动意图) send!
[17:39:47] [SendingModule/sendTargetPos/DEBUG]: targetX: 2590/targetY: 2869
[17:39:47] [Client/GameBox/updateTarget/INFO]: receive Package 000C(角色目标)
[17:39:47] [Client/GameBox/updateTarget/INFO]: targetX: 2594/targetY 2893
[17:39:47] [SendingModule/sendTargetPos/DEBUG]: package 000B(角色移动意图) send!
[17:39:47] [SendingModule/sendTargetPos/DEBUG]: targetX: 2594/targetY: 2893
[17:39:47] [Client/GameBox/updateTarget/INFO]: receive Package 000C(角色目标)
[17:39:47] [Client/GameBox/updateTarget/INFO]: targetX: 2597/targetY 2912
[17:39:47] [SendingModule/sendTargetPos/DEBUG]: package 000B(角色移动意图) send!
[17:39:47] [SendingModule/sendTargetPos/DEBUG]: targetX: 2597/targetY: 2912
[17:39:47] [Client/GameBox/updateTarget/INFO]: receive Package 000C(角色目标)
[17:39:47] [Client/GameBox/updateTarget/INFO]: targetX: 2601/targetY 2936
[17:39:47] [SendingModule/sendTargetPos/DEBUG]: package 000B(角色移动意图) send!
[17:39:47] [SendingModule/sendTargetPos/DEBUG]: targetX: 2601/targetY: 2936
[17:39:47] [Client/GameBox/updateTarget/INFO]: receive Package 000C(角色目标)
[17:39:47] [Client/GameBox/updateTarget/INFO]: targetX: 2604/targetY 2956
[17:39:47] [SendingModule/sendTargetPos/DEBUG]: package 000B(角色移动意图) send!
[17:39:47] [SendingModule/sendTargetPos/DEBUG]: targetX: 2604/targetY: 2956
[17:39:47] [Client/GameBox/updateTarget/INFO]: receive Package 000C(角色目标)
[17:39:47] [Client/GameBox/updateTarget/INFO]: targetX: 2607/targetY 2975
[17:39:47] [SendingModule/sendTargetPos/DEBUG]: package 000B(角色移动意图) send!
[17:39:47] [SendingModule/sendTargetPos/DEBUG]: targetX: 2607/targetY: 2975
[17:39:48] [Client/GameBox/updateTarget/INFO]: receive Package 000C(角色目标)
[17:39:48] [Client/GameBox/updateTarget/INFO]: targetX: 1925/targetY 2913
[17:39:48] [SendingModule/sendTargetPos/DEBUG]: package 000B(角色移动意图) send!
[17:39:48] [SendingModule/sendTargetPos/DEBUG]: targetX: 1925/targetY: 2913
[17:39:48] [Client/GameBox/updateTarget/INFO]: receive Package 000C(角色目标)
[17:39:48] [Client/GameBox/updateTarget/INFO]: targetX: 1898/targetY 2919
[17:39:48] [SendingModule/sendTargetPos/DEBUG]: package 000B(角色移动意图) send!
[17:39:48] [SendingModule/sendTargetPos/DEBUG]: targetX: 1898/targetY: 2919
[17:39:48] [Client/GameBox/updateTarget/INFO]: receive Package 000C(角色目标)
[17:39:48] [Client/GameBox/updateTarget/INFO]: targetX: 1871/targetY 2925
[17:39:48] [SendingModule/sendTargetPos/DEBUG]: package 000B(角色移动意图) send!
[17:39:48] [SendingModule/sendTargetPos/DEBUG]: targetX: 1871/targetY: 2925
[17:39:48] [Client/GameBox/updateTarget/INFO]: receive Package 000C(角色目标)
[17:39:48] [Client/GameBox/updateTarget/INFO]: targetX: 1843/targetY 2931
[17:39:48] [SendingModule/sendTargetPos/DEBUG]: package 000B(角色移动意图) send!
[17:39:48] [SendingModule/sendTargetPos/DEBUG]: targetX: 1843/targetY: 2931
[17:39:48] [Client/GameBox/updateTarget/INFO]: receive Package 000C(角色目标)
[17:39:48] [Client/GameBox/updateTarget/INFO]: targetX: 1824/targetY 2935
[17:39:48] [SendingModule/sendTargetPos/DEBUG]: package 000B(角色移动意图) send!
[17:39:48] [SendingModule/sendTargetPos/DEBUG]: targetX: 1824/targetY: 2935
[17:39:49] [Client/GameBox/updateTarget/INFO]: receive Package 000C(角色目标)
[17:39:49] [Client/GameBox/updateTarget/INFO]: targetX: 1793/targetY 2942
[17:39:49] [SendingModule/sendTargetPos/DEBUG]: package 000B(角色移动意图) send!
[17:39:49] [SendingModule/sendTargetPos/DEBUG]: targetX: 1793/targetY: 2942
[17:39:49] [Client/GameBox/updateTarget/INFO]: receive Package 000C(角色目标)
[17:39:49] [Client/GameBox/updateTarget/INFO]: targetX: 1765/targetY 2948
[17:39:49] [SendingModule/sendTargetPos/DEBUG]: package 000B(角色移动意图) send!
[17:39:49] [SendingModule/sendTargetPos/DEBUG]: targetX: 1765/targetY: 2948
[17:39:49] [Client/GameBox/updateTarget/INFO]: receive Package 000C(角色目标)
[17:39:49] [Client/GameBox/updateTarget/INFO]: targetX: 1746/targetY 2952
[17:39:49] [SendingModule/sendTargetPos/DEBUG]: package 000B(角色移动意图) send!
[17:39:49] [SendingModule/sendTargetPos/DEBUG]: targetX: 1746/targetY: 2952
[17:39:49] [Client/GameBox/updateTarget/INFO]: receive Package 000C(角色目标)
[17:39:49] [Client/GameBox/updateTarget/INFO]: targetX: 1722/targetY 2957
[17:39:49] [SendingModule/sendTargetPos/DEBUG]: package 000B(角色移动意图) send!
[17:39:49] [SendingModule/sendTargetPos/DEBUG]: targetX: 1722/targetY: 2957
[17:39:49] [Client/GameBox/updateTarget/INFO]: receive Package 000C(角色目标)
[17:39:49] [Client/GameBox/updateTarget/INFO]: targetX: 1683/targetY 2966
[17:39:49] [SendingModule/sendTargetPos/DEBUG]: package 000B(角色移动意图) send!
[17:39:49] [SendingModule/sendTargetPos/DEBUG]: targetX: 1683/targetY: 2966
[17:39:49] [Client/GameBox/updateTarget/INFO]: receive Package 000C(角色目标)
[17:39:49] [Client/GameBox/updateTarget/INFO]: targetX: 1660/targetY 2971
[17:39:49] [SendingModule/sendTargetPos/DEBUG]: package 000B(角色移动意图) send!
[17:39:49] [SendingModule/sendTargetPos/DEBUG]: targetX: 1660/targetY: 2971
[17:39:51] [ClientServer/ClientMain/KERNEL]: 7.游戏结束，退出主程序
[17:39:51] [SendingModule/sendLogout/INFO]: logout send!
