[17:46:02] [ClientServer/ClientMain/init/DEBUG]: address: 192.168.1.100:8438
[17:46:02] [ClientServer/ClientMain/init/DEBUG]: 图片加载成功
[17:46:02] [ClientServer/ClientMain/init/DEBUG]: GIF动画加载成功
[17:46:02] [ClientServer/ClientMain/init/DEBUG]: 物品预加载成功
[17:46:03] [ClientServer/ClientMain/init/DEBUG]: init over
[17:46:03] [ClientServer/ClientMain/KERNEL]: 0.开始建立网络连接…………
[17:46:03] [ClientServer/ClientMain/setUpConnection/DEBUG]: setUpConnection over
[17:46:03] [ClientServer/ClientMain/KERNEL]: 1.网络连接成功!
[17:46:03] [ClientServer/ClientMain/KERNEL]: 2.发送0000包，确认对方是否为服务器Gate端
[17:46:03] [SendingModule/send00Package/INFO]: send00Package over
[17:46:03] [AioModule/Write/Completed/DEBUG]: Sent 14 bytes to session/192.168.1.100:8438
[17:46:03] [AioModule/Write/Completed/DEBUG]: Sent contents(14bytes): ff ff 00 00 00 0e 00 00 00 00 30 39 20 db 
[17:46:03] [AioModule/Read/Completed/DEBUG]: Received 18 bytes from session/192.168.1.100:8438
[17:46:03] [AioModule/Read/Completed/DEBUG]: Received contents(18bytes): ff ff 00 00 00 12 00 14 00 00 01 4d f6 9c 81 2d 06 02 
[17:46:03] [ClientServer/ClientDecoder/INFO]: Receive a package 0014(PING)1434361561389
[17:46:03] [SendingModule/PINGResponse/DEBUG]: package 0015(PING回应包) send!
[17:46:03] [AioModule/Write/Completed/DEBUG]: Sent 18 bytes to session/192.168.1.100:8438
[17:46:03] [AioModule/Write/Completed/DEBUG]: Sent contents(18bytes): ff ff 00 00 00 12 00 15 00 00 01 4d f6 9c 81 2d c1 63 
[17:46:03] [AioModule/Read/Completed/DEBUG]: Received 11 bytes from session/192.168.1.100:8438
[17:46:03] [AioModule/Read/Completed/DEBUG]: Received contents(11bytes): ff ff 00 00 00 0b 00 01 01 2a 46 
[17:46:03] [ClientServer/ClientDecoder/INFO]: Receive a package 0001(回应连接请求)
[17:46:03] [ClientServer/ClientDecoder/INFO]: package 0001: 1
[17:46:03] [ClientSever/LoginBox/serverState/INFO]: Receive a package 0001(回应连接请求)
[17:46:03] [ClientSever/LoginBox/serverState/INFO]: package 0001: 1
[17:46:03] [AioModule/Read/Completed/DEBUG]: Received 18 bytes from session/192.168.1.100:8438
[17:46:03] [AioModule/Read/Completed/DEBUG]: Received contents(18bytes): ff ff 00 00 00 12 00 16 00 00 00 00 00 00 00 08 28 56 
[17:46:03] [ClientServer/ClientDecoder/INFO]: Receive a package 0016(时间同步)2180
[17:46:03] [ClientServer/ClientMain/KERNEL]: 3.收到0001包，确认对方为服务器Gate端
[17:46:03] [ClientServer/ClientMain/KERNEL]: 4.初始化loginBox登陆界面
[17:46:13] [SendingModule/sendLogin/INFO]: package 0002(登陆信息) send!
[17:46:13] [AioModule/Write/Completed/DEBUG]: Sent 47 bytes to session/192.168.1.100:8438
[17:46:13] [AioModule/Write/Completed/DEBUG]: Sent contents(47bytes): ff ff 00 00 00 2f 00 02 78 79 6c 00 43 37 30 43 44 30 34 33 31 33 46 46 32 36 30 41 38 33 44 36 44 37 39 39 30 38 32 32 43 30 33 32 00 6a be 
[17:46:13] [AioModule/Read/Completed/DEBUG]: Received 11 bytes from session/192.168.1.100:8438
[17:46:13] [AioModule/Read/Completed/DEBUG]: Received contents(11bytes): ff ff 00 00 00 0b 00 03 01 2a 58 
[17:46:13] [ClientServer/ClientDecoder/INFO]: Receive a package 0003(登陆反馈)
[17:46:13] [ClientServer/ClientDecoder/INFO]: package 0003: true
[17:46:13] [ClientServer/LoginBox/onLoginResponse/INFO]: Receive a package 0003(登陆反馈)
[17:46:13] [ClientServer/LoginBox/onLoginResponse/INFO]: package 0003: true
[17:46:14] [AioModule/Read/Completed/DEBUG]: Received 39 bytes from session/192.168.1.100:8438
[17:46:14] [AioModule/Read/Completed/DEBUG]: Received contents(39bytes): ff ff 00 00 00 1d 00 06 00 00 04 03 bb c3 cf eb bc d2 d8 bc 00 01 00 00 00 00 0c 7a 9f ff ff 00 00 00 0a 00 06 45 71 
[17:46:14] [ClientServer/ClientDecoder/INFO]: Receive a package 0006(角色预加载)
[17:46:14] [ClientServer/ClientDecoder/INFO]: package 0006: /id: 1027/name: 幻想家丶/level: 1/gender: 0
[17:46:14] [ClientSever/LoginBox/addCharacter/INFO]: Receive a package 0006(角色预加载)
[17:46:14] [ClientServer/ClientDecoder/INFO]: Receive a package 0006(角色预加载――空包)
[17:46:14] [ClientServer/LoginBox/noMorePackage/INFO]: Receive a package 0006(角色预加载: 这是最后一个空包
[17:46:19] [AioModule/Write/Completed/DEBUG]: Sent 14 bytes to session/192.168.1.100:8438
[17:46:19] [SendingModule/sendCharacter/INFO]: package 0007(角色选择) send!
[17:46:19] [AioModule/Write/Completed/DEBUG]: Sent contents(14bytes): ff ff 00 00 00 0e 00 07 00 00 04 03 a0 98 
[17:46:19] [ClientServer/ClientMain/KERNEL]: 5.登陆结束
[17:46:19] [ClientServer/ClientMain/KERNEL]: 6.开始游戏，启动gameBox
[17:46:19] [AioModule/Read/Completed/DEBUG]: Received 87 bytes from session/192.168.1.100:8438
[17:46:19] [AioModule/Read/Completed/DEBUG]: Received contents(87bytes): ff ff 00 00 00 57 00 0a 00 00 04 03 bb c3 cf eb bc d2 d8 bc 00 74 68 69 73 20 69 73 20 58 75 73 20 70 6c 61 6e 65 00 01 00 00 00 00 64 00 00 00 00 00 00 00 64 00 00 00 64 00 00 00 14 00 00 00 14 00 00 00 01 00 00 00 c8 00 00 09 c2 00 00 15 28 00 00 00 0c 1a 28 
[17:46:19] [ClientServer/ClientDecoder/INFO]: Receive a package 000A(游戏中所有玩家信息)
[17:46:19] [ClientServer/ClientDecoder/INFO]: package 000A: /id: 1027/name: 幻想家丶/level: 1/gender: 0/posX: 2498/posY: 5416
[17:46:19] [ClientServer/GameBox/addCharacter/DEBUG]: Receive a package 000A(游戏中所有玩家信息)
[17:46:19] [ClientServer/GameBox/addCharacter/DEBUG]: 000A:加入一个主角玩家:幻想家丶
[17:46:19] [AioModule/Read/Completed/DEBUG]: Received 270 bytes from session/192.168.1.100:8438
[17:46:19] [AioModule/Read/Completed/DEBUG]: Received contents(270bytes): ff ff 00 00 01 0e 00 19 00 00 00 20 00 00 00 21 00 00 01 64 00 00 00 01 00 00 00 00 00 00 00 02 00 00 00 00 00 00 00 03 00 00 00 00 00 00 00 04 00 00 00 00 00 00 00 05 00 00 00 00 00 00 00 06 00 00 00 00 00 00 00 07 00 00 00 00 00 00 00 08 00 00 00 00 00 00 00 09 00 00 00 00 00 00 00 0a 00 00 00 00 00 00 00 0b 00 00 00 00 00 00 00 0c 00 00 00 00 00 00 00 0d 00 00 00 00 00 00 00 0e 00 00 00 00 00 00 00 0f 00 00 00 00 00 00 00 10 00 00 00 00 00 00 00 11 00 00 00 00 00 00 00 12 00 00 00 00 00 00 00 13 00 00 00 00 00 00 00 14 00 00 00 00 00 00 00 15 00 00 00 00 00 00 00 16 00 00 00 00 00 00 00 17 00 00 00 00 00 00 00 18 00 00 00 00 00 00 00 19 00 00 00 00 00 00 00 1a 00 00 00 00 00 00 00 1b 00 00 00 00 00 00 00 1c 00 00 00 00 00 00 00 1d 00 00 00 00 00 00 00 1e 00 00 00 00 00 00 00 1f 00 00 00 00 42 b9 
[17:46:19] [ClientServer/ClientDecoder/INFO]: Receive a package 0019(背包信息)
[17:46:20] [AioModule/Read/Completed/DEBUG]: Received 14 bytes from session/192.168.1.100:8438
[17:46:20] [AioModule/Read/Completed/DEBUG]: Received contents(14bytes): ff ff 00 00 00 0e 00 1b 00 00 00 00 72 5c 
[17:46:20] [AioModule/Read/Completed/DEBUG]: Received 50 bytes from session/192.168.1.100:8438
[17:46:20] [AioModule/Read/Completed/DEBUG]: Received contents(50bytes): ff ff 00 00 00 32 00 1a 00 00 00 03 00 00 00 00 3b 9a ca 01 00 00 00 01 00 00 00 01 3b 9a ca 02 00 00 00 01 00 00 00 02 3b 9a ca 03 00 00 00 01 63 4d 
[17:46:20] [ClientServer/ClientDecoder/INFO]: Receive a package 001A(技能信息)
[17:46:20] [ClientServer/GameBox/startGame/KERNEL]: 接收主角详细信息(000A):关闭加载窗口,开始游戏!
[17:46:37] [AioModule/Write/Completed/DEBUG]: Sent 22 bytes to session/192.168.1.100:8438
[17:46:37] [SendingModule/sendUseItem/DEBUG]: 发送物品逻辑包:操作的物品实例ID:33
[17:46:37] [AioModule/Write/Completed/DEBUG]: Sent contents(22bytes): ff ff 00 00 00 16 00 17 00 00 00 21 00 00 00 01 00 00 04 03 69 55 
[17:46:37] [AioModule/Read/Completed/DEBUG]: Received 270 bytes from session/192.168.1.100:8438
[17:46:37] [AioModule/Read/Completed/DEBUG]: Received contents(270bytes): ff ff 00 00 01 0e 00 19 00 00 00 20 00 00 00 21 00 00 01 64 00 00 00 01 00 00 00 00 00 00 00 02 00 00 00 00 00 00 00 03 00 00 00 00 00 00 00 04 00 00 00 00 00 00 00 05 00 00 00 00 00 00 00 06 00 00 00 00 00 00 00 07 00 00 00 00 00 00 00 08 00 00 00 00 00 00 00 09 00 00 00 00 00 00 00 0a 00 00 00 00 00 00 00 0b 00 00 00 00 00 00 00 0c 00 00 00 00 00 00 00 0d 00 00 00 00 00 00 00 0e 00 00 00 00 00 00 00 0f 00 00 00 00 00 00 00 10 00 00 00 00 00 00 00 11 00 00 00 00 00 00 00 12 00 00 00 00 00 00 00 13 00 00 00 00 00 00 00 14 00 00 00 00 00 00 00 15 00 00 00 00 00 00 00 16 00 00 00 00 00 00 00 17 00 00 00 00 00 00 00 18 00 00 00 00 00 00 00 19 00 00 00 00 00 00 00 1a 00 00 00 00 00 00 00 1b 00 00 00 00 00 00 00 1c 00 00 00 00 00 00 00 1d 00 00 00 00 00 00 00 1e 00 00 00 00 00 00 00 1f 00 00 00 00 42 b9 
[17:46:37] [ClientServer/ClientDecoder/INFO]: Receive a package 0019(背包信息)
[17:48:23] [Client/GameBox/updateTarget/INFO]: receive Package 000C(角色目标)
[17:48:23] [Client/GameBox/updateTarget/INFO]: targetX: 2744/targetY 5591
[17:48:23] [SendingModule/sendTargetPos/DEBUG]: package 000B(角色移动意图) send!
[17:48:23] [SendingModule/sendTargetPos/DEBUG]: targetX: 2744/targetY: 5591
[17:48:23] [AioModule/Write/Completed/DEBUG]: Sent 26 bytes to session/192.168.1.100:8438
[17:48:23] [AioModule/Write/Completed/DEBUG]: Sent contents(26bytes): ff ff 00 00 00 1a 00 0b 00 00 0a b8 00 00 15 d7 00 00 01 4d f6 9e a3 97 5c 75 
[17:48:23] [AioModule/Read/Completed/DEBUG]: Received 30 bytes from session/192.168.1.100:8438
[17:48:23] [AioModule/Read/Completed/DEBUG]: Received contents(30bytes): ff ff 00 00 00 1e 00 0c 00 00 04 03 00 00 0a b8 00 00 15 d7 00 00 01 4d f6 9e a3 97 98 fc 
[17:48:23] [ClientServer/ClientDecoder/INFO]: Receive a package 000C(所有玩家目标坐标更新)
[17:48:23] [ClientServer/ClientDecoder/INFO]: package 000C: /id: 1027/posX: 2744/posY: 5591
[17:48:23] [Client/GameBox/updateTarget/INFO]: receive Package 000C(角色目标)
[17:48:23] [Client/GameBox/updateTarget/INFO]: targetX: 2744/targetY 5591
[17:48:27] [Client/GameBox/updateTarget/INFO]: receive Package 000C(角色目标)
[17:48:27] [Client/GameBox/updateTarget/INFO]: targetX: 2994/targetY 5740
[17:48:27] [SendingModule/sendTargetPos/DEBUG]: package 000B(角色移动意图) send!
[17:48:27] [AioModule/Write/Completed/DEBUG]: Sent 26 bytes to session/192.168.1.100:8438
[17:48:27] [SendingModule/sendTargetPos/DEBUG]: targetX: 2994/targetY: 5740
[17:48:27] [AioModule/Write/Completed/DEBUG]: Sent contents(26bytes): ff ff 00 00 00 1a 00 0b 00 00 0b b2 00 00 16 6c 00 00 01 4d f6 9e b2 00 8b 05 
[17:48:27] [AioModule/Read/Completed/DEBUG]: Received 30 bytes from session/192.168.1.100:8438
[17:48:27] [AioModule/Read/Completed/DEBUG]: Received contents(30bytes): ff ff 00 00 00 1e 00 0c 00 00 04 03 00 00 0b b2 00 00 16 6c 00 00 01 4d f6 9e b2 00 10 4c 
[17:48:27] [ClientServer/ClientDecoder/INFO]: Receive a package 000C(所有玩家目标坐标更新)
[17:48:27] [ClientServer/ClientDecoder/INFO]: package 000C: /id: 1027/posX: 2994/posY: 5740
[17:48:27] [Client/GameBox/updateTarget/INFO]: receive Package 000C(角色目标)
[17:48:27] [Client/GameBox/updateTarget/INFO]: targetX: 2994/targetY 5740
[17:48:31] [Client/GameBox/updateTarget/INFO]: receive Package 000C(角色目标)
[17:48:31] [Client/GameBox/updateTarget/INFO]: targetX: 2839/targetY 5031
[17:48:31] [SendingModule/sendTargetPos/DEBUG]: package 000B(角色移动意图) send!
[17:48:31] [AioModule/Write/Completed/DEBUG]: Sent 26 bytes to session/192.168.1.100:8438
[17:48:31] [SendingModule/sendTargetPos/DEBUG]: targetX: 2839/targetY: 5031
[17:48:31] [AioModule/Write/Completed/DEBUG]: Sent contents(26bytes): ff ff 00 00 00 1a 00 0b 00 00 0b 17 00 00 13 a7 00 00 01 4d f6 9e c2 c7 a1 eb 
[17:48:31] [AioModule/Read/Completed/DEBUG]: Received 30 bytes from session/192.168.1.100:8438
[17:48:31] [AioModule/Read/Completed/DEBUG]: Received contents(30bytes): ff ff 00 00 00 1e 00 0c 00 00 04 03 00 00 0b 17 00 00 13 a7 00 00 01 4d f6 9e c2 c7 a1 25 
[17:48:31] [ClientServer/ClientDecoder/INFO]: Receive a package 000C(所有玩家目标坐标更新)
[17:48:31] [ClientServer/ClientDecoder/INFO]: package 000C: /id: 1027/posX: 2839/posY: 5031
[17:48:31] [Client/GameBox/updateTarget/INFO]: receive Package 000C(角色目标)
[17:48:31] [Client/GameBox/updateTarget/INFO]: targetX: 2839/targetY 5031
[17:48:38] [Client/GameBox/updateTarget/INFO]: receive Package 000C(角色目标)
[17:48:38] [Client/GameBox/updateTarget/INFO]: targetX: 2052/targetY 4991
[17:48:38] [SendingModule/sendTargetPos/DEBUG]: package 000B(角色移动意图) send!
[17:48:38] [AioModule/Write/Completed/DEBUG]: Sent 26 bytes to session/192.168.1.100:8438
[17:48:38] [SendingModule/sendTargetPos/DEBUG]: targetX: 2052/targetY: 4991
[17:48:38] [AioModule/Write/Completed/DEBUG]: Sent contents(26bytes): ff ff 00 00 00 1a 00 0b 00 00 08 04 00 00 13 7f 00 00 01 4d f6 9e dc c7 57 6e 
[17:48:38] [AioModule/Read/Completed/DEBUG]: Received 30 bytes from session/192.168.1.100:8438
[17:48:38] [AioModule/Read/Completed/DEBUG]: Received contents(30bytes): ff ff 00 00 00 1e 00 0c 00 00 04 03 00 00 08 04 00 00 13 7f 00 00 01 4d f6 9e dc c7 79 71 
[17:48:38] [ClientServer/ClientDecoder/INFO]: Receive a package 000C(所有玩家目标坐标更新)
[17:48:38] [ClientServer/ClientDecoder/INFO]: package 000C: /id: 1027/posX: 2052/posY: 4991
[17:48:38] [Client/GameBox/updateTarget/INFO]: receive Package 000C(角色目标)
[17:48:38] [Client/GameBox/updateTarget/INFO]: targetX: 2052/targetY 4991
[17:48:40] [Client/GameBox/updateTarget/INFO]: receive Package 000C(角色目标)
[17:48:40] [Client/GameBox/updateTarget/INFO]: targetX: 2114/targetY 5159
[17:48:40] [SendingModule/sendTargetPos/DEBUG]: package 000B(角色移动意图) send!
[17:48:40] [SendingModule/sendTargetPos/DEBUG]: targetX: 2114/targetY: 5159
[17:48:40] [AioModule/Write/Completed/DEBUG]: Sent 26 bytes to session/192.168.1.100:8438
[17:48:40] [AioModule/Write/Completed/DEBUG]: Sent contents(26bytes): ff ff 00 00 00 1a 00 0b 00 00 08 42 00 00 14 27 00 00 01 4d f6 9e e7 b8 b9 dd 
[17:48:40] [AioModule/Read/Completed/DEBUG]: Received 30 bytes from session/192.168.1.100:8438
[17:48:40] [AioModule/Read/Completed/DEBUG]: Received contents(30bytes): ff ff 00 00 00 1e 00 0c 00 00 04 03 00 00 08 42 00 00 14 27 00 00 01 4d f6 9e e7 b8 98 a3 
[17:48:40] [ClientServer/ClientDecoder/INFO]: Receive a package 000C(所有玩家目标坐标更新)
[17:48:40] [ClientServer/ClientDecoder/INFO]: package 000C: /id: 1027/posX: 2114/posY: 5159
[17:48:40] [Client/GameBox/updateTarget/INFO]: receive Package 000C(角色目标)
[17:48:40] [Client/GameBox/updateTarget/INFO]: targetX: 2114/targetY 5159
[17:48:42] [Client/GameBox/updateTarget/INFO]: receive Package 000C(角色目标)
[17:48:42] [Client/GameBox/updateTarget/INFO]: targetX: 2010/targetY 5438
[17:48:42] [SendingModule/sendTargetPos/DEBUG]: package 000B(角色移动意图) send!
[17:48:42] [AioModule/Write/Completed/DEBUG]: Sent 26 bytes to session/192.168.1.100:8438
[17:48:42] [SendingModule/sendTargetPos/DEBUG]: targetX: 2010/targetY: 5438
[17:48:42] [AioModule/Write/Completed/DEBUG]: Sent contents(26bytes): ff ff 00 00 00 1a 00 0b 00 00 07 da 00 00 15 3e 00 00 01 4d f6 9e ee 0c 0e 1f 
[17:48:42] [AioModule/Read/Completed/DEBUG]: Received 30 bytes from session/192.168.1.100:8438
[17:48:42] [AioModule/Read/Completed/DEBUG]: Received contents(30bytes): ff ff 00 00 00 1e 00 0c 00 00 04 03 00 00 07 da 00 00 15 3e 00 00 01 4d f6 9e ee 0c 83 f9 
[17:48:42] [ClientServer/ClientDecoder/INFO]: Receive a package 000C(所有玩家目标坐标更新)
[17:48:42] [ClientServer/ClientDecoder/INFO]: package 000C: /id: 1027/posX: 2010/posY: 5438
[17:48:42] [Client/GameBox/updateTarget/INFO]: receive Package 000C(角色目标)
[17:48:42] [Client/GameBox/updateTarget/INFO]: targetX: 2010/targetY 5438
[17:48:43] [Client/GameBox/updateTarget/INFO]: receive Package 000C(角色目标)
[17:48:43] [Client/GameBox/updateTarget/INFO]: targetX: 2685/targetY 5927
[17:48:43] [SendingModule/sendTargetPos/DEBUG]: package 000B(角色移动意图) send!
[17:48:43] [AioModule/Write/Completed/DEBUG]: Sent 26 bytes to session/192.168.1.100:8438
[17:48:43] [SendingModule/sendTargetPos/DEBUG]: targetX: 2685/targetY: 5927
[17:48:43] [AioModule/Write/Completed/DEBUG]: Sent contents(26bytes): ff ff 00 00 00 1a 00 0b 00 00 0a 7d 00 00 17 27 00 00 01 4d f6 9e f3 a4 54 01 
[17:48:43] [AioModule/Read/Completed/DEBUG]: Received 30 bytes from session/192.168.1.100:8438
[17:48:43] [AioModule/Read/Completed/DEBUG]: Received contents(30bytes): ff ff 00 00 00 1e 00 0c 00 00 04 03 00 00 0a 7d 00 00 17 27 00 00 01 4d f6 9e f3 a4 4c 42 
[17:48:43] [ClientServer/ClientDecoder/INFO]: Receive a package 000C(所有玩家目标坐标更新)
[17:48:43] [ClientServer/ClientDecoder/INFO]: package 000C: /id: 1027/posX: 2685/posY: 5927
[17:48:43] [Client/GameBox/updateTarget/INFO]: receive Package 000C(角色目标)
[17:48:43] [Client/GameBox/updateTarget/INFO]: targetX: 2685/targetY 5927
[17:48:45] [Client/GameBox/updateTarget/INFO]: receive Package 000C(角色目标)
[17:48:45] [Client/GameBox/updateTarget/INFO]: targetX: 3444/targetY 5438
[17:48:45] [SendingModule/sendTargetPos/DEBUG]: package 000B(角色移动意图) send!
[17:48:45] [AioModule/Write/Completed/DEBUG]: Sent 26 bytes to session/192.168.1.100:8438
[17:48:45] [SendingModule/sendTargetPos/DEBUG]: targetX: 3444/targetY: 5438
[17:48:45] [AioModule/Write/Completed/DEBUG]: Sent contents(26bytes): ff ff 00 00 00 1a 00 0b 00 00 0d 74 00 00 15 3e 00 00 01 4d f6 9e f8 26 5a e6 
[17:48:45] [AioModule/Read/Completed/DEBUG]: Received 30 bytes from session/192.168.1.100:8438
[17:48:45] [AioModule/Read/Completed/DEBUG]: Received contents(30bytes): ff ff 00 00 00 1e 00 0c 00 00 04 03 00 00 0d 74 00 00 15 3e 00 00 01 4d f6 9e f8 26 be c6 
[17:48:45] [ClientServer/ClientDecoder/INFO]: Receive a package 000C(所有玩家目标坐标更新)
[17:48:45] [ClientServer/ClientDecoder/INFO]: package 000C: /id: 1027/posX: 3444/posY: 5438
[17:48:45] [Client/GameBox/updateTarget/INFO]: receive Package 000C(角色目标)
[17:48:45] [Client/GameBox/updateTarget/INFO]: targetX: 3444/targetY 5438
[17:48:52] [Client/GameBox/updateTarget/INFO]: receive Package 000C(角色目标)
[17:48:52] [Client/GameBox/updateTarget/INFO]: targetX: 3150/targetY 5916
[17:48:52] [SendingModule/sendTargetPos/DEBUG]: package 000B(角色移动意图) send!
[17:48:52] [AioModule/Write/Completed/DEBUG]: Sent 26 bytes to session/192.168.1.100:8438
[17:48:52] [SendingModule/sendTargetPos/DEBUG]: targetX: 3150/targetY: 5916
[17:48:52] [AioModule/Write/Completed/DEBUG]: Sent contents(26bytes): ff ff 00 00 00 1a 00 0b 00 00 0c 4e 00 00 17 1c 00 00 01 4d f6 9f 16 f0 55 ad 
[17:48:52] [AioModule/Read/Completed/DEBUG]: Received 30 bytes from session/192.168.1.100:8438
[17:48:52] [AioModule/Read/Completed/DEBUG]: Received contents(30bytes): ff ff 00 00 00 1e 00 0c 00 00 04 03 00 00 0c 4e 00 00 17 1c 00 00 01 4d f6 9f 16 f0 86 d4 
[17:48:52] [ClientServer/ClientDecoder/INFO]: Receive a package 000C(所有玩家目标坐标更新)
[17:48:52] [ClientServer/ClientDecoder/INFO]: package 000C: /id: 1027/posX: 3150/posY: 5916
[17:48:52] [Client/GameBox/updateTarget/INFO]: receive Package 000C(角色目标)
[17:48:52] [Client/GameBox/updateTarget/INFO]: targetX: 3150/targetY 5916
[17:48:56] [Client/GameBox/updateTarget/INFO]: receive Package 000C(角色目标)
[17:48:56] [Client/GameBox/updateTarget/INFO]: targetX: 3384/targetY 5370
[17:48:56] [SendingModule/sendTargetPos/DEBUG]: package 000B(角色移动意图) send!
[17:48:56] [AioModule/Write/Completed/DEBUG]: Sent 26 bytes to session/192.168.1.100:8438
[17:48:56] [SendingModule/sendTargetPos/DEBUG]: targetX: 3384/targetY: 5370
[17:48:56] [AioModule/Write/Completed/DEBUG]: Sent contents(26bytes): ff ff 00 00 00 1a 00 0b 00 00 0d 38 00 00 14 fa 00 00 01 4d f6 9f 25 92 3d 2a 
[17:48:56] [AioModule/Read/Completed/DEBUG]: Received 30 bytes from session/192.168.1.100:8438
[17:48:56] [AioModule/Read/Completed/DEBUG]: Received contents(30bytes): ff ff 00 00 00 1e 00 0c 00 00 04 03 00 00 0d 38 00 00 14 fa 00 00 01 4d f6 9f 25 92 6d 7a 
[17:48:56] [ClientServer/ClientDecoder/INFO]: Receive a package 000C(所有玩家目标坐标更新)
[17:48:56] [ClientServer/ClientDecoder/INFO]: package 000C: /id: 1027/posX: 3384/posY: 5370
[17:48:56] [Client/GameBox/updateTarget/INFO]: receive Package 000C(角色目标)
[17:48:56] [Client/GameBox/updateTarget/INFO]: targetX: 3384/targetY 5370
[17:48:58] [Client/GameBox/updateTarget/INFO]: receive Package 000C(角色目标)
[17:48:58] [Client/GameBox/updateTarget/INFO]: targetX: 2674/targetY 4910
[17:48:58] [SendingModule/sendTargetPos/DEBUG]: package 000B(角色移动意图) send!
[17:48:58] [AioModule/Write/Completed/DEBUG]: Sent 26 bytes to session/192.168.1.100:8438
[17:48:58] [SendingModule/sendTargetPos/DEBUG]: targetX: 2674/targetY: 4910
[17:48:58] [AioModule/Write/Completed/DEBUG]: Sent contents(26bytes): ff ff 00 00 00 1a 00 0b 00 00 0a 72 00 00 13 2e 00 00 01 4d f6 9f 2c 6e 0b e2 
[17:48:58] [AioModule/Read/Completed/DEBUG]: Received 30 bytes from session/192.168.1.100:8438
[17:48:58] [AioModule/Read/Completed/DEBUG]: Received contents(30bytes): ff ff 00 00 00 1e 00 0c 00 00 04 03 00 00 0a 72 00 00 13 2e 00 00 01 4d f6 9f 2c 6e 64 36 
[17:48:58] [ClientServer/ClientDecoder/INFO]: Receive a package 000C(所有玩家目标坐标更新)
[17:48:58] [ClientServer/ClientDecoder/INFO]: package 000C: /id: 1027/posX: 2674/posY: 4910
[17:48:58] [Client/GameBox/updateTarget/INFO]: receive Package 000C(角色目标)
[17:48:58] [Client/GameBox/updateTarget/INFO]: targetX: 2674/targetY 4910
[17:49:02] [Client/GameBox/updateTarget/INFO]: receive Package 000C(角色目标)
[17:49:02] [Client/GameBox/updateTarget/INFO]: targetX: 1866/targetY 5339
[17:49:02] [SendingModule/sendTargetPos/DEBUG]: package 000B(角色移动意图) send!
[17:49:02] [AioModule/Write/Completed/DEBUG]: Sent 26 bytes to session/192.168.1.100:8438
[17:49:02] [SendingModule/sendTargetPos/DEBUG]: targetX: 1866/targetY: 5339
[17:49:02] [AioModule/Write/Completed/DEBUG]: Sent contents(26bytes): ff ff 00 00 00 1a 00 0b 00 00 07 4a 00 00 14 db 00 00 01 4d f6 9f 3c ad 8f 75 
[17:49:02] [AioModule/Read/Completed/DEBUG]: Received 30 bytes from session/192.168.1.100:8438
[17:49:02] [AioModule/Read/Completed/DEBUG]: Received contents(30bytes): ff ff 00 00 00 1e 00 0c 00 00 04 03 00 00 07 4a 00 00 14 db 00 00 01 4d f6 9f 3c ad b0 38 
[17:49:02] [ClientServer/ClientDecoder/INFO]: Receive a package 000C(所有玩家目标坐标更新)
[17:49:02] [ClientServer/ClientDecoder/INFO]: package 000C: /id: 1027/posX: 1866/posY: 5339
[17:49:02] [Client/GameBox/updateTarget/INFO]: receive Package 000C(角色目标)
[17:49:02] [Client/GameBox/updateTarget/INFO]: targetX: 1866/targetY 5339
[17:49:04] [Client/GameBox/updateTarget/INFO]: receive Package 000C(角色目标)
[17:49:04] [Client/GameBox/updateTarget/INFO]: targetX: 2905/targetY 5933
[17:49:04] [SendingModule/sendTargetPos/DEBUG]: package 000B(角色移动意图) send!
[17:49:04] [AioModule/Write/Completed/DEBUG]: Sent 26 bytes to session/192.168.1.100:8438
[17:49:04] [SendingModule/sendTargetPos/DEBUG]: targetX: 2905/targetY: 5933
[17:49:04] [AioModule/Write/Completed/DEBUG]: Sent contents(26bytes): ff ff 00 00 00 1a 00 0b 00 00 0b 59 00 00 17 2d 00 00 01 4d f6 9f 43 97 c0 d4 
[17:49:04] [AioModule/Read/Completed/DEBUG]: Received 30 bytes from session/192.168.1.100:8438
[17:49:04] [AioModule/Read/Completed/DEBUG]: Received contents(30bytes): ff ff 00 00 00 1e 00 0c 00 00 04 03 00 00 0b 59 00 00 17 2d 00 00 01 4d f6 9f 43 97 aa f0 
[17:49:04] [ClientServer/ClientDecoder/INFO]: Receive a package 000C(所有玩家目标坐标更新)
[17:49:04] [ClientServer/ClientDecoder/INFO]: package 000C: /id: 1027/posX: 2905/posY: 5933
[17:49:04] [Client/GameBox/updateTarget/INFO]: receive Package 000C(角色目标)
[17:49:04] [Client/GameBox/updateTarget/INFO]: targetX: 2905/targetY 5933
[17:51:55] [ClientServer/ClientMain/KERNEL]: 7.游戏结束，退出主程序
[17:51:55] [SendingModule/sendLogout/INFO]: logout send!
[17:51:55] [AioModule/Write/Completed/DEBUG]: Sent 14 bytes to session/192.168.1.100:8438
[17:51:55] [AioModule/Write/Completed/DEBUG]: Sent contents(14bytes): ff ff 00 00 00 0e 00 13 00 00 00 00 84 c6 
[17:51:55] [AioModule/Read/Completed/DEBUG]: Received 18 bytes from session/192.168.1.100:8438
[17:51:55] [AioModule/Read/Completed/DEBUG]: Received contents(18bytes): ff ff 00 00 00 12 00 1e 00 00 04 03 00 00 00 00 6d f2 
[17:51:55] [ClientServer/ClientDecoder/INFO]: Receive a package 001E(下线包)
