[18:34:45] [ClientServer/ClientMain/init/DEBUG]: address: baidu.com:80
[18:34:45] [ClientServer/ClientMain/init/DEBUG]: 图片加载成功
[18:34:45] [ClientServer/ClientMain/init/DEBUG]: GIF动画加载成功
[18:34:45] [ClientServer/ClientMain/init/DEBUG]: 物品预加载成功
[18:34:45] [ClientServer/ClientMain/init/DEBUG]: init over
[18:34:45] [ClientServer/ClientMain/KERNEL]: 0.开始建立网络连接…………
[18:34:45] [ClientServer/ClientMain/setUpConnection/DEBUG]: setUpConnection over
[18:34:45] [ClientServer/ClientMain/KERNEL]: 1.网络连接成功!
[18:34:45] [ClientServer/ClientMain/KERNEL]: 2.发送0000包，确认对方是否为服务器Gate端
[18:34:45] [SendingModule/send00Package/INFO]: send00Package over
[18:34:45] [ClientSever/LoginBox/serverState/INFO]: Receive a package 0001(回应连接请求)
[18:34:45] [AioModule/Write/Completed/DEBUG]: Sent 14 bytes to sessionbaidu.com/180.149.132.47:80
[18:34:45] [ClientSever/LoginBox/serverState/INFO]: package 0001: 1
[18:34:45] [ClientServer/ClientMain/KERNEL]: 3.收到0001包，确认对方为服务器Gate端
[18:34:45] [AioModule/Write/Completed/DEBUG]: Sent contents(14bytes): ff ff 00 00 00 0e 00 00 00 00 30 39 20 db 
[18:34:45] [ClientServer/ClientMain/KERNEL]: 4.初始化loginBox登陆界面
[18:34:45] [ClientServer/LoginBox/onLoginResponse/INFO]: Receive a package 0003(登陆反馈)
[18:34:45] [ClientServer/LoginBox/onLoginResponse/INFO]: package 0003: true
[18:34:46] [ClientSever/LoginBox/addCharacter/INFO]: Receive a package 0006(角色预加载)
[18:34:46] [ClientSever/LoginBox/addCharacter/INFO]: Receive a package 0006(角色预加载)
[18:34:46] [ClientSever/LoginBox/addCharacter/INFO]: Receive a package 0006(角色预加载)
[18:34:46] [ClientServer/LoginBox/noMorePackage/INFO]: Receive a package 0006(角色预加载: 这是最后一个空包
