[23:13:43] [ClientServer/ClientMain/init/DEBUG]: address: 192.168.1.100:8438
[23:13:43] [ClientServer/ClientMain/init/DEBUG]: 图片加载成功
[23:13:43] [ClientServer/ClientMain/init/DEBUG]: GIF动画加载成功
[23:13:43] [ClientServer/ClientMain/init/DEBUG]: 物品预加载成功
[23:13:43] [ClientServer/ClientMain/init/DEBUG]: init over
[23:13:43] [ClientServer/ClientMain/KERNEL]: 0.开始建立网络连接…………
[23:13:43] [ClientServer/ClientMain/setUpConnection/DEBUG]: setUpConnection over
[23:13:43] [ClientServer/ClientMain/KERNEL]: 1.网络连接成功!
[23:13:43] [ClientServer/ClientMain/KERNEL]: 2.发送0000包，确认对方是否为服务器Gate端
[23:13:43] [AioModule/Read/Completed/DEBUG]: Received 18 bytes from session/192.168.1.100:8438
[23:13:43] [SendingModule/send00Package/INFO]: send00Package over
[23:13:43] [AioModule/Write/Completed/DEBUG]: Sent 14 bytes to session/192.168.1.100:8438
[23:13:43] [AioModule/Read/Completed/DEBUG]: Received contents(18bytes): ff ff 00 00 00 12 00 14 00 00 01 4d f2 a3 25 41 a5 3b 
[23:13:43] [ClientServer/ClientDecoder/INFO]: Receive a package 0014(PING)1434294887745
[23:13:43] [AioModule/Write/Completed/DEBUG]: Sent contents(14bytes): ff ff 00 00 00 0e 00 00 00 00 30 39 20 db 
[23:13:43] [SendingModule/PINGResponse/DEBUG]: package 0015(PING回应包) send!
[23:13:43] [AioModule/Write/Completed/DEBUG]: Sent 18 bytes to session/192.168.1.100:8438
[23:13:43] [AioModule/Write/Completed/DEBUG]: Sent contents(18bytes): ff ff 00 00 00 12 00 15 00 00 01 4d f2 a3 25 41 9d c7 
[23:13:43] [AioModule/Read/Completed/DEBUG]: Received 11 bytes from session/192.168.1.100:8438
[23:13:43] [AioModule/Read/Completed/DEBUG]: Received contents(11bytes): ff ff 00 00 00 0b 00 01 01 2a 46 
[23:13:43] [ClientServer/ClientDecoder/INFO]: Receive a package 0001(回应连接请求)
[23:13:43] [ClientServer/ClientDecoder/INFO]: package 0001: 1
[23:13:43] [ClientSever/LoginBox/serverState/INFO]: Receive a package 0001(回应连接请求)
[23:13:43] [ClientSever/LoginBox/serverState/INFO]: package 0001: 1
[23:13:43] [AioModule/Read/Completed/DEBUG]: Received 18 bytes from session/192.168.1.100:8438
[23:13:43] [AioModule/Read/Completed/DEBUG]: Received contents(18bytes): ff ff 00 00 00 12 00 16 00 00 00 00 00 00 00 07 28 55 
[23:13:43] [ClientServer/ClientDecoder/INFO]: Receive a package 0016(时间同步)-63911
[23:13:44] [ClientServer/ClientMain/KERNEL]: 3.收到0001包，确认对方为服务器Gate端
[23:13:44] [ClientServer/ClientMain/KERNEL]: 4.初始化loginBox登陆界面
[23:16:48] [ClientServer/ClientMain/KERNEL]: 5.登陆结束
[23:16:48] [ClientServer/ClientMain/KERNEL]: 登陆失败，退出主程序
[23:16:48] [SendingModule/sendLogout/INFO]: logout send!
[23:16:48] [AioModule/Write/Failed/WARNING]: Failed to send to sessionnull. java.nio.channels.ClosedChannelException
