[20:06:24] [ClientServer/ClientMain/init/DEBUG]: address: 192.168.1.100:8438
[20:06:24] [ClientServer/ClientMain/init/DEBUG]: 图片加载成功
[20:06:24] [ClientServer/ClientMain/init/DEBUG]: GIF动画加载成功
[20:06:24] [ClientServer/ClientMain/init/DEBUG]: 物品预加载成功
[20:06:25] [ClientServer/ClientMain/init/DEBUG]: init over
[20:06:25] [ClientServer/ClientMain/KERNEL]: 0.开始建立网络连接…………
[20:06:25] [ClientServer/ClientMain/setUpConnection/DEBUG]: setUpConnection over
[20:06:25] [ClientServer/ClientMain/KERNEL]: 1.网络连接成功!
[20:06:25] [AioModule/Read/Completed/DEBUG]: Received 18 bytes from session/192.168.1.100:8438
[20:06:25] [ClientServer/ClientMain/KERNEL]: 2.发送0000包，确认对方是否为服务器Gate端
[20:06:25] [AioModule/Read/Completed/DEBUG]: Received contents(18bytes): ff ff 00 00 00 12 00 14 00 00 01 4d f7 1d 02 68 94 5d 
[20:06:25] [ClientServer/ClientDecoder/INFO]: Receive a package 0014(PING)1434369983080
[20:06:25] [SendingModule/send00Package/INFO]: send00Package over
[20:06:25] [SendingModule/PINGResponse/DEBUG]: package 0015(PING回应包) send!
[20:06:25] [AioModule/Write/Completed/DEBUG]: Sent 14 bytes to session/192.168.1.100:8438
[20:06:25] [AioModule/Write/Completed/DEBUG]: Sent contents(14bytes): ff ff 00 00 00 0e 00 00 00 00 30 39 20 db 
[20:06:25] [AioModule/Write/Completed/DEBUG]: Sent 18 bytes to session/192.168.1.100:8438
[20:06:25] [AioModule/Write/Completed/DEBUG]: Sent contents(18bytes): ff ff 00 00 00 12 00 15 00 00 01 4d f7 1d 02 68 8c e9 
[20:06:25] [AioModule/Read/Completed/DEBUG]: Received 11 bytes from session/192.168.1.100:8438
[20:06:25] [AioModule/Read/Completed/DEBUG]: Received contents(11bytes): ff ff 00 00 00 0b 00 01 01 2a 46 
[20:06:25] [ClientServer/ClientDecoder/INFO]: Receive a package 0001(回应连接请求)
[20:06:25] [ClientServer/ClientDecoder/INFO]: package 0001: 1
[20:06:25] [ClientSever/LoginBox/serverState/INFO]: Receive a package 0001(回应连接请求)
[20:06:25] [ClientSever/LoginBox/serverState/INFO]: package 0001: 1
[20:06:25] [AioModule/Read/Completed/DEBUG]: Received 18 bytes from session/192.168.1.100:8438
[20:06:25] [AioModule/Read/Completed/DEBUG]: Received contents(18bytes): ff ff 00 00 00 12 00 16 00 00 00 00 00 00 00 04 28 52 
[20:06:25] [ClientServer/ClientDecoder/INFO]: Receive a package 0016(时间同步)2247
[20:06:25] [ClientServer/ClientMain/KERNEL]: 3.收到0001包，确认对方为服务器Gate端
[20:06:25] [ClientServer/ClientMain/KERNEL]: 4.初始化loginBox登陆界面
[20:06:33] [SendingModule/sendLogin/INFO]: package 0002(登陆信息) send!
[20:06:33] [AioModule/Write/Completed/DEBUG]: Sent 47 bytes to session/192.168.1.100:8438
[20:06:33] [AioModule/Write/Completed/DEBUG]: Sent contents(47bytes): ff ff 00 00 00 2f 00 02 78 79 6c 00 43 37 30 43 44 30 34 33 31 33 46 46 32 36 30 41 38 33 44 36 44 37 39 39 30 38 32 32 43 30 33 32 00 6a be 
[20:06:33] [AioModule/Read/Completed/DEBUG]: Received 11 bytes from session/192.168.1.100:8438
[20:06:33] [AioModule/Read/Completed/DEBUG]: Received contents(11bytes): ff ff 00 00 00 0b 00 03 01 2a 58 
[20:06:33] [ClientServer/ClientDecoder/INFO]: Receive a package 0003(登陆反馈)
[20:06:33] [ClientServer/ClientDecoder/INFO]: package 0003: true
[20:06:33] [ClientServer/LoginBox/onLoginResponse/INFO]: Receive a package 0003(登陆反馈)
[20:06:33] [ClientServer/LoginBox/onLoginResponse/INFO]: package 0003: true
[20:06:34] [AioModule/Read/Completed/DEBUG]: Received 39 bytes from session/192.168.1.100:8438
[20:06:34] [AioModule/Read/Completed/DEBUG]: Received contents(39bytes): ff ff 00 00 00 1d 00 06 00 00 04 03 bb c3 cf eb bc d2 d8 bc 00 01 00 00 00 00 0c 7a 9f ff ff 00 00 00 0a 00 06 45 71 
[20:06:34] [ClientServer/ClientDecoder/INFO]: Receive a package 0006(角色预加载)
[20:06:34] [ClientServer/ClientDecoder/INFO]: package 0006: /id: 1027/name: 幻想家丶/level: 1/gender: 0
[20:06:34] [ClientSever/LoginBox/addCharacter/INFO]: Receive a package 0006(角色预加载)
[20:06:34] [ClientServer/ClientDecoder/INFO]: Receive a package 0006(角色预加载――空包)
[20:06:34] [ClientServer/LoginBox/noMorePackage/INFO]: Receive a package 0006(角色预加载: 这是最后一个空包
[20:06:37] [AioModule/Write/Completed/DEBUG]: Sent 14 bytes to session/192.168.1.100:8438
[20:06:37] [SendingModule/sendCharacter/INFO]: package 0007(角色选择) send!
[20:06:37] [AioModule/Write/Completed/DEBUG]: Sent contents(14bytes): ff ff 00 00 00 0e 00 07 00 00 04 03 a0 98 
[20:06:37] [AioModule/Read/Completed/DEBUG]: Received 87 bytes from session/192.168.1.100:8438
[20:06:37] [AioModule/Read/Completed/DEBUG]: Received contents(87bytes): ff ff 00 00 00 57 00 0a 00 00 04 03 bb c3 cf eb bc d2 d8 bc 00 74 68 69 73 20 69 73 20 58 75 73 20 70 6c 61 6e 65 00 01 00 00 00 00 64 00 00 00 00 00 00 00 64 00 00 00 64 00 00 00 14 00 00 00 14 00 00 00 01 00 00 00 c8 00 00 23 0d 00 00 42 6e 00 00 00 0c 56 36 
[20:06:37] [ClientServer/ClientDecoder/INFO]: Receive a package 000A(游戏中所有玩家信息)
[20:06:37] [ClientServer/ClientDecoder/INFO]: package 000A: /id: 1027/name: 幻想家丶/level: 1/gender: 0/posX: 8973/posY: 17006
[20:06:37] [ClientServer/GameBox/addCharacter/DEBUG]: Receive a package 000A(游戏中所有玩家信息)
[20:06:37] [ClientServer/GameBox/addCharacter/DEBUG]: 000A:加入一个主角玩家:幻想家丶
[20:06:37] [AioModule/Read/Completed/DEBUG]: Received 334 bytes from session/192.168.1.100:8438
[20:06:37] [AioModule/Read/Completed/DEBUG]: Received contents(334bytes): ff ff 00 00 01 0e 00 19 00 00 00 20 ff ff ff ff 00 00 00 00 00 00 00 01 00 00 00 00 00 00 00 02 00 00 00 00 00 00 00 03 00 00 00 00 00 00 00 04 00 00 00 00 00 00 00 05 00 00 00 00 00 00 00 06 00 00 00 00 00 00 00 07 00 00 00 00 00 00 00 08 00 00 00 00 00 00 00 09 00 00 00 00 00 00 00 0a 00 00 00 00 00 00 00 0b 00 00 00 00 00 00 00 0c 00 00 00 00 00 00 00 0d 00 00 00 00 00 00 00 0e 00 00 00 00 00 00 00 0f 00 00 00 00 00 00 00 10 00 00 00 00 00 00 00 11 00 00 00 00 00 00 00 12 00 00 00 00 00 00 00 13 00 00 00 00 00 00 00 14 00 00 00 00 00 00 00 15 00 00 00 00 00 00 00 16 00 00 00 00 00 00 00 17 00 00 00 00 00 00 00 18 00 00 00 00 00 00 00 19 00 00 00 00 00 00 00 1a 00 00 00 00 00 00 00 1b 00 00 00 00 00 00 00 1c 00 00 00 00 00 00 00 1d 00 00 00 00 00 00 00 1e 00 00 00 00 00 00 00 1f 00 00 00 00 83 18 ff ff 00 00 00 32 00 1a 00 00 00 03 00 00 00 00 3b 9a ca 01 00 00 00 01 00 00 00 01 3b 9a ca 02 00 00 00 01 00 00 00 02 3b 9a ca 03 00 00 00 01 63 4d ff ff 00 00 00 0e 00 1b 00 00 00 00 72 5c 
[20:06:37] [ClientServer/ClientDecoder/INFO]: Receive a package 0019(背包信息)
[20:06:37] [ClientServer/ClientDecoder/INFO]: Receive a package 001A(技能信息)
[20:06:37] [ClientServer/ClientMain/KERNEL]: 5.登陆结束
[20:06:37] [ClientServer/ClientMain/KERNEL]: 6.开始游戏，启动gameBox
[20:06:37] [ClientServer/GameBox/startGame/KERNEL]: 接收主角详细信息(000A):关闭加载窗口,开始游戏!
[20:06:38] [Client/GameBox/updateTarget/INFO]: receive Package 000C(角色目标)
[20:06:38] [Client/GameBox/updateTarget/INFO]: targetX: 9198/targetY 17181
[20:06:38] [SendingModule/sendTargetPos/DEBUG]: package 000B(角色移动意图) send!
[20:06:38] [AioModule/Write/Completed/DEBUG]: Sent 26 bytes to session/192.168.1.100:8438
[20:06:38] [SendingModule/sendTargetPos/DEBUG]: targetX: 9198/targetY: 17181
[20:06:38] [AioModule/Write/Completed/DEBUG]: Sent contents(26bytes): ff ff 00 00 00 1a 00 0b 00 00 23 ee 00 00 43 1d 00 00 01 4d f7 1d 36 eb 22 db 
[20:06:38] [AioModule/Read/Completed/DEBUG]: Received 30 bytes from session/192.168.1.100:8438
[20:06:38] [AioModule/Read/Completed/DEBUG]: Received contents(30bytes): ff ff 00 00 00 1e 00 0c 00 00 04 03 00 00 23 ee 00 00 43 1d 00 00 01 4d f7 1d 36 eb bc 58 
[20:06:38] [ClientServer/ClientDecoder/INFO]: Receive a package 000C(所有玩家目标坐标更新)
[20:06:38] [ClientServer/ClientDecoder/INFO]: package 000C: /id: 1027/posX: 9198/posY: 17181
[20:06:38] [Client/GameBox/updateTarget/INFO]: receive Package 000C(角色目标)
[20:06:38] [Client/GameBox/updateTarget/INFO]: targetX: 9198/targetY 17181
[20:06:39] [Client/GameBox/updateTarget/INFO]: receive Package 000C(角色目标)
[20:06:39] [Client/GameBox/updateTarget/INFO]: targetX: 9010/targetY 17259
[20:06:39] [SendingModule/sendTargetPos/DEBUG]: package 000B(角色移动意图) send!
[20:06:39] [AioModule/Write/Completed/DEBUG]: Sent 26 bytes to session/192.168.1.100:8438
[20:06:39] [SendingModule/sendTargetPos/DEBUG]: targetX: 9010/targetY: 17259
[20:06:39] [AioModule/Write/Completed/DEBUG]: Sent contents(26bytes): ff ff 00 00 00 1a 00 0b 00 00 23 32 00 00 43 6b 00 00 01 4d f7 1d 39 33 b5 e4 
[20:06:39] [AioModule/Read/Completed/DEBUG]: Received 30 bytes from session/192.168.1.100:8438
[20:06:39] [AioModule/Read/Completed/DEBUG]: Received contents(30bytes): ff ff 00 00 00 1e 00 0c 00 00 04 03 00 00 23 32 00 00 43 6b 00 00 01 4d f7 1d 39 33 a8 a9 
[20:06:39] [ClientServer/ClientDecoder/INFO]: Receive a package 000C(所有玩家目标坐标更新)
[20:06:39] [ClientServer/ClientDecoder/INFO]: package 000C: /id: 1027/posX: 9010/posY: 17259
[20:06:39] [Client/GameBox/updateTarget/INFO]: receive Package 000C(角色目标)
[20:06:39] [Client/GameBox/updateTarget/INFO]: targetX: 9010/targetY 17259
[20:06:40] [Client/GameBox/updateTarget/INFO]: receive Package 000C(角色目标)
[20:06:40] [Client/GameBox/updateTarget/INFO]: targetX: 8970/targetY 17353
[20:06:40] [SendingModule/sendTargetPos/DEBUG]: package 000B(角色移动意图) send!
[20:06:40] [AioModule/Write/Completed/DEBUG]: Sent 26 bytes to session/192.168.1.100:8438
[20:06:40] [SendingModule/sendTargetPos/DEBUG]: targetX: 8970/targetY: 17353
[20:06:40] [AioModule/Write/Completed/DEBUG]: Sent contents(26bytes): ff ff 00 00 00 1a 00 0b 00 00 23 0a 00 00 43 c9 00 00 01 4d f7 1d 3c 53 6e d2 
[20:06:40] [AioModule/Read/Completed/DEBUG]: Received 30 bytes from session/192.168.1.100:8438
[20:06:40] [AioModule/Read/Completed/DEBUG]: Received contents(30bytes): ff ff 00 00 00 1e 00 0c 00 00 04 03 00 00 23 0a 00 00 43 c9 00 00 01 4d f7 1d 3c 53 26 32 
[20:06:40] [ClientServer/ClientDecoder/INFO]: Receive a package 000C(所有玩家目标坐标更新)
[20:06:40] [ClientServer/ClientDecoder/INFO]: package 000C: /id: 1027/posX: 8970/posY: 17353
[20:06:40] [Client/GameBox/updateTarget/INFO]: receive Package 000C(角色目标)
[20:06:40] [Client/GameBox/updateTarget/INFO]: targetX: 8970/targetY 17353
[20:06:40] [Client/GameBox/updateTarget/INFO]: receive Package 000C(角色目标)
[20:06:40] [Client/GameBox/updateTarget/INFO]: targetX: 8958/targetY 17383
[20:06:40] [SendingModule/sendTargetPos/DEBUG]: package 000B(角色移动意图) send!
[20:06:40] [AioModule/Write/Completed/DEBUG]: Sent 26 bytes to session/192.168.1.100:8438
[20:06:40] [SendingModule/sendTargetPos/DEBUG]: targetX: 8958/targetY: 17383
[20:06:40] [AioModule/Write/Completed/DEBUG]: Sent contents(26bytes): ff ff 00 00 00 1a 00 0b 00 00 22 fe 00 00 43 e7 00 00 01 4d f7 1d 3c ec 7c e1 
[20:06:40] [AioModule/Read/Completed/DEBUG]: Received 30 bytes from session/192.168.1.100:8438
[20:06:40] [AioModule/Read/Completed/DEBUG]: Received contents(30bytes): ff ff 00 00 00 1e 00 0c 00 00 04 03 00 00 22 fe 00 00 43 e7 00 00 01 4d f7 1d 3c ec a4 06 
[20:06:40] [ClientServer/ClientDecoder/INFO]: Receive a package 000C(所有玩家目标坐标更新)
[20:06:40] [ClientServer/ClientDecoder/INFO]: package 000C: /id: 1027/posX: 8958/posY: 17383
[20:06:40] [Client/GameBox/updateTarget/INFO]: receive Package 000C(角色目标)
[20:06:40] [Client/GameBox/updateTarget/INFO]: targetX: 8958/targetY 17383
[20:06:40] [Client/GameBox/updateTarget/INFO]: receive Package 000C(角色目标)
[20:06:40] [Client/GameBox/updateTarget/INFO]: targetX: 8947/targetY 17409
[20:06:40] [SendingModule/sendTargetPos/DEBUG]: package 000B(角色移动意图) send!
[20:06:40] [AioModule/Write/Completed/DEBUG]: Sent 26 bytes to session/192.168.1.100:8438
[20:06:40] [SendingModule/sendTargetPos/DEBUG]: targetX: 8947/targetY: 17409
[20:06:40] [AioModule/Write/Completed/DEBUG]: Sent contents(26bytes): ff ff 00 00 00 1a 00 0b 00 00 22 f3 00 00 44 01 00 00 01 4d f7 1d 3d 74 85 d7 
[20:06:40] [AioModule/Read/Completed/DEBUG]: Received 30 bytes from session/192.168.1.100:8438
[20:06:40] [AioModule/Read/Completed/DEBUG]: Received contents(30bytes): ff ff 00 00 00 1e 00 0c 00 00 04 03 00 00 22 f3 00 00 44 01 00 00 01 4d f7 1d 3d 74 6b 69 
[20:06:40] [ClientServer/ClientDecoder/INFO]: Receive a package 000C(所有玩家目标坐标更新)
[20:06:40] [ClientServer/ClientDecoder/INFO]: package 000C: /id: 1027/posX: 8947/posY: 17409
[20:06:40] [Client/GameBox/updateTarget/INFO]: receive Package 000C(角色目标)
[20:06:40] [Client/GameBox/updateTarget/INFO]: targetX: 8947/targetY 17409
[20:06:40] [Client/GameBox/updateTarget/INFO]: receive Package 000C(角色目标)
[20:06:40] [Client/GameBox/updateTarget/INFO]: targetX: 8937/targetY 17435
[20:06:40] [SendingModule/sendTargetPos/DEBUG]: package 000B(角色移动意图) send!
[20:06:40] [AioModule/Write/Completed/DEBUG]: Sent 26 bytes to session/192.168.1.100:8438
[20:06:40] [SendingModule/sendTargetPos/DEBUG]: targetX: 8937/targetY: 17435
[20:06:40] [AioModule/Write/Completed/DEBUG]: Sent contents(26bytes): ff ff 00 00 00 1a 00 0b 00 00 22 e9 00 00 44 1b 00 00 01 4d f7 1d 3e 04 74 33 
[20:06:40] [AioModule/Read/Completed/DEBUG]: Received 30 bytes from session/192.168.1.100:8438
[20:06:40] [AioModule/Read/Completed/DEBUG]: Received contents(30bytes): ff ff 00 00 00 1e 00 0c 00 00 04 03 00 00 22 e9 00 00 44 1b 00 00 01 4d f7 1d 3e 04 98 05 
[20:06:40] [ClientServer/ClientDecoder/INFO]: Receive a package 000C(所有玩家目标坐标更新)
[20:06:40] [ClientServer/ClientDecoder/INFO]: package 000C: /id: 1027/posX: 8937/posY: 17435
[20:06:40] [Client/GameBox/updateTarget/INFO]: receive Package 000C(角色目标)
[20:06:40] [Client/GameBox/updateTarget/INFO]: targetX: 8937/targetY 17435
[20:06:40] [Client/GameBox/updateTarget/INFO]: receive Package 000C(角色目标)
[20:06:40] [Client/GameBox/updateTarget/INFO]: targetX: 8926/targetY 17461
[20:06:40] [SendingModule/sendTargetPos/DEBUG]: package 000B(角色移动意图) send!
[20:06:40] [AioModule/Write/Completed/DEBUG]: Sent 26 bytes to session/192.168.1.100:8438
[20:06:40] [SendingModule/sendTargetPos/DEBUG]: targetX: 8926/targetY: 17461
[20:06:40] [AioModule/Write/Completed/DEBUG]: Sent contents(26bytes): ff ff 00 00 00 1a 00 0b 00 00 22 de 00 00 44 35 00 00 01 4d f7 1d 3e 95 32 b8 
[20:06:40] [Client/GameBox/updateTarget/INFO]: receive Package 000C(角色目标)
[20:06:40] [Client/GameBox/updateTarget/INFO]: targetX: 8916/targetY 17487
[20:06:40] [SendingModule/sendTargetPos/DEBUG]: package 000B(角色移动意图) send!
[20:06:40] [AioModule/Write/Completed/DEBUG]: Sent 26 bytes to session/192.168.1.100:8438
[20:06:40] [SendingModule/sendTargetPos/DEBUG]: targetX: 8916/targetY: 17487
[20:06:40] [AioModule/Write/Completed/DEBUG]: Sent contents(26bytes): ff ff 00 00 00 1a 00 0b 00 00 22 d4 00 00 44 4f 00 00 01 4d f7 1d 3f 25 22 14 
[20:06:40] [AioModule/Read/Completed/DEBUG]: Received 30 bytes from session/192.168.1.100:8438
[20:06:40] [AioModule/Read/Completed/DEBUG]: Received contents(30bytes): ff ff 00 00 00 1e 00 0c 00 00 04 03 00 00 22 de 00 00 44 35 00 00 01 4d f7 1d 3e 95 31 00 
[20:06:40] [ClientServer/ClientDecoder/INFO]: Receive a package 000C(所有玩家目标坐标更新)
[20:06:40] [ClientServer/ClientDecoder/INFO]: package 000C: /id: 1027/posX: 8926/posY: 17461
[20:06:40] [Client/GameBox/updateTarget/INFO]: receive Package 000C(角色目标)
[20:06:40] [Client/GameBox/updateTarget/INFO]: targetX: 8926/targetY 17461
[20:06:40] [AioModule/Read/Completed/DEBUG]: Received 30 bytes from session/192.168.1.100:8438
[20:06:40] [AioModule/Read/Completed/DEBUG]: Received contents(30bytes): ff ff 00 00 00 1e 00 0c 00 00 04 03 00 00 22 d4 00 00 44 4f 00 00 01 4d f7 1d 3f 25 5e 9c 
[20:06:40] [ClientServer/ClientDecoder/INFO]: Receive a package 000C(所有玩家目标坐标更新)
[20:06:40] [ClientServer/ClientDecoder/INFO]: package 000C: /id: 1027/posX: 8916/posY: 17487
[20:06:40] [Client/GameBox/updateTarget/INFO]: receive Package 000C(角色目标)
[20:06:40] [Client/GameBox/updateTarget/INFO]: targetX: 8916/targetY 17487
[20:06:42] [Client/GameBox/updateTarget/INFO]: receive Package 000C(角色目标)
[20:06:42] [Client/GameBox/updateTarget/INFO]: targetX: 8909/targetY 17488
[20:06:42] [SendingModule/sendTargetPos/DEBUG]: package 000B(角色移动意图) send!
[20:06:42] [AioModule/Write/Completed/DEBUG]: Sent 26 bytes to session/192.168.1.100:8438
[20:06:42] [SendingModule/sendTargetPos/DEBUG]: targetX: 8909/targetY: 17488
[20:06:42] [AioModule/Write/Completed/DEBUG]: Sent contents(26bytes): ff ff 00 00 00 1a 00 0b 00 00 22 cd 00 00 44 50 00 00 01 4d f7 1d 45 44 a7 d3 
[20:06:43] [Client/GameBox/updateTarget/INFO]: receive Package 000C(角色目标)
[20:06:43] [Client/GameBox/updateTarget/INFO]: targetX: 8903/targetY 17488
[20:06:43] [SendingModule/sendTargetPos/DEBUG]: package 000B(角色移动意图) send!
[20:06:43] [AioModule/Write/Completed/DEBUG]: Sent 26 bytes to session/192.168.1.100:8438
[20:06:43] [SendingModule/sendTargetPos/DEBUG]: targetX: 8903/targetY: 17488
[20:06:43] [AioModule/Write/Completed/DEBUG]: Sent contents(26bytes): ff ff 00 00 00 1a 00 0b 00 00 22 c7 00 00 44 50 00 00 01 4d f7 1d 48 21 4c 4d 
[20:06:43] [AioModule/Read/Completed/DEBUG]: Received 30 bytes from session/192.168.1.100:8438
[20:06:43] [AioModule/Read/Completed/DEBUG]: Received contents(30bytes): ff ff 00 00 00 1e 00 0c 00 00 04 03 00 00 22 cd 00 00 44 50 00 00 01 4d f7 1d 45 44 b9 46 
[20:06:43] [ClientServer/ClientDecoder/INFO]: Receive a package 000C(所有玩家目标坐标更新)
[20:06:43] [ClientServer/ClientDecoder/INFO]: package 000C: /id: 1027/posX: 8909/posY: 17488
[20:06:43] [Client/GameBox/updateTarget/INFO]: receive Package 000C(角色目标)
[20:06:43] [Client/GameBox/updateTarget/INFO]: targetX: 8909/targetY 17488
[20:06:43] [AioModule/Read/Completed/DEBUG]: Received 30 bytes from session/192.168.1.100:8438
[20:06:43] [AioModule/Read/Completed/DEBUG]: Received contents(30bytes): ff ff 00 00 00 1e 00 0c 00 00 04 03 00 00 22 c7 00 00 44 50 00 00 01 4d f7 1d 48 21 4f a7 
[20:06:43] [ClientServer/ClientDecoder/INFO]: Receive a package 000C(所有玩家目标坐标更新)
[20:06:43] [ClientServer/ClientDecoder/INFO]: package 000C: /id: 1027/posX: 8903/posY: 17488
[20:06:43] [Client/GameBox/updateTarget/INFO]: receive Package 000C(角色目标)
[20:06:43] [Client/GameBox/updateTarget/INFO]: targetX: 8903/targetY 17488
[20:06:43] [Client/GameBox/updateTarget/INFO]: receive Package 000C(角色目标)
[20:06:43] [Client/GameBox/updateTarget/INFO]: targetX: 8914/targetY 17488
[20:06:43] [SendingModule/sendTargetPos/DEBUG]: package 000B(角色移动意图) send!
[20:06:43] [SendingModule/sendTargetPos/DEBUG]: targetX: 8914/targetY: 17488
[20:06:43] [AioModule/Write/Completed/DEBUG]: Sent 26 bytes to session/192.168.1.100:8438
[20:06:43] [AioModule/Write/Completed/DEBUG]: Sent contents(26bytes): ff ff 00 00 00 1a 00 0b 00 00 22 d2 00 00 44 50 00 00 01 4d f7 1d 49 bc 10 c1 
[20:06:43] [AioModule/Read/Completed/DEBUG]: Received 30 bytes from session/192.168.1.100:8438
[20:06:43] [AioModule/Read/Completed/DEBUG]: Received contents(30bytes): ff ff 00 00 00 1e 00 0c 00 00 04 03 00 00 22 d2 00 00 44 50 00 00 01 4d f7 1d 49 bc 8f 78 
[20:06:43] [ClientServer/ClientDecoder/INFO]: Receive a package 000C(所有玩家目标坐标更新)
[20:06:43] [ClientServer/ClientDecoder/INFO]: package 000C: /id: 1027/posX: 8914/posY: 17488
[20:06:43] [Client/GameBox/updateTarget/INFO]: receive Package 000C(角色目标)
[20:06:43] [Client/GameBox/updateTarget/INFO]: targetX: 8914/targetY 17488
[20:06:43] [Client/GameBox/updateTarget/INFO]: receive Package 000C(角色目标)
[20:06:43] [Client/GameBox/updateTarget/INFO]: targetX: 8919/targetY 17487
[20:06:43] [SendingModule/sendTargetPos/DEBUG]: package 000B(角色移动意图) send!
[20:06:43] [AioModule/Write/Completed/DEBUG]: Sent 26 bytes to session/192.168.1.100:8438
[20:06:43] [SendingModule/sendTargetPos/DEBUG]: targetX: 8919/targetY: 17487
[20:06:43] [AioModule/Write/Completed/DEBUG]: Sent contents(26bytes): ff ff 00 00 00 1a 00 0b 00 00 22 d7 00 00 44 4f 00 00 01 4d f7 1d 4a b6 b1 ed 
[20:06:43] [AioModule/Read/Completed/DEBUG]: Received 30 bytes from session/192.168.1.100:8438
[20:06:43] [AioModule/Read/Completed/DEBUG]: Received contents(30bytes): ff ff 00 00 00 1e 00 0c 00 00 04 03 00 00 22 d7 00 00 44 4f 00 00 01 4d f7 1d 4a b6 94 49 
[20:06:43] [ClientServer/ClientDecoder/INFO]: Receive a package 000C(所有玩家目标坐标更新)
[20:06:43] [ClientServer/ClientDecoder/INFO]: package 000C: /id: 1027/posX: 8919/posY: 17487
[20:06:43] [Client/GameBox/updateTarget/INFO]: receive Package 000C(角色目标)
[20:06:43] [Client/GameBox/updateTarget/INFO]: targetX: 8919/targetY 17487
[20:06:44] [Client/GameBox/updateTarget/INFO]: receive Package 000C(角色目标)
[20:06:44] [Client/GameBox/updateTarget/INFO]: targetX: 8924/targetY 17486
[20:06:44] [SendingModule/sendTargetPos/DEBUG]: package 000B(角色移动意图) send!
[20:06:44] [AioModule/Write/Completed/DEBUG]: Sent 26 bytes to session/192.168.1.100:8438
[20:06:44] [SendingModule/sendTargetPos/DEBUG]: targetX: 8924/targetY: 17486
[20:06:44] [AioModule/Write/Completed/DEBUG]: Sent contents(26bytes): ff ff 00 00 00 1a 00 0b 00 00 22 dc 00 00 44 4e 00 00 01 4d f7 1d 4c 7c 91 28 
[20:06:44] [AioModule/Read/Completed/DEBUG]: Received 30 bytes from session/192.168.1.100:8438
[20:06:44] [AioModule/Read/Completed/DEBUG]: Received contents(30bytes): ff ff 00 00 00 1e 00 0c 00 00 04 03 00 00 22 dc 00 00 44 4e 00 00 01 4d f7 1d 4c 7c 9a 02 
[20:06:44] [ClientServer/ClientDecoder/INFO]: Receive a package 000C(所有玩家目标坐标更新)
[20:06:44] [ClientServer/ClientDecoder/INFO]: package 000C: /id: 1027/posX: 8924/posY: 17486
[20:06:44] [Client/GameBox/updateTarget/INFO]: receive Package 000C(角色目标)
[20:06:44] [Client/GameBox/updateTarget/INFO]: targetX: 8924/targetY 17486
[20:06:44] [Client/GameBox/updateTarget/INFO]: receive Package 000C(角色目标)
[20:06:44] [Client/GameBox/updateTarget/INFO]: targetX: 8929/targetY 17485
[20:06:44] [SendingModule/sendTargetPos/DEBUG]: package 000B(角色移动意图) send!
[20:06:44] [AioModule/Write/Completed/DEBUG]: Sent 26 bytes to session/192.168.1.100:8438
[20:06:44] [SendingModule/sendTargetPos/DEBUG]: targetX: 8929/targetY: 17485
[20:06:44] [AioModule/Write/Completed/DEBUG]: Sent contents(26bytes): ff ff 00 00 00 1a 00 0b 00 00 22 e1 00 00 44 4d 00 00 01 4d f7 1d 4d 0a 6f 13 
[20:06:44] [AioModule/Read/Completed/DEBUG]: Received 30 bytes from session/192.168.1.100:8438
[20:06:44] [AioModule/Read/Completed/DEBUG]: Received contents(30bytes): ff ff 00 00 00 1e 00 0c 00 00 04 03 00 00 22 e1 00 00 44 4d 00 00 01 4d f7 1d 4d 0a 9e 67 
[20:06:44] [ClientServer/ClientDecoder/INFO]: Receive a package 000C(所有玩家目标坐标更新)
[20:06:44] [ClientServer/ClientDecoder/INFO]: package 000C: /id: 1027/posX: 8929/posY: 17485
[20:06:44] [Client/GameBox/updateTarget/INFO]: receive Package 000C(角色目标)
[20:06:44] [Client/GameBox/updateTarget/INFO]: targetX: 8929/targetY 17485
[20:06:44] [Client/GameBox/updateTarget/INFO]: receive Package 000C(角色目标)
[20:06:44] [Client/GameBox/updateTarget/INFO]: targetX: 8927/targetY 17484
[20:06:44] [SendingModule/sendTargetPos/DEBUG]: package 000B(角色移动意图) send!
[20:06:44] [AioModule/Write/Completed/DEBUG]: Sent 26 bytes to session/192.168.1.100:8438
[20:06:44] [SendingModule/sendTargetPos/DEBUG]: targetX: 8927/targetY: 17484
[20:06:44] [AioModule/Write/Completed/DEBUG]: Sent contents(26bytes): ff ff 00 00 00 1a 00 0b 00 00 22 df 00 00 44 4c 00 00 01 4d f7 1d 4e ba 84 8a 
[20:06:44] [AioModule/Read/Completed/DEBUG]: Received 30 bytes from session/192.168.1.100:8438
[20:06:44] [AioModule/Read/Completed/DEBUG]: Received contents(30bytes): ff ff 00 00 00 1e 00 0c 00 00 04 03 00 00 22 df 00 00 44 4c 00 00 01 4d f7 1d 4e ba 68 6d 
[20:06:44] [ClientServer/ClientDecoder/INFO]: Receive a package 000C(所有玩家目标坐标更新)
[20:06:44] [ClientServer/ClientDecoder/INFO]: package 000C: /id: 1027/posX: 8927/posY: 17484
[20:06:44] [Client/GameBox/updateTarget/INFO]: receive Package 000C(角色目标)
[20:06:44] [Client/GameBox/updateTarget/INFO]: targetX: 8927/targetY 17484
[20:06:45] [Client/GameBox/updateTarget/INFO]: receive Package 000C(角色目标)
[20:06:45] [Client/GameBox/updateTarget/INFO]: targetX: 8925/targetY 17483
[20:06:45] [SendingModule/sendTargetPos/DEBUG]: package 000B(角色移动意图) send!
[20:06:45] [SendingModule/sendTargetPos/DEBUG]: targetX: 8925/targetY: 17483
[20:06:45] [AioModule/Write/Completed/DEBUG]: Sent 26 bytes to session/192.168.1.100:8438
[20:06:45] [AioModule/Write/Completed/DEBUG]: Sent contents(26bytes): ff ff 00 00 00 1a 00 0b 00 00 22 dd 00 00 44 4b 00 00 01 4d f7 1d 4f 49 9a e0 
[20:06:45] [AioModule/Read/Completed/DEBUG]: Received 30 bytes from session/192.168.1.100:8438
[20:06:45] [AioModule/Read/Completed/DEBUG]: Received contents(30bytes): ff ff 00 00 00 1e 00 0c 00 00 04 03 00 00 22 dd 00 00 44 4b 00 00 01 4d f7 1d 4f 49 33 52 
[20:06:45] [ClientServer/ClientDecoder/INFO]: Receive a package 000C(所有玩家目标坐标更新)
[20:06:45] [ClientServer/ClientDecoder/INFO]: package 000C: /id: 1027/posX: 8925/posY: 17483
[20:06:45] [Client/GameBox/updateTarget/INFO]: receive Package 000C(角色目标)
[20:06:45] [Client/GameBox/updateTarget/INFO]: targetX: 8925/targetY 17483
[20:06:45] [Client/GameBox/updateTarget/INFO]: receive Package 000C(角色目标)
[20:06:45] [Client/GameBox/updateTarget/INFO]: targetX: 8923/targetY 17482
[20:06:45] [SendingModule/sendTargetPos/DEBUG]: package 000B(角色移动意图) send!
[20:06:45] [AioModule/Write/Completed/DEBUG]: Sent 26 bytes to session/192.168.1.100:8438
[20:06:45] [SendingModule/sendTargetPos/DEBUG]: targetX: 8923/targetY: 17482
[20:06:45] [AioModule/Write/Completed/DEBUG]: Sent contents(26bytes): ff ff 00 00 00 1a 00 0b 00 00 22 db 00 00 44 4a 00 00 01 4d f7 1d 4f ed b0 33 
[20:06:45] [AioModule/Read/Completed/DEBUG]: Received 30 bytes from session/192.168.1.100:8438
[20:06:45] [AioModule/Read/Completed/DEBUG]: Received contents(30bytes): ff ff 00 00 00 1e 00 0c 00 00 04 03 00 00 22 db 00 00 44 4a 00 00 01 4d f7 1d 4f ed c0 05 
[20:06:45] [ClientServer/ClientDecoder/INFO]: Receive a package 000C(所有玩家目标坐标更新)
[20:06:45] [ClientServer/ClientDecoder/INFO]: package 000C: /id: 1027/posX: 8923/posY: 17482
[20:06:45] [Client/GameBox/updateTarget/INFO]: receive Package 000C(角色目标)
[20:06:45] [Client/GameBox/updateTarget/INFO]: targetX: 8923/targetY 17482
[20:06:45] [Client/GameBox/updateTarget/INFO]: receive Package 000C(角色目标)
[20:06:45] [Client/GameBox/updateTarget/INFO]: targetX: 8921/targetY 17481
[20:06:45] [SendingModule/sendTargetPos/DEBUG]: package 000B(角色移动意图) send!
[20:06:45] [AioModule/Write/Completed/DEBUG]: Sent 26 bytes to session/192.168.1.100:8438
[20:06:45] [SendingModule/sendTargetPos/DEBUG]: targetX: 8921/targetY: 17481
[20:06:45] [AioModule/Write/Completed/DEBUG]: Sent contents(26bytes): ff ff 00 00 00 1a 00 0b 00 00 22 d9 00 00 44 49 00 00 01 4d f7 1d 50 83 02 bb 
[20:06:45] [AioModule/Read/Completed/DEBUG]: Received 30 bytes from session/192.168.1.100:8438
[20:06:45] [AioModule/Read/Completed/DEBUG]: Received contents(30bytes): ff ff 00 00 00 1e 00 0c 00 00 04 03 00 00 22 d9 00 00 44 49 00 00 01 4d f7 1d 50 83 89 f1 
[20:06:45] [ClientServer/ClientDecoder/INFO]: Receive a package 000C(所有玩家目标坐标更新)
[20:06:45] [ClientServer/ClientDecoder/INFO]: package 000C: /id: 1027/posX: 8921/posY: 17481
[20:06:45] [Client/GameBox/updateTarget/INFO]: receive Package 000C(角色目标)
[20:06:45] [Client/GameBox/updateTarget/INFO]: targetX: 8921/targetY 17481
[20:06:45] [Client/GameBox/updateTarget/INFO]: receive Package 000C(角色目标)
[20:06:45] [Client/GameBox/updateTarget/INFO]: targetX: 8919/targetY 17480
[20:06:45] [SendingModule/sendTargetPos/DEBUG]: package 000B(角色移动意图) send!
[20:06:45] [SendingModule/sendTargetPos/DEBUG]: targetX: 8919/targetY: 17480
[20:06:45] [AioModule/Write/Completed/DEBUG]: Sent 26 bytes to session/192.168.1.100:8438
[20:06:45] [AioModule/Write/Completed/DEBUG]: Sent contents(26bytes): ff ff 00 00 00 1a 00 0b 00 00 22 d7 00 00 44 48 00 00 01 4d f7 1d 51 24 19 23 
[20:06:45] [AioModule/Read/Completed/DEBUG]: Received 30 bytes from session/192.168.1.100:8438
[20:06:45] [AioModule/Read/Completed/DEBUG]: Received contents(30bytes): ff ff 00 00 00 1e 00 0c 00 00 04 03 00 00 22 d7 00 00 44 48 00 00 01 4d f7 1d 51 24 54 e8 
[20:06:45] [ClientServer/ClientDecoder/INFO]: Receive a package 000C(所有玩家目标坐标更新)
[20:06:45] [ClientServer/ClientDecoder/INFO]: package 000C: /id: 1027/posX: 8919/posY: 17480
[20:06:45] [Client/GameBox/updateTarget/INFO]: receive Package 000C(角色目标)
[20:06:45] [Client/GameBox/updateTarget/INFO]: targetX: 8919/targetY 17480
[20:06:45] [Client/GameBox/updateTarget/INFO]: receive Package 000C(角色目标)
[20:06:45] [Client/GameBox/updateTarget/INFO]: targetX: 8917/targetY 17479
[20:06:45] [SendingModule/sendTargetPos/DEBUG]: package 000B(角色移动意图) send!
[20:06:45] [SendingModule/sendTargetPos/DEBUG]: targetX: 8917/targetY: 17479
[20:06:45] [AioModule/Write/Completed/DEBUG]: Sent 26 bytes to session/192.168.1.100:8438
[20:06:45] [AioModule/Write/Completed/DEBUG]: Sent contents(26bytes): ff ff 00 00 00 1a 00 0b 00 00 22 d5 00 00 44 47 00 00 01 4d f7 1d 51 c5 2e 73 
[20:06:45] [AioModule/Read/Completed/DEBUG]: Received 30 bytes from session/192.168.1.100:8438
[20:06:45] [AioModule/Read/Completed/DEBUG]: Received contents(30bytes): ff ff 00 00 00 1e 00 0c 00 00 04 03 00 00 22 d5 00 00 44 47 00 00 01 4d f7 1d 51 c5 1e c3 
[20:06:45] [ClientServer/ClientDecoder/INFO]: Receive a package 000C(所有玩家目标坐标更新)
[20:06:45] [ClientServer/ClientDecoder/INFO]: package 000C: /id: 1027/posX: 8917/posY: 17479
[20:06:45] [Client/GameBox/updateTarget/INFO]: receive Package 000C(角色目标)
[20:06:45] [Client/GameBox/updateTarget/INFO]: targetX: 8917/targetY 17479
[20:06:45] [Client/GameBox/updateTarget/INFO]: receive Package 000C(角色目标)
[20:06:45] [Client/GameBox/updateTarget/INFO]: targetX: 8915/targetY 17478
[20:06:45] [SendingModule/sendTargetPos/DEBUG]: package 000B(角色移动意图) send!
[20:06:45] [AioModule/Write/Completed/DEBUG]: Sent 26 bytes to session/192.168.1.100:8438
[20:06:45] [SendingModule/sendTargetPos/DEBUG]: targetX: 8915/targetY: 17478
[20:06:45] [AioModule/Write/Completed/DEBUG]: Sent contents(26bytes): ff ff 00 00 00 1a 00 0b 00 00 22 d3 00 00 44 46 00 00 01 4d f7 1d 52 55 44 ca 
[20:06:45] [AioModule/Read/Completed/DEBUG]: Received 30 bytes from session/192.168.1.100:8438
[20:06:45] [AioModule/Read/Completed/DEBUG]: Received contents(30bytes): ff ff 00 00 00 1e 00 0c 00 00 04 03 00 00 22 d3 00 00 44 46 00 00 01 4d f7 1d 52 55 ac 7e 
[20:06:45] [ClientServer/ClientDecoder/INFO]: Receive a package 000C(所有玩家目标坐标更新)
[20:06:45] [ClientServer/ClientDecoder/INFO]: package 000C: /id: 1027/posX: 8915/posY: 17478
[20:06:45] [Client/GameBox/updateTarget/INFO]: receive Package 000C(角色目标)
[20:06:45] [Client/GameBox/updateTarget/INFO]: targetX: 8915/targetY 17478
[20:06:45] [Client/GameBox/updateTarget/INFO]: receive Package 000C(角色目标)
[20:06:45] [Client/GameBox/updateTarget/INFO]: targetX: 8913/targetY 17477
[20:06:45] [SendingModule/sendTargetPos/DEBUG]: package 000B(角色移动意图) send!
[20:06:45] [AioModule/Write/Completed/DEBUG]: Sent 26 bytes to session/192.168.1.100:8438
[20:06:45] [SendingModule/sendTargetPos/DEBUG]: targetX: 8913/targetY: 17477
[20:06:45] [AioModule/Write/Completed/DEBUG]: Sent contents(26bytes): ff ff 00 00 00 1a 00 0b 00 00 22 d1 00 00 44 45 00 00 01 4d f7 1d 52 fb 5a 1f 
[20:06:45] [AioModule/Read/Completed/DEBUG]: Received 30 bytes from session/192.168.1.100:8438
[20:06:45] [AioModule/Read/Completed/DEBUG]: Received contents(30bytes): ff ff 00 00 00 1e 00 0c 00 00 04 03 00 00 22 d1 00 00 44 45 00 00 01 4d f7 1d 52 fb 76 5e 
[20:06:45] [ClientServer/ClientDecoder/INFO]: Receive a package 000C(所有玩家目标坐标更新)
[20:06:45] [ClientServer/ClientDecoder/INFO]: package 000C: /id: 1027/posX: 8913/posY: 17477
[20:06:45] [Client/GameBox/updateTarget/INFO]: receive Package 000C(角色目标)
[20:06:45] [Client/GameBox/updateTarget/INFO]: targetX: 8913/targetY 17477
[20:06:46] [Client/GameBox/updateTarget/INFO]: receive Package 000C(角色目标)
[20:06:46] [Client/GameBox/updateTarget/INFO]: targetX: 8911/targetY 17476
[20:06:46] [SendingModule/sendTargetPos/DEBUG]: package 000B(角色移动意图) send!
[20:06:46] [AioModule/Write/Completed/DEBUG]: Sent 26 bytes to session/192.168.1.100:8438
[20:06:46] [SendingModule/sendTargetPos/DEBUG]: targetX: 8911/targetY: 17476
[20:06:46] [AioModule/Write/Completed/DEBUG]: Sent contents(26bytes): ff ff 00 00 00 1a 00 0b 00 00 22 cf 00 00 44 44 00 00 01 4d f7 1d 53 9e 6f 89 
[20:06:46] [AioModule/Read/Completed/DEBUG]: Received 30 bytes from session/192.168.1.100:8438
[20:06:46] [AioModule/Read/Completed/DEBUG]: Received contents(30bytes): ff ff 00 00 00 1e 00 0c 00 00 04 03 00 00 22 cf 00 00 44 44 00 00 01 4d f7 1d 53 9e 40 57 
[20:06:46] [ClientServer/ClientDecoder/INFO]: Receive a package 000C(所有玩家目标坐标更新)
[20:06:46] [ClientServer/ClientDecoder/INFO]: package 000C: /id: 1027/posX: 8911/posY: 17476
[20:06:46] [Client/GameBox/updateTarget/INFO]: receive Package 000C(角色目标)
[20:06:46] [Client/GameBox/updateTarget/INFO]: targetX: 8911/targetY 17476
[20:06:46] [Client/GameBox/updateTarget/INFO]: receive Package 000C(角色目标)
[20:06:46] [Client/GameBox/updateTarget/INFO]: targetX: 8909/targetY 17475
[20:06:46] [SendingModule/sendTargetPos/DEBUG]: package 000B(角色移动意图) send!
[20:06:46] [SendingModule/sendTargetPos/DEBUG]: targetX: 8909/targetY: 17475
[20:06:46] [AioModule/Write/Completed/DEBUG]: Sent 26 bytes to session/192.168.1.100:8438
[20:06:46] [AioModule/Write/Completed/DEBUG]: Sent contents(26bytes): ff ff 00 00 00 1a 00 0b 00 00 22 cd 00 00 44 43 00 00 01 4d f7 1d 54 91 85 43 
[20:06:46] [AioModule/Read/Completed/DEBUG]: Received 30 bytes from session/192.168.1.100:8438
[20:06:46] [AioModule/Read/Completed/DEBUG]: Received contents(30bytes): ff ff 00 00 00 1e 00 0c 00 00 04 03 00 00 22 cd 00 00 44 43 00 00 01 4d f7 1d 54 91 0a a0 
[20:06:46] [ClientServer/ClientDecoder/INFO]: Receive a package 000C(所有玩家目标坐标更新)
[20:06:46] [ClientServer/ClientDecoder/INFO]: package 000C: /id: 1027/posX: 8909/posY: 17475
[20:06:46] [Client/GameBox/updateTarget/INFO]: receive Package 000C(角色目标)
[20:06:46] [Client/GameBox/updateTarget/INFO]: targetX: 8909/targetY 17475
[20:06:46] [Client/GameBox/updateTarget/INFO]: receive Package 000C(角色目标)
[20:06:46] [Client/GameBox/updateTarget/INFO]: targetX: 8907/targetY 17474
[20:06:46] [SendingModule/sendTargetPos/DEBUG]: package 000B(角色移动意图) send!
[20:06:46] [SendingModule/sendTargetPos/DEBUG]: targetX: 8907/targetY: 17474
[20:06:46] [AioModule/Write/Completed/DEBUG]: Sent 26 bytes to session/192.168.1.100:8438
[20:06:46] [AioModule/Write/Completed/DEBUG]: Sent contents(26bytes): ff ff 00 00 00 1a 00 0b 00 00 22 cb 00 00 44 42 00 00 01 4d f7 1d 55 35 9b ae 
[20:06:46] [AioModule/Read/Completed/DEBUG]: Received 30 bytes from session/192.168.1.100:8438
[20:06:46] [AioModule/Read/Completed/DEBUG]: Received contents(30bytes): ff ff 00 00 00 1e 00 0c 00 00 04 03 00 00 22 cb 00 00 44 42 00 00 01 4d f7 1d 55 35 98 6f 
[20:06:46] [ClientServer/ClientDecoder/INFO]: Receive a package 000C(所有玩家目标坐标更新)
[20:06:46] [ClientServer/ClientDecoder/INFO]: package 000C: /id: 1027/posX: 8907/posY: 17474
[20:06:46] [Client/GameBox/updateTarget/INFO]: receive Package 000C(角色目标)
[20:06:46] [Client/GameBox/updateTarget/INFO]: targetX: 8907/targetY 17474
[20:06:46] [Client/GameBox/updateTarget/INFO]: receive Package 000C(角色目标)
[20:06:46] [Client/GameBox/updateTarget/INFO]: targetX: 8905/targetY 17473
[20:06:46] [SendingModule/sendTargetPos/DEBUG]: package 000B(角色移动意图) send!
[20:06:46] [SendingModule/sendTargetPos/DEBUG]: targetX: 8905/targetY: 17473
[20:06:46] [AioModule/Write/Completed/DEBUG]: Sent 26 bytes to session/192.168.1.100:8438
[20:06:46] [AioModule/Write/Completed/DEBUG]: Sent contents(26bytes): ff ff 00 00 00 1a 00 0b 00 00 22 c9 00 00 44 41 00 00 01 4d f7 1d 56 52 b1 92 
[20:06:46] [AioModule/Read/Completed/DEBUG]: Received 30 bytes from session/192.168.1.100:8438
[20:06:46] [AioModule/Read/Completed/DEBUG]: Received contents(30bytes): ff ff 00 00 00 1e 00 0c 00 00 04 03 00 00 22 c9 00 00 44 41 00 00 01 4d f7 1d 56 52 62 e2 
[20:06:46] [ClientServer/ClientDecoder/INFO]: Receive a package 000C(所有玩家目标坐标更新)
[20:06:46] [ClientServer/ClientDecoder/INFO]: package 000C: /id: 1027/posX: 8905/posY: 17473
[20:06:46] [Client/GameBox/updateTarget/INFO]: receive Package 000C(角色目标)
[20:06:46] [Client/GameBox/updateTarget/INFO]: targetX: 8905/targetY 17473
[20:06:47] [Client/GameBox/updateTarget/INFO]: receive Package 000C(角色目标)
[20:06:47] [Client/GameBox/updateTarget/INFO]: targetX: 8903/targetY 17472
[20:06:47] [SendingModule/sendTargetPos/DEBUG]: package 000B(角色移动意图) send!
[20:06:47] [AioModule/Write/Completed/DEBUG]: Sent 26 bytes to session/192.168.1.100:8438
[20:06:47] [SendingModule/sendTargetPos/DEBUG]: targetX: 8903/targetY: 17472
[20:06:47] [AioModule/Write/Completed/DEBUG]: Sent contents(26bytes): ff ff 00 00 00 1a 00 0b 00 00 22 c7 00 00 44 40 00 00 01 4d f7 1d 57 64 04 96 
[20:06:47] [Client/GameBox/updateTarget/INFO]: receive Package 000C(角色目标)
[20:06:47] [Client/GameBox/updateTarget/INFO]: targetX: 8902/targetY 17471
[20:06:47] [SendingModule/sendTargetPos/DEBUG]: package 000B(角色移动意图) send!
[20:06:47] [SendingModule/sendTargetPos/DEBUG]: targetX: 8902/targetY: 17471
[20:06:47] [AioModule/Write/Completed/DEBUG]: Sent 26 bytes to session/192.168.1.100:8438
[20:06:47] [AioModule/Write/Completed/DEBUG]: Sent contents(26bytes): ff ff 00 00 00 1a 00 0b 00 00 22 c6 00 00 44 3f 00 00 01 4d f7 1d 58 1d 49 d6 
[20:06:47] [AioModule/Read/Completed/DEBUG]: Received 30 bytes from session/192.168.1.100:8438
[20:06:47] [AioModule/Read/Completed/DEBUG]: Received contents(30bytes): ff ff 00 00 00 1e 00 0c 00 00 04 03 00 00 22 c7 00 00 44 40 00 00 01 4d f7 1d 57 64 2d 4a 
[20:06:47] [ClientServer/ClientDecoder/INFO]: Receive a package 000C(所有玩家目标坐标更新)
[20:06:47] [ClientServer/ClientDecoder/INFO]: package 000C: /id: 1027/posX: 8903/posY: 17472
[20:06:47] [Client/GameBox/updateTarget/INFO]: receive Package 000C(角色目标)
[20:06:47] [Client/GameBox/updateTarget/INFO]: targetX: 8903/targetY 17472
[20:06:47] [AioModule/Read/Completed/DEBUG]: Received 30 bytes from session/192.168.1.100:8438
[20:06:47] [AioModule/Read/Completed/DEBUG]: Received contents(30bytes): ff ff 00 00 00 1e 00 0c 00 00 04 03 00 00 22 c6 00 00 44 3f 00 00 01 4d f7 1d 58 1d 8a df 
[20:06:47] [ClientServer/ClientDecoder/INFO]: Receive a package 000C(所有玩家目标坐标更新)
[20:06:47] [ClientServer/ClientDecoder/INFO]: package 000C: /id: 1027/posX: 8902/posY: 17471
[20:06:47] [Client/GameBox/updateTarget/INFO]: receive Package 000C(角色目标)
[20:06:47] [Client/GameBox/updateTarget/INFO]: targetX: 8902/targetY 17471
[20:06:47] [Client/GameBox/updateTarget/INFO]: receive Package 000C(角色目标)
[20:06:47] [Client/GameBox/updateTarget/INFO]: targetX: 8901/targetY 17470
[20:06:47] [SendingModule/sendTargetPos/DEBUG]: package 000B(角色移动意图) send!
[20:06:47] [AioModule/Write/Completed/DEBUG]: Sent 26 bytes to session/192.168.1.100:8438
[20:06:47] [SendingModule/sendTargetPos/DEBUG]: targetX: 8901/targetY: 17470
[20:06:47] [AioModule/Write/Completed/DEBUG]: Sent contents(26bytes): ff ff 00 00 00 1a 00 0b 00 00 22 c5 00 00 44 3e 00 00 01 4d f7 1d 58 d3 8e fb 
[20:06:47] [AioModule/Read/Completed/DEBUG]: Received 30 bytes from session/192.168.1.100:8438
[20:06:47] [AioModule/Read/Completed/DEBUG]: Received contents(30bytes): ff ff 00 00 00 1e 00 0c 00 00 04 03 00 00 22 c5 00 00 44 3e 00 00 01 4d f7 1d 58 d3 25 80 
[20:06:47] [ClientServer/ClientDecoder/INFO]: Receive a package 000C(所有玩家目标坐标更新)
[20:06:47] [ClientServer/ClientDecoder/INFO]: package 000C: /id: 1027/posX: 8901/posY: 17470
[20:06:47] [Client/GameBox/updateTarget/INFO]: receive Package 000C(角色目标)
[20:06:47] [Client/GameBox/updateTarget/INFO]: targetX: 8901/targetY 17470
[20:06:47] [Client/GameBox/updateTarget/INFO]: receive Package 000C(角色目标)
[20:06:47] [Client/GameBox/updateTarget/INFO]: targetX: 8900/targetY 17469
[20:06:47] [SendingModule/sendTargetPos/DEBUG]: package 000B(角色移动意图) send!
[20:06:47] [AioModule/Write/Completed/DEBUG]: Sent 26 bytes to session/192.168.1.100:8438
[20:06:47] [SendingModule/sendTargetPos/DEBUG]: targetX: 8900/targetY: 17469
[20:06:47] [AioModule/Write/Completed/DEBUG]: Sent contents(26bytes): ff ff 00 00 00 1a 00 0b 00 00 22 c4 00 00 44 3d 00 00 01 4d f7 1d 59 88 11 62 
[20:06:47] [AioModule/Read/Completed/DEBUG]: Received 30 bytes from session/192.168.1.100:8438
[20:06:47] [AioModule/Read/Completed/DEBUG]: Received contents(30bytes): ff ff 00 00 00 1e 00 0c 00 00 04 03 00 00 22 c4 00 00 44 3d 00 00 01 4d f7 1d 59 88 83 11 
[20:06:47] [ClientServer/ClientDecoder/INFO]: Receive a package 000C(所有玩家目标坐标更新)
[20:06:47] [ClientServer/ClientDecoder/INFO]: package 000C: /id: 1027/posX: 8900/posY: 17469
[20:06:47] [Client/GameBox/updateTarget/INFO]: receive Package 000C(角色目标)
[20:06:47] [Client/GameBox/updateTarget/INFO]: targetX: 8900/targetY 17469
[20:06:47] [Client/GameBox/updateTarget/INFO]: receive Package 000C(角色目标)
[20:06:47] [Client/GameBox/updateTarget/INFO]: targetX: 8899/targetY 17468
[20:06:47] [SendingModule/sendTargetPos/DEBUG]: package 000B(角色移动意图) send!
[20:06:47] [SendingModule/sendTargetPos/DEBUG]: targetX: 8899/targetY: 17468
[20:06:47] [AioModule/Write/Completed/DEBUG]: Sent 26 bytes to session/192.168.1.100:8438
[20:06:47] [AioModule/Write/Completed/DEBUG]: Sent contents(26bytes): ff ff 00 00 00 1a 00 0b 00 00 22 c3 00 00 44 3c 00 00 01 4d f7 1d 5a 2c 57 8d 
[20:06:47] [Client/GameBox/updateTarget/INFO]: receive Package 000C(角色目标)
[20:06:47] [Client/GameBox/updateTarget/INFO]: targetX: 8900/targetY 17467
[20:06:47] [SendingModule/sendTargetPos/DEBUG]: package 000B(角色移动意图) send!
[20:06:47] [SendingModule/sendTargetPos/DEBUG]: targetX: 8900/targetY: 17467
[20:06:47] [AioModule/Write/Completed/DEBUG]: Sent 26 bytes to session/192.168.1.100:8438
[20:06:47] [AioModule/Write/Completed/DEBUG]: Sent contents(26bytes): ff ff 00 00 00 1a 00 0b 00 00 22 c4 00 00 44 3b 00 00 01 4d f7 1d 5a e4 39 5f 
[20:06:48] [AioModule/Read/Completed/DEBUG]: Received 30 bytes from session/192.168.1.100:8438
[20:06:48] [AioModule/Read/Completed/DEBUG]: Received contents(30bytes): ff ff 00 00 00 1e 00 0c 00 00 04 03 00 00 22 c3 00 00 44 3c 00 00 01 4d f7 1d 5a 2c 1e bc 
[20:06:48] [ClientServer/ClientDecoder/INFO]: Receive a package 000C(所有玩家目标坐标更新)
[20:06:48] [ClientServer/ClientDecoder/INFO]: package 000C: /id: 1027/posX: 8899/posY: 17468
[20:06:48] [Client/GameBox/updateTarget/INFO]: receive Package 000C(角色目标)
[20:06:48] [Client/GameBox/updateTarget/INFO]: targetX: 8899/targetY 17468
[20:06:48] [AioModule/Read/Completed/DEBUG]: Received 30 bytes from session/192.168.1.100:8438
[20:06:48] [AioModule/Read/Completed/DEBUG]: Received contents(30bytes): ff ff 00 00 00 1e 00 0c 00 00 04 03 00 00 22 c4 00 00 44 3b 00 00 01 4d f7 1d 5a e4 1d 96 
[20:06:48] [ClientServer/ClientDecoder/INFO]: Receive a package 000C(所有玩家目标坐标更新)
[20:06:48] [ClientServer/ClientDecoder/INFO]: package 000C: /id: 1027/posX: 8900/posY: 17467
[20:06:48] [Client/GameBox/updateTarget/INFO]: receive Package 000C(角色目标)
[20:06:48] [Client/GameBox/updateTarget/INFO]: targetX: 8900/targetY 17467
[20:06:48] [Client/GameBox/updateTarget/INFO]: receive Package 000C(角色目标)
[20:06:48] [Client/GameBox/updateTarget/INFO]: targetX: 8909/targetY 17468
[20:06:48] [SendingModule/sendTargetPos/DEBUG]: package 000B(角色移动意图) send!
[20:06:48] [SendingModule/sendTargetPos/DEBUG]: targetX: 8909/targetY: 17468
[20:06:48] [AioModule/Write/Completed/DEBUG]: Sent 26 bytes to session/192.168.1.100:8438
[20:06:48] [AioModule/Write/Completed/DEBUG]: Sent contents(26bytes): ff ff 00 00 00 1a 00 0b 00 00 22 cd 00 00 44 3c 00 00 01 4d f7 1d 5b 9d ae ec 
[20:06:48] [AioModule/Read/Completed/DEBUG]: Received 30 bytes from session/192.168.1.100:8438
[20:06:48] [AioModule/Read/Completed/DEBUG]: Received contents(30bytes): ff ff 00 00 00 1e 00 0c 00 00 04 03 00 00 22 cd 00 00 44 3c 00 00 01 4d f7 1d 5b 9d 8d b2 
[20:06:48] [ClientServer/ClientDecoder/INFO]: Receive a package 000C(所有玩家目标坐标更新)
[20:06:48] [ClientServer/ClientDecoder/INFO]: package 000C: /id: 1027/posX: 8909/posY: 17468
[20:06:48] [Client/GameBox/updateTarget/INFO]: receive Package 000C(角色目标)
[20:06:48] [Client/GameBox/updateTarget/INFO]: targetX: 8909/targetY 17468
[20:06:48] [Client/GameBox/updateTarget/INFO]: receive Package 000C(角色目标)
[20:06:48] [Client/GameBox/updateTarget/INFO]: targetX: 8918/targetY 17470
[20:06:48] [SendingModule/sendTargetPos/DEBUG]: package 000B(角色移动意图) send!
[20:06:48] [SendingModule/sendTargetPos/DEBUG]: targetX: 8918/targetY: 17470
[20:06:48] [AioModule/Write/Completed/DEBUG]: Sent 26 bytes to session/192.168.1.100:8438
[20:06:48] [AioModule/Write/Completed/DEBUG]: Sent contents(26bytes): ff ff 00 00 00 1a 00 0b 00 00 22 d6 00 00 44 3e 00 00 01 4d f7 1d 5c 43 b0 37 
[20:06:48] [AioModule/Read/Completed/DEBUG]: Received 30 bytes from session/192.168.1.100:8438
[20:06:48] [AioModule/Read/Completed/DEBUG]: Received contents(30bytes): ff ff 00 00 00 1e 00 0c 00 00 04 03 00 00 22 d6 00 00 44 3e 00 00 01 4d f7 1d 5c 43 0d 75 
[20:06:48] [ClientServer/ClientDecoder/INFO]: Receive a package 000C(所有玩家目标坐标更新)
[20:06:48] [ClientServer/ClientDecoder/INFO]: package 000C: /id: 1027/posX: 8918/posY: 17470
[20:06:48] [Client/GameBox/updateTarget/INFO]: receive Package 000C(角色目标)
[20:06:48] [Client/GameBox/updateTarget/INFO]: targetX: 8918/targetY 17470
[20:06:48] [Client/GameBox/updateTarget/INFO]: receive Package 000C(角色目标)
[20:06:48] [Client/GameBox/updateTarget/INFO]: targetX: 8924/targetY 17472
[20:06:48] [SendingModule/sendTargetPos/DEBUG]: package 000B(角色移动意图) send!
[20:06:48] [SendingModule/sendTargetPos/DEBUG]: targetX: 8924/targetY: 17472
[20:06:48] [AioModule/Write/Completed/DEBUG]: Sent 26 bytes to session/192.168.1.100:8438
[20:06:48] [AioModule/Write/Completed/DEBUG]: Sent contents(26bytes): ff ff 00 00 00 1a 00 0b 00 00 22 dc 00 00 44 40 00 00 01 4d f7 1d 5c e6 21 27 
[20:06:48] [AioModule/Read/Completed/DEBUG]: Received 30 bytes from session/192.168.1.100:8438
[20:06:48] [AioModule/Read/Completed/DEBUG]: Received contents(30bytes): ff ff 00 00 00 1e 00 0c 00 00 04 03 00 00 22 dc 00 00 44 40 00 00 01 4d f7 1d 5c e6 1a 06 
[20:06:48] [ClientServer/ClientDecoder/INFO]: Receive a package 000C(所有玩家目标坐标更新)
[20:06:48] [ClientServer/ClientDecoder/INFO]: package 000C: /id: 1027/posX: 8924/posY: 17472
[20:06:48] [Client/GameBox/updateTarget/INFO]: receive Package 000C(角色目标)
[20:06:48] [Client/GameBox/updateTarget/INFO]: targetX: 8924/targetY 17472
[20:06:48] [Client/GameBox/updateTarget/INFO]: receive Package 000C(角色目标)
[20:06:48] [Client/GameBox/updateTarget/INFO]: targetX: 8923/targetY 17474
[20:06:48] [SendingModule/sendTargetPos/DEBUG]: package 000B(角色移动意图) send!
[20:06:48] [SendingModule/sendTargetPos/DEBUG]: targetX: 8923/targetY: 17474
[20:06:48] [AioModule/Write/Completed/DEBUG]: Sent 26 bytes to session/192.168.1.100:8438
[20:06:48] [AioModule/Write/Completed/DEBUG]: Sent contents(26bytes): ff ff 00 00 00 1a 00 0b 00 00 22 db 00 00 44 42 00 00 01 4d f7 1d 5d 8a 8c 6f 
[20:06:48] [AioModule/Read/Completed/DEBUG]: Received 30 bytes from session/192.168.1.100:8438
[20:06:48] [AioModule/Read/Completed/DEBUG]: Received contents(30bytes): ff ff 00 00 00 1e 00 0c 00 00 04 03 00 00 22 db 00 00 44 42 00 00 01 4d f7 1d 5d 8a af 08 
[20:06:48] [ClientServer/ClientDecoder/INFO]: Receive a package 000C(所有玩家目标坐标更新)
[20:06:48] [ClientServer/ClientDecoder/INFO]: package 000C: /id: 1027/posX: 8923/posY: 17474
[20:06:48] [Client/GameBox/updateTarget/INFO]: receive Package 000C(角色目标)
[20:06:48] [Client/GameBox/updateTarget/INFO]: targetX: 8923/targetY 17474
[20:06:48] [Client/GameBox/updateTarget/INFO]: receive Package 000C(角色目标)
[20:06:48] [Client/GameBox/updateTarget/INFO]: targetX: 8922/targetY 17476
[20:06:48] [SendingModule/sendTargetPos/DEBUG]: package 000B(角色移动意图) send!
[20:06:48] [SendingModule/sendTargetPos/DEBUG]: targetX: 8922/targetY: 17476
[20:06:48] [AioModule/Write/Completed/DEBUG]: Sent 26 bytes to session/192.168.1.100:8438
[20:06:48] [AioModule/Write/Completed/DEBUG]: Sent contents(26bytes): ff ff 00 00 00 1a 00 0b 00 00 22 da 00 00 44 44 00 00 01 4d f7 1d 5e 2b 35 df 
[20:06:48] [AioModule/Read/Completed/DEBUG]: Received 30 bytes from session/192.168.1.100:8438
[20:06:48] [AioModule/Read/Completed/DEBUG]: Received contents(30bytes): ff ff 00 00 00 1e 00 0c 00 00 04 03 00 00 22 da 00 00 44 44 00 00 01 4d f7 1d 5e 2b 82 32 
[20:06:48] [ClientServer/ClientDecoder/INFO]: Receive a package 000C(所有玩家目标坐标更新)
[20:06:48] [ClientServer/ClientDecoder/INFO]: package 000C: /id: 1027/posX: 8922/posY: 17476
[20:06:48] [Client/GameBox/updateTarget/INFO]: receive Package 000C(角色目标)
[20:06:48] [Client/GameBox/updateTarget/INFO]: targetX: 8922/targetY 17476
[20:06:48] [Client/GameBox/updateTarget/INFO]: receive Package 000C(角色目标)
[20:06:48] [Client/GameBox/updateTarget/INFO]: targetX: 8921/targetY 17478
[20:06:48] [SendingModule/sendTargetPos/DEBUG]: package 000B(角色移动意图) send!
[20:06:48] [SendingModule/sendTargetPos/DEBUG]: targetX: 8921/targetY: 17478
[20:06:48] [AioModule/Write/Completed/DEBUG]: Sent 26 bytes to session/192.168.1.100:8438
[20:06:48] [AioModule/Write/Completed/DEBUG]: Sent contents(26bytes): ff ff 00 00 00 1a 00 0b 00 00 22 d9 00 00 44 46 00 00 01 4d f7 1d 5e cf a1 0f 
[20:06:49] [AioModule/Read/Completed/DEBUG]: Received 30 bytes from session/192.168.1.100:8438
[20:06:49] [AioModule/Read/Completed/DEBUG]: Received contents(30bytes): ff ff 00 00 00 1e 00 0c 00 00 04 03 00 00 22 d9 00 00 44 46 00 00 01 4d f7 1d 5e cf 54 43 
[20:06:49] [ClientServer/ClientDecoder/INFO]: Receive a package 000C(所有玩家目标坐标更新)
[20:06:49] [ClientServer/ClientDecoder/INFO]: package 000C: /id: 1027/posX: 8921/posY: 17478
[20:06:49] [Client/GameBox/updateTarget/INFO]: receive Package 000C(角色目标)
[20:06:49] [Client/GameBox/updateTarget/INFO]: targetX: 8921/targetY 17478
[20:06:49] [Client/GameBox/updateTarget/INFO]: receive Package 000C(角色目标)
[20:06:49] [Client/GameBox/updateTarget/INFO]: targetX: 8920/targetY 17480
[20:06:49] [SendingModule/sendTargetPos/DEBUG]: package 000B(角色移动意图) send!
[20:06:49] [SendingModule/sendTargetPos/DEBUG]: targetX: 8920/targetY: 17480
[20:06:49] [AioModule/Write/Completed/DEBUG]: Sent 26 bytes to session/192.168.1.100:8438
[20:06:49] [AioModule/Write/Completed/DEBUG]: Sent contents(26bytes): ff ff 00 00 00 1a 00 0b 00 00 22 d8 00 00 44 48 00 00 01 4d f7 1d 5f 73 4a 82 
[20:06:49] [AioModule/Read/Completed/DEBUG]: Received 30 bytes from session/192.168.1.100:8438
[20:06:49] [AioModule/Read/Completed/DEBUG]: Received contents(30bytes): ff ff 00 00 00 1e 00 0c 00 00 04 03 00 00 22 d8 00 00 44 48 00 00 01 4d f7 1d 5f 73 27 70 
[20:06:49] [ClientServer/ClientDecoder/INFO]: Receive a package 000C(所有玩家目标坐标更新)
[20:06:49] [ClientServer/ClientDecoder/INFO]: package 000C: /id: 1027/posX: 8920/posY: 17480
[20:06:49] [Client/GameBox/updateTarget/INFO]: receive Package 000C(角色目标)
[20:06:49] [Client/GameBox/updateTarget/INFO]: targetX: 8920/targetY 17480
[20:06:49] [Client/GameBox/updateTarget/INFO]: receive Package 000C(角色目标)
[20:06:49] [Client/GameBox/updateTarget/INFO]: targetX: 8924/targetY 17477
[20:06:49] [SendingModule/sendTargetPos/DEBUG]: package 000B(角色移动意图) send!
[20:06:49] [SendingModule/sendTargetPos/DEBUG]: targetX: 8924/targetY: 17477
[20:06:49] [AioModule/Write/Completed/DEBUG]: Sent 26 bytes to session/192.168.1.100:8438
[20:06:49] [AioModule/Write/Completed/DEBUG]: Sent contents(26bytes): ff ff 00 00 00 1a 00 0b 00 00 22 dc 00 00 44 45 00 00 01 4d f7 1d 60 bb 1f f0 
[20:06:49] [AioModule/Read/Completed/DEBUG]: Received 30 bytes from session/192.168.1.100:8438
[20:06:49] [AioModule/Read/Completed/DEBUG]: Received contents(30bytes): ff ff 00 00 00 1e 00 0c 00 00 04 03 00 00 22 dc 00 00 44 45 00 00 01 4d f7 1d 60 bb b7 c0 
[20:06:49] [ClientServer/ClientDecoder/INFO]: Receive a package 000C(所有玩家目标坐标更新)
[20:06:49] [ClientServer/ClientDecoder/INFO]: package 000C: /id: 1027/posX: 8924/posY: 17477
[20:06:49] [Client/GameBox/updateTarget/INFO]: receive Package 000C(角色目标)
[20:06:49] [Client/GameBox/updateTarget/INFO]: targetX: 8924/targetY 17477
[20:06:49] [Client/GameBox/updateTarget/INFO]: receive Package 000C(角色目标)
[20:06:49] [Client/GameBox/updateTarget/INFO]: targetX: 8928/targetY 17474
[20:06:49] [SendingModule/sendTargetPos/DEBUG]: package 000B(角色移动意图) send!
[20:06:49] [SendingModule/sendTargetPos/DEBUG]: targetX: 8928/targetY: 17474
[20:06:49] [AioModule/Write/Completed/DEBUG]: Sent 26 bytes to session/192.168.1.100:8438
[20:06:49] [AioModule/Write/Completed/DEBUG]: Sent contents(26bytes): ff ff 00 00 00 1a 00 0b 00 00 22 e0 00 00 44 42 00 00 01 4d f7 1d 61 5b b9 8b 
[20:06:49] [AioModule/Read/Completed/DEBUG]: Received 30 bytes from session/192.168.1.100:8438
[20:06:49] [AioModule/Read/Completed/DEBUG]: Received contents(30bytes): ff ff 00 00 00 1e 00 0c 00 00 04 03 00 00 22 e0 00 00 44 42 00 00 01 4d f7 1d 61 5b 86 93 
[20:06:49] [ClientServer/ClientDecoder/INFO]: Receive a package 000C(所有玩家目标坐标更新)
[20:06:49] [ClientServer/ClientDecoder/INFO]: package 000C: /id: 1027/posX: 8928/posY: 17474
[20:06:49] [Client/GameBox/updateTarget/INFO]: receive Package 000C(角色目标)
[20:06:49] [Client/GameBox/updateTarget/INFO]: targetX: 8928/targetY 17474
[20:06:49] [Client/GameBox/updateTarget/INFO]: receive Package 000C(角色目标)
[20:06:49] [Client/GameBox/updateTarget/INFO]: targetX: 8932/targetY 17471
[20:06:49] [SendingModule/sendTargetPos/DEBUG]: package 000B(角色移动意图) send!
[20:06:49] [SendingModule/sendTargetPos/DEBUG]: targetX: 8932/targetY: 17471
[20:06:49] [AioModule/Write/Completed/DEBUG]: Sent 26 bytes to session/192.168.1.100:8438
[20:06:49] [AioModule/Write/Completed/DEBUG]: Sent contents(26bytes): ff ff 00 00 00 1a 00 0b 00 00 22 e4 00 00 44 3f 00 00 01 4d f7 1d 61 f5 8f 33 
[20:06:49] [AioModule/Read/Completed/DEBUG]: Received 30 bytes from session/192.168.1.100:8438
[20:06:49] [AioModule/Read/Completed/DEBUG]: Received contents(30bytes): ff ff 00 00 00 1e 00 0c 00 00 04 03 00 00 22 e4 00 00 44 3f 00 00 01 4d f7 1d 61 f5 54 44 
[20:06:49] [ClientServer/ClientDecoder/INFO]: Receive a package 000C(所有玩家目标坐标更新)
[20:06:49] [ClientServer/ClientDecoder/INFO]: package 000C: /id: 1027/posX: 8932/posY: 17471
[20:06:49] [Client/GameBox/updateTarget/INFO]: receive Package 000C(角色目标)
[20:06:49] [Client/GameBox/updateTarget/INFO]: targetX: 8932/targetY 17471
[20:06:49] [Client/GameBox/updateTarget/INFO]: receive Package 000C(角色目标)
[20:06:49] [Client/GameBox/updateTarget/INFO]: targetX: 8936/targetY 17468
[20:06:49] [SendingModule/sendTargetPos/DEBUG]: package 000B(角色移动意图) send!
[20:06:49] [SendingModule/sendTargetPos/DEBUG]: targetX: 8936/targetY: 17468
[20:06:49] [AioModule/Write/Completed/DEBUG]: Sent 26 bytes to session/192.168.1.100:8438
[20:06:49] [AioModule/Write/Completed/DEBUG]: Sent contents(26bytes): ff ff 00 00 00 1a 00 0b 00 00 22 e8 00 00 44 3c 00 00 01 4d f7 1d 62 93 64 f7 
[20:06:50] [AioModule/Read/Completed/DEBUG]: Received 30 bytes from session/192.168.1.100:8438
[20:06:50] [AioModule/Read/Completed/DEBUG]: Received contents(30bytes): ff ff 00 00 00 1e 00 0c 00 00 04 03 00 00 22 e8 00 00 44 3c 00 00 01 4d f7 1d 62 93 22 15 
[20:06:50] [ClientServer/ClientDecoder/INFO]: Receive a package 000C(所有玩家目标坐标更新)
[20:06:50] [ClientServer/ClientDecoder/INFO]: package 000C: /id: 1027/posX: 8936/posY: 17468
[20:06:50] [Client/GameBox/updateTarget/INFO]: receive Package 000C(角色目标)
[20:06:50] [Client/GameBox/updateTarget/INFO]: targetX: 8936/targetY 17468
[20:06:50] [Client/GameBox/updateTarget/INFO]: receive Package 000C(角色目标)
[20:06:50] [Client/GameBox/updateTarget/INFO]: targetX: 8940/targetY 17465
[20:06:50] [SendingModule/sendTargetPos/DEBUG]: package 000B(角色移动意图) send!
[20:06:50] [SendingModule/sendTargetPos/DEBUG]: targetX: 8940/targetY: 17465
[20:06:50] [AioModule/Write/Completed/DEBUG]: Sent 26 bytes to session/192.168.1.100:8438
[20:06:50] [AioModule/Write/Completed/DEBUG]: Sent contents(26bytes): ff ff 00 00 00 1a 00 0b 00 00 22 ec 00 00 44 39 00 00 01 4d f7 1d 63 4b 3b d5 
[20:06:50] [AioModule/Read/Completed/DEBUG]: Received 30 bytes from session/192.168.1.100:8438
[20:06:50] [AioModule/Read/Completed/DEBUG]: Received contents(30bytes): ff ff 00 00 00 1e 00 0c 00 00 04 03 00 00 22 ec 00 00 44 39 00 00 01 4d f7 1d 63 4b b3 d5 
[20:06:50] [ClientServer/ClientDecoder/INFO]: Receive a package 000C(所有玩家目标坐标更新)
[20:06:50] [ClientServer/ClientDecoder/INFO]: package 000C: /id: 1027/posX: 8940/posY: 17465
[20:06:50] [Client/GameBox/updateTarget/INFO]: receive Package 000C(角色目标)
[20:06:50] [Client/GameBox/updateTarget/INFO]: targetX: 8940/targetY 17465
[20:06:50] [Client/GameBox/updateTarget/INFO]: receive Package 000C(角色目标)
[20:06:50] [Client/GameBox/updateTarget/INFO]: targetX: 8944/targetY 17460
[20:06:50] [SendingModule/sendTargetPos/DEBUG]: package 000B(角色移动意图) send!
[20:06:50] [AioModule/Write/Completed/DEBUG]: Sent 26 bytes to session/192.168.1.100:8438
[20:06:50] [SendingModule/sendTargetPos/DEBUG]: targetX: 8944/targetY: 17460
[20:06:50] [AioModule/Write/Completed/DEBUG]: Sent contents(26bytes): ff ff 00 00 00 1a 00 0b 00 00 22 f0 00 00 44 34 00 00 01 4d f7 1d 63 f4 39 15 
[20:06:50] [Client/GameBox/updateTarget/INFO]: receive Package 000C(角色目标)
[20:06:50] [Client/GameBox/updateTarget/INFO]: targetX: 8942/targetY 17452
[20:06:50] [SendingModule/sendTargetPos/DEBUG]: package 000B(角色移动意图) send!
[20:06:50] [SendingModule/sendTargetPos/DEBUG]: targetX: 8942/targetY: 17452
[20:06:50] [AioModule/Write/Completed/DEBUG]: Sent 26 bytes to session/192.168.1.100:8438
[20:06:50] [AioModule/Write/Completed/DEBUG]: Sent contents(26bytes): ff ff 00 00 00 1a 00 0b 00 00 22 ee 00 00 44 2c 00 00 01 4d f7 1d 64 a7 77 84 
[20:06:50] [AioModule/Read/Completed/DEBUG]: Received 30 bytes from session/192.168.1.100:8438
[20:06:50] [AioModule/Read/Completed/DEBUG]: Received contents(30bytes): ff ff 00 00 00 1e 00 0c 00 00 04 03 00 00 22 f0 00 00 44 34 00 00 01 4d f7 1d 63 f4 1b a2 
[20:06:50] [ClientServer/ClientDecoder/INFO]: Receive a package 000C(所有玩家目标坐标更新)
[20:06:50] [ClientServer/ClientDecoder/INFO]: package 000C: /id: 1027/posX: 8944/posY: 17460
[20:06:50] [Client/GameBox/updateTarget/INFO]: receive Package 000C(角色目标)
[20:06:50] [Client/GameBox/updateTarget/INFO]: targetX: 8944/targetY 17460
[20:06:50] [AioModule/Read/Completed/DEBUG]: Received 30 bytes from session/192.168.1.100:8438
[20:06:50] [AioModule/Read/Completed/DEBUG]: Received contents(30bytes): ff ff 00 00 00 1e 00 0c 00 00 04 03 00 00 22 ee 00 00 44 2c 00 00 01 4d f7 1d 64 a7 67 ed 
[20:06:50] [ClientServer/ClientDecoder/INFO]: Receive a package 000C(所有玩家目标坐标更新)
[20:06:50] [ClientServer/ClientDecoder/INFO]: package 000C: /id: 1027/posX: 8942/posY: 17452
[20:06:50] [Client/GameBox/updateTarget/INFO]: receive Package 000C(角色目标)
[20:06:50] [Client/GameBox/updateTarget/INFO]: targetX: 8942/targetY 17452
[20:06:50] [Client/GameBox/updateTarget/INFO]: receive Package 000C(角色目标)
[20:06:50] [Client/GameBox/updateTarget/INFO]: targetX: 8929/targetY 17437
[20:06:50] [SendingModule/sendTargetPos/DEBUG]: package 000B(角色移动意图) send!
[20:06:50] [SendingModule/sendTargetPos/DEBUG]: targetX: 8929/targetY: 17437
[20:06:50] [AioModule/Write/Completed/DEBUG]: Sent 26 bytes to session/192.168.1.100:8438
[20:06:50] [AioModule/Write/Completed/DEBUG]: Sent contents(26bytes): ff ff 00 00 00 1a 00 0b 00 00 22 e1 00 00 44 1d 00 00 01 4d f7 1d 65 25 58 1d 
[20:06:50] [AioModule/Read/Completed/DEBUG]: Received 30 bytes from session/192.168.1.100:8438
[20:06:50] [AioModule/Read/Completed/DEBUG]: Received contents(30bytes): ff ff 00 00 00 1e 00 0c 00 00 04 03 00 00 22 e1 00 00 44 1d 00 00 01 4d f7 1d 65 25 34 56 
[20:06:50] [ClientServer/ClientDecoder/INFO]: Receive a package 000C(所有玩家目标坐标更新)
[20:06:50] [ClientServer/ClientDecoder/INFO]: package 000C: /id: 1027/posX: 8929/posY: 17437
[20:06:50] [Client/GameBox/updateTarget/INFO]: receive Package 000C(角色目标)
[20:06:50] [Client/GameBox/updateTarget/INFO]: targetX: 8929/targetY 17437
[20:06:50] [Client/GameBox/updateTarget/INFO]: receive Package 000C(角色目标)
[20:06:50] [Client/GameBox/updateTarget/INFO]: targetX: 8911/targetY 17426
[20:06:50] [SendingModule/sendTargetPos/DEBUG]: package 000B(角色移动意图) send!
[20:06:50] [SendingModule/sendTargetPos/DEBUG]: targetX: 8911/targetY: 17426
[20:06:50] [AioModule/Write/Completed/DEBUG]: Sent 26 bytes to session/192.168.1.100:8438
[20:06:50] [AioModule/Write/Completed/DEBUG]: Sent contents(26bytes): ff ff 00 00 00 1a 00 0b 00 00 22 cf 00 00 44 12 00 00 01 4d f7 1d 66 0b 7f f6 
[20:06:50] [AioModule/Read/Completed/DEBUG]: Received 30 bytes from session/192.168.1.100:8438
[20:06:50] [AioModule/Read/Completed/DEBUG]: Received contents(30bytes): ff ff 00 00 00 1e 00 0c 00 00 04 03 00 00 22 cf 00 00 44 12 00 00 01 4d f7 1d 66 0b 32 ee 
[20:06:50] [ClientServer/ClientDecoder/INFO]: Receive a package 000C(所有玩家目标坐标更新)
[20:06:50] [ClientServer/ClientDecoder/INFO]: package 000C: /id: 1027/posX: 8911/posY: 17426
[20:06:50] [Client/GameBox/updateTarget/INFO]: receive Package 000C(角色目标)
[20:06:50] [Client/GameBox/updateTarget/INFO]: targetX: 8911/targetY 17426
[20:06:50] [Client/GameBox/updateTarget/INFO]: receive Package 000C(角色目标)
[20:06:50] [Client/GameBox/updateTarget/INFO]: targetX: 8898/targetY 17427
[20:06:50] [SendingModule/sendTargetPos/DEBUG]: package 000B(角色移动意图) send!
[20:06:50] [AioModule/Write/Completed/DEBUG]: Sent 26 bytes to session/192.168.1.100:8438
[20:06:50] [SendingModule/sendTargetPos/DEBUG]: targetX: 8898/targetY: 17427
[20:06:50] [AioModule/Write/Completed/DEBUG]: Sent contents(26bytes): ff ff 00 00 00 1a 00 0b 00 00 22 c2 00 00 44 13 00 00 01 4d f7 1d 66 9b a8 eb 
[20:06:50] [AioModule/Read/Completed/DEBUG]: Received 30 bytes from session/192.168.1.100:8438
[20:06:50] [AioModule/Read/Completed/DEBUG]: Received contents(30bytes): ff ff 00 00 00 1e 00 0c 00 00 04 03 00 00 22 c2 00 00 44 13 00 00 01 4d f7 1d 66 9b 22 91 
[20:06:50] [ClientServer/ClientDecoder/INFO]: Receive a package 000C(所有玩家目标坐标更新)
[20:06:50] [ClientServer/ClientDecoder/INFO]: package 000C: /id: 1027/posX: 8898/posY: 17427
[20:06:50] [Client/GameBox/updateTarget/INFO]: receive Package 000C(角色目标)
[20:06:50] [Client/GameBox/updateTarget/INFO]: targetX: 8898/targetY 17427
[20:06:51] [Client/GameBox/updateTarget/INFO]: receive Package 000C(角色目标)
[20:06:51] [Client/GameBox/updateTarget/INFO]: targetX: 8895/targetY 17435
[20:06:51] [SendingModule/sendTargetPos/DEBUG]: package 000B(角色移动意图) send!
[20:06:51] [SendingModule/sendTargetPos/DEBUG]: targetX: 8895/targetY: 17435
[20:06:51] [AioModule/Write/Completed/DEBUG]: Sent 26 bytes to session/192.168.1.100:8438
[20:06:51] [AioModule/Write/Completed/DEBUG]: Sent contents(26bytes): ff ff 00 00 00 1a 00 0b 00 00 22 bf 00 00 44 1b 00 00 01 4d f7 1d 67 50 3f 29 
[20:06:51] [AioModule/Read/Completed/DEBUG]: Received 30 bytes from session/192.168.1.100:8438
[20:06:51] [AioModule/Read/Completed/DEBUG]: Received contents(30bytes): ff ff 00 00 00 1e 00 0c 00 00 04 03 00 00 22 bf 00 00 44 1b 00 00 01 4d f7 1d 67 50 00 9c 
[20:06:51] [ClientServer/ClientDecoder/INFO]: Receive a package 000C(所有玩家目标坐标更新)
[20:06:51] [ClientServer/ClientDecoder/INFO]: package 000C: /id: 1027/posX: 8895/posY: 17435
[20:06:51] [Client/GameBox/updateTarget/INFO]: receive Package 000C(角色目标)
[20:06:51] [Client/GameBox/updateTarget/INFO]: targetX: 8895/targetY 17435
[20:06:51] [Client/GameBox/updateTarget/INFO]: receive Package 000C(角色目标)
[20:06:51] [Client/GameBox/updateTarget/INFO]: targetX: 8893/targetY 17443
[20:06:51] [SendingModule/sendTargetPos/DEBUG]: package 000B(角色移动意图) send!
[20:06:51] [SendingModule/sendTargetPos/DEBUG]: targetX: 8893/targetY: 17443
[20:06:51] [AioModule/Write/Completed/DEBUG]: Sent 26 bytes to session/192.168.1.100:8438
[20:06:51] [AioModule/Write/Completed/DEBUG]: Sent contents(26bytes): ff ff 00 00 00 1a 00 0b 00 00 22 bd 00 00 44 23 00 00 01 4d f7 1d 67 f2 03 fc 
[20:06:51] [AioModule/Read/Completed/DEBUG]: Received 30 bytes from session/192.168.1.100:8438
[20:06:51] [AioModule/Read/Completed/DEBUG]: Received contents(30bytes): ff ff 00 00 00 1e 00 0c 00 00 04 03 00 00 22 bd 00 00 44 23 00 00 01 4d f7 1d 67 f2 70 fe 
[20:06:51] [ClientServer/ClientDecoder/INFO]: Receive a package 000C(所有玩家目标坐标更新)
[20:06:51] [ClientServer/ClientDecoder/INFO]: package 000C: /id: 1027/posX: 8893/posY: 17443
[20:06:51] [Client/GameBox/updateTarget/INFO]: receive Package 000C(角色目标)
[20:06:51] [Client/GameBox/updateTarget/INFO]: targetX: 8893/targetY 17443
[20:06:51] [Client/GameBox/updateTarget/INFO]: receive Package 000C(角色目标)
[20:06:51] [Client/GameBox/updateTarget/INFO]: targetX: 8901/targetY 17452
[20:06:51] [SendingModule/sendTargetPos/DEBUG]: package 000B(角色移动意图) send!
[20:06:51] [SendingModule/sendTargetPos/DEBUG]: targetX: 8901/targetY: 17452
[20:06:51] [AioModule/Write/Completed/DEBUG]: Sent 26 bytes to session/192.168.1.100:8438
[20:06:51] [AioModule/Write/Completed/DEBUG]: Sent contents(26bytes): ff ff 00 00 00 1a 00 0b 00 00 22 c5 00 00 44 2c 00 00 01 4d f7 1d 68 98 6e 67 
[20:06:51] [AioModule/Read/Completed/DEBUG]: Received 30 bytes from session/192.168.1.100:8438
[20:06:51] [AioModule/Read/Completed/DEBUG]: Received contents(30bytes): ff ff 00 00 00 1e 00 0c 00 00 04 03 00 00 22 c5 00 00 44 2c 00 00 01 4d f7 1d 68 98 5f a3 
[20:06:51] [ClientServer/ClientDecoder/INFO]: Receive a package 000C(所有玩家目标坐标更新)
[20:06:51] [ClientServer/ClientDecoder/INFO]: package 000C: /id: 1027/posX: 8901/posY: 17452
[20:06:51] [Client/GameBox/updateTarget/INFO]: receive Package 000C(角色目标)
[20:06:51] [Client/GameBox/updateTarget/INFO]: targetX: 8901/targetY 17452
[20:06:51] [Client/GameBox/updateTarget/INFO]: receive Package 000C(角色目标)
[20:06:51] [Client/GameBox/updateTarget/INFO]: targetX: 8906/targetY 17459
[20:06:51] [SendingModule/sendTargetPos/DEBUG]: package 000B(角色移动意图) send!
[20:06:51] [SendingModule/sendTargetPos/DEBUG]: targetX: 8906/targetY: 17459
[20:06:51] [AioModule/Write/Completed/DEBUG]: Sent 26 bytes to session/192.168.1.100:8438
[20:06:51] [AioModule/Write/Completed/DEBUG]: Sent contents(26bytes): ff ff 00 00 00 1a 00 0b 00 00 22 ca 00 00 44 33 00 00 01 4d f7 1d 69 3d 72 1a 
[20:06:51] [AioModule/Read/Completed/DEBUG]: Received 30 bytes from session/192.168.1.100:8438
[20:06:51] [AioModule/Read/Completed/DEBUG]: Received contents(30bytes): ff ff 00 00 00 1e 00 0c 00 00 04 03 00 00 22 ca 00 00 44 33 00 00 01 4d f7 1d 69 3d 77 41 
[20:06:51] [ClientServer/ClientDecoder/INFO]: Receive a package 000C(所有玩家目标坐标更新)
[20:06:51] [ClientServer/ClientDecoder/INFO]: package 000C: /id: 1027/posX: 8906/posY: 17459
[20:06:51] [Client/GameBox/updateTarget/INFO]: receive Package 000C(角色目标)
[20:06:51] [Client/GameBox/updateTarget/INFO]: targetX: 8906/targetY 17459
[20:06:51] [Client/GameBox/updateTarget/INFO]: receive Package 000C(角色目标)
[20:06:51] [Client/GameBox/updateTarget/INFO]: targetX: 8894/targetY 17454
[20:06:51] [SendingModule/sendTargetPos/DEBUG]: package 000B(角色移动意图) send!
[20:06:51] [SendingModule/sendTargetPos/DEBUG]: targetX: 8894/targetY: 17454
[20:06:51] [AioModule/Write/Completed/DEBUG]: Sent 26 bytes to session/192.168.1.100:8438
[20:06:51] [AioModule/Write/Completed/DEBUG]: Sent contents(26bytes): ff ff 00 00 00 1a 00 0b 00 00 22 be 00 00 44 2e 00 00 01 4d f7 1d 69 bb 7e 83 
[20:06:51] [AioModule/Read/Completed/DEBUG]: Received 30 bytes from session/192.168.1.100:8438
[20:06:51] [AioModule/Read/Completed/DEBUG]: Received contents(30bytes): ff ff 00 00 00 1e 00 0c 00 00 04 03 00 00 22 be 00 00 44 2e 00 00 01 4d f7 1d 69 bb 8b 54 
[20:06:51] [ClientServer/ClientDecoder/INFO]: Receive a package 000C(所有玩家目标坐标更新)
[20:06:51] [ClientServer/ClientDecoder/INFO]: package 000C: /id: 1027/posX: 8894/posY: 17454
[20:06:51] [Client/GameBox/updateTarget/INFO]: receive Package 000C(角色目标)
[20:06:51] [Client/GameBox/updateTarget/INFO]: targetX: 8894/targetY 17454
[20:06:51] [Client/GameBox/updateTarget/INFO]: receive Package 000C(角色目标)
[20:06:51] [Client/GameBox/updateTarget/INFO]: targetX: -2/targetY -3
[20:06:51] [SendingModule/sendTargetPos/DEBUG]: package 000B(角色移动意图) send!
[20:06:51] [SendingModule/sendTargetPos/DEBUG]: targetX: -2/targetY: -3
[20:06:51] [AioModule/Write/Completed/DEBUG]: Sent 26 bytes to session/192.168.1.100:8438
[20:06:51] [AioModule/Write/Completed/DEBUG]: Sent contents(26bytes): ff ff 00 00 00 1a 00 0b ff ff ff fe ff ff ff fd 00 00 01 4d f7 1d 6a 70 36 bf 
[20:06:52] [Client/GameBox/updateTarget/INFO]: receive Package 000C(角色目标)
[20:06:52] [Client/GameBox/updateTarget/INFO]: targetX: -2/targetY -3
[20:06:52] [SendingModule/sendTargetPos/DEBUG]: package 000B(角色移动意图) send!
[20:06:52] [SendingModule/sendTargetPos/DEBUG]: targetX: -2/targetY: -3
[20:06:52] [AioModule/Write/Completed/DEBUG]: Sent 26 bytes to session/192.168.1.100:8438
[20:06:52] [AioModule/Write/Completed/DEBUG]: Sent contents(26bytes): ff ff 00 00 00 1a 00 0b ff ff ff fe ff ff ff fd 00 00 01 4d f7 1d 6b 3d 36 a4 
[20:06:53] [Client/GameBox/updateTarget/INFO]: receive Package 000C(角色目标)
[20:06:53] [Client/GameBox/updateTarget/INFO]: targetX: -4/targetY 56
[20:06:53] [SendingModule/sendTargetPos/DEBUG]: package 000B(角色移动意图) send!
[20:06:53] [SendingModule/sendTargetPos/DEBUG]: targetX: -4/targetY: 56
[20:06:53] [AioModule/Write/Completed/DEBUG]: Sent 26 bytes to session/192.168.1.100:8438
[20:06:53] [AioModule/Write/Completed/DEBUG]: Sent contents(26bytes): ff ff 00 00 00 1a 00 0b ff ff ff fc 00 00 00 38 00 00 01 4d f7 1d 71 a5 53 06 
[20:06:54] [Client/GameBox/updateTarget/INFO]: receive Package 000C(角色目标)
[20:06:54] [Client/GameBox/updateTarget/INFO]: targetX: -4/targetY 56
[20:06:54] [SendingModule/sendTargetPos/DEBUG]: package 000B(角色移动意图) send!
[20:06:54] [SendingModule/sendTargetPos/DEBUG]: targetX: -4/targetY: 56
[20:06:54] [AioModule/Write/Completed/DEBUG]: Sent 26 bytes to session/192.168.1.100:8438
[20:06:54] [AioModule/Write/Completed/DEBUG]: Sent contents(26bytes): ff ff 00 00 00 1a 00 0b ff ff ff fc 00 00 00 38 00 00 01 4d f7 1d 72 ed 53 66 
[20:06:54] [Client/GameBox/updateTarget/INFO]: receive Package 000C(角色目标)
[20:06:54] [Client/GameBox/updateTarget/INFO]: targetX: 123/targetY 189
[20:06:54] [SendingModule/sendTargetPos/DEBUG]: package 000B(角色移动意图) send!
[20:06:54] [SendingModule/sendTargetPos/DEBUG]: targetX: 123/targetY: 189
[20:06:54] [AioModule/Write/Completed/DEBUG]: Sent 26 bytes to session/192.168.1.100:8438
[20:06:54] [AioModule/Write/Completed/DEBUG]: Sent contents(26bytes): ff ff 00 00 00 1a 00 0b 00 00 00 7b 00 00 00 bd 00 00 01 4d f7 1d 74 67 41 d5 
[20:07:07] [Client/GameBox/updateTarget/INFO]: receive Package 000C(角色目标)
[20:07:07] [Client/GameBox/updateTarget/INFO]: targetX: -3/targetY 0
[20:07:07] [SendingModule/sendTargetPos/DEBUG]: package 000B(角色移动意图) send!
[20:07:07] [SendingModule/sendTargetPos/DEBUG]: targetX: -3/targetY: 0
[20:07:07] [AioModule/Write/Completed/DEBUG]: Sent 26 bytes to session/192.168.1.100:8438
[20:07:07] [AioModule/Write/Completed/DEBUG]: Sent contents(26bytes): ff ff 00 00 00 1a 00 0b ff ff ff fd 00 00 00 00 00 00 01 4d f7 1d a6 ad 31 c4 
[20:07:11] [Client/GameBox/updateTarget/INFO]: receive Package 000C(角色目标)
[20:07:11] [Client/GameBox/updateTarget/INFO]: targetX: 271/targetY 176
[20:07:11] [SendingModule/sendTargetPos/DEBUG]: package 000B(角色移动意图) send!
[20:07:11] [SendingModule/sendTargetPos/DEBUG]: targetX: 271/targetY: 176
[20:07:11] [AioModule/Write/Completed/DEBUG]: Sent 26 bytes to session/192.168.1.100:8438
[20:07:11] [AioModule/Write/Completed/DEBUG]: Sent contents(26bytes): ff ff 00 00 00 1a 00 0b 00 00 01 0f 00 00 00 b0 00 00 01 4d f7 1d b6 7f 68 d0 
[20:07:24] [ClientServer/ClientMain/KERNEL]: 7.游戏结束，退出主程序
[20:07:24] [SendingModule/sendLogout/INFO]: logout send!
[20:07:24] [AioModule/Write/Completed/DEBUG]: Sent 14 bytes to session/192.168.1.100:8438
[20:07:24] [AioModule/Write/Completed/DEBUG]: Sent contents(14bytes): ff ff 00 00 00 0e 00 13 00 00 00 00 84 c6 
