[17:33:13] [ClientServer/ClientMain/init/DEBUG]: address: baidu.com:80
[17:33:13] [ClientServer/ClientMain/init/DEBUG]: 图片加载成功
[17:33:13] [ClientServer/ClientMain/init/DEBUG]: GIF动画加载成功
[17:33:13] [ClientServer/ClientMain/init/DEBUG]: 物品预加载成功
[17:33:14] [ClientServer/ClientMain/init/DEBUG]: init over
[17:33:14] [ClientServer/ClientMain/KERNEL]: 0.开始建立网络连接…………
[17:33:14] [ClientServer/ClientMain/setUpConnection/DEBUG]: setUpConnection over
[17:33:14] [ClientServer/ClientMain/KERNEL]: 1.网络连接成功!
[17:33:14] [ClientServer/ClientMain/KERNEL]: 2.发送0000包，确认对方是否为服务器Gate端
[17:33:14] [SendingModule/send00Package/INFO]: send00Package over
[17:33:14] [ClientSever/LoginBox/serverState/INFO]: Receive a package 0001(回应连接请求)
[17:33:14] [AioModule/Write/Completed/DEBUG]: Sent 14 bytes to sessionbaidu.com/180.149.132.47:80
[17:33:14] [ClientSever/LoginBox/serverState/INFO]: package 0001: 1
[17:33:14] [ClientServer/ClientMain/KERNEL]: 3.收到0001包，确认对方为服务器Gate端
[17:33:14] [AioModule/Write/Completed/DEBUG]: Sent contents(14bytes): ff ff 00 00 00 0e 00 00 00 00 30 39 20 db 
[17:33:14] [ClientServer/ClientMain/KERNEL]: 4.初始化loginBox登陆界面
[17:33:14] [ClientServer/LoginBox/onLoginResponse/INFO]: Receive a package 0003(登陆反馈)
[17:33:14] [ClientServer/LoginBox/onLoginResponse/INFO]: package 0003: true
[17:33:15] [ClientSever/LoginBox/addCharacter/INFO]: Receive a package 0006(角色预加载)
[17:33:15] [ClientSever/LoginBox/addCharacter/INFO]: Receive a package 0006(角色预加载)
[17:33:15] [ClientServer/LoginBox/noMorePackage/INFO]: Receive a package 0006(角色预加载: 这是最后一个空包
[17:33:16] [AioModule/Write/Completed/DEBUG]: Sent 25 bytes to sessionbaidu.com/180.149.132.47:80
[17:33:16] [SendingModule/sendCreateCharacter/INFO]: package 0008(创建角色) send!
[17:33:16] [ClientServer/LoginBox/onCreatResponse/INFO]: Receive a package 0009(角色创建结果)
[17:33:16] [AioModule/Write/Completed/DEBUG]: Sent contents(25bytes): ff ff 00 00 00 19 00 08 6e 75 6c 6c 00 64 64 64 64 00 01 00 00 00 01 38 47 
[17:33:17] [ClientServer/GameBox/addCharacter/DEBUG]: Receive a package 000A(游戏中所有玩家信息)
[17:33:17] [ClientServer/GameBox/addCharacter/DEBUG]: 000A:加入一个非主角玩家:dddd
[17:33:17] [ClientServer/GameBox/addCharacter/DEBUG]: Receive a package 000A(游戏中所有玩家信息)
[17:33:17] [ClientServer/GameBox/addCharacter/DEBUG]: 000A:加入一个非主角玩家:dddd
[17:33:17] [ClientServer/GameBox/addCharacter/DEBUG]: Receive a package 000A(游戏中所有玩家信息)
[17:33:17] [ClientServer/GameBox/addCharacter/DEBUG]: 000A:加入一个主角玩家:dddd
[17:33:17] [ClientServer/ClientMain/KERNEL]: 5.登陆结束
[17:33:17] [ClientServer/ClientMain/KERNEL]: 6.开始游戏，启动gameBox
[17:33:17] [ClientServer/GameBox/startGame/KERNEL]: 接收主角详细信息(000A):关闭加载窗口,开始游戏!
[17:33:17] [Client/GameBox/updateTarget/INFO]: receive Package 000C(角色目标)
[17:33:17] [Client/GameBox/updateTarget/INFO]: targetX: 5000/targetY 2000
[17:33:17] [Client/GameBox/updateTarget/INFO]: receive Package 000C(角色目标)
[17:33:17] [Client/GameBox/updateTarget/INFO]: targetX: 1000/targetY 3000
[17:33:22] [Client/GameBox/updateTarget/INFO]: receive Package 000C(角色目标)
[17:33:22] [Client/GameBox/updateTarget/INFO]: targetX: 1/targetY 229
[17:33:22] [AioModule/Write/Completed/DEBUG]: Sent 26 bytes to sessionbaidu.com/180.149.132.47:80
[17:33:22] [SendingModule/sendTargetPos/DEBUG]: package 000B(角色移动意图) send!
[17:33:22] [SendingModule/sendTargetPos/DEBUG]: targetX: 1/targetY: 229
[17:33:22] [AioModule/Write/Completed/DEBUG]: Sent contents(26bytes): ff ff 00 00 00 1a 00 0b 00 00 00 01 00 00 00 e5 00 00 01 4d f6 90 eb 67 63 45 
[17:33:24] [Client/GameBox/updateTarget/INFO]: receive Package 000C(角色目标)
[17:33:24] [Client/GameBox/updateTarget/INFO]: targetX: 2/targetY 458
[17:33:24] [SendingModule/sendTargetPos/DEBUG]: package 000B(角色移动意图) send!
[17:33:24] [AioModule/Write/Completed/DEBUG]: Sent 26 bytes to sessionbaidu.com/180.149.132.47:80
[17:33:24] [SendingModule/sendTargetPos/DEBUG]: targetX: 2/targetY: 458
[17:33:24] [AioModule/Write/Completed/DEBUG]: Sent contents(26bytes): ff ff 00 00 00 1a 00 0b 00 00 00 02 00 00 01 ca 00 00 01 4d f6 90 f2 af 48 27 
[17:33:26] [Client/GameBox/updateTarget/INFO]: receive Package 000C(角色目标)
[17:33:26] [Client/GameBox/updateTarget/INFO]: targetX: 66/targetY 612
[17:33:26] [SendingModule/sendTargetPos/DEBUG]: package 000B(角色移动意图) send!
[17:33:26] [SendingModule/sendTargetPos/DEBUG]: targetX: 66/targetY: 612
[17:33:26] [AioModule/Write/Failed/WARNING]: Failed to send to sessionnull. java.nio.channels.ClosedChannelException
[17:33:28] [Client/GameBox/updateTarget/INFO]: receive Package 000C(角色目标)
[17:33:28] [Client/GameBox/updateTarget/INFO]: targetX: 90/targetY 781
[17:33:28] [SendingModule/sendTargetPos/DEBUG]: package 000B(角色移动意图) send!
[17:33:28] [SendingModule/sendTargetPos/DEBUG]: targetX: 90/targetY: 781
[17:33:30] [Client/GameBox/updateTarget/INFO]: receive Package 000C(角色目标)
[17:33:30] [Client/GameBox/updateTarget/INFO]: targetX: 62/targetY 964
[17:33:30] [SendingModule/sendTargetPos/DEBUG]: package 000B(角色移动意图) send!
[17:33:30] [SendingModule/sendTargetPos/DEBUG]: targetX: 62/targetY: 964
[17:33:32] [Client/GameBox/updateTarget/INFO]: receive Package 000C(角色目标)
[17:33:32] [Client/GameBox/updateTarget/INFO]: targetX: -271/targetY 1031
[17:33:32] [SendingModule/sendTargetPos/DEBUG]: package 000B(角色移动意图) send!
[17:33:32] [SendingModule/sendTargetPos/DEBUG]: targetX: -271/targetY: 1031
[17:33:33] [Client/GameBox/updateTarget/INFO]: receive Package 000C(角色目标)
[17:33:33] [Client/GameBox/updateTarget/INFO]: targetX: 31/targetY 1299
[17:33:33] [SendingModule/sendTargetPos/DEBUG]: package 000B(角色移动意图) send!
[17:33:33] [SendingModule/sendTargetPos/DEBUG]: targetX: 31/targetY: 1299
[17:33:34] [Client/GameBox/updateTarget/INFO]: receive Package 000C(角色目标)
[17:33:34] [Client/GameBox/updateTarget/INFO]: targetX: 161/targetY 1515
[17:33:34] [SendingModule/sendTargetPos/DEBUG]: package 000B(角色移动意图) send!
[17:33:34] [SendingModule/sendTargetPos/DEBUG]: targetX: 161/targetY: 1515
[17:33:35] [Client/GameBox/updateTarget/INFO]: receive Package 000C(角色目标)
[17:33:35] [Client/GameBox/updateTarget/INFO]: targetX: 429/targetY 1325
[17:33:35] [SendingModule/sendTargetPos/DEBUG]: package 000B(角色移动意图) send!
[17:33:35] [SendingModule/sendTargetPos/DEBUG]: targetX: 429/targetY: 1325
[17:33:37] [Client/GameBox/updateTarget/INFO]: receive Package 000C(角色目标)
[17:33:37] [Client/GameBox/updateTarget/INFO]: targetX: 36/targetY 1328
[17:33:37] [SendingModule/sendTargetPos/DEBUG]: package 000B(角色移动意图) send!
[17:33:37] [SendingModule/sendTargetPos/DEBUG]: targetX: 36/targetY: 1328
[17:33:38] [Client/GameBox/updateTarget/INFO]: receive Package 000C(角色目标)
[17:33:38] [Client/GameBox/updateTarget/INFO]: targetX: -246/targetY 1342
[17:33:38] [SendingModule/sendTargetPos/DEBUG]: package 000B(角色移动意图) send!
[17:33:38] [SendingModule/sendTargetPos/DEBUG]: targetX: -246/targetY: 1342
[17:33:40] [Client/GameBox/updateTarget/INFO]: receive Package 000C(角色目标)
[17:33:40] [Client/GameBox/updateTarget/INFO]: targetX: 96/targetY 1346
[17:33:40] [SendingModule/sendTargetPos/DEBUG]: package 000B(角色移动意图) send!
[17:33:40] [SendingModule/sendTargetPos/DEBUG]: targetX: 96/targetY: 1346
[17:33:42] [Client/GameBox/updateTarget/INFO]: receive Package 000C(角色目标)
[17:33:42] [Client/GameBox/updateTarget/INFO]: targetX: -427/targetY 1363
[17:33:42] [SendingModule/sendTargetPos/DEBUG]: package 000B(角色移动意图) send!
[17:33:42] [SendingModule/sendTargetPos/DEBUG]: targetX: -427/targetY: 1363
[17:33:43] [Client/GameBox/updateTarget/INFO]: receive Package 000C(角色目标)
[17:33:43] [Client/GameBox/updateTarget/INFO]: targetX: -553/targetY 1368
[17:33:43] [SendingModule/sendTargetPos/DEBUG]: package 000B(角色移动意图) send!
[17:33:43] [SendingModule/sendTargetPos/DEBUG]: targetX: -553/targetY: 1368
[17:33:44] [Client/GameBox/updateTarget/INFO]: receive Package 000C(角色目标)
[17:33:44] [Client/GameBox/updateTarget/INFO]: targetX: -733/targetY 1374
[17:33:44] [SendingModule/sendTargetPos/DEBUG]: package 000B(角色移动意图) send!
[17:33:44] [SendingModule/sendTargetPos/DEBUG]: targetX: -733/targetY: 1374
[17:33:45] [Client/GameBox/updateTarget/INFO]: receive Package 000C(角色目标)
[17:33:45] [Client/GameBox/updateTarget/INFO]: targetX: -245/targetY 1442
[17:33:45] [SendingModule/sendTargetPos/DEBUG]: package 000B(角色移动意图) send!
[17:33:45] [SendingModule/sendTargetPos/DEBUG]: targetX: -245/targetY: 1442
[17:33:46] [Client/GameBox/updateTarget/INFO]: receive Package 000C(角色目标)
[17:33:46] [Client/GameBox/updateTarget/INFO]: targetX: -112/targetY 1469
[17:33:46] [SendingModule/sendTargetPos/DEBUG]: package 000B(角色移动意图) send!
[17:33:46] [SendingModule/sendTargetPos/DEBUG]: targetX: -112/targetY: 1469
[17:33:46] [Client/GameBox/updateTarget/INFO]: receive Package 000C(角色目标)
[17:33:46] [Client/GameBox/updateTarget/INFO]: targetX: -26/targetY 1487
[17:33:46] [SendingModule/sendTargetPos/DEBUG]: package 000B(角色移动意图) send!
[17:33:46] [SendingModule/sendTargetPos/DEBUG]: targetX: -26/targetY: 1487
[17:33:47] [Client/GameBox/updateTarget/INFO]: receive Package 000C(角色目标)
[17:33:47] [Client/GameBox/updateTarget/INFO]: targetX: 45/targetY 1502
[17:33:47] [SendingModule/sendTargetPos/DEBUG]: package 000B(角色移动意图) send!
[17:33:47] [SendingModule/sendTargetPos/DEBUG]: targetX: 45/targetY: 1502
[17:33:47] [Client/GameBox/updateTarget/INFO]: receive Package 000C(角色目标)
[17:33:47] [Client/GameBox/updateTarget/INFO]: targetX: 76/targetY 1508
[17:33:47] [SendingModule/sendTargetPos/DEBUG]: package 000B(角色移动意图) send!
[17:33:47] [SendingModule/sendTargetPos/DEBUG]: targetX: 76/targetY: 1508
[17:33:47] [Client/GameBox/updateTarget/INFO]: receive Package 000C(角色目标)
[17:33:47] [Client/GameBox/updateTarget/INFO]: targetX: 111/targetY 1516
[17:33:47] [SendingModule/sendTargetPos/DEBUG]: package 000B(角色移动意图) send!
[17:33:47] [SendingModule/sendTargetPos/DEBUG]: targetX: 111/targetY: 1516
[17:33:48] [Client/GameBox/updateTarget/INFO]: receive Package 000C(角色目标)
[17:33:48] [Client/GameBox/updateTarget/INFO]: targetX: 213/targetY 1537
[17:33:48] [SendingModule/sendTargetPos/DEBUG]: package 000B(角色移动意图) send!
[17:33:48] [SendingModule/sendTargetPos/DEBUG]: targetX: 213/targetY: 1537
[17:33:48] [Client/GameBox/updateTarget/INFO]: receive Package 000C(角色目标)
[17:33:48] [Client/GameBox/updateTarget/INFO]: targetX: 248/targetY 1544
[17:33:48] [SendingModule/sendTargetPos/DEBUG]: package 000B(角色移动意图) send!
[17:33:48] [SendingModule/sendTargetPos/DEBUG]: targetX: 248/targetY: 1544
[17:33:48] [Client/GameBox/updateTarget/INFO]: receive Package 000C(角色目标)
[17:33:48] [Client/GameBox/updateTarget/INFO]: targetX: 284/targetY 1552
[17:33:48] [SendingModule/sendTargetPos/DEBUG]: package 000B(角色移动意图) send!
[17:33:48] [SendingModule/sendTargetPos/DEBUG]: targetX: 284/targetY: 1552
[17:33:49] [Client/GameBox/updateTarget/INFO]: receive Package 000C(角色目标)
[17:33:49] [Client/GameBox/updateTarget/INFO]: targetX: 483/targetY 1807
[17:33:49] [SendingModule/sendTargetPos/DEBUG]: package 000B(角色移动意图) send!
[17:33:49] [SendingModule/sendTargetPos/DEBUG]: targetX: 483/targetY: 1807
[17:33:50] [Client/GameBox/updateTarget/INFO]: receive Package 000C(角色目标)
[17:33:50] [Client/GameBox/updateTarget/INFO]: targetX: 766/targetY 1952
[17:33:50] [SendingModule/sendTargetPos/DEBUG]: package 000B(角色移动意图) send!
[17:33:50] [SendingModule/sendTargetPos/DEBUG]: targetX: 766/targetY: 1952
[17:33:51] [Client/GameBox/updateTarget/INFO]: receive Package 000C(角色目标)
[17:33:51] [Client/GameBox/updateTarget/INFO]: targetX: 992/targetY 1965
[17:33:51] [SendingModule/sendTargetPos/DEBUG]: package 000B(角色移动意图) send!
[17:33:51] [SendingModule/sendTargetPos/DEBUG]: targetX: 992/targetY: 1965
[17:33:52] [Client/GameBox/updateTarget/INFO]: receive Package 000C(角色目标)
[17:33:52] [Client/GameBox/updateTarget/INFO]: targetX: 1287/targetY 1768
[17:33:52] [SendingModule/sendTargetPos/DEBUG]: package 000B(角色移动意图) send!
[17:33:52] [SendingModule/sendTargetPos/DEBUG]: targetX: 1287/targetY: 1768
[17:33:52] [Client/GameBox/updateTarget/INFO]: receive Package 000C(角色目标)
[17:33:52] [Client/GameBox/updateTarget/INFO]: targetX: 1427/targetY 1765
[17:33:52] [SendingModule/sendTargetPos/DEBUG]: package 000B(角色移动意图) send!
[17:33:52] [SendingModule/sendTargetPos/DEBUG]: targetX: 1427/targetY: 1765
[17:33:54] [Client/GameBox/updateTarget/INFO]: receive Package 000C(角色目标)
[17:33:54] [Client/GameBox/updateTarget/INFO]: targetX: 1637/targetY 1817
[17:33:54] [SendingModule/sendTargetPos/DEBUG]: package 000B(角色移动意图) send!
[17:33:54] [SendingModule/sendTargetPos/DEBUG]: targetX: 1637/targetY: 1817
[17:33:55] [Client/GameBox/updateTarget/INFO]: receive Package 000C(角色目标)
[17:33:55] [Client/GameBox/updateTarget/INFO]: targetX: 1876/targetY 1831
[17:33:55] [SendingModule/sendTargetPos/DEBUG]: package 000B(角色移动意图) send!
[17:33:55] [SendingModule/sendTargetPos/DEBUG]: targetX: 1876/targetY: 1831
[17:33:56] [Client/GameBox/updateTarget/INFO]: receive Package 000C(角色目标)
[17:33:56] [Client/GameBox/updateTarget/INFO]: targetX: 1985/targetY 1848
[17:33:56] [SendingModule/sendTargetPos/DEBUG]: package 000B(角色移动意图) send!
[17:33:56] [SendingModule/sendTargetPos/DEBUG]: targetX: 1985/targetY: 1848
[17:33:57] [Client/GameBox/updateTarget/INFO]: receive Package 000C(角色目标)
[17:33:57] [Client/GameBox/updateTarget/INFO]: targetX: 2341/targetY 1796
[17:33:57] [SendingModule/sendTargetPos/DEBUG]: package 000B(角色移动意图) send!
[17:33:57] [SendingModule/sendTargetPos/DEBUG]: targetX: 2341/targetY: 1796
[17:33:58] [Client/GameBox/updateTarget/INFO]: receive Package 000C(角色目标)
[17:33:58] [Client/GameBox/updateTarget/INFO]: targetX: 2509/targetY 1791
[17:33:58] [SendingModule/sendTargetPos/DEBUG]: package 000B(角色移动意图) send!
[17:33:58] [SendingModule/sendTargetPos/DEBUG]: targetX: 2509/targetY: 1791
[17:33:59] [Client/GameBox/updateTarget/INFO]: receive Package 000C(角色目标)
[17:33:59] [Client/GameBox/updateTarget/INFO]: targetX: 2708/targetY 2107
[17:33:59] [SendingModule/sendTargetPos/DEBUG]: package 000B(角色移动意图) send!
[17:33:59] [SendingModule/sendTargetPos/DEBUG]: targetX: 2708/targetY: 2107
[17:34:00] [Client/GameBox/updateTarget/INFO]: receive Package 000C(角色目标)
[17:34:00] [Client/GameBox/updateTarget/INFO]: targetX: 2788/targetY 2144
[17:34:00] [SendingModule/sendTargetPos/DEBUG]: package 000B(角色移动意图) send!
[17:34:00] [SendingModule/sendTargetPos/DEBUG]: targetX: 2788/targetY: 2144
[17:34:00] [Client/GameBox/updateTarget/INFO]: receive Package 000C(角色目标)
[17:34:00] [Client/GameBox/updateTarget/INFO]: targetX: 2814/targetY 2155
[17:34:00] [SendingModule/sendTargetPos/DEBUG]: package 000B(角色移动意图) send!
[17:34:00] [SendingModule/sendTargetPos/DEBUG]: targetX: 2814/targetY: 2155
[17:34:00] [Client/GameBox/updateTarget/INFO]: receive Package 000C(角色目标)
[17:34:00] [Client/GameBox/updateTarget/INFO]: targetX: 2835/targetY 2165
[17:34:00] [SendingModule/sendTargetPos/DEBUG]: package 000B(角色移动意图) send!
[17:34:00] [SendingModule/sendTargetPos/DEBUG]: targetX: 2835/targetY: 2165
[17:34:00] [Client/GameBox/updateTarget/INFO]: receive Package 000C(角色目标)
[17:34:00] [Client/GameBox/updateTarget/INFO]: targetX: 2872/targetY 2182
[17:34:00] [SendingModule/sendTargetPos/DEBUG]: package 000B(角色移动意图) send!
[17:34:00] [SendingModule/sendTargetPos/DEBUG]: targetX: 2872/targetY: 2182
[17:34:00] [Client/GameBox/updateTarget/INFO]: receive Package 000C(角色目标)
[17:34:00] [Client/GameBox/updateTarget/INFO]: targetX: 2890/targetY 2190
[17:34:00] [SendingModule/sendTargetPos/DEBUG]: package 000B(角色移动意图) send!
[17:34:00] [SendingModule/sendTargetPos/DEBUG]: targetX: 2890/targetY: 2190
[17:34:00] [Client/GameBox/updateTarget/INFO]: receive Package 000C(角色目标)
[17:34:00] [Client/GameBox/updateTarget/INFO]: targetX: 2912/targetY 2200
[17:34:00] [SendingModule/sendTargetPos/DEBUG]: package 000B(角色移动意图) send!
[17:34:00] [SendingModule/sendTargetPos/DEBUG]: targetX: 2912/targetY: 2200
[17:34:00] [Client/GameBox/updateTarget/INFO]: receive Package 000C(角色目标)
[17:34:00] [Client/GameBox/updateTarget/INFO]: targetX: 2934/targetY 2210
[17:34:00] [SendingModule/sendTargetPos/DEBUG]: package 000B(角色移动意图) send!
[17:34:00] [SendingModule/sendTargetPos/DEBUG]: targetX: 2934/targetY: 2210
[17:34:00] [Client/GameBox/updateTarget/INFO]: receive Package 000C(角色目标)
[17:34:00] [Client/GameBox/updateTarget/INFO]: targetX: 2948/targetY 2217
[17:34:00] [SendingModule/sendTargetPos/DEBUG]: package 000B(角色移动意图) send!
[17:34:00] [SendingModule/sendTargetPos/DEBUG]: targetX: 2948/targetY: 2217
[17:34:01] [Client/GameBox/updateTarget/INFO]: receive Package 000C(角色目标)
[17:34:01] [Client/GameBox/updateTarget/INFO]: targetX: 2970/targetY 2227
[17:34:01] [SendingModule/sendTargetPos/DEBUG]: package 000B(角色移动意图) send!
[17:34:01] [SendingModule/sendTargetPos/DEBUG]: targetX: 2970/targetY: 2227
[17:34:01] [Client/GameBox/updateTarget/INFO]: receive Package 000C(角色目标)
[17:34:01] [Client/GameBox/updateTarget/INFO]: targetX: 2988/targetY 2235
[17:34:01] [SendingModule/sendTargetPos/DEBUG]: package 000B(角色移动意图) send!
[17:34:01] [SendingModule/sendTargetPos/DEBUG]: targetX: 2988/targetY: 2235
[17:34:01] [Client/GameBox/updateTarget/INFO]: receive Package 000C(角色目标)
[17:34:01] [Client/GameBox/updateTarget/INFO]: targetX: 3010/targetY 2245
[17:34:01] [SendingModule/sendTargetPos/DEBUG]: package 000B(角色移动意图) send!
[17:34:01] [SendingModule/sendTargetPos/DEBUG]: targetX: 3010/targetY: 2245
[17:34:01] [Client/GameBox/updateTarget/INFO]: receive Package 000C(角色目标)
[17:34:01] [Client/GameBox/updateTarget/INFO]: targetX: 3028/targetY 2253
[17:34:01] [SendingModule/sendTargetPos/DEBUG]: package 000B(角色移动意图) send!
[17:34:01] [SendingModule/sendTargetPos/DEBUG]: targetX: 3028/targetY: 2253
[17:34:01] [Client/GameBox/updateTarget/INFO]: receive Package 000C(角色目标)
[17:34:01] [Client/GameBox/updateTarget/INFO]: targetX: 3047/targetY 2261
[17:34:01] [SendingModule/sendTargetPos/DEBUG]: package 000B(角色移动意图) send!
[17:34:01] [SendingModule/sendTargetPos/DEBUG]: targetX: 3047/targetY: 2261
[17:34:01] [Client/GameBox/updateTarget/INFO]: receive Package 000C(角色目标)
[17:34:01] [Client/GameBox/updateTarget/INFO]: targetX: 3065/targetY 2270
[17:34:01] [SendingModule/sendTargetPos/DEBUG]: package 000B(角色移动意图) send!
[17:34:01] [SendingModule/sendTargetPos/DEBUG]: targetX: 3065/targetY: 2270
[17:34:01] [Client/GameBox/updateTarget/INFO]: receive Package 000C(角色目标)
[17:34:01] [Client/GameBox/updateTarget/INFO]: targetX: 3087/targetY 2280
[17:34:01] [SendingModule/sendTargetPos/DEBUG]: package 000B(角色移动意图) send!
[17:34:01] [SendingModule/sendTargetPos/DEBUG]: targetX: 3087/targetY: 2280
[17:34:01] [Client/GameBox/updateTarget/INFO]: receive Package 000C(角色目标)
[17:34:01] [Client/GameBox/updateTarget/INFO]: targetX: 3108/targetY 2290
[17:34:01] [SendingModule/sendTargetPos/DEBUG]: package 000B(角色移动意图) send!
[17:34:01] [SendingModule/sendTargetPos/DEBUG]: targetX: 3108/targetY: 2290
[17:34:01] [Client/GameBox/updateTarget/INFO]: receive Package 000C(角色目标)
[17:34:01] [Client/GameBox/updateTarget/INFO]: targetX: 3130/targetY 2300
[17:34:01] [SendingModule/sendTargetPos/DEBUG]: package 000B(角色移动意图) send!
[17:34:01] [SendingModule/sendTargetPos/DEBUG]: targetX: 3130/targetY: 2300
[17:34:02] [Client/GameBox/updateTarget/INFO]: receive Package 000C(角色目标)
[17:34:02] [Client/GameBox/updateTarget/INFO]: targetX: 3159/targetY 2313
[17:34:02] [SendingModule/sendTargetPos/DEBUG]: package 000B(角色移动意图) send!
[17:34:02] [SendingModule/sendTargetPos/DEBUG]: targetX: 3159/targetY: 2313
[17:34:02] [Client/GameBox/updateTarget/INFO]: receive Package 000C(角色目标)
[17:34:02] [Client/GameBox/updateTarget/INFO]: targetX: 3192/targetY 2328
[17:34:02] [SendingModule/sendTargetPos/DEBUG]: package 000B(角色移动意图) send!
[17:34:02] [SendingModule/sendTargetPos/DEBUG]: targetX: 3192/targetY: 2328
[17:34:02] [Client/GameBox/updateTarget/INFO]: receive Package 000C(角色目标)
[17:34:02] [Client/GameBox/updateTarget/INFO]: targetX: 3218/targetY 2339
[17:34:02] [SendingModule/sendTargetPos/DEBUG]: package 000B(角色移动意图) send!
[17:34:02] [SendingModule/sendTargetPos/DEBUG]: targetX: 3218/targetY: 2339
[17:34:03] [Client/GameBox/updateTarget/INFO]: receive Package 000C(角色目标)
[17:34:03] [Client/GameBox/updateTarget/INFO]: targetX: 3313/targetY 2540
[17:34:03] [SendingModule/sendTargetPos/DEBUG]: package 000B(角色移动意图) send!
[17:34:03] [SendingModule/sendTargetPos/DEBUG]: targetX: 3313/targetY: 2540
[17:34:04] [Client/GameBox/updateTarget/INFO]: receive Package 000C(角色目标)
[17:34:04] [Client/GameBox/updateTarget/INFO]: targetX: 3348/targetY 2669
[17:34:04] [SendingModule/sendTargetPos/DEBUG]: package 000B(角色移动意图) send!
[17:34:04] [SendingModule/sendTargetPos/DEBUG]: targetX: 3348/targetY: 2669
[17:34:05] [Client/GameBox/updateTarget/INFO]: receive Package 000C(角色目标)
[17:34:05] [Client/GameBox/updateTarget/INFO]: targetX: 3497/targetY 2813
[17:34:05] [SendingModule/sendTargetPos/DEBUG]: package 000B(角色移动意图) send!
[17:34:05] [SendingModule/sendTargetPos/DEBUG]: targetX: 3497/targetY: 2813
[17:34:08] [Client/GameBox/updateTarget/INFO]: receive Package 000C(角色目标)
[17:34:08] [Client/GameBox/updateTarget/INFO]: targetX: 3107/targetY 2546
[17:34:08] [SendingModule/sendTargetPos/DEBUG]: package 000B(角色移动意图) send!
[17:34:08] [SendingModule/sendTargetPos/DEBUG]: targetX: 3107/targetY: 2546
[17:35:16] [ClientServer/ClientMain/KERNEL]: 7.游戏结束，退出主程序
[17:35:16] [SendingModule/sendLogout/INFO]: logout send!
