[15:20:38] [ClientServer/ClientMain/init/DEBUG]: address: 192.168.1.104:8438
[15:20:38] [ClientServer/ClientMain/init/DEBUG]: 图片加载成功
[15:20:38] [ClientServer/ClientMain/init/DEBUG]: GIF动画加载成功
[15:20:38] [ClientServer/ClientMain/init/DEBUG]: 物品预加载成功
[15:20:38] [ClientServer/ClientMain/init/DEBUG]: init over
[15:20:38] [ClientServer/ClientMain/KERNEL]: 0.开始建立网络连接…………
[15:20:38] [ClientServer/ClientMain/setUpConnection/DEBUG]: setUpConnection over
[15:20:38] [ClientServer/ClientMain/KERNEL]: 1.网络连接成功!
[15:20:38] [AioModule/Read/Completed/DEBUG]: Received 18 bytes from session/192.168.1.104:8438
[15:20:38] [ClientServer/ClientMain/KERNEL]: 2.发送0000包，确认对方是否为服务器Gate端
[15:20:38] [AioModule/Read/Completed/DEBUG]: Received contents(18bytes): ff ff 00 00 00 12 00 14 00 00 01 4d f0 f1 ff ac 0e 51 
[15:20:38] [ClientServer/ClientDecoder/INFO]: Receive a package 0014(PING)
[15:20:38] [SendingModule/send00Package/INFO]: send00Package over
[15:20:38] [SendingModule/PINGResponse/DEBUG]: package 0015(PING回应包) send!
[15:20:38] [AioModule/Write/Completed/DEBUG]: Sent 14 bytes to session/192.168.1.104:8438
[15:20:38] [AioModule/Write/Completed/DEBUG]: Sent contents(14bytes): ff ff 00 00 00 0e 00 00 00 00 30 39 20 db 
[15:20:38] [AioModule/Write/Completed/DEBUG]: Sent 18 bytes to session/192.168.1.104:8438
[15:20:38] [AioModule/Write/Completed/DEBUG]: Sent contents(18bytes): ff ff 00 00 00 12 00 15 00 00 01 4d f0 f1 ff ac 06 dd 
[15:20:38] [AioModule/Read/Completed/DEBUG]: Received 11 bytes from session/192.168.1.104:8438
[15:20:38] [AioModule/Read/Completed/DEBUG]: Received contents(11bytes): ff ff 00 00 00 0b 00 01 01 2a 46 
[15:20:38] [ClientServer/ClientDecoder/INFO]: Receive a package 0001(回应连接请求)
[15:20:38] [ClientServer/ClientDecoder/INFO]: package 0001: 1
[15:20:38] [ClientSever/LoginBox/serverState/INFO]: Receive a package 0001(回应连接请求)
[15:20:38] [ClientSever/LoginBox/serverState/INFO]: package 0001: 1
[15:20:38] [AioModule/Read/Completed/DEBUG]: Received 18 bytes from session/192.168.1.104:8438
[15:20:38] [AioModule/Read/Completed/DEBUG]: Received contents(18bytes): ff ff 00 00 00 12 00 16 00 00 01 4d f0 f2 01 23 00 f0 
[15:20:38] [ClientServer/ClientDecoder/INFO]: Receive a package 0016(时间同步)
[15:20:38] [ClientServer/ClientMain/KERNEL]: 3.收到0001包，确认对方为服务器Gate端
[15:20:38] [ClientServer/ClientMain/KERNEL]: 4.初始化loginBox登陆界面
[15:20:48] [SendingModule/sendRegister/INFO]: package 0004(注册信息) send!
[15:20:48] [AioModule/Write/Completed/DEBUG]: Sent 48 bytes to session/192.168.1.104:8438
[15:20:48] [AioModule/Write/Completed/DEBUG]: Sent contents(48bytes): ff ff 00 00 00 30 00 04 31 32 33 34 00 38 31 44 43 39 42 44 42 35 32 44 30 34 44 43 32 30 30 33 36 44 42 44 38 33 31 33 45 44 30 35 35 00 94 74 
[15:20:48] [AioModule/Read/Completed/DEBUG]: Received 14 bytes from session/192.168.1.104:8438
[15:20:48] [AioModule/Read/Completed/DEBUG]: Received contents(14bytes): ff ff 00 00 00 0e 00 05 00 00 00 01 43 96 
[15:20:48] [ClientServer/ClientDecoder/INFO]: Receive a package 0005(注册结果)
[15:20:48] [ClientServer/ClientDecoder/INFO]: package 0005: true
[15:20:48] [ClientServer/LoginBox/onRegistResponse/INFO]: Receive a package 0005(注册结果)
[15:20:48] [ClientServer/LoginBox/onRegistResponse/INFO]: package 0005: true
[15:20:54] [SendingModule/sendLogin/INFO]: package 0002(登陆信息) send!
[15:20:54] [AioModule/Write/Completed/DEBUG]: Sent 48 bytes to session/192.168.1.104:8438
[15:20:54] [AioModule/Write/Completed/DEBUG]: Sent contents(48bytes): ff ff 00 00 00 30 00 02 31 32 33 34 00 38 31 44 43 39 42 44 42 35 32 44 30 34 44 43 32 30 30 33 36 44 42 44 38 33 31 33 45 44 30 35 35 00 79 71 
[15:20:54] [AioModule/Read/Completed/DEBUG]: Received 11 bytes from session/192.168.1.104:8438
[15:20:54] [AioModule/Read/Completed/DEBUG]: Received contents(11bytes): ff ff 00 00 00 0b 00 03 01 2a 58 
[15:20:54] [ClientServer/ClientDecoder/INFO]: Receive a package 0003(登陆反馈)
[15:20:54] [ClientServer/ClientDecoder/INFO]: package 0003: true
[15:20:54] [ClientServer/LoginBox/onLoginResponse/INFO]: Receive a package 0003(登陆反馈)
[15:20:54] [ClientServer/LoginBox/onLoginResponse/INFO]: package 0003: true
[15:20:54] [AioModule/Read/Completed/DEBUG]: Received 10 bytes from session/192.168.1.104:8438
[15:20:54] [AioModule/Read/Completed/DEBUG]: Received contents(10bytes): ff ff 00 00 00 0a 00 06 45 71 
[15:20:54] [ClientServer/ClientDecoder/INFO]: Receive a package 0006(角色预加载――空包)
[15:20:54] [ClientServer/LoginBox/noMorePackage/INFO]: Receive a package 0006(角色预加载: 这是最后一个空包
[15:21:01] [SendingModule/sendCreateCharacter/INFO]: package 0008(创建角色) send!
[15:21:01] [AioModule/Write/Completed/DEBUG]: Sent 24 bytes to session/192.168.1.104:8438
[15:21:01] [AioModule/Write/Completed/DEBUG]: Sent contents(24bytes): ff ff 00 00 00 18 00 08 31 32 33 34 00 31 32 33 00 01 00 00 00 0b 89 95 
[15:21:02] [AioModule/Read/Completed/DEBUG]: Received 11 bytes from session/192.168.1.104:8438
[15:21:02] [AioModule/Read/Completed/DEBUG]: Received contents(11bytes): ff ff 00 00 00 0b 00 09 01 2a 8e 
[15:21:02] [ClientServer/ClientDecoder/INFO]: Receive a package 0009(角色创建结果)
[15:21:02] [ClientServer/ClientDecoder/INFO]: package 0009: true
[15:21:02] [ClientServer/LoginBox/onCreatResponse/INFO]: Receive a package 0009(角色创建结果)
[15:21:03] [AioModule/Read/Completed/DEBUG]: Received 31 bytes from session/192.168.1.104:8438
[15:21:03] [AioModule/Read/Completed/DEBUG]: Received contents(31bytes): ff ff 00 00 00 1f 00 06 00 00 00 00 00 00 00 00 00 00 00 00 00 00 00 00 00 00 00 00 00 63 ca 
[15:21:03] [ClientServer/ClientDecoder/INFO]: Receive a package 0006(角色预加载)
[15:21:03] [ClientServer/ClientDecoder/INFO]: package 0006: /id: 0/name: /level: 0/gender: 0
[15:21:03] [ClientSever/LoginBox/addCharacter/INFO]: Receive a package 0006(角色预加载)
[15:22:39] [SendingModule/sendCharacter/INFO]: package 0007(角色选择) send!
[15:22:39] [AioModule/Write/Completed/DEBUG]: Sent 14 bytes to session/192.168.1.104:8438
[15:22:39] [AioModule/Write/Completed/DEBUG]: Sent contents(14bytes): ff ff 00 00 00 0e 00 07 00 00 00 00 a0 65 
[15:22:39] [ClientServer/ClientMain/KERNEL]: 5.登陆结束
[15:22:39] [ClientServer/ClientMain/KERNEL]: 6.开始游戏，启动gameBox
[15:23:00] [ClientServer/GameBox/startGame/KERNEL]: 接收角色详细信息(000A)超时!(未接收到主角信息)
[15:23:00] [ClientServer/GameBox/startGame/KERNEL]: 接收角色详细信息(000A)超时!(未接收到主角信息)
[15:23:00] [ClientServer/GameBox/startGame/KERNEL]: 接收角色详细信息(000A)超时!(未接收到主角信息)
[15:23:00] [ClientServer/GameBox/startGame/KERNEL]: 接收角色详细信息(000A)超时!(未接收到主角信息)
[15:23:01] [ClientServer/GameBox/startGame/KERNEL]: 接收角色详细信息(000A)超时!(未接收到主角信息)
[15:23:01] [ClientServer/GameBox/startGame/KERNEL]: 接收角色详细信息(000A)超时!(未接收到主角信息)
[15:23:01] [ClientServer/GameBox/startGame/KERNEL]: 接收角色详细信息(000A)超时!(未接收到主角信息)
[15:23:01] [ClientServer/GameBox/startGame/KERNEL]: 接收角色详细信息(000A)超时!(未接收到主角信息)
[15:23:01] [ClientServer/GameBox/startGame/KERNEL]: 接收角色详细信息(000A)超时!(未接收到主角信息)
[15:23:02] [ClientServer/GameBox/startGame/KERNEL]: 接收角色详细信息(000A)超时!(未接收到主角信息)
[15:23:02] [ClientServer/GameBox/startGame/KERNEL]: 接收角色详细信息(000A)超时!(未接收到主角信息)
[15:23:02] [ClientServer/GameBox/startGame/KERNEL]: 接收角色详细信息(000A)超时!(未接收到主角信息)
[15:23:02] [ClientServer/GameBox/startGame/KERNEL]: 接收角色详细信息(000A)超时!(未接收到主角信息)
[15:23:02] [ClientServer/GameBox/startGame/KERNEL]: 接收角色详细信息(000A)超时!(未接收到主角信息)
[15:23:03] [ClientServer/GameBox/startGame/KERNEL]: 接收角色详细信息(000A)超时!(未接收到主角信息)
[15:23:03] [ClientServer/GameBox/startGame/KERNEL]: 接收角色详细信息(000A)超时!(未接收到主角信息)
[15:23:03] [ClientServer/GameBox/startGame/KERNEL]: 接收角色详细信息(000A)超时!(未接收到主角信息)
[15:23:03] [ClientServer/GameBox/startGame/KERNEL]: 接收角色详细信息(000A)超时!(未接收到主角信息)
[15:23:03] [ClientServer/GameBox/startGame/KERNEL]: 接收角色详细信息(000A)超时!(未接收到主角信息)
[15:23:04] [ClientServer/GameBox/startGame/KERNEL]: 接收角色详细信息(000A)超时!(未接收到主角信息)
[15:23:04] [ClientServer/GameBox/startGame/KERNEL]: 接收角色详细信息(000A)超时!(未接收到主角信息)
[15:23:04] [ClientServer/GameBox/startGame/KERNEL]: 接收角色详细信息(000A)超时!(未接收到主角信息)
[15:23:04] [ClientServer/GameBox/startGame/KERNEL]: 接收角色详细信息(000A)超时!(未接收到主角信息)
[15:23:04] [ClientServer/GameBox/startGame/KERNEL]: 接收角色详细信息(000A)超时!(未接收到主角信息)
[15:23:05] [ClientServer/GameBox/startGame/KERNEL]: 接收角色详细信息(000A)超时!(未接收到主角信息)
[15:23:05] [ClientServer/GameBox/startGame/KERNEL]: 接收角色详细信息(000A)超时!(未接收到主角信息)
[15:23:05] [ClientServer/GameBox/startGame/KERNEL]: 接收角色详细信息(000A)超时!(未接收到主角信息)
[15:23:05] [ClientServer/GameBox/startGame/KERNEL]: 接收角色详细信息(000A)超时!(未接收到主角信息)
[15:23:05] [ClientServer/GameBox/startGame/KERNEL]: 接收角色详细信息(000A)超时!(未接收到主角信息)
[15:23:06] [ClientServer/GameBox/startGame/KERNEL]: 接收角色详细信息(000A)超时!(未接收到主角信息)
[15:23:06] [ClientServer/GameBox/startGame/KERNEL]: 接收角色详细信息(000A)超时!(未接收到主角信息)
[15:23:06] [ClientServer/GameBox/startGame/KERNEL]: 接收角色详细信息(000A)超时!(未接收到主角信息)
[15:23:06] [ClientServer/GameBox/startGame/KERNEL]: 接收角色详细信息(000A)超时!(未接收到主角信息)
[15:23:06] [ClientServer/GameBox/startGame/KERNEL]: 接收角色详细信息(000A)超时!(未接收到主角信息)
[15:23:07] [ClientServer/GameBox/startGame/KERNEL]: 接收角色详细信息(000A)超时!(未接收到主角信息)
[15:23:07] [ClientServer/GameBox/startGame/KERNEL]: 接收角色详细信息(000A)超时!(未接收到主角信息)
[15:23:07] [ClientServer/GameBox/startGame/KERNEL]: 接收角色详细信息(000A)超时!(未接收到主角信息)
[15:23:07] [ClientServer/GameBox/startGame/KERNEL]: 接收角色详细信息(000A)超时!(未接收到主角信息)
[15:23:07] [ClientServer/GameBox/startGame/KERNEL]: 接收角色详细信息(000A)超时!(未接收到主角信息)
[15:23:08] [ClientServer/GameBox/startGame/KERNEL]: 接收角色详细信息(000A)超时!(未接收到主角信息)
[15:23:08] [ClientServer/GameBox/startGame/KERNEL]: 接收角色详细信息(000A)超时!(未接收到主角信息)
[15:23:08] [ClientServer/GameBox/startGame/KERNEL]: 接收角色详细信息(000A)超时!(未接收到主角信息)
[15:23:08] [ClientServer/GameBox/startGame/KERNEL]: 接收角色详细信息(000A)超时!(未接收到主角信息)
[15:23:08] [ClientServer/GameBox/startGame/KERNEL]: 接收角色详细信息(000A)超时!(未接收到主角信息)
[15:23:09] [ClientServer/GameBox/startGame/KERNEL]: 接收角色详细信息(000A)超时!(未接收到主角信息)
[15:23:09] [ClientServer/GameBox/startGame/KERNEL]: 接收角色详细信息(000A)超时!(未接收到主角信息)
[15:23:09] [ClientServer/GameBox/startGame/KERNEL]: 接收角色详细信息(000A)超时!(未接收到主角信息)
[15:23:09] [ClientServer/GameBox/startGame/KERNEL]: 接收角色详细信息(000A)超时!(未接收到主角信息)
[15:23:09] [ClientServer/GameBox/startGame/KERNEL]: 接收角色详细信息(000A)超时!(未接收到主角信息)
[15:23:10] [ClientServer/GameBox/startGame/KERNEL]: 接收角色详细信息(000A)超时!(未接收到主角信息)
[15:23:10] [ClientServer/GameBox/startGame/KERNEL]: 接收角色详细信息(000A)超时!(未接收到主角信息)
[15:23:10] [ClientServer/GameBox/startGame/KERNEL]: 接收角色详细信息(000A)超时!(未接收到主角信息)
[15:23:10] [ClientServer/GameBox/startGame/KERNEL]: 接收角色详细信息(000A)超时!(未接收到主角信息)
[15:23:10] [ClientServer/GameBox/startGame/KERNEL]: 接收角色详细信息(000A)超时!(未接收到主角信息)
[15:23:11] [ClientServer/GameBox/startGame/KERNEL]: 接收角色详细信息(000A)超时!(未接收到主角信息)
[15:23:11] [ClientServer/GameBox/startGame/KERNEL]: 接收角色详细信息(000A)超时!(未接收到主角信息)
[15:23:11] [ClientServer/GameBox/startGame/KERNEL]: 接收角色详细信息(000A)超时!(未接收到主角信息)
[15:23:11] [ClientServer/GameBox/startGame/KERNEL]: 接收角色详细信息(000A)超时!(未接收到主角信息)
[15:23:11] [ClientServer/GameBox/startGame/KERNEL]: 接收角色详细信息(000A)超时!(未接收到主角信息)
[15:23:12] [ClientServer/GameBox/startGame/KERNEL]: 接收角色详细信息(000A)超时!(未接收到主角信息)
[15:23:12] [ClientServer/GameBox/startGame/KERNEL]: 接收角色详细信息(000A)超时!(未接收到主角信息)
[15:23:12] [ClientServer/GameBox/startGame/KERNEL]: 接收角色详细信息(000A)超时!(未接收到主角信息)
[15:23:12] [ClientServer/GameBox/startGame/KERNEL]: 接收角色详细信息(000A)超时!(未接收到主角信息)
[15:23:12] [ClientServer/GameBox/startGame/KERNEL]: 接收角色详细信息(000A)超时!(未接收到主角信息)
[15:23:13] [ClientServer/GameBox/startGame/KERNEL]: 接收角色详细信息(000A)超时!(未接收到主角信息)
[15:23:13] [ClientServer/GameBox/startGame/KERNEL]: 接收角色详细信息(000A)超时!(未接收到主角信息)
[15:23:13] [ClientServer/GameBox/startGame/KERNEL]: 接收角色详细信息(000A)超时!(未接收到主角信息)
[15:23:13] [ClientServer/GameBox/startGame/KERNEL]: 接收角色详细信息(000A)超时!(未接收到主角信息)
[15:23:13] [ClientServer/GameBox/startGame/KERNEL]: 接收角色详细信息(000A)超时!(未接收到主角信息)
[15:23:14] [ClientServer/GameBox/startGame/KERNEL]: 接收角色详细信息(000A)超时!(未接收到主角信息)
[15:23:14] [ClientServer/GameBox/startGame/KERNEL]: 接收角色详细信息(000A)超时!(未接收到主角信息)
[15:23:14] [ClientServer/GameBox/startGame/KERNEL]: 接收角色详细信息(000A)超时!(未接收到主角信息)
[15:23:14] [ClientServer/GameBox/startGame/KERNEL]: 接收角色详细信息(000A)超时!(未接收到主角信息)
[15:23:14] [ClientServer/GameBox/startGame/KERNEL]: 接收角色详细信息(000A)超时!(未接收到主角信息)
[15:23:15] [ClientServer/GameBox/startGame/KERNEL]: 接收角色详细信息(000A)超时!(未接收到主角信息)
[15:23:15] [ClientServer/GameBox/startGame/KERNEL]: 接收角色详细信息(000A)超时!(未接收到主角信息)
[15:23:15] [ClientServer/GameBox/startGame/KERNEL]: 接收角色详细信息(000A)超时!(未接收到主角信息)
[15:23:15] [ClientServer/GameBox/startGame/KERNEL]: 接收角色详细信息(000A)超时!(未接收到主角信息)
[15:23:15] [ClientServer/GameBox/startGame/KERNEL]: 接收角色详细信息(000A)超时!(未接收到主角信息)
[15:23:16] [ClientServer/GameBox/startGame/KERNEL]: 接收角色详细信息(000A)超时!(未接收到主角信息)
[15:23:16] [ClientServer/GameBox/startGame/KERNEL]: 接收角色详细信息(000A)超时!(未接收到主角信息)
[15:23:16] [ClientServer/GameBox/startGame/KERNEL]: 接收角色详细信息(000A)超时!(未接收到主角信息)
[15:23:16] [ClientServer/GameBox/startGame/KERNEL]: 接收角色详细信息(000A)超时!(未接收到主角信息)
[15:23:16] [ClientServer/GameBox/startGame/KERNEL]: 接收角色详细信息(000A)超时!(未接收到主角信息)
[15:23:17] [ClientServer/GameBox/startGame/KERNEL]: 接收角色详细信息(000A)超时!(未接收到主角信息)
[15:23:17] [ClientServer/GameBox/startGame/KERNEL]: 接收角色详细信息(000A)超时!(未接收到主角信息)
[15:23:17] [ClientServer/GameBox/startGame/KERNEL]: 接收角色详细信息(000A)超时!(未接收到主角信息)
[15:23:17] [ClientServer/GameBox/startGame/KERNEL]: 接收角色详细信息(000A)超时!(未接收到主角信息)
[15:23:17] [ClientServer/GameBox/startGame/KERNEL]: 接收角色详细信息(000A)超时!(未接收到主角信息)
[15:23:18] [ClientServer/GameBox/startGame/KERNEL]: 接收角色详细信息(000A)超时!(未接收到主角信息)
[15:23:18] [ClientServer/GameBox/startGame/KERNEL]: 接收角色详细信息(000A)超时!(未接收到主角信息)
[15:23:18] [ClientServer/GameBox/startGame/KERNEL]: 接收角色详细信息(000A)超时!(未接收到主角信息)
[15:23:18] [ClientServer/GameBox/startGame/KERNEL]: 接收角色详细信息(000A)超时!(未接收到主角信息)
[15:23:18] [ClientServer/GameBox/startGame/KERNEL]: 接收角色详细信息(000A)超时!(未接收到主角信息)
[15:23:19] [ClientServer/GameBox/startGame/KERNEL]: 接收角色详细信息(000A)超时!(未接收到主角信息)
[15:23:19] [ClientServer/GameBox/startGame/KERNEL]: 接收角色详细信息(000A)超时!(未接收到主角信息)
[15:23:19] [ClientServer/GameBox/startGame/KERNEL]: 接收角色详细信息(000A)超时!(未接收到主角信息)
[15:23:19] [ClientServer/GameBox/startGame/KERNEL]: 接收角色详细信息(000A)超时!(未接收到主角信息)
[15:23:19] [ClientServer/GameBox/startGame/KERNEL]: 接收角色详细信息(000A)超时!(未接收到主角信息)
[15:23:20] [ClientServer/GameBox/startGame/KERNEL]: 接收角色详细信息(000A)超时!(未接收到主角信息)
[15:23:20] [ClientServer/GameBox/startGame/KERNEL]: 接收角色详细信息(000A)超时!(未接收到主角信息)
[15:23:20] [ClientServer/GameBox/startGame/KERNEL]: 接收角色详细信息(000A)超时!(未接收到主角信息)
[15:23:20] [ClientServer/GameBox/startGame/KERNEL]: 接收角色详细信息(000A)超时!(未接收到主角信息)
[15:23:20] [ClientServer/GameBox/startGame/KERNEL]: 接收角色详细信息(000A)超时!(未接收到主角信息)
[15:23:21] [ClientServer/GameBox/startGame/KERNEL]: 接收角色详细信息(000A)超时!(未接收到主角信息)
[15:23:21] [ClientServer/GameBox/startGame/KERNEL]: 接收角色详细信息(000A)超时!(未接收到主角信息)
[15:23:21] [ClientServer/GameBox/startGame/KERNEL]: 接收角色详细信息(000A)超时!(未接收到主角信息)
[15:23:21] [ClientServer/GameBox/startGame/KERNEL]: 接收角色详细信息(000A)超时!(未接收到主角信息)
[15:23:21] [ClientServer/GameBox/startGame/KERNEL]: 接收角色详细信息(000A)超时!(未接收到主角信息)
[15:23:22] [ClientServer/GameBox/startGame/KERNEL]: 接收角色详细信息(000A)超时!(未接收到主角信息)
[15:23:22] [ClientServer/GameBox/startGame/KERNEL]: 接收角色详细信息(000A)超时!(未接收到主角信息)
[15:23:22] [ClientServer/GameBox/startGame/KERNEL]: 接收角色详细信息(000A)超时!(未接收到主角信息)
[15:23:22] [ClientServer/GameBox/startGame/KERNEL]: 接收角色详细信息(000A)超时!(未接收到主角信息)
[15:23:22] [ClientServer/GameBox/startGame/KERNEL]: 接收角色详细信息(000A)超时!(未接收到主角信息)
[15:23:23] [ClientServer/GameBox/startGame/KERNEL]: 接收角色详细信息(000A)超时!(未接收到主角信息)
[15:23:23] [ClientServer/GameBox/startGame/KERNEL]: 接收角色详细信息(000A)超时!(未接收到主角信息)
[15:23:23] [ClientServer/GameBox/startGame/KERNEL]: 接收角色详细信息(000A)超时!(未接收到主角信息)
[15:23:23] [ClientServer/GameBox/startGame/KERNEL]: 接收角色详细信息(000A)超时!(未接收到主角信息)
[15:23:23] [ClientServer/GameBox/startGame/KERNEL]: 接收角色详细信息(000A)超时!(未接收到主角信息)
[15:23:24] [ClientServer/GameBox/startGame/KERNEL]: 接收角色详细信息(000A)超时!(未接收到主角信息)
[15:23:24] [ClientServer/GameBox/startGame/KERNEL]: 接收角色详细信息(000A)超时!(未接收到主角信息)
[15:23:24] [ClientServer/GameBox/startGame/KERNEL]: 接收角色详细信息(000A)超时!(未接收到主角信息)
[15:23:24] [ClientServer/GameBox/startGame/KERNEL]: 接收角色详细信息(000A)超时!(未接收到主角信息)
[15:23:24] [ClientServer/GameBox/startGame/KERNEL]: 接收角色详细信息(000A)超时!(未接收到主角信息)
[15:23:25] [ClientServer/GameBox/startGame/KERNEL]: 接收角色详细信息(000A)超时!(未接收到主角信息)
[15:23:25] [ClientServer/GameBox/startGame/KERNEL]: 接收角色详细信息(000A)超时!(未接收到主角信息)
[15:23:25] [ClientServer/GameBox/startGame/KERNEL]: 接收角色详细信息(000A)超时!(未接收到主角信息)
[15:23:25] [ClientServer/GameBox/startGame/KERNEL]: 接收角色详细信息(000A)超时!(未接收到主角信息)
[15:23:25] [ClientServer/GameBox/startGame/KERNEL]: 接收角色详细信息(000A)超时!(未接收到主角信息)
[15:23:26] [ClientServer/GameBox/startGame/KERNEL]: 接收角色详细信息(000A)超时!(未接收到主角信息)
[15:23:26] [ClientServer/GameBox/startGame/KERNEL]: 接收角色详细信息(000A)超时!(未接收到主角信息)
[15:23:26] [ClientServer/GameBox/startGame/KERNEL]: 接收角色详细信息(000A)超时!(未接收到主角信息)
[15:23:26] [ClientServer/GameBox/startGame/KERNEL]: 接收角色详细信息(000A)超时!(未接收到主角信息)
[15:23:26] [ClientServer/GameBox/startGame/KERNEL]: 接收角色详细信息(000A)超时!(未接收到主角信息)
[15:23:27] [ClientServer/GameBox/startGame/KERNEL]: 接收角色详细信息(000A)超时!(未接收到主角信息)
[15:23:27] [ClientServer/GameBox/startGame/KERNEL]: 接收角色详细信息(000A)超时!(未接收到主角信息)
[15:23:27] [ClientServer/GameBox/startGame/KERNEL]: 接收角色详细信息(000A)超时!(未接收到主角信息)
[15:23:27] [ClientServer/GameBox/startGame/KERNEL]: 接收角色详细信息(000A)超时!(未接收到主角信息)
[15:23:27] [ClientServer/GameBox/startGame/KERNEL]: 接收角色详细信息(000A)超时!(未接收到主角信息)
[15:23:28] [ClientServer/GameBox/startGame/KERNEL]: 接收角色详细信息(000A)超时!(未接收到主角信息)
[15:23:28] [ClientServer/GameBox/startGame/KERNEL]: 接收角色详细信息(000A)超时!(未接收到主角信息)
[15:23:28] [ClientServer/GameBox/startGame/KERNEL]: 接收角色详细信息(000A)超时!(未接收到主角信息)
[15:23:28] [ClientServer/GameBox/startGame/KERNEL]: 接收角色详细信息(000A)超时!(未接收到主角信息)
[15:23:28] [ClientServer/GameBox/startGame/KERNEL]: 接收角色详细信息(000A)超时!(未接收到主角信息)
[15:23:29] [ClientServer/GameBox/startGame/KERNEL]: 接收角色详细信息(000A)超时!(未接收到主角信息)
[15:23:29] [ClientServer/GameBox/startGame/KERNEL]: 接收角色详细信息(000A)超时!(未接收到主角信息)
[15:23:29] [ClientServer/GameBox/startGame/KERNEL]: 接收角色详细信息(000A)超时!(未接收到主角信息)
[15:23:29] [ClientServer/GameBox/startGame/KERNEL]: 接收角色详细信息(000A)超时!(未接收到主角信息)
[15:23:29] [ClientServer/GameBox/startGame/KERNEL]: 接收角色详细信息(000A)超时!(未接收到主角信息)
[15:23:30] [ClientServer/GameBox/startGame/KERNEL]: 接收角色详细信息(000A)超时!(未接收到主角信息)
[15:23:30] [ClientServer/GameBox/startGame/KERNEL]: 接收角色详细信息(000A)超时!(未接收到主角信息)
[15:23:30] [ClientServer/GameBox/startGame/KERNEL]: 接收角色详细信息(000A)超时!(未接收到主角信息)
[15:23:30] [ClientServer/GameBox/startGame/KERNEL]: 接收角色详细信息(000A)超时!(未接收到主角信息)
[15:23:30] [ClientServer/GameBox/startGame/KERNEL]: 接收角色详细信息(000A)超时!(未接收到主角信息)
[15:23:31] [ClientServer/GameBox/startGame/KERNEL]: 接收角色详细信息(000A)超时!(未接收到主角信息)
[15:23:31] [ClientServer/GameBox/startGame/KERNEL]: 接收角色详细信息(000A)超时!(未接收到主角信息)
[15:23:31] [ClientServer/GameBox/startGame/KERNEL]: 接收角色详细信息(000A)超时!(未接收到主角信息)
[15:23:31] [ClientServer/GameBox/startGame/KERNEL]: 接收角色详细信息(000A)超时!(未接收到主角信息)
[15:23:31] [ClientServer/GameBox/startGame/KERNEL]: 接收角色详细信息(000A)超时!(未接收到主角信息)
[15:23:32] [ClientServer/GameBox/startGame/KERNEL]: 接收角色详细信息(000A)超时!(未接收到主角信息)
[15:23:32] [ClientServer/GameBox/startGame/KERNEL]: 接收角色详细信息(000A)超时!(未接收到主角信息)
[15:23:32] [ClientServer/GameBox/startGame/KERNEL]: 接收角色详细信息(000A)超时!(未接收到主角信息)
[15:23:32] [ClientServer/GameBox/startGame/KERNEL]: 接收角色详细信息(000A)超时!(未接收到主角信息)
[15:23:32] [ClientServer/GameBox/startGame/KERNEL]: 接收角色详细信息(000A)超时!(未接收到主角信息)
[15:23:33] [ClientServer/GameBox/startGame/KERNEL]: 接收角色详细信息(000A)超时!(未接收到主角信息)
[15:23:33] [ClientServer/GameBox/startGame/KERNEL]: 接收角色详细信息(000A)超时!(未接收到主角信息)
[15:23:33] [ClientServer/GameBox/startGame/KERNEL]: 接收角色详细信息(000A)超时!(未接收到主角信息)
[15:23:33] [ClientServer/GameBox/startGame/KERNEL]: 接收角色详细信息(000A)超时!(未接收到主角信息)
[15:23:33] [ClientServer/GameBox/startGame/KERNEL]: 接收角色详细信息(000A)超时!(未接收到主角信息)
[15:23:34] [ClientServer/GameBox/startGame/KERNEL]: 接收角色详细信息(000A)超时!(未接收到主角信息)
[15:23:34] [ClientServer/GameBox/startGame/KERNEL]: 接收角色详细信息(000A)超时!(未接收到主角信息)
[15:23:34] [ClientServer/GameBox/startGame/KERNEL]: 接收角色详细信息(000A)超时!(未接收到主角信息)
[15:23:34] [ClientServer/GameBox/startGame/KERNEL]: 接收角色详细信息(000A)超时!(未接收到主角信息)
[15:23:34] [ClientServer/GameBox/startGame/KERNEL]: 接收角色详细信息(000A)超时!(未接收到主角信息)
[15:23:35] [ClientServer/GameBox/startGame/KERNEL]: 接收角色详细信息(000A)超时!(未接收到主角信息)
[15:23:35] [ClientServer/GameBox/startGame/KERNEL]: 接收角色详细信息(000A)超时!(未接收到主角信息)
[15:23:35] [ClientServer/GameBox/startGame/KERNEL]: 接收角色详细信息(000A)超时!(未接收到主角信息)
[15:23:35] [ClientServer/GameBox/startGame/KERNEL]: 接收角色详细信息(000A)超时!(未接收到主角信息)
[15:23:35] [ClientServer/GameBox/startGame/KERNEL]: 接收角色详细信息(000A)超时!(未接收到主角信息)
[15:23:36] [ClientServer/GameBox/startGame/KERNEL]: 接收角色详细信息(000A)超时!(未接收到主角信息)
[15:23:36] [ClientServer/GameBox/startGame/KERNEL]: 接收角色详细信息(000A)超时!(未接收到主角信息)
[15:23:36] [ClientServer/GameBox/startGame/KERNEL]: 接收角色详细信息(000A)超时!(未接收到主角信息)
[15:23:36] [ClientServer/GameBox/startGame/KERNEL]: 接收角色详细信息(000A)超时!(未接收到主角信息)
[15:23:36] [ClientServer/GameBox/startGame/KERNEL]: 接收角色详细信息(000A)超时!(未接收到主角信息)
[15:23:37] [ClientServer/GameBox/startGame/KERNEL]: 接收角色详细信息(000A)超时!(未接收到主角信息)
[15:23:37] [ClientServer/GameBox/startGame/KERNEL]: 接收角色详细信息(000A)超时!(未接收到主角信息)
[15:23:37] [ClientServer/GameBox/startGame/KERNEL]: 接收角色详细信息(000A)超时!(未接收到主角信息)
[15:23:37] [ClientServer/GameBox/startGame/KERNEL]: 接收角色详细信息(000A)超时!(未接收到主角信息)
[15:23:37] [ClientServer/GameBox/startGame/KERNEL]: 接收角色详细信息(000A)超时!(未接收到主角信息)
[15:23:38] [ClientServer/GameBox/startGame/KERNEL]: 接收角色详细信息(000A)超时!(未接收到主角信息)
[15:23:38] [ClientServer/GameBox/startGame/KERNEL]: 接收角色详细信息(000A)超时!(未接收到主角信息)
[15:23:38] [ClientServer/GameBox/startGame/KERNEL]: 接收角色详细信息(000A)超时!(未接收到主角信息)
[15:23:38] [ClientServer/GameBox/startGame/KERNEL]: 接收角色详细信息(000A)超时!(未接收到主角信息)
[15:23:38] [ClientServer/GameBox/startGame/KERNEL]: 接收角色详细信息(000A)超时!(未接收到主角信息)
[15:23:39] [ClientServer/GameBox/startGame/KERNEL]: 接收角色详细信息(000A)超时!(未接收到主角信息)
[15:23:39] [ClientServer/GameBox/startGame/KERNEL]: 接收角色详细信息(000A)超时!(未接收到主角信息)
[15:23:39] [ClientServer/GameBox/startGame/KERNEL]: 接收角色详细信息(000A)超时!(未接收到主角信息)
[15:23:39] [ClientServer/GameBox/startGame/KERNEL]: 接收角色详细信息(000A)超时!(未接收到主角信息)
[15:23:39] [ClientServer/GameBox/startGame/KERNEL]: 接收角色详细信息(000A)超时!(未接收到主角信息)
[15:23:40] [ClientServer/GameBox/startGame/KERNEL]: 接收角色详细信息(000A)超时!(未接收到主角信息)
[15:23:40] [ClientServer/GameBox/startGame/KERNEL]: 接收角色详细信息(000A)超时!(未接收到主角信息)
[15:23:40] [ClientServer/GameBox/startGame/KERNEL]: 接收角色详细信息(000A)超时!(未接收到主角信息)
[15:23:40] [ClientServer/GameBox/startGame/KERNEL]: 接收角色详细信息(000A)超时!(未接收到主角信息)
[15:23:40] [ClientServer/GameBox/startGame/KERNEL]: 接收角色详细信息(000A)超时!(未接收到主角信息)
[15:23:41] [ClientServer/GameBox/startGame/KERNEL]: 接收角色详细信息(000A)超时!(未接收到主角信息)
[15:23:41] [ClientServer/GameBox/startGame/KERNEL]: 接收角色详细信息(000A)超时!(未接收到主角信息)
[15:23:41] [ClientServer/GameBox/startGame/KERNEL]: 接收角色详细信息(000A)超时!(未接收到主角信息)
[15:23:41] [ClientServer/GameBox/startGame/KERNEL]: 接收角色详细信息(000A)超时!(未接收到主角信息)
[15:23:41] [ClientServer/GameBox/startGame/KERNEL]: 接收角色详细信息(000A)超时!(未接收到主角信息)
[15:23:42] [ClientServer/GameBox/startGame/KERNEL]: 接收角色详细信息(000A)超时!(未接收到主角信息)
[15:23:42] [ClientServer/GameBox/startGame/KERNEL]: 接收角色详细信息(000A)超时!(未接收到主角信息)
[15:23:42] [ClientServer/GameBox/startGame/KERNEL]: 接收角色详细信息(000A)超时!(未接收到主角信息)
[15:23:42] [ClientServer/GameBox/startGame/KERNEL]: 接收角色详细信息(000A)超时!(未接收到主角信息)
[15:23:42] [ClientServer/GameBox/startGame/KERNEL]: 接收角色详细信息(000A)超时!(未接收到主角信息)
[15:23:43] [ClientServer/GameBox/startGame/KERNEL]: 接收角色详细信息(000A)超时!(未接收到主角信息)
[15:23:43] [ClientServer/GameBox/startGame/KERNEL]: 接收角色详细信息(000A)超时!(未接收到主角信息)
[15:23:43] [ClientServer/GameBox/startGame/KERNEL]: 接收角色详细信息(000A)超时!(未接收到主角信息)
[15:23:43] [ClientServer/GameBox/startGame/KERNEL]: 接收角色详细信息(000A)超时!(未接收到主角信息)
[15:23:43] [ClientServer/GameBox/startGame/KERNEL]: 接收角色详细信息(000A)超时!(未接收到主角信息)
[15:23:44] [ClientServer/GameBox/startGame/KERNEL]: 接收角色详细信息(000A)超时!(未接收到主角信息)
[15:23:44] [ClientServer/GameBox/startGame/KERNEL]: 接收角色详细信息(000A)超时!(未接收到主角信息)
[15:23:44] [ClientServer/GameBox/startGame/KERNEL]: 接收角色详细信息(000A)超时!(未接收到主角信息)
[15:23:44] [ClientServer/GameBox/startGame/KERNEL]: 接收角色详细信息(000A)超时!(未接收到主角信息)
[15:23:44] [ClientServer/GameBox/startGame/KERNEL]: 接收角色详细信息(000A)超时!(未接收到主角信息)
[15:23:45] [ClientServer/GameBox/startGame/KERNEL]: 接收角色详细信息(000A)超时!(未接收到主角信息)
[15:23:45] [ClientServer/GameBox/startGame/KERNEL]: 接收角色详细信息(000A)超时!(未接收到主角信息)
[15:23:45] [ClientServer/GameBox/startGame/KERNEL]: 接收角色详细信息(000A)超时!(未接收到主角信息)
[15:23:45] [ClientServer/GameBox/startGame/KERNEL]: 接收角色详细信息(000A)超时!(未接收到主角信息)
[15:23:45] [ClientServer/GameBox/startGame/KERNEL]: 接收角色详细信息(000A)超时!(未接收到主角信息)
[15:23:46] [ClientServer/GameBox/startGame/KERNEL]: 接收角色详细信息(000A)超时!(未接收到主角信息)
[15:23:46] [ClientServer/GameBox/startGame/KERNEL]: 接收角色详细信息(000A)超时!(未接收到主角信息)
[15:23:46] [ClientServer/GameBox/startGame/KERNEL]: 接收角色详细信息(000A)超时!(未接收到主角信息)
[15:23:46] [ClientServer/GameBox/startGame/KERNEL]: 接收角色详细信息(000A)超时!(未接收到主角信息)
[15:23:46] [ClientServer/GameBox/startGame/KERNEL]: 接收角色详细信息(000A)超时!(未接收到主角信息)
[15:23:47] [ClientServer/GameBox/startGame/KERNEL]: 接收角色详细信息(000A)超时!(未接收到主角信息)
[15:23:47] [ClientServer/GameBox/startGame/KERNEL]: 接收角色详细信息(000A)超时!(未接收到主角信息)
[15:23:47] [ClientServer/GameBox/startGame/KERNEL]: 接收角色详细信息(000A)超时!(未接收到主角信息)
[15:23:47] [ClientServer/GameBox/startGame/KERNEL]: 接收角色详细信息(000A)超时!(未接收到主角信息)
[15:23:47] [ClientServer/GameBox/startGame/KERNEL]: 接收角色详细信息(000A)超时!(未接收到主角信息)
[15:23:48] [ClientServer/GameBox/startGame/KERNEL]: 接收角色详细信息(000A)超时!(未接收到主角信息)
[15:23:48] [ClientServer/GameBox/startGame/KERNEL]: 接收角色详细信息(000A)超时!(未接收到主角信息)
[15:23:48] [ClientServer/GameBox/startGame/KERNEL]: 接收角色详细信息(000A)超时!(未接收到主角信息)
[15:23:48] [ClientServer/GameBox/startGame/KERNEL]: 接收角色详细信息(000A)超时!(未接收到主角信息)
[15:23:48] [ClientServer/GameBox/startGame/KERNEL]: 接收角色详细信息(000A)超时!(未接收到主角信息)
[15:23:49] [ClientServer/GameBox/startGame/KERNEL]: 接收角色详细信息(000A)超时!(未接收到主角信息)
[15:23:49] [ClientServer/GameBox/startGame/KERNEL]: 接收角色详细信息(000A)超时!(未接收到主角信息)
[15:23:49] [ClientServer/GameBox/startGame/KERNEL]: 接收角色详细信息(000A)超时!(未接收到主角信息)
[15:23:49] [ClientServer/GameBox/startGame/KERNEL]: 接收角色详细信息(000A)超时!(未接收到主角信息)
[15:23:49] [ClientServer/GameBox/startGame/KERNEL]: 接收角色详细信息(000A)超时!(未接收到主角信息)
[15:23:50] [ClientServer/GameBox/startGame/KERNEL]: 接收角色详细信息(000A)超时!(未接收到主角信息)
[15:23:50] [ClientServer/GameBox/startGame/KERNEL]: 接收角色详细信息(000A)超时!(未接收到主角信息)
[15:23:50] [ClientServer/GameBox/startGame/KERNEL]: 接收角色详细信息(000A)超时!(未接收到主角信息)
[15:23:50] [ClientServer/GameBox/startGame/KERNEL]: 接收角色详细信息(000A)超时!(未接收到主角信息)
[15:23:51] [ClientServer/GameBox/startGame/KERNEL]: 接收角色详细信息(000A)超时!(未接收到主角信息)
[15:23:51] [ClientServer/GameBox/startGame/KERNEL]: 接收角色详细信息(000A)超时!(未接收到主角信息)
[15:23:51] [ClientServer/GameBox/startGame/KERNEL]: 接收角色详细信息(000A)超时!(未接收到主角信息)
[15:23:51] [ClientServer/GameBox/startGame/KERNEL]: 接收角色详细信息(000A)超时!(未接收到主角信息)
[15:23:51] [ClientServer/GameBox/startGame/KERNEL]: 接收角色详细信息(000A)超时!(未接收到主角信息)
[15:23:52] [ClientServer/GameBox/startGame/KERNEL]: 接收角色详细信息(000A)超时!(未接收到主角信息)
[15:23:52] [ClientServer/GameBox/startGame/KERNEL]: 接收角色详细信息(000A)超时!(未接收到主角信息)
[15:23:52] [ClientServer/GameBox/startGame/KERNEL]: 接收角色详细信息(000A)超时!(未接收到主角信息)
[15:23:52] [ClientServer/GameBox/startGame/KERNEL]: 接收角色详细信息(000A)超时!(未接收到主角信息)
[15:23:52] [ClientServer/GameBox/startGame/KERNEL]: 接收角色详细信息(000A)超时!(未接收到主角信息)
[15:23:53] [ClientServer/GameBox/startGame/KERNEL]: 接收角色详细信息(000A)超时!(未接收到主角信息)
[15:23:53] [ClientServer/GameBox/startGame/KERNEL]: 接收角色详细信息(000A)超时!(未接收到主角信息)
[15:23:53] [ClientServer/GameBox/startGame/KERNEL]: 接收角色详细信息(000A)超时!(未接收到主角信息)
[15:23:53] [ClientServer/GameBox/startGame/KERNEL]: 接收角色详细信息(000A)超时!(未接收到主角信息)
[15:23:53] [ClientServer/GameBox/startGame/KERNEL]: 接收角色详细信息(000A)超时!(未接收到主角信息)
[15:23:54] [ClientServer/GameBox/startGame/KERNEL]: 接收角色详细信息(000A)超时!(未接收到主角信息)
[15:23:54] [ClientServer/GameBox/startGame/KERNEL]: 接收角色详细信息(000A)超时!(未接收到主角信息)
[15:23:54] [ClientServer/GameBox/startGame/KERNEL]: 接收角色详细信息(000A)超时!(未接收到主角信息)
[15:23:54] [ClientServer/GameBox/startGame/KERNEL]: 接收角色详细信息(000A)超时!(未接收到主角信息)
[15:23:54] [ClientServer/GameBox/startGame/KERNEL]: 接收角色详细信息(000A)超时!(未接收到主角信息)
[15:23:55] [ClientServer/GameBox/startGame/KERNEL]: 接收角色详细信息(000A)超时!(未接收到主角信息)
[15:23:55] [ClientServer/GameBox/startGame/KERNEL]: 接收角色详细信息(000A)超时!(未接收到主角信息)
[15:23:55] [ClientServer/GameBox/startGame/KERNEL]: 接收角色详细信息(000A)超时!(未接收到主角信息)
[15:23:55] [ClientServer/GameBox/startGame/KERNEL]: 接收角色详细信息(000A)超时!(未接收到主角信息)
[15:23:55] [ClientServer/GameBox/startGame/KERNEL]: 接收角色详细信息(000A)超时!(未接收到主角信息)
[15:23:56] [ClientServer/GameBox/startGame/KERNEL]: 接收角色详细信息(000A)超时!(未接收到主角信息)
[15:23:56] [ClientServer/GameBox/startGame/KERNEL]: 接收角色详细信息(000A)超时!(未接收到主角信息)
[15:23:56] [ClientServer/GameBox/startGame/KERNEL]: 接收角色详细信息(000A)超时!(未接收到主角信息)
[15:23:56] [ClientServer/GameBox/startGame/KERNEL]: 接收角色详细信息(000A)超时!(未接收到主角信息)
[15:23:56] [ClientServer/GameBox/startGame/KERNEL]: 接收角色详细信息(000A)超时!(未接收到主角信息)
[15:23:57] [ClientServer/GameBox/startGame/KERNEL]: 接收角色详细信息(000A)超时!(未接收到主角信息)
[15:23:57] [ClientServer/GameBox/startGame/KERNEL]: 接收角色详细信息(000A)超时!(未接收到主角信息)
[15:23:57] [ClientServer/GameBox/startGame/KERNEL]: 接收角色详细信息(000A)超时!(未接收到主角信息)
[15:23:57] [ClientServer/GameBox/startGame/KERNEL]: 接收角色详细信息(000A)超时!(未接收到主角信息)
[15:23:57] [ClientServer/GameBox/startGame/KERNEL]: 接收角色详细信息(000A)超时!(未接收到主角信息)
[15:23:58] [ClientServer/GameBox/startGame/KERNEL]: 接收角色详细信息(000A)超时!(未接收到主角信息)
[15:23:58] [ClientServer/GameBox/startGame/KERNEL]: 接收角色详细信息(000A)超时!(未接收到主角信息)
[15:23:58] [ClientServer/GameBox/startGame/KERNEL]: 接收角色详细信息(000A)超时!(未接收到主角信息)
[15:23:58] [ClientServer/GameBox/startGame/KERNEL]: 接收角色详细信息(000A)超时!(未接收到主角信息)
[15:23:58] [ClientServer/GameBox/startGame/KERNEL]: 接收角色详细信息(000A)超时!(未接收到主角信息)
[15:23:59] [ClientServer/GameBox/startGame/KERNEL]: 接收角色详细信息(000A)超时!(未接收到主角信息)
[15:23:59] [ClientServer/GameBox/startGame/KERNEL]: 接收角色详细信息(000A)超时!(未接收到主角信息)
[15:23:59] [ClientServer/GameBox/startGame/KERNEL]: 接收角色详细信息(000A)超时!(未接收到主角信息)
[15:23:59] [ClientServer/GameBox/startGame/KERNEL]: 接收角色详细信息(000A)超时!(未接收到主角信息)
[15:23:59] [ClientServer/GameBox/startGame/KERNEL]: 接收角色详细信息(000A)超时!(未接收到主角信息)
[15:24:00] [ClientServer/GameBox/startGame/KERNEL]: 接收角色详细信息(000A)超时!(未接收到主角信息)
[15:24:00] [ClientServer/GameBox/startGame/KERNEL]: 接收角色详细信息(000A)超时!(未接收到主角信息)
[15:24:00] [ClientServer/GameBox/startGame/KERNEL]: 接收角色详细信息(000A)超时!(未接收到主角信息)
[15:24:00] [ClientServer/GameBox/startGame/KERNEL]: 接收角色详细信息(000A)超时!(未接收到主角信息)
[15:24:00] [ClientServer/GameBox/startGame/KERNEL]: 接收角色详细信息(000A)超时!(未接收到主角信息)
[15:24:01] [ClientServer/GameBox/startGame/KERNEL]: 接收角色详细信息(000A)超时!(未接收到主角信息)
[15:24:01] [ClientServer/GameBox/startGame/KERNEL]: 接收角色详细信息(000A)超时!(未接收到主角信息)
[15:24:01] [ClientServer/GameBox/startGame/KERNEL]: 接收角色详细信息(000A)超时!(未接收到主角信息)
[15:24:01] [ClientServer/GameBox/startGame/KERNEL]: 接收角色详细信息(000A)超时!(未接收到主角信息)
[15:24:01] [ClientServer/GameBox/startGame/KERNEL]: 接收角色详细信息(000A)超时!(未接收到主角信息)
[15:24:02] [ClientServer/GameBox/startGame/KERNEL]: 接收角色详细信息(000A)超时!(未接收到主角信息)
[15:24:02] [ClientServer/GameBox/startGame/KERNEL]: 接收角色详细信息(000A)超时!(未接收到主角信息)
[15:24:02] [ClientServer/GameBox/startGame/KERNEL]: 接收角色详细信息(000A)超时!(未接收到主角信息)
[15:24:02] [ClientServer/GameBox/startGame/KERNEL]: 接收角色详细信息(000A)超时!(未接收到主角信息)
[15:24:02] [ClientServer/GameBox/startGame/KERNEL]: 接收角色详细信息(000A)超时!(未接收到主角信息)
[15:24:03] [ClientServer/GameBox/startGame/KERNEL]: 接收角色详细信息(000A)超时!(未接收到主角信息)
[15:24:03] [ClientServer/GameBox/startGame/KERNEL]: 接收角色详细信息(000A)超时!(未接收到主角信息)
[15:24:03] [ClientServer/GameBox/startGame/KERNEL]: 接收角色详细信息(000A)超时!(未接收到主角信息)
[15:24:03] [ClientServer/GameBox/startGame/KERNEL]: 接收角色详细信息(000A)超时!(未接收到主角信息)
[15:24:03] [ClientServer/GameBox/startGame/KERNEL]: 接收角色详细信息(000A)超时!(未接收到主角信息)
[15:24:04] [ClientServer/GameBox/startGame/KERNEL]: 接收角色详细信息(000A)超时!(未接收到主角信息)
[15:24:04] [ClientServer/GameBox/startGame/KERNEL]: 接收角色详细信息(000A)超时!(未接收到主角信息)
[15:24:04] [ClientServer/GameBox/startGame/KERNEL]: 接收角色详细信息(000A)超时!(未接收到主角信息)
[15:24:04] [ClientServer/GameBox/startGame/KERNEL]: 接收角色详细信息(000A)超时!(未接收到主角信息)
[15:24:04] [ClientServer/GameBox/startGame/KERNEL]: 接收角色详细信息(000A)超时!(未接收到主角信息)
[15:24:05] [ClientServer/GameBox/startGame/KERNEL]: 接收角色详细信息(000A)超时!(未接收到主角信息)
[15:24:05] [ClientServer/GameBox/startGame/KERNEL]: 接收角色详细信息(000A)超时!(未接收到主角信息)
[15:24:05] [ClientServer/GameBox/startGame/KERNEL]: 接收角色详细信息(000A)超时!(未接收到主角信息)
[15:24:05] [ClientServer/GameBox/startGame/KERNEL]: 接收角色详细信息(000A)超时!(未接收到主角信息)
[15:24:05] [ClientServer/GameBox/startGame/KERNEL]: 接收角色详细信息(000A)超时!(未接收到主角信息)
[15:24:06] [ClientServer/GameBox/startGame/KERNEL]: 接收角色详细信息(000A)超时!(未接收到主角信息)
[15:24:06] [ClientServer/GameBox/startGame/KERNEL]: 接收角色详细信息(000A)超时!(未接收到主角信息)
[15:24:06] [ClientServer/GameBox/startGame/KERNEL]: 接收角色详细信息(000A)超时!(未接收到主角信息)
[15:24:06] [ClientServer/GameBox/startGame/KERNEL]: 接收角色详细信息(000A)超时!(未接收到主角信息)
[15:24:06] [ClientServer/GameBox/startGame/KERNEL]: 接收角色详细信息(000A)超时!(未接收到主角信息)
[15:24:07] [ClientServer/GameBox/startGame/KERNEL]: 接收角色详细信息(000A)超时!(未接收到主角信息)
[15:24:07] [ClientServer/GameBox/startGame/KERNEL]: 接收角色详细信息(000A)超时!(未接收到主角信息)
[15:24:07] [ClientServer/GameBox/startGame/KERNEL]: 接收角色详细信息(000A)超时!(未接收到主角信息)
[15:24:07] [ClientServer/GameBox/startGame/KERNEL]: 接收角色详细信息(000A)超时!(未接收到主角信息)
[15:24:07] [ClientServer/GameBox/startGame/KERNEL]: 接收角色详细信息(000A)超时!(未接收到主角信息)
[15:24:08] [ClientServer/GameBox/startGame/KERNEL]: 接收角色详细信息(000A)超时!(未接收到主角信息)
[15:24:08] [ClientServer/GameBox/startGame/KERNEL]: 接收角色详细信息(000A)超时!(未接收到主角信息)
[15:24:08] [ClientServer/GameBox/startGame/KERNEL]: 接收角色详细信息(000A)超时!(未接收到主角信息)
[15:24:08] [ClientServer/GameBox/startGame/KERNEL]: 接收角色详细信息(000A)超时!(未接收到主角信息)
[15:24:08] [ClientServer/GameBox/startGame/KERNEL]: 接收角色详细信息(000A)超时!(未接收到主角信息)
[15:24:09] [ClientServer/GameBox/startGame/KERNEL]: 接收角色详细信息(000A)超时!(未接收到主角信息)
[15:24:09] [ClientServer/GameBox/startGame/KERNEL]: 接收角色详细信息(000A)超时!(未接收到主角信息)
[15:24:09] [ClientServer/GameBox/startGame/KERNEL]: 接收角色详细信息(000A)超时!(未接收到主角信息)
[15:24:09] [ClientServer/GameBox/startGame/KERNEL]: 接收角色详细信息(000A)超时!(未接收到主角信息)
[15:24:09] [ClientServer/GameBox/startGame/KERNEL]: 接收角色详细信息(000A)超时!(未接收到主角信息)
[15:24:10] [ClientServer/GameBox/startGame/KERNEL]: 接收角色详细信息(000A)超时!(未接收到主角信息)
[15:24:10] [ClientServer/GameBox/startGame/KERNEL]: 接收角色详细信息(000A)超时!(未接收到主角信息)
[15:24:10] [ClientServer/GameBox/startGame/KERNEL]: 接收角色详细信息(000A)超时!(未接收到主角信息)
[15:24:10] [ClientServer/GameBox/startGame/KERNEL]: 接收角色详细信息(000A)超时!(未接收到主角信息)
[15:24:10] [ClientServer/GameBox/startGame/KERNEL]: 接收角色详细信息(000A)超时!(未接收到主角信息)
[15:24:11] [ClientServer/GameBox/startGame/KERNEL]: 接收角色详细信息(000A)超时!(未接收到主角信息)
[15:24:11] [ClientServer/GameBox/startGame/KERNEL]: 接收角色详细信息(000A)超时!(未接收到主角信息)
[15:24:11] [ClientServer/GameBox/startGame/KERNEL]: 接收角色详细信息(000A)超时!(未接收到主角信息)
[15:24:11] [ClientServer/GameBox/startGame/KERNEL]: 接收角色详细信息(000A)超时!(未接收到主角信息)
[15:24:11] [ClientServer/GameBox/startGame/KERNEL]: 接收角色详细信息(000A)超时!(未接收到主角信息)
[15:24:12] [ClientServer/GameBox/startGame/KERNEL]: 接收角色详细信息(000A)超时!(未接收到主角信息)
[15:24:12] [ClientServer/GameBox/startGame/KERNEL]: 接收角色详细信息(000A)超时!(未接收到主角信息)
[15:24:12] [ClientServer/GameBox/startGame/KERNEL]: 接收角色详细信息(000A)超时!(未接收到主角信息)
[15:24:12] [ClientServer/GameBox/startGame/KERNEL]: 接收角色详细信息(000A)超时!(未接收到主角信息)
[15:24:12] [ClientServer/GameBox/startGame/KERNEL]: 接收角色详细信息(000A)超时!(未接收到主角信息)
[15:24:13] [ClientServer/GameBox/startGame/KERNEL]: 接收角色详细信息(000A)超时!(未接收到主角信息)
[15:24:13] [ClientServer/GameBox/startGame/KERNEL]: 接收角色详细信息(000A)超时!(未接收到主角信息)
[15:24:13] [ClientServer/GameBox/startGame/KERNEL]: 接收角色详细信息(000A)超时!(未接收到主角信息)
[15:24:13] [ClientServer/GameBox/startGame/KERNEL]: 接收角色详细信息(000A)超时!(未接收到主角信息)
[15:24:13] [ClientServer/GameBox/startGame/KERNEL]: 接收角色详细信息(000A)超时!(未接收到主角信息)
[15:24:14] [ClientServer/GameBox/startGame/KERNEL]: 接收角色详细信息(000A)超时!(未接收到主角信息)
[15:24:14] [ClientServer/GameBox/startGame/KERNEL]: 接收角色详细信息(000A)超时!(未接收到主角信息)
[15:24:14] [ClientServer/GameBox/startGame/KERNEL]: 接收角色详细信息(000A)超时!(未接收到主角信息)
[15:24:14] [ClientServer/GameBox/startGame/KERNEL]: 接收角色详细信息(000A)超时!(未接收到主角信息)
