[15:46:44] [ClientServer/ClientMain/init/DEBUG]: address: 192.168.1.100:8438
[15:46:44] [ClientServer/ClientMain/init/DEBUG]: 图片加载成功
[15:46:44] [ClientServer/ClientMain/init/DEBUG]: GIF动画加载成功
[15:46:44] [ClientServer/ClientMain/init/DEBUG]: 物品预加载成功
[15:46:44] [ClientServer/ClientMain/init/DEBUG]: init over
[15:46:44] [ClientServer/ClientMain/KERNEL]: 0.开始建立网络连接…………
[15:46:44] [ClientServer/ClientMain/setUpConnection/DEBUG]: setUpConnection over
[15:46:44] [ClientServer/ClientMain/KERNEL]: 1.网络连接成功!
[15:46:44] [AioModule/Read/Completed/DEBUG]: Received 18 bytes from session/192.168.1.100:8438
[15:46:44] [ClientServer/ClientMain/KERNEL]: 2.发送0000包，确认对方是否为服务器Gate端
[15:46:44] [AioModule/Read/Completed/DEBUG]: Received contents(18bytes): ff ff 00 00 00 12 00 14 00 00 01 4d f6 30 48 91 9c 96 
[15:46:44] [ClientServer/ClientDecoder/INFO]: Receive a package 0014(PING)1434354469009
[15:46:44] [SendingModule/send00Package/INFO]: send00Package over
[15:46:44] [AioModule/Write/Completed/DEBUG]: Sent 14 bytes to session/192.168.1.100:8438
[15:46:44] [SendingModule/PINGResponse/DEBUG]: package 0015(PING回应包) send!
[15:46:44] [AioModule/Write/Completed/DEBUG]: Sent contents(14bytes): ff ff 00 00 00 0e 00 00 00 00 30 39 20 db 
[15:46:44] [AioModule/Write/Completed/DEBUG]: Sent 18 bytes to session/192.168.1.100:8438
[15:46:44] [AioModule/Write/Completed/DEBUG]: Sent contents(18bytes): ff ff 00 00 00 12 00 15 00 00 01 4d f6 30 48 91 95 22 
[15:46:44] [AioModule/Read/Completed/DEBUG]: Received 11 bytes from session/192.168.1.100:8438
[15:46:44] [AioModule/Read/Completed/DEBUG]: Received contents(11bytes): ff ff 00 00 00 0b 00 01 01 2a 46 
[15:46:44] [ClientServer/ClientDecoder/INFO]: Receive a package 0001(回应连接请求)
[15:46:44] [ClientServer/ClientDecoder/INFO]: package 0001: 1
[15:46:44] [ClientSever/LoginBox/serverState/INFO]: Receive a package 0001(回应连接请求)
[15:46:44] [ClientSever/LoginBox/serverState/INFO]: package 0001: 1
[15:46:44] [AioModule/Read/Completed/DEBUG]: Received 18 bytes from session/192.168.1.100:8438
[15:46:44] [AioModule/Read/Completed/DEBUG]: Received contents(18bytes): ff ff 00 00 00 12 00 16 00 00 00 00 00 00 00 06 28 54 
[15:46:44] [ClientServer/ClientDecoder/INFO]: Receive a package 0016(时间同步)-64124
[15:46:45] [ClientServer/ClientMain/KERNEL]: 3.收到0001包，确认对方为服务器Gate端
[15:46:45] [ClientServer/ClientMain/KERNEL]: 4.初始化loginBox登陆界面
[15:46:54] [AioModule/Write/Completed/DEBUG]: Sent 47 bytes to session/192.168.1.100:8438
[15:46:54] [SendingModule/sendLogin/INFO]: package 0002(登陆信息) send!
[15:46:54] [AioModule/Write/Completed/DEBUG]: Sent contents(47bytes): ff ff 00 00 00 2f 00 02 78 79 6c 00 43 37 30 43 44 30 34 33 31 33 46 46 32 36 30 41 38 33 44 36 44 37 39 39 30 38 32 32 43 30 33 32 00 6a be 
[15:46:54] [AioModule/Read/Completed/DEBUG]: Received 11 bytes from session/192.168.1.100:8438
[15:46:54] [AioModule/Read/Completed/DEBUG]: Received contents(11bytes): ff ff 00 00 00 0b 00 03 01 2a 58 
[15:46:54] [ClientServer/ClientDecoder/INFO]: Receive a package 0003(登陆反馈)
[15:46:54] [ClientServer/ClientDecoder/INFO]: package 0003: true
[15:46:54] [ClientServer/LoginBox/onLoginResponse/INFO]: Receive a package 0003(登陆反馈)
[15:46:54] [ClientServer/LoginBox/onLoginResponse/INFO]: package 0003: true
[15:46:55] [AioModule/Read/Completed/DEBUG]: Received 39 bytes from session/192.168.1.100:8438
[15:46:55] [AioModule/Read/Completed/DEBUG]: Received contents(39bytes): ff ff 00 00 00 1d 00 06 00 00 04 03 bb c3 cf eb bc d2 d8 bc 00 01 00 00 00 00 0c 7a 9f ff ff 00 00 00 0a 00 06 45 71 
[15:46:55] [ClientServer/ClientDecoder/INFO]: Receive a package 0006(角色预加载)
[15:46:55] [ClientServer/ClientDecoder/INFO]: package 0006: /id: 1027/name: 幻想家丶/level: 1/gender: 0
[15:46:55] [ClientSever/LoginBox/addCharacter/INFO]: Receive a package 0006(角色预加载)
[15:46:55] [ClientServer/ClientDecoder/INFO]: Receive a package 0006(角色预加载――空包)
[15:46:55] [ClientServer/LoginBox/noMorePackage/INFO]: Receive a package 0006(角色预加载: 这是最后一个空包
[15:46:59] [SendingModule/sendCharacter/INFO]: package 0007(角色选择) send!
[15:46:59] [AioModule/Write/Completed/DEBUG]: Sent 14 bytes to session/192.168.1.100:8438
[15:46:59] [AioModule/Write/Completed/DEBUG]: Sent contents(14bytes): ff ff 00 00 00 0e 00 07 00 00 04 03 a0 98 
[15:46:59] [AioModule/Read/Completed/DEBUG]: Received 85 bytes from session/192.168.1.100:8438
[15:46:59] [AioModule/Read/Completed/DEBUG]: Received contents(85bytes): ff ff 00 00 00 55 00 0a 00 00 04 03 bb c3 cf eb bc d2 d8 bc 00 74 68 69 73 20 69 73 20 61 20 70 6c 61 6e 65 00 01 00 00 00 00 64 00 00 00 00 00 00 00 64 00 00 00 64 00 00 00 14 00 00 00 14 00 00 00 01 00 00 00 c8 00 00 13 d8 00 00 0f cf 00 00 00 0c 0d c3 
[15:46:59] [ClientServer/ClientDecoder/INFO]: Receive a package 000A(游戏中所有玩家信息)
[15:46:59] [ClientServer/ClientDecoder/INFO]: package 000A: /id: 1027/name: 幻想家丶/level: 1/gender: 0/posX: 5080/posY: 4047
[15:46:59] [ClientServer/GameBox/addCharacter/DEBUG]: Receive a package 000A(游戏中所有玩家信息)
[15:46:59] [ClientServer/GameBox/addCharacter/DEBUG]: 000A:加入一个主角玩家:幻想家丶
[15:46:59] [AioModule/Read/Completed/DEBUG]: Received 270 bytes from session/192.168.1.100:8438
[15:46:59] [AioModule/Read/Completed/DEBUG]: Received contents(270bytes): ff ff 00 00 01 0e 00 19 00 00 00 20 ff ff ff ff 00 00 00 00 ff ff ff ff 00 00 00 00 ff ff ff ff 00 00 00 00 ff ff ff ff 00 00 00 00 ff ff ff ff 00 00 00 00 ff ff ff ff 00 00 00 00 ff ff ff ff 00 00 00 00 ff ff ff ff 00 00 00 00 ff ff ff ff 00 00 00 00 ff ff ff ff 00 00 00 00 ff ff ff ff 00 00 00 00 ff ff ff ff 00 00 00 00 ff ff ff ff 00 00 00 00 ff ff ff ff 00 00 00 00 ff ff ff ff 00 00 00 00 ff ff ff ff 00 00 00 00 ff ff ff ff 00 00 00 00 ff ff ff ff 00 00 00 00 ff ff ff ff 00 00 00 00 ff ff ff ff 00 00 00 00 ff ff ff ff 00 00 00 00 ff ff ff ff 00 00 00 00 ff ff ff ff 00 00 00 00 ff ff ff ff 00 00 00 00 ff ff ff ff 00 00 00 00 ff ff ff ff 00 00 00 00 ff ff ff ff 00 00 00 00 ff ff ff ff 00 00 00 00 ff ff ff ff 00 00 00 00 ff ff ff ff 00 00 00 00 ff ff ff ff 00 00 00 00 ff ff ff ff 00 00 00 00 71 7e 
[15:46:59] [ClientServer/ClientDecoder/INFO]: Receive a package 0019(背包信息)
[15:46:59] [AioModule/Read/Completed/DEBUG]: Received 64 bytes from session/192.168.1.100:8438
[15:46:59] [AioModule/Read/Completed/DEBUG]: Received contents(64bytes): ff ff 00 00 00 32 00 1a 00 00 00 03 00 00 00 00 3b 9a ca 01 00 00 00 01 00 00 00 01 3b 9a ca 02 00 00 00 01 00 00 00 02 3b 9a ca 03 00 00 00 01 63 4d ff ff 00 00 00 0e 00 1b 00 00 00 00 72 5c 
[15:46:59] [ClientServer/ClientDecoder/INFO]: Receive a package 001A(技能信息)
[15:46:59] [ClientServer/ClientMain/KERNEL]: 5.登陆结束
[15:46:59] [ClientServer/ClientMain/KERNEL]: 6.开始游戏，启动gameBox
[15:47:00] [ClientServer/GameBox/startGame/KERNEL]: 接收主角详细信息(000A):关闭加载窗口,开始游戏!
[15:47:01] [SendingModule/sendTargetPos/DEBUG]: package 000B(角色移动意图) send!
[15:47:01] [AioModule/Write/Completed/DEBUG]: Sent 26 bytes to session/192.168.1.100:8438
[15:47:01] [SendingModule/sendTargetPos/DEBUG]: targetX: 5094/targetY: 4160
[15:47:01] [AioModule/Write/Completed/DEBUG]: Sent contents(26bytes): ff ff 00 00 00 1a 00 0b 00 00 13 e6 00 00 10 40 00 00 01 4d f6 30 89 94 98 c3 
[15:47:01] [AioModule/Read/Completed/DEBUG]: Received 30 bytes from session/192.168.1.100:8438
[15:47:01] [AioModule/Read/Completed/DEBUG]: Received contents(30bytes): ff ff 00 00 00 1e 00 0c 00 00 04 03 00 00 13 e6 00 00 10 40 00 00 01 4d f6 30 89 94 7f e3 
[15:47:01] [ClientServer/ClientDecoder/INFO]: Receive a package 000C(所有玩家目标坐标更新)
[15:47:01] [ClientServer/ClientDecoder/INFO]: package 000C: /id: 1027/posX: 5094/posY: 4160
[15:47:01] [Client/GameBox/updateTarget/INFO]: receive Package 000C(角色目标)
[15:47:01] [Client/GameBox/updateTarget/INFO]: targetX: 5094/targetY 4160
[15:47:02] [AioModule/Write/Completed/DEBUG]: Sent 26 bytes to session/192.168.1.100:8438
[15:47:02] [SendingModule/sendTargetPos/DEBUG]: package 000B(角色移动意图) send!
[15:47:02] [SendingModule/sendTargetPos/DEBUG]: targetX: 4743/targetY: 4263
[15:47:02] [AioModule/Write/Completed/DEBUG]: Sent contents(26bytes): ff ff 00 00 00 1a 00 0b 00 00 12 87 00 00 10 a7 00 00 01 4d f6 30 8d c8 72 44 
[15:47:02] [AioModule/Read/Completed/DEBUG]: Received 30 bytes from session/192.168.1.100:8438
[15:47:02] [AioModule/Read/Completed/DEBUG]: Received contents(30bytes): ff ff 00 00 00 1e 00 0c 00 00 04 03 00 00 12 87 00 00 10 a7 00 00 01 4d f6 30 8d c8 10 11 
[15:47:02] [ClientServer/ClientDecoder/INFO]: Receive a package 000C(所有玩家目标坐标更新)
[15:47:02] [ClientServer/ClientDecoder/INFO]: package 000C: /id: 1027/posX: 4743/posY: 4263
[15:47:02] [Client/GameBox/updateTarget/INFO]: receive Package 000C(角色目标)
[15:47:02] [Client/GameBox/updateTarget/INFO]: targetX: 4743/targetY 4263
[15:47:07] [SendingModule/sendTargetPos/DEBUG]: package 000B(角色移动意图) send!
[15:47:07] [AioModule/Write/Completed/DEBUG]: Sent 26 bytes to session/192.168.1.100:8438
[15:47:07] [SendingModule/sendTargetPos/DEBUG]: targetX: 4836/targetY: 3932
[15:47:07] [AioModule/Write/Completed/DEBUG]: Sent contents(26bytes): ff ff 00 00 00 1a 00 0b 00 00 12 e4 00 00 0f 5c 00 00 01 4d f6 30 a1 61 1d 6e 
[15:47:07] [AioModule/Read/Completed/DEBUG]: Received 30 bytes from session/192.168.1.100:8438
[15:47:07] [AioModule/Read/Completed/DEBUG]: Received contents(30bytes): ff ff 00 00 00 1e 00 0c 00 00 04 03 00 00 12 e4 00 00 0f 5c 00 00 01 4d f6 30 a1 61 1a d7 
[15:47:07] [ClientServer/ClientDecoder/INFO]: Receive a package 000C(所有玩家目标坐标更新)
[15:47:07] [ClientServer/ClientDecoder/INFO]: package 000C: /id: 1027/posX: 4836/posY: 3932
[15:47:07] [Client/GameBox/updateTarget/INFO]: receive Package 000C(角色目标)
[15:47:07] [Client/GameBox/updateTarget/INFO]: targetX: 4836/targetY 3932
[15:47:11] [AioModule/Write/Completed/DEBUG]: Sent 26 bytes to session/192.168.1.100:8438
[15:47:11] [SendingModule/sendTargetPos/DEBUG]: package 000B(角色移动意图) send!
[15:47:11] [SendingModule/sendTargetPos/DEBUG]: targetX: 4878/targetY: 4176
[15:47:11] [AioModule/Write/Completed/DEBUG]: Sent contents(26bytes): ff ff 00 00 00 1a 00 0b 00 00 13 0e 00 00 10 50 00 00 01 4d f6 30 b1 c0 bf bf 
[15:47:11] [AioModule/Read/Completed/DEBUG]: Received 30 bytes from session/192.168.1.100:8438
[15:47:11] [AioModule/Read/Completed/DEBUG]: Received contents(30bytes): ff ff 00 00 00 1e 00 0c 00 00 04 03 00 00 13 0e 00 00 10 50 00 00 01 4d f6 30 b1 c0 1d d8 
[15:47:11] [ClientServer/ClientDecoder/INFO]: Receive a package 000C(所有玩家目标坐标更新)
[15:47:11] [ClientServer/ClientDecoder/INFO]: package 000C: /id: 1027/posX: 4878/posY: 4176
[15:47:11] [Client/GameBox/updateTarget/INFO]: receive Package 000C(角色目标)
[15:47:11] [Client/GameBox/updateTarget/INFO]: targetX: 4878/targetY 4176
[15:47:13] [AioModule/Read/Completed/DEBUG]: Received 77 bytes from session/192.168.1.100:8438
[15:47:13] [AioModule/Read/Completed/DEBUG]: Received contents(77bytes): ff ff 00 00 00 4d 00 0a 00 00 04 04 00 74 68 69 73 20 69 73 20 61 20 70 6c 61 6e 65 00 01 01 00 00 00 64 00 00 00 00 00 00 00 64 00 00 00 64 00 00 00 14 00 00 00 14 00 00 00 01 00 00 00 c8 00 00 12 7e 00 00 11 38 00 00 00 0b 2d 37 
[15:47:13] [ClientServer/ClientDecoder/INFO]: Receive a package 000A(游戏中所有玩家信息)
[15:47:13] [ClientServer/ClientDecoder/INFO]: package 000A: /id: 1028/name: /level: 1/gender: 1/posX: 4734/posY: 4408
[15:47:13] [ClientServer/GameBox/addCharacter/DEBUG]: Receive a package 000A(游戏中所有玩家信息)
[15:47:13] [ClientServer/GameBox/addCharacter/DEBUG]: 000A:加入一个非主角玩家:
[15:47:16] [AioModule/Read/Completed/DEBUG]: Received 30 bytes from session/192.168.1.100:8438
[15:47:16] [AioModule/Read/Completed/DEBUG]: Received contents(30bytes): ff ff 00 00 00 1e 00 0c 00 00 04 04 00 00 13 8c 00 00 11 a4 00 00 01 4d f6 30 c3 5f 89 0c 
[15:47:16] [ClientServer/ClientDecoder/INFO]: Receive a package 000C(所有玩家目标坐标更新)
[15:47:16] [ClientServer/ClientDecoder/INFO]: package 000C: /id: 1028/posX: 5004/posY: 4516
[15:47:16] [Client/GameBox/updateTarget/INFO]: receive Package 000C(角色目标)
[15:47:16] [Client/GameBox/updateTarget/INFO]: targetX: 5004/targetY 4516
[15:47:16] [AioModule/Write/Completed/DEBUG]: Sent 26 bytes to session/192.168.1.100:8438
[15:47:16] [SendingModule/sendTargetPos/DEBUG]: package 000B(角色移动意图) send!
[15:47:16] [AioModule/Write/Completed/DEBUG]: Sent contents(26bytes): ff ff 00 00 00 1a 00 0b 00 00 13 65 00 00 11 97 00 00 01 4d f6 30 c4 bb bb 72 
[15:47:16] [SendingModule/sendTargetPos/DEBUG]: targetX: 4965/targetY: 4503
[15:47:16] [AioModule/Read/Completed/DEBUG]: Received 30 bytes from session/192.168.1.100:8438
[15:47:16] [AioModule/Read/Completed/DEBUG]: Received contents(30bytes): ff ff 00 00 00 1e 00 0c 00 00 04 03 00 00 13 65 00 00 11 97 00 00 01 4d f6 30 c4 bb 47 e9 
[15:47:16] [ClientServer/ClientDecoder/INFO]: Receive a package 000C(所有玩家目标坐标更新)
[15:47:16] [ClientServer/ClientDecoder/INFO]: package 000C: /id: 1027/posX: 4965/posY: 4503
[15:47:16] [Client/GameBox/updateTarget/INFO]: receive Package 000C(角色目标)
[15:47:16] [Client/GameBox/updateTarget/INFO]: targetX: 4965/targetY 4503
[15:47:18] [AioModule/Write/Completed/DEBUG]: Sent 26 bytes to session/192.168.1.100:8438
[15:47:18] [SendingModule/sendTargetPos/DEBUG]: package 000B(角色移动意图) send!
[15:47:18] [SendingModule/sendTargetPos/DEBUG]: targetX: 4782/targetY: 4516
[15:47:18] [AioModule/Write/Completed/DEBUG]: Sent contents(26bytes): ff ff 00 00 00 1a 00 0b 00 00 12 ae 00 00 11 a4 00 00 01 4d f6 30 ca 83 44 ea 
[15:47:19] [SendingModule/sendTargetPos/DEBUG]: package 000B(角色移动意图) send!
[15:47:19] [AioModule/Write/Completed/DEBUG]: Sent 26 bytes to session/192.168.1.100:8438
[15:47:19] [SendingModule/sendTargetPos/DEBUG]: targetX: 4910/targetY: 4641
[15:47:19] [AioModule/Write/Completed/DEBUG]: Sent contents(26bytes): ff ff 00 00 00 1a 00 0b 00 00 13 2e 00 00 12 21 00 00 01 4d f6 30 cf 12 a8 7d 
[15:47:21] [AioModule/Read/Completed/DEBUG]: Received 168 bytes from session/192.168.1.100:8438
[15:47:21] [AioModule/Read/Completed/DEBUG]: Received contents(168bytes): ff ff 00 00 00 1e 00 0c 00 00 04 04 00 00 14 84 00 00 12 59 00 00 01 4d f6 30 cb 54 a6 4a ff ff 00 00 00 1e 00 0c 00 00 04 04 00 00 14 41 00 00 12 df 00 00 01 4d f6 30 cd 17 08 1c ff ff 00 00 00 1e 00 0c 00 00 04 04 00 00 14 19 00 00 13 00 00 00 01 4d f6 30 cd d2 17 49 ff ff 00 00 00 12 00 1e 00 00 04 04 00 00 00 00 55 bd ff ff 00 00 00 1e 00 0c 00 00 04 03 00 00 12 ae 00 00 11 a4 00 00 01 4d f6 30 ca 83 73 94 ff ff 00 00 00 1e 00 0c 00 00 04 03 00 00 13 2e 00 00 12 21 00 00 01 4d f6 30 cf 12 0d a7 
[15:47:21] [ClientServer/ClientDecoder/INFO]: Receive a package 000C(所有玩家目标坐标更新)
[15:47:21] [ClientServer/ClientDecoder/INFO]: package 000C: /id: 1028/posX: 5252/posY: 4697
[15:47:21] [Client/GameBox/updateTarget/INFO]: receive Package 000C(角色目标)
[15:47:21] [Client/GameBox/updateTarget/INFO]: targetX: 5252/targetY 4697
[15:47:21] [ClientServer/ClientDecoder/INFO]: Receive a package 000C(所有玩家目标坐标更新)
[15:47:21] [ClientServer/ClientDecoder/INFO]: package 000C: /id: 1028/posX: 5185/posY: 4831
[15:47:21] [Client/GameBox/updateTarget/INFO]: receive Package 000C(角色目标)
[15:47:21] [Client/GameBox/updateTarget/INFO]: targetX: 5185/targetY 4831
[15:47:21] [ClientServer/ClientDecoder/INFO]: Receive a package 000C(所有玩家目标坐标更新)
[15:47:21] [ClientServer/ClientDecoder/INFO]: package 000C: /id: 1028/posX: 5145/posY: 4864
[15:47:21] [Client/GameBox/updateTarget/INFO]: receive Package 000C(角色目标)
[15:47:21] [Client/GameBox/updateTarget/INFO]: targetX: 5145/targetY 4864
[15:47:21] [ClientServer/ClientDecoder/INFO]: Receive a package 001E(下线包)
[15:47:21] [ClientServer/ClientDecoder/INFO]: Receive a package 000C(所有玩家目标坐标更新)
[15:47:21] [ClientServer/ClientDecoder/INFO]: package 000C: /id: 1027/posX: 4782/posY: 4516
[15:47:21] [Client/GameBox/updateTarget/INFO]: receive Package 000C(角色目标)
[15:47:21] [Client/GameBox/updateTarget/INFO]: targetX: 4782/targetY 4516
[15:47:21] [ClientServer/ClientDecoder/INFO]: Receive a package 000C(所有玩家目标坐标更新)
[15:47:21] [ClientServer/ClientDecoder/INFO]: package 000C: /id: 1027/posX: 4910/posY: 4641
[15:47:21] [Client/GameBox/updateTarget/INFO]: receive Package 000C(角色目标)
[15:47:21] [Client/GameBox/updateTarget/INFO]: targetX: 4910/targetY 4641
[15:47:21] [SendingModule/sendTargetPos/DEBUG]: package 000B(角色移动意图) send!
[15:47:21] [AioModule/Write/Completed/DEBUG]: Sent 26 bytes to session/192.168.1.100:8438
[15:47:21] [SendingModule/sendTargetPos/DEBUG]: targetX: 4975/targetY: 4762
[15:47:21] [AioModule/Write/Completed/DEBUG]: Sent contents(26bytes): ff ff 00 00 00 1a 00 0b 00 00 13 6f 00 00 12 9a 00 00 01 4d f6 30 d8 ad c1 c4 
[15:47:25] [SendingModule/sendTargetPos/DEBUG]: package 000B(角色移动意图) send!
[15:47:25] [AioModule/Write/Completed/DEBUG]: Sent 26 bytes to session/192.168.1.100:8438
[15:47:25] [SendingModule/sendTargetPos/DEBUG]: targetX: 5211/targetY: 4540
[15:47:25] [AioModule/Write/Completed/DEBUG]: Sent contents(26bytes): ff ff 00 00 00 1a 00 0b 00 00 14 5b 00 00 11 bc 00 00 01 4d f6 30 e6 36 2a 4b 
[15:47:26] [AioModule/Read/Completed/DEBUG]: Received 30 bytes from session/192.168.1.100:8438
[15:47:26] [AioModule/Read/Completed/DEBUG]: Received contents(30bytes): ff ff 00 00 00 1e 00 0c 00 00 04 03 00 00 13 6f 00 00 12 9a 00 00 01 4d f6 30 d8 ad 5b 76 
[15:47:26] [ClientServer/ClientDecoder/INFO]: Receive a package 000C(所有玩家目标坐标更新)
[15:47:26] [ClientServer/ClientDecoder/INFO]: package 000C: /id: 1027/posX: 4975/posY: 4762
[15:47:26] [Client/GameBox/updateTarget/INFO]: receive Package 000C(角色目标)
[15:47:26] [Client/GameBox/updateTarget/INFO]: targetX: 4975/targetY 4762
[15:47:26] [AioModule/Read/Completed/DEBUG]: Received 30 bytes from session/192.168.1.100:8438
[15:47:26] [AioModule/Read/Completed/DEBUG]: Received contents(30bytes): ff ff 00 00 00 1e 00 0c 00 00 04 03 00 00 14 5b 00 00 11 bc 00 00 01 4d f6 30 e6 36 16 3f 
[15:47:26] [ClientServer/ClientDecoder/INFO]: Receive a package 000C(所有玩家目标坐标更新)
[15:47:26] [ClientServer/ClientDecoder/INFO]: package 000C: /id: 1027/posX: 5211/posY: 4540
[15:47:26] [Client/GameBox/updateTarget/INFO]: receive Package 000C(角色目标)
[15:47:26] [Client/GameBox/updateTarget/INFO]: targetX: 5211/targetY 4540
[15:47:29] [AioModule/Write/Completed/DEBUG]: Sent 26 bytes to session/192.168.1.100:8438
[15:47:29] [SendingModule/sendTargetPos/DEBUG]: package 000B(角色移动意图) send!
[15:47:29] [SendingModule/sendTargetPos/DEBUG]: targetX: 4763/targetY: 4498
[15:47:29] [AioModule/Write/Completed/DEBUG]: Sent contents(26bytes): ff ff 00 00 00 1a 00 0b 00 00 12 9b 00 00 11 92 00 00 01 4d f6 30 f4 f2 6a 59 
[15:47:29] [AioModule/Read/Completed/DEBUG]: Received 30 bytes from session/192.168.1.100:8438
[15:47:29] [AioModule/Read/Completed/DEBUG]: Received contents(30bytes): ff ff 00 00 00 1e 00 0c 00 00 04 03 00 00 12 9b 00 00 11 92 00 00 01 4d f6 30 f4 f2 65 ed 
[15:47:29] [ClientServer/ClientDecoder/INFO]: Receive a package 000C(所有玩家目标坐标更新)
[15:47:29] [ClientServer/ClientDecoder/INFO]: package 000C: /id: 1027/posX: 4763/posY: 4498
[15:47:29] [Client/GameBox/updateTarget/INFO]: receive Package 000C(角色目标)
[15:47:29] [Client/GameBox/updateTarget/INFO]: targetX: 4763/targetY 4498
[15:47:30] [SendingModule/sendTargetPos/DEBUG]: package 000B(角色移动意图) send!
[15:47:30] [AioModule/Write/Completed/DEBUG]: Sent 26 bytes to session/192.168.1.100:8438
[15:47:30] [SendingModule/sendTargetPos/DEBUG]: targetX: 5083/targetY: 4372
[15:47:30] [AioModule/Write/Completed/DEBUG]: Sent contents(26bytes): ff ff 00 00 00 1a 00 0b 00 00 13 db 00 00 11 14 00 00 01 4d f6 30 fb b6 bf d3 
[15:47:30] [AioModule/Read/Completed/DEBUG]: Received 30 bytes from session/192.168.1.100:8438
[15:47:30] [AioModule/Read/Completed/DEBUG]: Received contents(30bytes): ff ff 00 00 00 1e 00 0c 00 00 04 03 00 00 13 db 00 00 11 14 00 00 01 4d f6 30 fb b6 15 fd 
[15:47:30] [ClientServer/ClientDecoder/INFO]: Receive a package 000C(所有玩家目标坐标更新)
[15:47:30] [ClientServer/ClientDecoder/INFO]: package 000C: /id: 1027/posX: 5083/posY: 4372
[15:47:30] [Client/GameBox/updateTarget/INFO]: receive Package 000C(角色目标)
[15:47:30] [Client/GameBox/updateTarget/INFO]: targetX: 5083/targetY 4372
[15:47:32] [SendingModule/sendTargetPos/DEBUG]: package 000B(角色移动意图) send!
[15:47:32] [AioModule/Write/Completed/DEBUG]: Sent 26 bytes to session/192.168.1.100:8438
[15:47:32] [SendingModule/sendTargetPos/DEBUG]: targetX: 5307/targetY: 4636
[15:47:32] [AioModule/Write/Completed/DEBUG]: Sent contents(26bytes): ff ff 00 00 00 1a 00 0b 00 00 14 bb 00 00 12 1c 00 00 01 4d f6 31 01 2a 81 66 
[15:47:32] [AioModule/Read/Completed/DEBUG]: Received 30 bytes from session/192.168.1.100:8438
[15:47:32] [AioModule/Read/Completed/DEBUG]: Received contents(30bytes): ff ff 00 00 00 1e 00 0c 00 00 04 03 00 00 14 bb 00 00 12 1c 00 00 01 4d f6 31 01 2a 43 20 
[15:47:32] [ClientServer/ClientDecoder/INFO]: Receive a package 000C(所有玩家目标坐标更新)
[15:47:32] [ClientServer/ClientDecoder/INFO]: package 000C: /id: 1027/posX: 5307/posY: 4636
[15:47:32] [Client/GameBox/updateTarget/INFO]: receive Package 000C(角色目标)
[15:47:32] [Client/GameBox/updateTarget/INFO]: targetX: 5307/targetY 4636
[15:47:36] [SendingModule/sendTargetPos/DEBUG]: package 000B(角色移动意图) send!
[15:47:36] [AioModule/Write/Completed/DEBUG]: Sent 26 bytes to session/192.168.1.100:8438
[15:47:36] [SendingModule/sendTargetPos/DEBUG]: targetX: 5956/targetY: 4581
[15:47:36] [AioModule/Write/Completed/DEBUG]: Sent contents(26bytes): ff ff 00 00 00 1a 00 0b 00 00 17 44 00 00 11 e5 00 00 01 4d f6 31 12 56 97 3a 
[15:47:36] [AioModule/Read/Completed/DEBUG]: Received 30 bytes from session/192.168.1.100:8438
[15:47:36] [AioModule/Read/Completed/DEBUG]: Received contents(30bytes): ff ff 00 00 00 1e 00 0c 00 00 04 03 00 00 17 44 00 00 11 e5 00 00 01 4d f6 31 12 56 3c a3 
[15:47:36] [ClientServer/ClientDecoder/INFO]: Receive a package 000C(所有玩家目标坐标更新)
[15:47:36] [ClientServer/ClientDecoder/INFO]: package 000C: /id: 1027/posX: 5956/posY: 4581
[15:47:36] [Client/GameBox/updateTarget/INFO]: receive Package 000C(角色目标)
[15:47:36] [Client/GameBox/updateTarget/INFO]: targetX: 5956/targetY 4581
[15:47:37] [AioModule/Write/Completed/DEBUG]: Sent 26 bytes to session/192.168.1.100:8438
[15:47:37] [SendingModule/sendTargetPos/DEBUG]: package 000B(角色移动意图) send!
[15:47:37] [SendingModule/sendTargetPos/DEBUG]: targetX: 6015/targetY: 4575
[15:47:37] [AioModule/Write/Completed/DEBUG]: Sent contents(26bytes): ff ff 00 00 00 1a 00 0b 00 00 17 7f 00 00 11 df 00 00 01 4d f6 31 15 0e a4 9a 
[15:47:37] [AioModule/Read/Completed/DEBUG]: Received 30 bytes from session/192.168.1.100:8438
[15:47:37] [AioModule/Read/Completed/DEBUG]: Received contents(30bytes): ff ff 00 00 00 1e 00 0c 00 00 04 03 00 00 17 7f 00 00 11 df 00 00 01 4d f6 31 15 0e 50 f1 
[15:47:37] [ClientServer/ClientDecoder/INFO]: Receive a package 000C(所有玩家目标坐标更新)
[15:47:37] [ClientServer/ClientDecoder/INFO]: package 000C: /id: 1027/posX: 6015/posY: 4575
[15:47:37] [Client/GameBox/updateTarget/INFO]: receive Package 000C(角色目标)
[15:47:37] [Client/GameBox/updateTarget/INFO]: targetX: 6015/targetY 4575
[15:47:38] [SendingModule/sendTargetPos/DEBUG]: package 000B(角色移动意图) send!
[15:47:38] [AioModule/Write/Completed/DEBUG]: Sent 26 bytes to session/192.168.1.100:8438
[15:47:38] [SendingModule/sendTargetPos/DEBUG]: targetX: 6114/targetY: 4990
[15:47:38] [AioModule/Write/Completed/DEBUG]: Sent contents(26bytes): ff ff 00 00 00 1a 00 0b 00 00 17 e2 00 00 13 7e 00 00 01 4d f6 31 18 e8 5f 38 
[15:47:38] [AioModule/Read/Completed/DEBUG]: Received 30 bytes from session/192.168.1.100:8438
[15:47:38] [AioModule/Read/Completed/DEBUG]: Received contents(30bytes): ff ff 00 00 00 1e 00 0c 00 00 04 03 00 00 17 e2 00 00 13 7e 00 00 01 4d f6 31 18 e8 14 38 
[15:47:38] [ClientServer/ClientDecoder/INFO]: Receive a package 000C(所有玩家目标坐标更新)
[15:47:38] [ClientServer/ClientDecoder/INFO]: package 000C: /id: 1027/posX: 6114/posY: 4990
[15:47:38] [Client/GameBox/updateTarget/INFO]: receive Package 000C(角色目标)
[15:47:38] [Client/GameBox/updateTarget/INFO]: targetX: 6114/targetY 4990
[15:47:39] [SendingModule/sendTargetPos/DEBUG]: package 000B(角色移动意图) send!
[15:47:39] [AioModule/Write/Completed/DEBUG]: Sent 26 bytes to session/192.168.1.100:8438
[15:47:39] [SendingModule/sendTargetPos/DEBUG]: targetX: 6444/targetY: 4741
[15:47:39] [AioModule/Write/Completed/DEBUG]: Sent contents(26bytes): ff ff 00 00 00 1a 00 0b 00 00 19 2c 00 00 12 85 00 00 01 4d f6 31 1e 21 ae e5 
[15:47:40] [AioModule/Read/Completed/DEBUG]: Received 30 bytes from session/192.168.1.100:8438
[15:47:40] [AioModule/Read/Completed/DEBUG]: Received contents(30bytes): ff ff 00 00 00 1e 00 0c 00 00 04 03 00 00 19 2c 00 00 12 85 00 00 01 4d f6 31 1e 21 5f 82 
[15:47:40] [ClientServer/ClientDecoder/INFO]: Receive a package 000C(所有玩家目标坐标更新)
[15:47:40] [ClientServer/ClientDecoder/INFO]: package 000C: /id: 1027/posX: 6444/posY: 4741
[15:47:40] [Client/GameBox/updateTarget/INFO]: receive Package 000C(角色目标)
[15:47:40] [Client/GameBox/updateTarget/INFO]: targetX: 6444/targetY 4741
[15:47:41] [SendingModule/sendTargetPos/DEBUG]: package 000B(角色移动意图) send!
[15:47:41] [AioModule/Write/Completed/DEBUG]: Sent 26 bytes to session/192.168.1.100:8438
[15:47:41] [SendingModule/sendTargetPos/DEBUG]: targetX: 5636/targetY: 4918
[15:47:41] [AioModule/Write/Completed/DEBUG]: Sent contents(26bytes): ff ff 00 00 00 1a 00 0b 00 00 16 04 00 00 13 36 00 00 01 4d f6 31 24 06 25 69 
[15:47:41] [AioModule/Read/Completed/DEBUG]: Received 30 bytes from session/192.168.1.100:8438
[15:47:41] [AioModule/Read/Completed/DEBUG]: Received contents(30bytes): ff ff 00 00 00 1e 00 0c 00 00 04 03 00 00 16 04 00 00 13 36 00 00 01 4d f6 31 24 06 af e4 
[15:47:41] [ClientServer/ClientDecoder/INFO]: Receive a package 000C(所有玩家目标坐标更新)
[15:47:41] [ClientServer/ClientDecoder/INFO]: package 000C: /id: 1027/posX: 5636/posY: 4918
[15:47:41] [Client/GameBox/updateTarget/INFO]: receive Package 000C(角色目标)
[15:47:41] [Client/GameBox/updateTarget/INFO]: targetX: 5636/targetY 4918
[15:47:42] [SendingModule/sendTargetPos/DEBUG]: package 000B(角色移动意图) send!
[15:47:42] [AioModule/Write/Completed/DEBUG]: Sent 26 bytes to session/192.168.1.100:8438
[15:47:42] [SendingModule/sendTargetPos/DEBUG]: targetX: 5836/targetY: 5260
[15:47:42] [AioModule/Write/Completed/DEBUG]: Sent contents(26bytes): ff ff 00 00 00 1a 00 0b 00 00 16 cc 00 00 14 8c 00 00 01 4d f6 31 28 6e 12 bc 
[15:47:42] [AioModule/Read/Completed/DEBUG]: Received 30 bytes from session/192.168.1.100:8438
[15:47:42] [AioModule/Read/Completed/DEBUG]: Received contents(30bytes): ff ff 00 00 00 1e 00 0c 00 00 04 03 00 00 16 cc 00 00 14 8c 00 00 01 4d f6 31 28 6e 32 a0 
[15:47:42] [ClientServer/ClientDecoder/INFO]: Receive a package 000C(所有玩家目标坐标更新)
[15:47:42] [ClientServer/ClientDecoder/INFO]: package 000C: /id: 1027/posX: 5836/posY: 5260
[15:47:42] [Client/GameBox/updateTarget/INFO]: receive Package 000C(角色目标)
[15:47:42] [Client/GameBox/updateTarget/INFO]: targetX: 5836/targetY 5260
[15:47:43] [SendingModule/sendTargetPos/DEBUG]: package 000B(角色移动意图) send!
[15:47:43] [AioModule/Write/Completed/DEBUG]: Sent 26 bytes to session/192.168.1.100:8438
[15:47:43] [SendingModule/sendTargetPos/DEBUG]: targetX: 5343/targetY: 5105
[15:47:43] [AioModule/Write/Completed/DEBUG]: Sent contents(26bytes): ff ff 00 00 00 1a 00 0b 00 00 14 df 00 00 13 f1 00 00 01 4d f6 31 2c 2e 91 9a 
[15:47:43] [AioModule/Read/Completed/DEBUG]: Received 30 bytes from session/192.168.1.100:8438
[15:47:43] [AioModule/Read/Completed/DEBUG]: Received contents(30bytes): ff ff 00 00 00 1e 00 0c 00 00 04 03 00 00 14 df 00 00 13 f1 00 00 01 4d f6 31 2c 2e 15 62 
[15:47:43] [ClientServer/ClientDecoder/INFO]: Receive a package 000C(所有玩家目标坐标更新)
[15:47:43] [ClientServer/ClientDecoder/INFO]: package 000C: /id: 1027/posX: 5343/posY: 5105
[15:47:43] [Client/GameBox/updateTarget/INFO]: receive Package 000C(角色目标)
[15:47:43] [Client/GameBox/updateTarget/INFO]: targetX: 5343/targetY 5105
[15:47:44] [SendingModule/sendTargetPos/DEBUG]: package 000B(角色移动意图) send!
[15:47:44] [AioModule/Write/Completed/DEBUG]: Sent 26 bytes to session/192.168.1.100:8438
[15:47:44] [SendingModule/sendTargetPos/DEBUG]: targetX: 5653/targetY: 4667
[15:47:44] [AioModule/Write/Completed/DEBUG]: Sent contents(26bytes): ff ff 00 00 00 1a 00 0b 00 00 16 15 00 00 12 3b 00 00 01 4d f6 31 30 3a bf 30 
[15:47:44] [AioModule/Read/Completed/DEBUG]: Received 30 bytes from session/192.168.1.100:8438
[15:47:44] [AioModule/Read/Completed/DEBUG]: Received contents(30bytes): ff ff 00 00 00 1e 00 0c 00 00 04 03 00 00 16 15 00 00 12 3b 00 00 01 4d f6 31 30 3a 45 c8 
[15:47:44] [ClientServer/ClientDecoder/INFO]: Receive a package 000C(所有玩家目标坐标更新)
[15:47:44] [ClientServer/ClientDecoder/INFO]: package 000C: /id: 1027/posX: 5653/posY: 4667
[15:47:44] [Client/GameBox/updateTarget/INFO]: receive Package 000C(角色目标)
[15:47:44] [Client/GameBox/updateTarget/INFO]: targetX: 5653/targetY 4667
[15:47:45] [SendingModule/sendTargetPos/DEBUG]: package 000B(角色移动意图) send!
[15:47:45] [AioModule/Write/Completed/DEBUG]: Sent 26 bytes to session/192.168.1.100:8438
[15:47:45] [SendingModule/sendTargetPos/DEBUG]: targetX: 5967/targetY: 4415
[15:47:45] [AioModule/Write/Completed/DEBUG]: Sent contents(26bytes): ff ff 00 00 00 1a 00 0b 00 00 17 4f 00 00 11 3f 00 00 01 4d f6 31 34 23 45 60 
[15:47:45] [AioModule/Read/Completed/DEBUG]: Received 30 bytes from session/192.168.1.100:8438
[15:47:45] [AioModule/Read/Completed/DEBUG]: Received contents(30bytes): ff ff 00 00 00 1e 00 0c 00 00 04 03 00 00 17 4f 00 00 11 3f 00 00 01 4d f6 31 34 23 28 01 
[15:47:45] [ClientServer/ClientDecoder/INFO]: Receive a package 000C(所有玩家目标坐标更新)
[15:47:45] [ClientServer/ClientDecoder/INFO]: package 000C: /id: 1027/posX: 5967/posY: 4415
[15:47:45] [Client/GameBox/updateTarget/INFO]: receive Package 000C(角色目标)
[15:47:45] [Client/GameBox/updateTarget/INFO]: targetX: 5967/targetY 4415
[15:47:46] [SendingModule/sendTargetPos/DEBUG]: package 000B(角色移动意图) send!
[15:47:46] [AioModule/Write/Completed/DEBUG]: Sent 26 bytes to session/192.168.1.100:8438
[15:47:46] [SendingModule/sendTargetPos/DEBUG]: targetX: 6519/targetY: 4587
[15:47:46] [AioModule/Write/Completed/DEBUG]: Sent contents(26bytes): ff ff 00 00 00 1a 00 0b 00 00 19 77 00 00 11 eb 00 00 01 4d f6 31 37 ae 6d b5 
[15:47:46] [AioModule/Read/Completed/DEBUG]: Received 30 bytes from session/192.168.1.100:8438
[15:47:46] [AioModule/Read/Completed/DEBUG]: Received contents(30bytes): ff ff 00 00 00 1e 00 0c 00 00 04 03 00 00 19 77 00 00 11 eb 00 00 01 4d f6 31 37 ae 91 12 
[15:47:46] [ClientServer/ClientDecoder/INFO]: Receive a package 000C(所有玩家目标坐标更新)
[15:47:46] [ClientServer/ClientDecoder/INFO]: package 000C: /id: 1027/posX: 6519/posY: 4587
[15:47:46] [Client/GameBox/updateTarget/INFO]: receive Package 000C(角色目标)
[15:47:46] [Client/GameBox/updateTarget/INFO]: targetX: 6519/targetY 4587
[15:47:47] [SendingModule/sendTargetPos/DEBUG]: package 000B(角色移动意图) send!
[15:47:47] [AioModule/Write/Completed/DEBUG]: Sent 26 bytes to session/192.168.1.100:8438
[15:47:47] [SendingModule/sendTargetPos/DEBUG]: targetX: 6594/targetY: 4903
[15:47:47] [AioModule/Write/Completed/DEBUG]: Sent contents(26bytes): ff ff 00 00 00 1a 00 0b 00 00 19 c2 00 00 13 27 00 00 01 4d f6 31 3b 36 aa 2d 
[15:47:47] [AioModule/Read/Completed/DEBUG]: Received 30 bytes from session/192.168.1.100:8438
[15:47:47] [AioModule/Read/Completed/DEBUG]: Received contents(30bytes): ff ff 00 00 00 1e 00 0c 00 00 04 03 00 00 19 c2 00 00 13 27 00 00 01 4d f6 31 3b 36 a8 1d 
[15:47:47] [ClientServer/ClientDecoder/INFO]: Receive a package 000C(所有玩家目标坐标更新)
[15:47:47] [ClientServer/ClientDecoder/INFO]: package 000C: /id: 1027/posX: 6594/posY: 4903
[15:47:47] [Client/GameBox/updateTarget/INFO]: receive Package 000C(角色目标)
[15:47:47] [Client/GameBox/updateTarget/INFO]: targetX: 6594/targetY 4903
[15:47:47] [SendingModule/sendTargetPos/DEBUG]: package 000B(角色移动意图) send!
[15:47:47] [AioModule/Write/Completed/DEBUG]: Sent 26 bytes to session/192.168.1.100:8438
[15:47:47] [SendingModule/sendTargetPos/DEBUG]: targetX: 6419/targetY: 5053
[15:47:47] [AioModule/Write/Completed/DEBUG]: Sent contents(26bytes): ff ff 00 00 00 1a 00 0b 00 00 19 13 00 00 13 bd 00 00 01 4d f6 31 3e 7e 5e 0f 
[15:47:47] [AioModule/Read/Completed/DEBUG]: Received 30 bytes from session/192.168.1.100:8438
[15:47:47] [AioModule/Read/Completed/DEBUG]: Received contents(30bytes): ff ff 00 00 00 1e 00 0c 00 00 04 03 00 00 19 13 00 00 13 bd 00 00 01 4d f6 31 3e 7e 5a 86 
[15:47:47] [ClientServer/ClientDecoder/INFO]: Receive a package 000C(所有玩家目标坐标更新)
[15:47:47] [ClientServer/ClientDecoder/INFO]: package 000C: /id: 1027/posX: 6419/posY: 5053
[15:47:47] [Client/GameBox/updateTarget/INFO]: receive Package 000C(角色目标)
[15:47:47] [Client/GameBox/updateTarget/INFO]: targetX: 6419/targetY 5053
[15:47:48] [SendingModule/sendTargetPos/DEBUG]: package 000B(角色移动意图) send!
[15:47:48] [AioModule/Write/Completed/DEBUG]: Sent 26 bytes to session/192.168.1.100:8438
[15:47:48] [SendingModule/sendTargetPos/DEBUG]: targetX: 6246/targetY: 5248
[15:47:48] [AioModule/Write/Completed/DEBUG]: Sent contents(26bytes): ff ff 00 00 00 1a 00 0b 00 00 18 66 00 00 14 80 00 00 01 4d f6 31 41 ea b8 aa 
[15:47:48] [AioModule/Read/Completed/DEBUG]: Received 30 bytes from session/192.168.1.100:8438
[15:47:48] [AioModule/Read/Completed/DEBUG]: Received contents(30bytes): ff ff 00 00 00 1e 00 0c 00 00 04 03 00 00 18 66 00 00 14 80 00 00 01 4d f6 31 41 ea bc 85 
[15:47:48] [ClientServer/ClientDecoder/INFO]: Receive a package 000C(所有玩家目标坐标更新)
[15:47:48] [ClientServer/ClientDecoder/INFO]: package 000C: /id: 1027/posX: 6246/posY: 5248
[15:47:48] [Client/GameBox/updateTarget/INFO]: receive Package 000C(角色目标)
[15:47:48] [Client/GameBox/updateTarget/INFO]: targetX: 6246/targetY 5248
[15:47:49] [SendingModule/sendTargetPos/DEBUG]: package 000B(角色移动意图) send!
[15:47:49] [AioModule/Write/Completed/DEBUG]: Sent 26 bytes to session/192.168.1.100:8438
[15:47:49] [SendingModule/sendTargetPos/DEBUG]: targetX: 5819/targetY: 5350
[15:47:49] [AioModule/Write/Completed/DEBUG]: Sent contents(26bytes): ff ff 00 00 00 1a 00 0b 00 00 16 bb 00 00 14 e6 00 00 01 4d f6 31 45 6f 9e 46 
[15:47:49] [AioModule/Read/Completed/DEBUG]: Received 30 bytes from session/192.168.1.100:8438
[15:47:49] [AioModule/Read/Completed/DEBUG]: Received contents(30bytes): ff ff 00 00 00 1e 00 0c 00 00 04 03 00 00 16 bb 00 00 14 e6 00 00 01 4d f6 31 45 6f b9 4c 
[15:47:49] [ClientServer/ClientDecoder/INFO]: Receive a package 000C(所有玩家目标坐标更新)
[15:47:49] [ClientServer/ClientDecoder/INFO]: package 000C: /id: 1027/posX: 5819/posY: 5350
[15:47:49] [Client/GameBox/updateTarget/INFO]: receive Package 000C(角色目标)
[15:47:49] [Client/GameBox/updateTarget/INFO]: targetX: 5819/targetY 5350
[15:47:50] [SendingModule/sendTargetPos/DEBUG]: package 000B(角色移动意图) send!
[15:47:50] [AioModule/Write/Completed/DEBUG]: Sent 26 bytes to session/192.168.1.100:8438
[15:47:50] [SendingModule/sendTargetPos/DEBUG]: targetX: 5634/targetY: 5012
[15:47:50] [AioModule/Write/Completed/DEBUG]: Sent contents(26bytes): ff ff 00 00 00 1a 00 0b 00 00 16 02 00 00 13 94 00 00 01 4d f6 31 49 7d 1e e1 
[15:47:50] [AioModule/Read/Completed/DEBUG]: Received 30 bytes from session/192.168.1.100:8438
[15:47:50] [AioModule/Read/Completed/DEBUG]: Received contents(30bytes): ff ff 00 00 00 1e 00 0c 00 00 04 03 00 00 16 02 00 00 13 94 00 00 01 4d f6 31 49 7d 05 3f 
[15:47:50] [ClientServer/ClientDecoder/INFO]: Receive a package 000C(所有玩家目标坐标更新)
[15:47:50] [ClientServer/ClientDecoder/INFO]: package 000C: /id: 1027/posX: 5634/posY: 5012
[15:47:50] [Client/GameBox/updateTarget/INFO]: receive Package 000C(角色目标)
[15:47:50] [Client/GameBox/updateTarget/INFO]: targetX: 5634/targetY 5012
[15:47:51] [SendingModule/sendTargetPos/DEBUG]: package 000B(角色移动意图) send!
[15:47:51] [AioModule/Write/Completed/DEBUG]: Sent 26 bytes to session/192.168.1.100:8438
[15:47:51] [SendingModule/sendTargetPos/DEBUG]: targetX: 5471/targetY: 4881
[15:47:51] [AioModule/Write/Completed/DEBUG]: Sent contents(26bytes): ff ff 00 00 00 1a 00 0b 00 00 15 5f 00 00 13 11 00 00 01 4d f6 31 4d 04 a1 2d 
[15:47:51] [AioModule/Read/Completed/DEBUG]: Received 30 bytes from session/192.168.1.100:8438
[15:47:51] [AioModule/Read/Completed/DEBUG]: Received contents(30bytes): ff ff 00 00 00 1e 00 0c 00 00 04 03 00 00 15 5f 00 00 13 11 00 00 01 4d f6 31 4d 04 68 0b 
[15:47:51] [ClientServer/ClientDecoder/INFO]: Receive a package 000C(所有玩家目标坐标更新)
[15:47:51] [ClientServer/ClientDecoder/INFO]: package 000C: /id: 1027/posX: 5471/posY: 4881
[15:47:51] [Client/GameBox/updateTarget/INFO]: receive Package 000C(角色目标)
[15:47:51] [Client/GameBox/updateTarget/INFO]: targetX: 5471/targetY 4881
[15:47:52] [SendingModule/sendTargetPos/DEBUG]: package 000B(角色移动意图) send!
[15:47:52] [AioModule/Write/Completed/DEBUG]: Sent 26 bytes to session/192.168.1.100:8438
[15:47:52] [SendingModule/sendTargetPos/DEBUG]: targetX: 5466/targetY: 4502
[15:47:52] [AioModule/Write/Completed/DEBUG]: Sent contents(26bytes): ff ff 00 00 00 1a 00 0b 00 00 15 5a 00 00 11 96 00 00 01 4d f6 31 4f c4 a1 46 
[15:47:52] [AioModule/Read/Completed/DEBUG]: Received 30 bytes from session/192.168.1.100:8438
[15:47:52] [AioModule/Read/Completed/DEBUG]: Received contents(30bytes): ff ff 00 00 00 1e 00 0c 00 00 04 03 00 00 15 5a 00 00 11 96 00 00 01 4d f6 31 4f c4 75 39 
[15:47:52] [ClientServer/ClientDecoder/INFO]: Receive a package 000C(所有玩家目标坐标更新)
[15:47:52] [ClientServer/ClientDecoder/INFO]: package 000C: /id: 1027/posX: 5466/posY: 4502
[15:47:52] [Client/GameBox/updateTarget/INFO]: receive Package 000C(角色目标)
[15:47:52] [Client/GameBox/updateTarget/INFO]: targetX: 5466/targetY 4502
[15:47:52] [SendingModule/sendTargetPos/DEBUG]: package 000B(角色移动意图) send!
[15:47:52] [AioModule/Write/Completed/DEBUG]: Sent 26 bytes to session/192.168.1.100:8438
[15:47:52] [SendingModule/sendTargetPos/DEBUG]: targetX: 5465/targetY: 4443
[15:47:52] [AioModule/Write/Completed/DEBUG]: Sent contents(26bytes): ff ff 00 00 00 1a 00 0b 00 00 15 59 00 00 11 5b 00 00 01 4d f6 31 50 a2 12 7f 
[15:47:52] [AioModule/Read/Completed/DEBUG]: Received 30 bytes from session/192.168.1.100:8438
[15:47:52] [AioModule/Read/Completed/DEBUG]: Received contents(30bytes): ff ff 00 00 00 1e 00 0c 00 00 04 03 00 00 15 59 00 00 11 5b 00 00 01 4d f6 31 50 a2 ac a8 
[15:47:52] [ClientServer/ClientDecoder/INFO]: Receive a package 000C(所有玩家目标坐标更新)
[15:47:52] [ClientServer/ClientDecoder/INFO]: package 000C: /id: 1027/posX: 5465/posY: 4443
[15:47:52] [Client/GameBox/updateTarget/INFO]: receive Package 000C(角色目标)
[15:47:52] [Client/GameBox/updateTarget/INFO]: targetX: 5465/targetY 4443
[15:47:52] [AioModule/Write/Completed/DEBUG]: Sent 26 bytes to session/192.168.1.100:8438
[15:47:52] [SendingModule/sendTargetPos/DEBUG]: package 000B(角色移动意图) send!
[15:47:52] [SendingModule/sendTargetPos/DEBUG]: targetX: 5464/targetY: 4408
[15:47:52] [AioModule/Write/Completed/DEBUG]: Sent contents(26bytes): ff ff 00 00 00 1a 00 0b 00 00 15 58 00 00 11 38 00 00 01 4d f6 31 51 26 b0 24 
[15:47:53] [SendingModule/sendTargetPos/DEBUG]: package 000B(角色移动意图) send!
[15:47:53] [AioModule/Write/Completed/DEBUG]: Sent 26 bytes to session/192.168.1.100:8438
[15:47:53] [SendingModule/sendTargetPos/DEBUG]: targetX: 5878/targetY: 4300
[15:47:53] [AioModule/Write/Completed/DEBUG]: Sent contents(26bytes): ff ff 00 00 00 1a 00 0b 00 00 16 f6 00 00 10 cc 00 00 01 4d f6 31 54 49 4f e5 
[15:47:53] [AioModule/Read/Completed/DEBUG]: Received 30 bytes from session/192.168.1.100:8438
[15:47:53] [AioModule/Read/Completed/DEBUG]: Received contents(30bytes): ff ff 00 00 00 1e 00 0c 00 00 04 03 00 00 15 58 00 00 11 38 00 00 01 4d f6 31 51 26 5c 8d 
[15:47:53] [ClientServer/ClientDecoder/INFO]: Receive a package 000C(所有玩家目标坐标更新)
[15:47:53] [ClientServer/ClientDecoder/INFO]: package 000C: /id: 1027/posX: 5464/posY: 4408
[15:47:53] [Client/GameBox/updateTarget/INFO]: receive Package 000C(角色目标)
[15:47:53] [Client/GameBox/updateTarget/INFO]: targetX: 5464/targetY 4408
[15:47:53] [AioModule/Read/Completed/DEBUG]: Received 30 bytes from session/192.168.1.100:8438
[15:47:53] [AioModule/Read/Completed/DEBUG]: Received contents(30bytes): ff ff 00 00 00 1e 00 0c 00 00 04 03 00 00 16 f6 00 00 10 cc 00 00 01 4d f6 31 54 49 af 38 
[15:47:53] [ClientServer/ClientDecoder/INFO]: Receive a package 000C(所有玩家目标坐标更新)
[15:47:53] [ClientServer/ClientDecoder/INFO]: package 000C: /id: 1027/posX: 5878/posY: 4300
[15:47:53] [Client/GameBox/updateTarget/INFO]: receive Package 000C(角色目标)
[15:47:53] [Client/GameBox/updateTarget/INFO]: targetX: 5878/targetY 4300
[15:47:54] [SendingModule/sendTargetPos/DEBUG]: package 000B(角色移动意图) send!
[15:47:54] [AioModule/Write/Completed/DEBUG]: Sent 26 bytes to session/192.168.1.100:8438
[15:47:54] [SendingModule/sendTargetPos/DEBUG]: targetX: 6271/targetY: 4268
[15:47:54] [AioModule/Write/Completed/DEBUG]: Sent contents(26bytes): ff ff 00 00 00 1a 00 0b 00 00 18 7f 00 00 10 ac 00 00 01 4d f6 31 57 66 16 d3 
[15:47:54] [AioModule/Read/Completed/DEBUG]: Received 30 bytes from session/192.168.1.100:8438
[15:47:54] [AioModule/Read/Completed/DEBUG]: Received contents(30bytes): ff ff 00 00 00 1e 00 0c 00 00 04 03 00 00 18 7f 00 00 10 ac 00 00 01 4d f6 31 57 66 60 17 
[15:47:54] [ClientServer/ClientDecoder/INFO]: Receive a package 000C(所有玩家目标坐标更新)
[15:47:54] [ClientServer/ClientDecoder/INFO]: package 000C: /id: 1027/posX: 6271/posY: 4268
[15:47:54] [Client/GameBox/updateTarget/INFO]: receive Package 000C(角色目标)
[15:47:54] [Client/GameBox/updateTarget/INFO]: targetX: 6271/targetY 4268
[15:47:54] [SendingModule/sendTargetPos/DEBUG]: package 000B(角色移动意图) send!
[15:47:54] [AioModule/Write/Completed/DEBUG]: Sent 26 bytes to session/192.168.1.100:8438
[15:47:54] [SendingModule/sendTargetPos/DEBUG]: targetX: 6474/targetY: 4094
[15:47:54] [AioModule/Write/Completed/DEBUG]: Sent contents(26bytes): ff ff 00 00 00 1a 00 0b 00 00 19 4a 00 00 0f fe 00 00 01 4d f6 31 5a 5c 48 cd 
[15:47:55] [AioModule/Read/Completed/DEBUG]: Received 30 bytes from session/192.168.1.100:8438
[15:47:55] [AioModule/Read/Completed/DEBUG]: Received contents(30bytes): ff ff 00 00 00 1e 00 0c 00 00 04 03 00 00 19 4a 00 00 0f fe 00 00 01 4d f6 31 5a 5c 88 6c 
[15:47:55] [ClientServer/ClientDecoder/INFO]: Receive a package 000C(所有玩家目标坐标更新)
[15:47:55] [ClientServer/ClientDecoder/INFO]: package 000C: /id: 1027/posX: 6474/posY: 4094
[15:47:55] [Client/GameBox/updateTarget/INFO]: receive Package 000C(角色目标)
[15:47:55] [Client/GameBox/updateTarget/INFO]: targetX: 6474/targetY 4094
[15:47:55] [SendingModule/sendTargetPos/DEBUG]: package 000B(角色移动意图) send!
[15:47:55] [AioModule/Write/Completed/DEBUG]: Sent 26 bytes to session/192.168.1.100:8438
[15:47:55] [SendingModule/sendTargetPos/DEBUG]: targetX: 6796/targetY: 4691
[15:47:55] [AioModule/Write/Completed/DEBUG]: Sent contents(26bytes): ff ff 00 00 00 1a 00 0b 00 00 1a 8c 00 00 12 53 00 00 01 4d f6 31 5d 6e 93 68 
[15:47:55] [AioModule/Read/Completed/DEBUG]: Received 30 bytes from session/192.168.1.100:8438
[15:47:55] [AioModule/Read/Completed/DEBUG]: Received contents(30bytes): ff ff 00 00 00 1e 00 0c 00 00 04 03 00 00 1a 8c 00 00 12 53 00 00 01 4d f6 31 5d 6e 4b db 
[15:47:55] [ClientServer/ClientDecoder/INFO]: Receive a package 000C(所有玩家目标坐标更新)
[15:47:55] [ClientServer/ClientDecoder/INFO]: package 000C: /id: 1027/posX: 6796/posY: 4691
[15:47:55] [Client/GameBox/updateTarget/INFO]: receive Package 000C(角色目标)
[15:47:55] [Client/GameBox/updateTarget/INFO]: targetX: 6796/targetY 4691
[15:47:55] [SendingModule/sendTargetPos/DEBUG]: package 000B(角色移动意图) send!
[15:47:55] [AioModule/Write/Completed/DEBUG]: Sent 26 bytes to session/192.168.1.100:8438
[15:47:55] [SendingModule/sendTargetPos/DEBUG]: targetX: 6825/targetY: 4705
[15:47:55] [AioModule/Write/Completed/DEBUG]: Sent contents(26bytes): ff ff 00 00 00 1a 00 0b 00 00 1a a9 00 00 12 61 00 00 01 4d f6 31 5d ff 55 fc 
[15:47:55] [AioModule/Read/Completed/DEBUG]: Received 30 bytes from session/192.168.1.100:8438
[15:47:55] [AioModule/Read/Completed/DEBUG]: Received contents(30bytes): ff ff 00 00 00 1e 00 0c 00 00 04 03 00 00 1a a9 00 00 12 61 00 00 01 4d f6 31 5d ff 01 9d 
[15:47:55] [ClientServer/ClientDecoder/INFO]: Receive a package 000C(所有玩家目标坐标更新)
[15:47:55] [ClientServer/ClientDecoder/INFO]: package 000C: /id: 1027/posX: 6825/posY: 4705
[15:47:55] [Client/GameBox/updateTarget/INFO]: receive Package 000C(角色目标)
[15:47:55] [Client/GameBox/updateTarget/INFO]: targetX: 6825/targetY 4705
[15:47:56] [SendingModule/sendTargetPos/DEBUG]: package 000B(角色移动意图) send!
[15:47:56] [AioModule/Write/Completed/DEBUG]: Sent 26 bytes to session/192.168.1.100:8438
[15:47:56] [SendingModule/sendTargetPos/DEBUG]: targetX: 6971/targetY: 4807
[15:47:56] [AioModule/Write/Completed/DEBUG]: Sent contents(26bytes): ff ff 00 00 00 1a 00 0b 00 00 1b 3b 00 00 12 c7 00 00 01 4d f6 31 61 1a 9a 3e 
[15:47:56] [AioModule/Read/Completed/DEBUG]: Received 30 bytes from session/192.168.1.100:8438
[15:47:56] [AioModule/Read/Completed/DEBUG]: Received contents(30bytes): ff ff 00 00 00 1e 00 0c 00 00 04 03 00 00 1b 3b 00 00 12 c7 00 00 01 4d f6 31 61 1a 4a a3 
[15:47:56] [ClientServer/ClientDecoder/INFO]: Receive a package 000C(所有玩家目标坐标更新)
[15:47:56] [ClientServer/ClientDecoder/INFO]: package 000C: /id: 1027/posX: 6971/posY: 4807
[15:47:56] [Client/GameBox/updateTarget/INFO]: receive Package 000C(角色目标)
[15:47:56] [Client/GameBox/updateTarget/INFO]: targetX: 6971/targetY 4807
[15:47:56] [SendingModule/sendTargetPos/DEBUG]: package 000B(角色移动意图) send!
[15:47:56] [AioModule/Write/Completed/DEBUG]: Sent 26 bytes to session/192.168.1.100:8438
[15:47:56] [SendingModule/sendTargetPos/DEBUG]: targetX: 7010/targetY: 4827
[15:47:56] [AioModule/Write/Completed/DEBUG]: Sent contents(26bytes): ff ff 00 00 00 1a 00 0b 00 00 1b 62 00 00 12 db 00 00 01 4d f6 31 61 d9 3e 3b 
[15:47:56] [AioModule/Read/Completed/DEBUG]: Received 30 bytes from session/192.168.1.100:8438
[15:47:56] [AioModule/Read/Completed/DEBUG]: Received contents(30bytes): ff ff 00 00 00 1e 00 0c 00 00 04 03 00 00 1b 62 00 00 12 db 00 00 01 4d f6 31 61 d9 1c 2b 
[15:47:56] [ClientServer/ClientDecoder/INFO]: Receive a package 000C(所有玩家目标坐标更新)
[15:47:56] [ClientServer/ClientDecoder/INFO]: package 000C: /id: 1027/posX: 7010/posY: 4827
[15:47:56] [Client/GameBox/updateTarget/INFO]: receive Package 000C(角色目标)
[15:47:56] [Client/GameBox/updateTarget/INFO]: targetX: 7010/targetY 4827
[15:47:57] [SendingModule/sendTargetPos/DEBUG]: package 000B(角色移动意图) send!
[15:47:57] [AioModule/Write/Completed/DEBUG]: Sent 26 bytes to session/192.168.1.100:8438
[15:47:57] [SendingModule/sendTargetPos/DEBUG]: targetX: 6942/targetY: 4968
[15:47:57] [AioModule/Write/Completed/DEBUG]: Sent contents(26bytes): ff ff 00 00 00 1a 00 0b 00 00 1b 1e 00 00 13 68 00 00 01 4d f6 31 64 8a 2b bc 
[15:47:57] [AioModule/Read/Completed/DEBUG]: Received 30 bytes from session/192.168.1.100:8438
[15:47:57] [AioModule/Read/Completed/DEBUG]: Received contents(30bytes): ff ff 00 00 00 1e 00 0c 00 00 04 03 00 00 1b 1e 00 00 13 68 00 00 01 4d f6 31 64 8a 36 69 
[15:47:57] [ClientServer/ClientDecoder/INFO]: Receive a package 000C(所有玩家目标坐标更新)
[15:47:57] [ClientServer/ClientDecoder/INFO]: package 000C: /id: 1027/posX: 6942/posY: 4968
[15:47:57] [Client/GameBox/updateTarget/INFO]: receive Package 000C(角色目标)
[15:47:57] [Client/GameBox/updateTarget/INFO]: targetX: 6942/targetY 4968
[15:47:57] [SendingModule/sendTargetPos/DEBUG]: package 000B(角色移动意图) send!
[15:47:57] [AioModule/Write/Completed/DEBUG]: Sent 26 bytes to session/192.168.1.100:8438
[15:47:57] [SendingModule/sendTargetPos/DEBUG]: targetX: 6970/targetY: 4991
[15:47:57] [AioModule/Write/Completed/DEBUG]: Sent contents(26bytes): ff ff 00 00 00 1a 00 0b 00 00 1b 3a 00 00 13 7f 00 00 01 4d f6 31 65 38 32 1c 
[15:47:57] [AioModule/Read/Completed/DEBUG]: Received 30 bytes from session/192.168.1.100:8438
[15:47:57] [AioModule/Read/Completed/DEBUG]: Received contents(30bytes): ff ff 00 00 00 1e 00 0c 00 00 04 03 00 00 1b 3a 00 00 13 7f 00 00 01 4d f6 31 65 38 00 64 
[15:47:57] [ClientServer/ClientDecoder/INFO]: Receive a package 000C(所有玩家目标坐标更新)
[15:47:57] [ClientServer/ClientDecoder/INFO]: package 000C: /id: 1027/posX: 6970/posY: 4991
[15:47:57] [Client/GameBox/updateTarget/INFO]: receive Package 000C(角色目标)
[15:47:57] [Client/GameBox/updateTarget/INFO]: targetX: 6970/targetY 4991
[15:47:57] [SendingModule/sendTargetPos/DEBUG]: package 000B(角色移动意图) send!
[15:47:57] [AioModule/Write/Completed/DEBUG]: Sent 26 bytes to session/192.168.1.100:8438
[15:47:57] [SendingModule/sendTargetPos/DEBUG]: targetX: 7065/targetY: 5070
[15:47:57] [AioModule/Write/Completed/DEBUG]: Sent contents(26bytes): ff ff 00 00 00 1a 00 0b 00 00 1b 99 00 00 13 ce 00 00 01 4d f6 31 65 d4 31 b8 
[15:47:57] [AioModule/Read/Completed/DEBUG]: Received 30 bytes from session/192.168.1.100:8438
[15:47:57] [AioModule/Read/Completed/DEBUG]: Received contents(30bytes): ff ff 00 00 00 1e 00 0c 00 00 04 03 00 00 1b 99 00 00 13 ce 00 00 01 4d f6 31 65 d4 37 6b 
[15:47:57] [ClientServer/ClientDecoder/INFO]: Receive a package 000C(所有玩家目标坐标更新)
[15:47:57] [ClientServer/ClientDecoder/INFO]: package 000C: /id: 1027/posX: 7065/posY: 5070
[15:47:57] [Client/GameBox/updateTarget/INFO]: receive Package 000C(角色目标)
[15:47:57] [Client/GameBox/updateTarget/INFO]: targetX: 7065/targetY 5070
[15:47:58] [SendingModule/sendTargetPos/DEBUG]: package 000B(角色移动意图) send!
[15:47:58] [AioModule/Write/Completed/DEBUG]: Sent 26 bytes to session/192.168.1.100:8438
[15:47:58] [SendingModule/sendTargetPos/DEBUG]: targetX: 6916/targetY: 5208
[15:47:58] [AioModule/Write/Completed/DEBUG]: Sent contents(26bytes): ff ff 00 00 00 1a 00 0b 00 00 1b 04 00 00 14 58 00 00 01 4d f6 31 68 2d a7 12 
[15:47:58] [AioModule/Read/Completed/DEBUG]: Received 30 bytes from session/192.168.1.100:8438
[15:47:58] [AioModule/Read/Completed/DEBUG]: Received contents(30bytes): ff ff 00 00 00 1e 00 0c 00 00 04 03 00 00 1b 04 00 00 14 58 00 00 01 4d f6 31 68 2d 7d 95 
[15:47:58] [ClientServer/ClientDecoder/INFO]: Receive a package 000C(所有玩家目标坐标更新)
[15:47:58] [ClientServer/ClientDecoder/INFO]: package 000C: /id: 1027/posX: 6916/posY: 5208
[15:47:58] [Client/GameBox/updateTarget/INFO]: receive Package 000C(角色目标)
[15:47:58] [Client/GameBox/updateTarget/INFO]: targetX: 6916/targetY 5208
[15:47:58] [SendingModule/sendTargetPos/DEBUG]: package 000B(角色移动意图) send!
[15:47:58] [AioModule/Write/Completed/DEBUG]: Sent 26 bytes to session/192.168.1.100:8438
[15:47:58] [SendingModule/sendTargetPos/DEBUG]: targetX: 6934/targetY: 5240
[15:47:58] [AioModule/Write/Completed/DEBUG]: Sent contents(26bytes): ff ff 00 00 00 1a 00 0b 00 00 1b 16 00 00 14 78 00 00 01 4d f6 31 68 dd 04 08 
[15:47:58] [AioModule/Read/Completed/DEBUG]: Received 30 bytes from session/192.168.1.100:8438
[15:47:58] [AioModule/Read/Completed/DEBUG]: Received contents(30bytes): ff ff 00 00 00 1e 00 0c 00 00 04 03 00 00 1b 16 00 00 14 78 00 00 01 4d f6 31 68 dd 7d 93 
[15:47:58] [ClientServer/ClientDecoder/INFO]: Receive a package 000C(所有玩家目标坐标更新)
[15:47:58] [ClientServer/ClientDecoder/INFO]: package 000C: /id: 1027/posX: 6934/posY: 5240
[15:47:58] [Client/GameBox/updateTarget/INFO]: receive Package 000C(角色目标)
[15:47:58] [Client/GameBox/updateTarget/INFO]: targetX: 6934/targetY 5240
[15:47:59] [SendingModule/sendTargetPos/DEBUG]: package 000B(角色移动意图) send!
[15:47:59] [AioModule/Write/Completed/DEBUG]: Sent 26 bytes to session/192.168.1.100:8438
[15:47:59] [SendingModule/sendTargetPos/DEBUG]: targetX: 6994/targetY: 5346
[15:47:59] [AioModule/Write/Completed/DEBUG]: Sent contents(26bytes): ff ff 00 00 00 1a 00 0b 00 00 1b 52 00 00 14 e2 00 00 01 4d f6 31 6a e5 b8 42 
[15:47:59] [AioModule/Read/Completed/DEBUG]: Received 30 bytes from session/192.168.1.100:8438
[15:47:59] [AioModule/Read/Completed/DEBUG]: Received contents(30bytes): ff ff 00 00 00 1e 00 0c 00 00 04 03 00 00 1b 52 00 00 14 e2 00 00 01 4d f6 31 6a e5 a2 0c 
[15:47:59] [ClientServer/ClientDecoder/INFO]: Receive a package 000C(所有玩家目标坐标更新)
[15:47:59] [ClientServer/ClientDecoder/INFO]: package 000C: /id: 1027/posX: 6994/posY: 5346
[15:47:59] [Client/GameBox/updateTarget/INFO]: receive Package 000C(角色目标)
[15:47:59] [Client/GameBox/updateTarget/INFO]: targetX: 6994/targetY 5346
[15:47:59] [SendingModule/sendTargetPos/DEBUG]: package 000B(角色移动意图) send!
[15:47:59] [AioModule/Write/Completed/DEBUG]: Sent 26 bytes to session/192.168.1.100:8438
[15:47:59] [SendingModule/sendTargetPos/DEBUG]: targetX: 7010/targetY: 5374
[15:47:59] [AioModule/Write/Completed/DEBUG]: Sent contents(26bytes): ff ff 00 00 00 1a 00 0b 00 00 1b 62 00 00 14 fe 00 00 01 4d f6 31 6b 71 05 be 
[15:47:59] [AioModule/Read/Completed/DEBUG]: Received 30 bytes from session/192.168.1.100:8438
[15:47:59] [AioModule/Read/Completed/DEBUG]: Received contents(30bytes): ff ff 00 00 00 1e 00 0c 00 00 04 03 00 00 1b 62 00 00 14 fe 00 00 01 4d f6 31 6b 71 35 ba 
[15:47:59] [ClientServer/ClientDecoder/INFO]: Receive a package 000C(所有玩家目标坐标更新)
[15:47:59] [ClientServer/ClientDecoder/INFO]: package 000C: /id: 1027/posX: 7010/posY: 5374
[15:47:59] [Client/GameBox/updateTarget/INFO]: receive Package 000C(角色目标)
[15:47:59] [Client/GameBox/updateTarget/INFO]: targetX: 7010/targetY 5374
[15:47:59] [SendingModule/sendTargetPos/DEBUG]: package 000B(角色移动意图) send!
[15:47:59] [AioModule/Write/Completed/DEBUG]: Sent 26 bytes to session/192.168.1.100:8438
[15:47:59] [SendingModule/sendTargetPos/DEBUG]: targetX: 7025/targetY: 5403
[15:47:59] [AioModule/Write/Completed/DEBUG]: Sent contents(26bytes): ff ff 00 00 00 1a 00 0b 00 00 1b 71 00 00 15 1b 00 00 01 4d f6 31 6b ff 7c 41 
[15:47:59] [AioModule/Read/Completed/DEBUG]: Received 30 bytes from session/192.168.1.100:8438
[15:47:59] [AioModule/Read/Completed/DEBUG]: Received contents(30bytes): ff ff 00 00 00 1e 00 0c 00 00 04 03 00 00 1b 71 00 00 15 1b 00 00 01 4d f6 31 6b ff b9 56 
[15:47:59] [ClientServer/ClientDecoder/INFO]: Receive a package 000C(所有玩家目标坐标更新)
[15:47:59] [ClientServer/ClientDecoder/INFO]: package 000C: /id: 1027/posX: 7025/posY: 5403
[15:47:59] [Client/GameBox/updateTarget/INFO]: receive Package 000C(角色目标)
[15:47:59] [Client/GameBox/updateTarget/INFO]: targetX: 7025/targetY 5403
[15:47:59] [SendingModule/sendTargetPos/DEBUG]: package 000B(角色移动意图) send!
[15:47:59] [AioModule/Write/Completed/DEBUG]: Sent 26 bytes to session/192.168.1.100:8438
[15:47:59] [SendingModule/sendTargetPos/DEBUG]: targetX: 7037/targetY: 5425
[15:47:59] [AioModule/Write/Completed/DEBUG]: Sent contents(26bytes): ff ff 00 00 00 1a 00 0b 00 00 1b 7d 00 00 15 31 00 00 01 4d f6 31 6c 62 44 04 
[15:47:59] [AioModule/Read/Completed/DEBUG]: Received 30 bytes from session/192.168.1.100:8438
[15:47:59] [AioModule/Read/Completed/DEBUG]: Received contents(30bytes): ff ff 00 00 00 1e 00 0c 00 00 04 03 00 00 1b 7d 00 00 15 31 00 00 01 4d f6 31 6c 62 9b 13 
[15:47:59] [ClientServer/ClientDecoder/INFO]: Receive a package 000C(所有玩家目标坐标更新)
[15:47:59] [ClientServer/ClientDecoder/INFO]: package 000C: /id: 1027/posX: 7037/posY: 5425
[15:47:59] [Client/GameBox/updateTarget/INFO]: receive Package 000C(角色目标)
[15:47:59] [Client/GameBox/updateTarget/INFO]: targetX: 7037/targetY 5425
[15:47:59] [SendingModule/sendTargetPos/DEBUG]: package 000B(角色移动意图) send!
[15:47:59] [AioModule/Write/Completed/DEBUG]: Sent 26 bytes to session/192.168.1.100:8438
[15:47:59] [SendingModule/sendTargetPos/DEBUG]: targetX: 7057/targetY: 5459
[15:47:59] [AioModule/Write/Completed/DEBUG]: Sent contents(26bytes): ff ff 00 00 00 1a 00 0b 00 00 1b 91 00 00 15 53 00 00 01 4d f6 31 6c f9 0b 43 
[15:47:59] [AioModule/Read/Completed/DEBUG]: Received 30 bytes from session/192.168.1.100:8438
[15:47:59] [AioModule/Read/Completed/DEBUG]: Received contents(30bytes): ff ff 00 00 00 1e 00 0c 00 00 04 03 00 00 1b 91 00 00 15 53 00 00 01 4d f6 31 6c f9 c1 b7 
[15:47:59] [ClientServer/ClientDecoder/INFO]: Receive a package 000C(所有玩家目标坐标更新)
[15:47:59] [ClientServer/ClientDecoder/INFO]: package 000C: /id: 1027/posX: 7057/posY: 5459
[15:47:59] [Client/GameBox/updateTarget/INFO]: receive Package 000C(角色目标)
[15:47:59] [Client/GameBox/updateTarget/INFO]: targetX: 7057/targetY 5459
[15:47:59] [SendingModule/sendTargetPos/DEBUG]: package 000B(角色移动意图) send!
[15:47:59] [AioModule/Write/Completed/DEBUG]: Sent 26 bytes to session/192.168.1.100:8438
[15:47:59] [SendingModule/sendTargetPos/DEBUG]: targetX: 7071/targetY: 5485
[15:47:59] [AioModule/Write/Completed/DEBUG]: Sent contents(26bytes): ff ff 00 00 00 1a 00 0b 00 00 1b 9f 00 00 15 6d 00 00 01 4d f6 31 6d 6b a6 58 
[15:47:59] [AioModule/Read/Completed/DEBUG]: Received 30 bytes from session/192.168.1.100:8438
[15:47:59] [AioModule/Read/Completed/DEBUG]: Received contents(30bytes): ff ff 00 00 00 1e 00 0c 00 00 04 03 00 00 1b 9f 00 00 15 6d 00 00 01 4d f6 31 6d 6b 4d f6 
[15:47:59] [ClientServer/ClientDecoder/INFO]: Receive a package 000C(所有玩家目标坐标更新)
[15:47:59] [ClientServer/ClientDecoder/INFO]: package 000C: /id: 1027/posX: 7071/posY: 5485
[15:47:59] [Client/GameBox/updateTarget/INFO]: receive Package 000C(角色目标)
[15:47:59] [Client/GameBox/updateTarget/INFO]: targetX: 7071/targetY 5485
[15:47:59] [SendingModule/sendTargetPos/DEBUG]: package 000B(角色移动意图) send!
[15:47:59] [AioModule/Write/Completed/DEBUG]: Sent 26 bytes to session/192.168.1.100:8438
[15:47:59] [SendingModule/sendTargetPos/DEBUG]: targetX: 7085/targetY: 5510
[15:47:59] [AioModule/Write/Completed/DEBUG]: Sent contents(26bytes): ff ff 00 00 00 1a 00 0b 00 00 1b ad 00 00 15 86 00 00 01 4d f6 31 6d e6 2a c1 
[15:48:00] [AioModule/Read/Completed/DEBUG]: Received 30 bytes from session/192.168.1.100:8438
[15:48:00] [AioModule/Read/Completed/DEBUG]: Received contents(30bytes): ff ff 00 00 00 1e 00 0c 00 00 04 03 00 00 1b ad 00 00 15 86 00 00 01 4d f6 31 6d e6 0b d2 
[15:48:00] [ClientServer/ClientDecoder/INFO]: Receive a package 000C(所有玩家目标坐标更新)
[15:48:00] [ClientServer/ClientDecoder/INFO]: package 000C: /id: 1027/posX: 7085/posY: 5510
[15:48:00] [Client/GameBox/updateTarget/INFO]: receive Package 000C(角色目标)
[15:48:00] [Client/GameBox/updateTarget/INFO]: targetX: 7085/targetY 5510
[15:48:00] [SendingModule/sendTargetPos/DEBUG]: package 000B(角色移动意图) send!
[15:48:00] [AioModule/Write/Completed/DEBUG]: Sent 26 bytes to session/192.168.1.100:8438
[15:48:00] [SendingModule/sendTargetPos/DEBUG]: targetX: 7108/targetY: 5551
[15:48:00] [AioModule/Write/Completed/DEBUG]: Sent contents(26bytes): ff ff 00 00 00 1a 00 0b 00 00 1b c4 00 00 15 af 00 00 01 4d f6 31 6e 74 26 ef 
[15:48:00] [AioModule/Read/Completed/DEBUG]: Received 30 bytes from session/192.168.1.100:8438
[15:48:00] [AioModule/Read/Completed/DEBUG]: Received contents(30bytes): ff ff 00 00 00 1e 00 0c 00 00 04 03 00 00 1b c4 00 00 15 af 00 00 01 4d f6 31 6e 74 89 9a 
[15:48:00] [ClientServer/ClientDecoder/INFO]: Receive a package 000C(所有玩家目标坐标更新)
[15:48:00] [ClientServer/ClientDecoder/INFO]: package 000C: /id: 1027/posX: 7108/posY: 5551
[15:48:00] [Client/GameBox/updateTarget/INFO]: receive Package 000C(角色目标)
[15:48:00] [Client/GameBox/updateTarget/INFO]: targetX: 7108/targetY 5551
[15:48:00] [SendingModule/sendTargetPos/DEBUG]: package 000B(角色移动意图) send!
[15:48:00] [AioModule/Write/Completed/DEBUG]: Sent 26 bytes to session/192.168.1.100:8438
[15:48:00] [SendingModule/sendTargetPos/DEBUG]: targetX: 7124/targetY: 5578
[15:48:00] [AioModule/Write/Completed/DEBUG]: Sent contents(26bytes): ff ff 00 00 00 1a 00 0b 00 00 1b d4 00 00 15 ca 00 00 01 4d f6 31 6e f0 ab 47 
[15:48:00] [AioModule/Read/Completed/DEBUG]: Received 30 bytes from session/192.168.1.100:8438
[15:48:00] [AioModule/Read/Completed/DEBUG]: Received contents(30bytes): ff ff 00 00 00 1e 00 0c 00 00 04 03 00 00 1b d4 00 00 15 ca 00 00 01 4d f6 31 6e f0 4a 8d 
[15:48:00] [ClientServer/ClientDecoder/INFO]: Receive a package 000C(所有玩家目标坐标更新)
[15:48:00] [ClientServer/ClientDecoder/INFO]: package 000C: /id: 1027/posX: 7124/posY: 5578
[15:48:00] [Client/GameBox/updateTarget/INFO]: receive Package 000C(角色目标)
[15:48:00] [Client/GameBox/updateTarget/INFO]: targetX: 7124/targetY 5578
[15:48:00] [SendingModule/sendTargetPos/DEBUG]: package 000B(角色移动意图) send!
[15:48:00] [AioModule/Write/Completed/DEBUG]: Sent 26 bytes to session/192.168.1.100:8438
[15:48:00] [SendingModule/sendTargetPos/DEBUG]: targetX: 7142/targetY: 5612
[15:48:00] [AioModule/Write/Completed/DEBUG]: Sent contents(26bytes): ff ff 00 00 00 1a 00 0b 00 00 1b e6 00 00 15 ec 00 00 01 4d f6 31 6f 7d a4 7e 
[15:48:00] [AioModule/Read/Completed/DEBUG]: Received 30 bytes from session/192.168.1.100:8438
[15:48:00] [AioModule/Read/Completed/DEBUG]: Received contents(30bytes): ff ff 00 00 00 1e 00 0c 00 00 04 03 00 00 1b e6 00 00 15 ec 00 00 01 4d f6 31 6f 7d b1 77 
[15:48:00] [ClientServer/ClientDecoder/INFO]: Receive a package 000C(所有玩家目标坐标更新)
[15:48:00] [ClientServer/ClientDecoder/INFO]: package 000C: /id: 1027/posX: 7142/posY: 5612
[15:48:00] [Client/GameBox/updateTarget/INFO]: receive Package 000C(角色目标)
[15:48:00] [Client/GameBox/updateTarget/INFO]: targetX: 7142/targetY 5612
[15:48:00] [AioModule/Write/Completed/DEBUG]: Sent 26 bytes to session/192.168.1.100:8438
[15:48:00] [SendingModule/sendTargetPos/DEBUG]: package 000B(角色移动意图) send!
[15:48:00] [SendingModule/sendTargetPos/DEBUG]: targetX: 7159/targetY: 5641
[15:48:00] [AioModule/Write/Completed/DEBUG]: Sent contents(26bytes): ff ff 00 00 00 1a 00 0b 00 00 1b f7 00 00 16 09 00 00 01 4d f6 31 6f ff b7 a0 
[15:48:00] [AioModule/Read/Completed/DEBUG]: Received 30 bytes from session/192.168.1.100:8438
[15:48:00] [AioModule/Read/Completed/DEBUG]: Received contents(30bytes): ff ff 00 00 00 1e 00 0c 00 00 04 03 00 00 1b f7 00 00 16 09 00 00 01 4d f6 31 6f ff 13 94 
[15:48:00] [ClientServer/ClientDecoder/INFO]: Receive a package 000C(所有玩家目标坐标更新)
[15:48:00] [ClientServer/ClientDecoder/INFO]: package 000C: /id: 1027/posX: 7159/posY: 5641
[15:48:00] [Client/GameBox/updateTarget/INFO]: receive Package 000C(角色目标)
[15:48:00] [Client/GameBox/updateTarget/INFO]: targetX: 7159/targetY 5641
[15:48:00] [SendingModule/sendTargetPos/DEBUG]: package 000B(角色移动意图) send!
[15:48:00] [AioModule/Write/Completed/DEBUG]: Sent 26 bytes to session/192.168.1.100:8438
[15:48:00] [SendingModule/sendTargetPos/DEBUG]: targetX: 7173/targetY: 5666
[15:48:00] [AioModule/Write/Completed/DEBUG]: Sent contents(26bytes): ff ff 00 00 00 1a 00 0b 00 00 1c 05 00 00 16 22 00 00 01 4d f6 31 70 79 36 c3 
[15:48:00] [AioModule/Read/Completed/DEBUG]: Received 30 bytes from session/192.168.1.100:8438
[15:48:00] [AioModule/Read/Completed/DEBUG]: Received contents(30bytes): ff ff 00 00 00 1e 00 0c 00 00 04 03 00 00 1c 05 00 00 16 22 00 00 01 4d f6 31 70 79 a7 85 
[15:48:00] [ClientServer/ClientDecoder/INFO]: Receive a package 000C(所有玩家目标坐标更新)
[15:48:00] [ClientServer/ClientDecoder/INFO]: package 000C: /id: 1027/posX: 7173/posY: 5666
[15:48:00] [Client/GameBox/updateTarget/INFO]: receive Package 000C(角色目标)
[15:48:00] [Client/GameBox/updateTarget/INFO]: targetX: 7173/targetY 5666
[15:48:00] [SendingModule/sendTargetPos/DEBUG]: package 000B(角色移动意图) send!
[15:48:00] [AioModule/Write/Completed/DEBUG]: Sent 26 bytes to session/192.168.1.100:8438
[15:48:00] [SendingModule/sendTargetPos/DEBUG]: targetX: 7189/targetY: 5694
[15:48:00] [AioModule/Write/Completed/DEBUG]: Sent contents(26bytes): ff ff 00 00 00 1a 00 0b 00 00 1c 15 00 00 16 3e 00 00 01 4d f6 31 71 05 46 14 
[15:48:00] [AioModule/Read/Completed/DEBUG]: Received 30 bytes from session/192.168.1.100:8438
[15:48:00] [AioModule/Read/Completed/DEBUG]: Received contents(30bytes): ff ff 00 00 00 1e 00 0c 00 00 04 03 00 00 1c 15 00 00 16 3e 00 00 01 4d f6 31 71 05 3a 33 
[15:48:00] [ClientServer/ClientDecoder/INFO]: Receive a package 000C(所有玩家目标坐标更新)
[15:48:00] [ClientServer/ClientDecoder/INFO]: package 000C: /id: 1027/posX: 7189/posY: 5694
[15:48:00] [Client/GameBox/updateTarget/INFO]: receive Package 000C(角色目标)
[15:48:00] [Client/GameBox/updateTarget/INFO]: targetX: 7189/targetY 5694
[15:48:00] [SendingModule/sendTargetPos/DEBUG]: package 000B(角色移动意图) send!
[15:48:00] [AioModule/Write/Completed/DEBUG]: Sent 26 bytes to session/192.168.1.100:8438
[15:48:00] [SendingModule/sendTargetPos/DEBUG]: targetX: 7212/targetY: 5735
[15:48:00] [AioModule/Write/Completed/DEBUG]: Sent contents(26bytes): ff ff 00 00 00 1a 00 0b 00 00 1c 2c 00 00 16 67 00 00 01 4d f6 31 71 88 41 1f 
[15:48:00] [AioModule/Read/Completed/DEBUG]: Received 30 bytes from session/192.168.1.100:8438
[15:48:00] [AioModule/Read/Completed/DEBUG]: Received contents(30bytes): ff ff 00 00 00 1e 00 0c 00 00 04 03 00 00 1c 2c 00 00 16 67 00 00 01 4d f6 31 71 88 b6 d4 
[15:48:00] [ClientServer/ClientDecoder/INFO]: Receive a package 000C(所有玩家目标坐标更新)
[15:48:00] [ClientServer/ClientDecoder/INFO]: package 000C: /id: 1027/posX: 7212/posY: 5735
[15:48:00] [Client/GameBox/updateTarget/INFO]: receive Package 000C(角色目标)
[15:48:00] [Client/GameBox/updateTarget/INFO]: targetX: 7212/targetY 5735
[15:48:01] [SendingModule/sendTargetPos/DEBUG]: package 000B(角色移动意图) send!
[15:48:01] [AioModule/Write/Completed/DEBUG]: Sent 26 bytes to session/192.168.1.100:8438
[15:48:01] [SendingModule/sendTargetPos/DEBUG]: targetX: 7530/targetY: 5484
[15:48:01] [AioModule/Write/Completed/DEBUG]: Sent contents(26bytes): ff ff 00 00 00 1a 00 0b 00 00 1d 6a 00 00 15 6c 00 00 01 4d f6 31 74 5c 11 f3 
[15:48:01] [AioModule/Read/Completed/DEBUG]: Received 30 bytes from session/192.168.1.100:8438
[15:48:01] [AioModule/Read/Completed/DEBUG]: Received contents(30bytes): ff ff 00 00 00 1e 00 0c 00 00 04 03 00 00 1d 6a 00 00 15 6c 00 00 01 4d f6 31 74 5c 71 04 
[15:48:01] [ClientServer/ClientDecoder/INFO]: Receive a package 000C(所有玩家目标坐标更新)
[15:48:01] [ClientServer/ClientDecoder/INFO]: package 000C: /id: 1027/posX: 7530/posY: 5484
[15:48:01] [Client/GameBox/updateTarget/INFO]: receive Package 000C(角色目标)
[15:48:01] [Client/GameBox/updateTarget/INFO]: targetX: 7530/targetY 5484
[15:48:02] [SendingModule/sendTargetPos/DEBUG]: package 000B(角色移动意图) send!
[15:48:02] [AioModule/Write/Completed/DEBUG]: Sent 26 bytes to session/192.168.1.100:8438
[15:48:02] [SendingModule/sendTargetPos/DEBUG]: targetX: 7295/targetY: 5384
[15:48:02] [AioModule/Write/Completed/DEBUG]: Sent contents(26bytes): ff ff 00 00 00 1a 00 0b 00 00 1c 7f 00 00 15 08 00 00 01 4d f6 31 78 1a 56 97 
[15:48:02] [AioModule/Read/Completed/DEBUG]: Received 30 bytes from session/192.168.1.100:8438
[15:48:02] [AioModule/Read/Completed/DEBUG]: Received contents(30bytes): ff ff 00 00 00 1e 00 0c 00 00 04 03 00 00 1c 7f 00 00 15 08 00 00 01 4d f6 31 78 1a 27 a8 
[15:48:02] [ClientServer/ClientDecoder/INFO]: Receive a package 000C(所有玩家目标坐标更新)
[15:48:02] [ClientServer/ClientDecoder/INFO]: package 000C: /id: 1027/posX: 7295/posY: 5384
[15:48:02] [Client/GameBox/updateTarget/INFO]: receive Package 000C(角色目标)
[15:48:02] [Client/GameBox/updateTarget/INFO]: targetX: 7295/targetY 5384
[15:48:04] [SendingModule/sendTargetPos/DEBUG]: package 000B(角色移动意图) send!
[15:48:04] [AioModule/Write/Completed/DEBUG]: Sent 26 bytes to session/192.168.1.100:8438
[15:48:04] [SendingModule/sendTargetPos/DEBUG]: targetX: 6804/targetY: 5202
[15:48:04] [AioModule/Write/Completed/DEBUG]: Sent contents(26bytes): ff ff 00 00 00 1a 00 0b 00 00 1a 94 00 00 14 52 00 00 01 4d f6 31 7e 31 10 e2 
[15:48:04] [AioModule/Read/Completed/DEBUG]: Received 30 bytes from session/192.168.1.100:8438
[15:48:04] [AioModule/Read/Completed/DEBUG]: Received contents(30bytes): ff ff 00 00 00 1e 00 0c 00 00 04 03 00 00 1a 94 00 00 14 52 00 00 01 4d f6 31 7e 31 20 b2 
[15:48:04] [ClientServer/ClientDecoder/INFO]: Receive a package 000C(所有玩家目标坐标更新)
[15:48:04] [ClientServer/ClientDecoder/INFO]: package 000C: /id: 1027/posX: 6804/posY: 5202
[15:48:04] [Client/GameBox/updateTarget/INFO]: receive Package 000C(角色目标)
[15:48:04] [Client/GameBox/updateTarget/INFO]: targetX: 6804/targetY 5202
[15:48:04] [SendingModule/sendTargetPos/DEBUG]: package 000B(角色移动意图) send!
[15:48:04] [AioModule/Write/Completed/DEBUG]: Sent 26 bytes to session/192.168.1.100:8438
[15:48:04] [SendingModule/sendTargetPos/DEBUG]: targetX: 6726/targetY: 5173
[15:48:04] [AioModule/Write/Completed/DEBUG]: Sent contents(26bytes): ff ff 00 00 00 1a 00 0b 00 00 1a 46 00 00 14 35 00 00 01 4d f6 31 7f 2c 1e 07 
[15:48:04] [AioModule/Read/Completed/DEBUG]: Received 30 bytes from session/192.168.1.100:8438
[15:48:04] [AioModule/Read/Completed/DEBUG]: Received contents(30bytes): ff ff 00 00 00 1e 00 0c 00 00 04 03 00 00 1a 46 00 00 14 35 00 00 01 4d f6 31 7f 2c a7 71 
[15:48:04] [ClientServer/ClientDecoder/INFO]: Receive a package 000C(所有玩家目标坐标更新)
[15:48:04] [ClientServer/ClientDecoder/INFO]: package 000C: /id: 1027/posX: 6726/posY: 5173
[15:48:04] [Client/GameBox/updateTarget/INFO]: receive Package 000C(角色目标)
[15:48:04] [Client/GameBox/updateTarget/INFO]: targetX: 6726/targetY 5173
[15:48:05] [SendingModule/sendTargetPos/DEBUG]: package 000B(角色移动意图) send!
[15:48:05] [AioModule/Write/Completed/DEBUG]: Sent 26 bytes to session/192.168.1.100:8438
[15:48:05] [SendingModule/sendTargetPos/DEBUG]: targetX: 6202/targetY: 5038
[15:48:05] [AioModule/Write/Completed/DEBUG]: Sent contents(26bytes): ff ff 00 00 00 1a 00 0b 00 00 18 3a 00 00 13 ae 00 00 01 4d f6 31 82 90 05 32 
[15:48:05] [AioModule/Read/Completed/DEBUG]: Received 30 bytes from session/192.168.1.100:8438
[15:48:05] [AioModule/Read/Completed/DEBUG]: Received contents(30bytes): ff ff 00 00 00 1e 00 0c 00 00 04 03 00 00 18 3a 00 00 13 ae 00 00 01 4d f6 31 82 90 43 38 
[15:48:05] [ClientServer/ClientDecoder/INFO]: Receive a package 000C(所有玩家目标坐标更新)
[15:48:05] [ClientServer/ClientDecoder/INFO]: package 000C: /id: 1027/posX: 6202/posY: 5038
[15:48:05] [Client/GameBox/updateTarget/INFO]: receive Package 000C(角色目标)
[15:48:05] [Client/GameBox/updateTarget/INFO]: targetX: 6202/targetY 5038
[15:48:14] [ClientServer/ClientMain/KERNEL]: 7.游戏结束，退出主程序
[15:48:14] [SendingModule/sendLogout/INFO]: logout send!
[15:48:14] [AioModule/Write/Completed/DEBUG]: Sent 14 bytes to session/192.168.1.100:8438
[15:48:14] [AioModule/Write/Completed/DEBUG]: Sent contents(14bytes): ff ff 00 00 00 0e 00 13 00 00 00 00 84 c6 
[15:48:14] [AioModule/Read/Completed/DEBUG]: Received 18 bytes from session/192.168.1.100:8438
[15:48:14] [AioModule/Read/Completed/DEBUG]: Received contents(18bytes): ff ff 00 00 00 12 00 1e 00 00 04 03 00 00 00 00 6d f2 
[15:48:14] [ClientServer/ClientDecoder/INFO]: Receive a package 001E(下线包)
