[17:41:27] [ClientServer/ClientMain/init/DEBUG]: address: baidu.com:80
[17:41:27] [ClientServer/ClientMain/init/DEBUG]: 图片加载成功
[17:41:27] [ClientServer/ClientMain/init/DEBUG]: GIF动画加载成功
[17:41:27] [ClientServer/ClientMain/init/DEBUG]: 物品预加载成功
[17:41:27] [ClientServer/ClientMain/init/DEBUG]: init over
[17:41:27] [ClientServer/ClientMain/KERNEL]: 0.开始建立网络连接…………
[17:41:27] [ClientServer/ClientMain/setUpConnection/DEBUG]: setUpConnection over
[17:41:27] [ClientServer/ClientMain/KERNEL]: 1.网络连接成功!
[17:41:27] [ClientServer/ClientMain/KERNEL]: 2.发送0000包，确认对方是否为服务器Gate端
[17:41:27] [SendingModule/send00Package/INFO]: send00Package over
[17:41:27] [ClientSever/LoginBox/serverState/INFO]: Receive a package 0001(回应连接请求)
[17:41:27] [AioModule/Write/Completed/DEBUG]: Sent 14 bytes to sessionbaidu.com/123.125.114.144:80
[17:41:27] [ClientSever/LoginBox/serverState/INFO]: package 0001: 1
[17:41:27] [ClientServer/ClientMain/KERNEL]: 3.收到0001包，确认对方为服务器Gate端
[17:41:27] [AioModule/Write/Completed/DEBUG]: Sent contents(14bytes): ff ff 00 00 00 0e 00 00 00 00 30 39 20 db 
[17:41:27] [ClientServer/ClientMain/KERNEL]: 4.初始化loginBox登陆界面
[17:41:28] [ClientServer/LoginBox/onLoginResponse/INFO]: Receive a package 0003(登陆反馈)
[17:41:28] [ClientServer/LoginBox/onLoginResponse/INFO]: package 0003: true
[17:41:28] [ClientSever/LoginBox/addCharacter/INFO]: Receive a package 0006(角色预加载)
[17:41:28] [ClientSever/LoginBox/addCharacter/INFO]: Receive a package 0006(角色预加载)
[17:41:28] [ClientServer/LoginBox/noMorePackage/INFO]: Receive a package 0006(角色预加载: 这是最后一个空包
[17:41:29] [SendingModule/sendCreateCharacter/INFO]: package 0008(创建角色) send!
[17:41:29] [AioModule/Write/Completed/DEBUG]: Sent 25 bytes to sessionbaidu.com/123.125.114.144:80
[17:41:29] [ClientServer/LoginBox/onCreatResponse/INFO]: Receive a package 0009(角色创建结果)
[17:41:29] [AioModule/Write/Completed/DEBUG]: Sent contents(25bytes): ff ff 00 00 00 19 00 08 6e 75 6c 6c 00 64 64 64 64 00 01 00 00 00 01 38 47 
[17:41:31] [ClientServer/GameBox/addCharacter/DEBUG]: Receive a package 000A(游戏中所有玩家信息)
[17:41:31] [ClientServer/GameBox/addCharacter/DEBUG]: 000A:加入一个非主角玩家:dddd
[17:41:31] [ClientServer/GameBox/addCharacter/DEBUG]: Receive a package 000A(游戏中所有玩家信息)
[17:41:31] [ClientServer/GameBox/addCharacter/DEBUG]: 000A:加入一个非主角玩家:dddd
[17:41:31] [ClientServer/GameBox/addCharacter/DEBUG]: Receive a package 000A(游戏中所有玩家信息)
[17:41:31] [ClientServer/GameBox/addCharacter/DEBUG]: 000A:加入一个主角玩家:dddd
[17:41:31] [ClientServer/ClientMain/KERNEL]: 5.登陆结束
[17:41:31] [ClientServer/ClientMain/KERNEL]: 6.开始游戏，启动gameBox
[17:41:31] [ClientServer/GameBox/startGame/KERNEL]: 接收主角详细信息(000A):关闭加载窗口,开始游戏!
[17:41:31] [Client/GameBox/updateTarget/INFO]: receive Package 000C(角色目标)
[17:41:31] [Client/GameBox/updateTarget/INFO]: targetX: 5000/targetY 2000
[17:41:31] [Client/GameBox/updateTarget/INFO]: receive Package 000C(角色目标)
[17:41:31] [Client/GameBox/updateTarget/INFO]: targetX: 1000/targetY 3000
[17:41:47] [ClientServer/ClientMain/KERNEL]: 7.游戏结束，退出主程序
[17:41:47] [SendingModule/sendLogout/INFO]: logout send!
[17:41:47] [AioModule/Write/Failed/WARNING]: Failed to send to sessionnull. java.nio.channels.ClosedChannelException
