[23:55:03] [ClientServer/ClientMain/init/DEBUG]: address: 192.168.1.100:8438
[23:55:03] [ClientServer/ClientMain/init/DEBUG]: 图片加载成功
[23:55:03] [ClientServer/ClientMain/init/DEBUG]: GIF动画加载成功
[23:55:03] [ClientServer/ClientMain/init/DEBUG]: 物品预加载成功
[23:55:04] [ClientServer/ClientMain/init/DEBUG]: init over
[23:55:04] [ClientServer/ClientMain/KERNEL]: 0.开始建立网络连接…………
[23:55:07] [ClientServer/ClientMain/setUpConnection/DEBUG]: setUpConnection over
[23:55:07] [ClientServer/ClientMain/KERNEL]: 1.网络连接成功!
[23:55:07] [ClientServer/ClientMain/KERNEL]: 2.发送0000包，确认对方是否为服务器Gate端
[23:55:07] [AioModule/Read/Completed/DEBUG]: Received 18 bytes from session/192.168.1.100:8438
[23:55:07] [AioModule/Read/Completed/DEBUG]: Received contents(18bytes): ff ff 00 00 00 12 00 14 00 00 01 4d f2 c9 0b 1e 04 43 
[23:55:07] [ClientServer/ClientDecoder/INFO]: Receive a package 0014(PING)1434297371422
[23:55:07] [SendingModule/send00Package/INFO]: send00Package over
[23:55:07] [AioModule/Write/Completed/DEBUG]: Sent 14 bytes to session/192.168.1.100:8438
[23:55:07] [SendingModule/PINGResponse/DEBUG]: package 0015(PING回应包) send!
[23:55:07] [AioModule/Write/Completed/DEBUG]: Sent 18 bytes to session/192.168.1.100:8438
[23:55:07] [ClientSever/LoginBox/serverState/INFO]: Receive a package 0001(回应连接请求)
[23:55:07] [AioModule/Write/Completed/DEBUG]: Sent contents(14bytes): ff ff 00 00 00 0e 00 00 00 00 30 39 20 db 
[23:55:07] [ClientSever/LoginBox/serverState/INFO]: package 0001: 1
[23:55:07] [AioModule/Write/Completed/DEBUG]: Sent contents(18bytes): ff ff 00 00 00 12 00 15 00 00 01 4d f2 c9 0b 1e bf a4 
[23:55:07] [ClientServer/ClientMain/KERNEL]: 3.收到0001包，确认对方为服务器Gate端
[23:55:07] [ClientServer/ClientMain/KERNEL]: 4.初始化loginBox登陆界面
[23:55:07] [AioModule/Read/Completed/DEBUG]: Received 11 bytes from session/192.168.1.100:8438
[23:55:07] [AioModule/Read/Completed/DEBUG]: Received contents(11bytes): ff ff 00 00 00 0b 00 01 01 2a 46 
[23:55:07] [ClientServer/ClientDecoder/INFO]: Receive a package 0001(回应连接请求)
[23:55:07] [ClientServer/ClientDecoder/INFO]: package 0001: 1
[23:55:07] [ClientSever/LoginBox/serverState/INFO]: Receive a package 0001(回应连接请求)
[23:55:07] [ClientSever/LoginBox/serverState/INFO]: package 0001: 1
[23:55:07] [AioModule/Read/Completed/DEBUG]: Received 18 bytes from session/192.168.1.100:8438
[23:55:07] [AioModule/Read/Completed/DEBUG]: Received contents(18bytes): ff ff 00 00 00 12 00 16 00 00 00 00 00 00 00 0c 28 5a 
[23:55:07] [ClientServer/ClientDecoder/INFO]: Receive a package 0016(时间同步)-63906
[23:55:07] [ClientServer/LoginBox/onLoginResponse/INFO]: Receive a package 0003(登陆反馈)
[23:55:07] [ClientServer/LoginBox/onLoginResponse/INFO]: package 0003: true
[23:55:08] [ClientSever/LoginBox/addCharacter/INFO]: Receive a package 0006(角色预加载)
[23:55:08] [ClientSever/LoginBox/addCharacter/INFO]: Receive a package 0006(角色预加载)
[23:55:08] [ClientServer/LoginBox/noMorePackage/INFO]: Receive a package 0006(角色预加载: 这是最后一个空包
