[20:17:01] [ClientServer/ClientMain/init/DEBUG]: address: 192.168.1.100:8438
[20:17:01] [ClientServer/ClientMain/init/DEBUG]: 图片加载成功
[20:17:01] [ClientServer/ClientMain/init/DEBUG]: GIF动画加载成功
[20:17:01] [ClientServer/ClientMain/init/DEBUG]: 物品预加载成功
[20:17:02] [ClientServer/ClientMain/init/DEBUG]: init over
[20:17:02] [ClientServer/ClientMain/KERNEL]: 0.开始建立网络连接…………
[20:17:02] [ClientServer/ClientMain/setUpConnection/DEBUG]: setUpConnection over
[20:17:02] [ClientServer/ClientMain/KERNEL]: 1.网络连接成功!
[20:17:02] [AioModule/Read/Completed/DEBUG]: Received 18 bytes from session/192.168.1.100:8438
[20:17:02] [ClientServer/ClientMain/KERNEL]: 2.发送0000包，确认对方是否为服务器Gate端
[20:17:02] [AioModule/Read/Completed/DEBUG]: Received contents(18bytes): ff ff 00 00 00 12 00 14 00 00 01 4d f7 26 b9 f6 97 cb 
[20:17:02] [ClientServer/ClientDecoder/INFO]: Receive a package 0014(PING)1434370619894
[20:17:02] [SendingModule/send00Package/INFO]: send00Package over
[20:17:02] [AioModule/Write/Completed/DEBUG]: Sent 14 bytes to session/192.168.1.100:8438
[20:17:02] [SendingModule/PINGResponse/DEBUG]: package 0015(PING回应包) send!
[20:17:02] [AioModule/Write/Completed/DEBUG]: Sent 18 bytes to session/192.168.1.100:8438
[20:17:02] [AioModule/Write/Completed/DEBUG]: Sent contents(14bytes): ff ff 00 00 00 0e 00 00 00 00 30 39 20 db 
[20:17:02] [AioModule/Write/Completed/DEBUG]: Sent contents(18bytes): ff ff 00 00 00 12 00 15 00 00 01 4d f7 26 b9 f6 90 57 
[20:17:02] [AioModule/Read/Completed/DEBUG]: Received 11 bytes from session/192.168.1.100:8438
[20:17:02] [AioModule/Read/Completed/DEBUG]: Received contents(11bytes): ff ff 00 00 00 0b 00 01 01 2a 46 
[20:17:02] [ClientServer/ClientDecoder/INFO]: Receive a package 0001(回应连接请求)
[20:17:02] [ClientServer/ClientDecoder/INFO]: package 0001: 1
[20:17:02] [ClientSever/LoginBox/serverState/INFO]: Receive a package 0001(回应连接请求)
[20:17:02] [ClientSever/LoginBox/serverState/INFO]: package 0001: 1
[20:17:02] [AioModule/Read/Completed/DEBUG]: Received 18 bytes from session/192.168.1.100:8438
[20:17:02] [AioModule/Read/Completed/DEBUG]: Received contents(18bytes): ff ff 00 00 00 12 00 16 00 00 00 00 00 00 00 1b 28 69 
[20:17:02] [ClientServer/ClientDecoder/INFO]: Receive a package 0016(时间同步)2262
[20:17:02] [ClientServer/ClientMain/KERNEL]: 3.收到0001包，确认对方为服务器Gate端
[20:17:02] [ClientServer/ClientMain/KERNEL]: 4.初始化loginBox登陆界面
[20:17:07] [SendingModule/sendLogin/INFO]: package 0002(登陆信息) send!
[20:17:07] [AioModule/Write/Completed/DEBUG]: Sent 47 bytes to session/192.168.1.100:8438
[20:17:07] [AioModule/Write/Completed/DEBUG]: Sent contents(47bytes): ff ff 00 00 00 2f 00 02 78 79 6c 00 43 37 30 43 44 30 34 33 31 33 46 46 32 36 30 41 38 33 44 36 44 37 39 39 30 38 32 32 43 30 33 32 00 6a be 
[20:17:07] [AioModule/Read/Completed/DEBUG]: Received 11 bytes from session/192.168.1.100:8438
[20:17:07] [AioModule/Read/Completed/DEBUG]: Received contents(11bytes): ff ff 00 00 00 0b 00 03 01 2a 58 
[20:17:07] [ClientServer/ClientDecoder/INFO]: Receive a package 0003(登陆反馈)
[20:17:07] [ClientServer/ClientDecoder/INFO]: package 0003: true
[20:17:07] [ClientServer/LoginBox/onLoginResponse/INFO]: Receive a package 0003(登陆反馈)
[20:17:07] [ClientServer/LoginBox/onLoginResponse/INFO]: package 0003: true
[20:17:07] [AioModule/Read/Completed/DEBUG]: Received 39 bytes from session/192.168.1.100:8438
[20:17:07] [AioModule/Read/Completed/DEBUG]: Received contents(39bytes): ff ff 00 00 00 1d 00 06 00 00 04 03 bb c3 cf eb bc d2 d8 bc 00 01 00 00 00 00 0c 7a 9f ff ff 00 00 00 0a 00 06 45 71 
[20:17:07] [ClientServer/ClientDecoder/INFO]: Receive a package 0006(角色预加载)
[20:17:07] [ClientServer/ClientDecoder/INFO]: package 0006: /id: 1027/name: 幻想家丶/level: 1/gender: 0
[20:17:07] [ClientSever/LoginBox/addCharacter/INFO]: Receive a package 0006(角色预加载)
[20:17:08] [ClientServer/ClientDecoder/INFO]: Receive a package 0006(角色预加载――空包)
[20:17:08] [ClientServer/LoginBox/noMorePackage/INFO]: Receive a package 0006(角色预加载: 这是最后一个空包
[20:17:10] [AioModule/Write/Completed/DEBUG]: Sent 14 bytes to session/192.168.1.100:8438
[20:17:10] [SendingModule/sendCharacter/INFO]: package 0007(角色选择) send!
[20:17:10] [AioModule/Write/Completed/DEBUG]: Sent contents(14bytes): ff ff 00 00 00 0e 00 07 00 00 04 03 a0 98 
[20:17:10] [AioModule/Read/Completed/DEBUG]: Received 87 bytes from session/192.168.1.100:8438
[20:17:10] [AioModule/Read/Completed/DEBUG]: Received contents(87bytes): ff ff 00 00 00 57 00 0a 00 00 04 03 bb c3 cf eb bc d2 d8 bc 00 74 68 69 73 20 69 73 20 58 75 73 20 70 6c 61 6e 65 00 01 00 00 00 00 64 00 00 00 00 00 00 00 64 00 00 00 64 00 00 00 14 00 00 00 14 00 00 00 01 00 00 00 c8 00 00 1f 52 00 00 49 38 00 00 00 0c 2c 85 
[20:17:10] [ClientServer/ClientDecoder/INFO]: Receive a package 000A(游戏中所有玩家信息)
[20:17:10] [ClientServer/ClientDecoder/INFO]: package 000A: /id: 1027/name: 幻想家丶/level: 1/gender: 0/posX: 8018/posY: 18744
[20:17:10] [ClientServer/GameBox/addCharacter/DEBUG]: Receive a package 000A(游戏中所有玩家信息)
[20:17:10] [ClientServer/GameBox/addCharacter/DEBUG]: 000A:加入一个主角玩家:幻想家丶
[20:17:10] [AioModule/Read/Completed/DEBUG]: Received 334 bytes from session/192.168.1.100:8438
[20:17:10] [AioModule/Read/Completed/DEBUG]: Received contents(334bytes): ff ff 00 00 01 0e 00 19 00 00 00 20 00 00 00 82 00 00 01 05 00 00 00 01 00 00 00 00 00 00 00 02 00 00 00 00 00 00 00 03 00 00 00 00 00 00 00 04 00 00 00 00 00 00 00 05 00 00 00 00 00 00 00 06 00 00 00 00 00 00 00 07 00 00 00 00 00 00 00 08 00 00 00 00 00 00 00 09 00 00 00 00 00 00 00 0a 00 00 00 00 00 00 00 0b 00 00 00 00 00 00 00 0c 00 00 00 00 00 00 00 0d 00 00 00 00 00 00 00 0e 00 00 00 00 00 00 00 0f 00 00 00 00 00 00 00 10 00 00 00 00 00 00 00 11 00 00 00 00 00 00 00 12 00 00 00 00 00 00 00 13 00 00 00 00 00 00 00 14 00 00 00 00 00 00 00 15 00 00 00 00 00 00 00 16 00 00 00 00 00 00 00 17 00 00 00 00 00 00 00 18 00 00 00 00 00 00 00 19 00 00 00 00 00 00 00 1a 00 00 00 00 00 00 00 1b 00 00 00 00 00 00 00 1c 00 00 00 00 00 00 00 1d 00 00 00 00 00 00 00 1e 00 00 00 00 00 00 00 1f 00 00 00 00 54 dd ff ff 00 00 00 32 00 1a 00 00 00 03 00 00 00 00 3b 9a ca 01 00 00 00 01 00 00 00 01 3b 9a ca 02 00 00 00 01 00 00 00 02 3b 9a ca 03 00 00 00 01 63 4d ff ff 00 00 00 0e 00 1b 00 00 00 00 72 5c 
[20:17:10] [ClientServer/ClientDecoder/INFO]: Receive a package 0019(背包信息)
[20:17:10] [ClientServer/ClientDecoder/INFO]: Receive a package 001A(技能信息)
[20:17:10] [ClientServer/ClientMain/KERNEL]: 5.登陆结束
[20:17:10] [ClientServer/ClientMain/KERNEL]: 6.开始游戏，启动gameBox
[20:17:10] [ClientServer/GameBox/startGame/KERNEL]: 接收主角详细信息(000A):关闭加载窗口,开始游戏!
[20:17:12] [Client/GameBox/updateTarget/INFO]: receive Package 000C(角色目标)
[20:17:12] [Client/GameBox/updateTarget/INFO]: targetX: 8019/targetY 18745
[20:17:12] [SendingModule/sendTargetPos/DEBUG]: package 000B(角色移动意图) send!
[20:17:12] [AioModule/Write/Completed/DEBUG]: Sent 26 bytes to session/192.168.1.100:8438
[20:17:12] [SendingModule/sendTargetPos/DEBUG]: targetX: 8019/targetY: 18745
[20:17:12] [AioModule/Write/Completed/DEBUG]: Sent contents(26bytes): ff ff 00 00 00 1a 00 0b 00 00 1f 53 00 00 49 39 00 00 01 4d f7 26 e0 ba 7d 94 
[20:17:12] [AioModule/Read/Completed/DEBUG]: Received 30 bytes from session/192.168.1.100:8438
[20:17:12] [AioModule/Read/Completed/DEBUG]: Received contents(30bytes): ff ff 00 00 00 1e 00 0c 00 00 04 03 00 00 1f 53 00 00 49 39 00 00 01 4d f7 26 e0 ba 9a 30 
[20:17:12] [ClientServer/ClientDecoder/INFO]: Receive a package 000C(所有玩家目标坐标更新)
[20:17:12] [ClientServer/ClientDecoder/INFO]: package 000C: /id: 1027/posX: 8019/posY: 18745
[20:17:12] [Client/GameBox/updateTarget/INFO]: receive Package 000C(角色目标)
[20:17:12] [Client/GameBox/updateTarget/INFO]: targetX: 8019/targetY 18745
[20:17:12] [Client/GameBox/updateTarget/INFO]: receive Package 000C(角色目标)
[20:17:12] [Client/GameBox/updateTarget/INFO]: targetX: 8019/targetY 18746
[20:17:12] [SendingModule/sendTargetPos/DEBUG]: package 000B(角色移动意图) send!
[20:17:12] [SendingModule/sendTargetPos/DEBUG]: targetX: 8019/targetY: 18746
[20:17:12] [AioModule/Write/Completed/DEBUG]: Sent 26 bytes to session/192.168.1.100:8438
[20:17:12] [AioModule/Write/Completed/DEBUG]: Sent contents(26bytes): ff ff 00 00 00 1a 00 0b 00 00 1f 53 00 00 49 3a 00 00 01 4d f7 26 e2 6e 09 49 
[20:17:12] [AioModule/Read/Completed/DEBUG]: Received 30 bytes from session/192.168.1.100:8438
[20:17:12] [AioModule/Read/Completed/DEBUG]: Received contents(30bytes): ff ff 00 00 00 1e 00 0c 00 00 04 03 00 00 1f 53 00 00 49 3a 00 00 01 4d f7 26 e2 6e 6c ab 
[20:17:12] [ClientServer/ClientDecoder/INFO]: Receive a package 000C(所有玩家目标坐标更新)
[20:17:12] [ClientServer/ClientDecoder/INFO]: package 000C: /id: 1027/posX: 8019/posY: 18746
[20:17:12] [Client/GameBox/updateTarget/INFO]: receive Package 000C(角色目标)
[20:17:12] [Client/GameBox/updateTarget/INFO]: targetX: 8019/targetY 18746
[20:17:12] [Client/GameBox/updateTarget/INFO]: receive Package 000C(角色目标)
[20:17:12] [Client/GameBox/updateTarget/INFO]: targetX: 8019/targetY 18747
[20:17:12] [SendingModule/sendTargetPos/DEBUG]: package 000B(角色移动意图) send!
[20:17:12] [AioModule/Write/Completed/DEBUG]: Sent 26 bytes to session/192.168.1.100:8438
[20:17:12] [SendingModule/sendTargetPos/DEBUG]: targetX: 8019/targetY: 18747
[20:17:12] [AioModule/Write/Completed/DEBUG]: Sent contents(26bytes): ff ff 00 00 00 1a 00 0b 00 00 1f 53 00 00 49 3b 00 00 01 4d f7 26 e2 e7 56 68 
[20:17:12] [AioModule/Read/Completed/DEBUG]: Received 30 bytes from session/192.168.1.100:8438
[20:17:12] [AioModule/Read/Completed/DEBUG]: Received contents(30bytes): ff ff 00 00 00 1e 00 0c 00 00 04 03 00 00 1f 53 00 00 49 3b 00 00 01 4d f7 26 e2 e7 3d b3 
[20:17:12] [ClientServer/ClientDecoder/INFO]: Receive a package 000C(所有玩家目标坐标更新)
[20:17:12] [ClientServer/ClientDecoder/INFO]: package 000C: /id: 1027/posX: 8019/posY: 18747
[20:17:12] [Client/GameBox/updateTarget/INFO]: receive Package 000C(角色目标)
[20:17:12] [Client/GameBox/updateTarget/INFO]: targetX: 8019/targetY 18747
[20:17:13] [Client/GameBox/updateTarget/INFO]: receive Package 000C(角色目标)
[20:17:13] [Client/GameBox/updateTarget/INFO]: targetX: 8019/targetY 18748
[20:17:13] [SendingModule/sendTargetPos/DEBUG]: package 000B(角色移动意图) send!
[20:17:13] [AioModule/Write/Completed/DEBUG]: Sent 26 bytes to session/192.168.1.100:8438
[20:17:13] [SendingModule/sendTargetPos/DEBUG]: targetX: 8019/targetY: 18748
[20:17:13] [AioModule/Write/Completed/DEBUG]: Sent contents(26bytes): ff ff 00 00 00 1a 00 0b 00 00 1f 53 00 00 49 3c 00 00 01 4d f7 26 e4 73 a4 ca 
[20:17:13] [AioModule/Read/Completed/DEBUG]: Received 30 bytes from session/192.168.1.100:8438
[20:17:13] [AioModule/Read/Completed/DEBUG]: Received contents(30bytes): ff ff 00 00 00 1e 00 0c 00 00 04 03 00 00 1f 53 00 00 49 3c 00 00 01 4d f7 26 e4 73 10 06 
[20:17:13] [ClientServer/ClientDecoder/INFO]: Receive a package 000C(所有玩家目标坐标更新)
[20:17:13] [ClientServer/ClientDecoder/INFO]: package 000C: /id: 1027/posX: 8019/posY: 18748
[20:17:13] [Client/GameBox/updateTarget/INFO]: receive Package 000C(角色目标)
[20:17:13] [Client/GameBox/updateTarget/INFO]: targetX: 8019/targetY 18748
[20:17:13] [Client/GameBox/updateTarget/INFO]: receive Package 000C(角色目标)
[20:17:13] [Client/GameBox/updateTarget/INFO]: targetX: 8019/targetY 18749
[20:17:13] [SendingModule/sendTargetPos/DEBUG]: package 000B(角色移动意图) send!
[20:17:13] [AioModule/Write/Completed/DEBUG]: Sent 26 bytes to session/192.168.1.100:8438
[20:17:13] [SendingModule/sendTargetPos/DEBUG]: targetX: 8019/targetY: 18749
[20:17:13] [AioModule/Write/Completed/DEBUG]: Sent contents(26bytes): ff ff 00 00 00 1a 00 0b 00 00 1f 53 00 00 49 3d 00 00 01 4d f7 26 e4 fd 2f 25 
[20:17:13] [AioModule/Read/Completed/DEBUG]: Received 30 bytes from session/192.168.1.100:8438
[20:17:13] [AioModule/Read/Completed/DEBUG]: Received contents(30bytes): ff ff 00 00 00 1e 00 0c 00 00 04 03 00 00 1f 53 00 00 49 3d 00 00 01 4d f7 26 e4 fd a3 f4 
[20:17:13] [ClientServer/ClientDecoder/INFO]: Receive a package 000C(所有玩家目标坐标更新)
[20:17:13] [ClientServer/ClientDecoder/INFO]: package 000C: /id: 1027/posX: 8019/posY: 18749
[20:17:13] [Client/GameBox/updateTarget/INFO]: receive Package 000C(角色目标)
[20:17:13] [Client/GameBox/updateTarget/INFO]: targetX: 8019/targetY 18749
[20:17:13] [Client/GameBox/updateTarget/INFO]: receive Package 000C(角色目标)
[20:17:13] [Client/GameBox/updateTarget/INFO]: targetX: 8021/targetY 18754
[20:17:13] [SendingModule/sendTargetPos/DEBUG]: package 000B(角色移动意图) send!
[20:17:13] [AioModule/Write/Completed/DEBUG]: Sent 26 bytes to session/192.168.1.100:8438
[20:17:13] [SendingModule/sendTargetPos/DEBUG]: targetX: 8021/targetY: 18754
[20:17:13] [AioModule/Write/Completed/DEBUG]: Sent contents(26bytes): ff ff 00 00 00 1a 00 0b 00 00 1f 55 00 00 49 42 00 00 01 4d f7 26 e6 8a 8c f6 
[20:17:13] [AioModule/Read/Completed/DEBUG]: Received 30 bytes from session/192.168.1.100:8438
[20:17:13] [AioModule/Read/Completed/DEBUG]: Received contents(30bytes): ff ff 00 00 00 1e 00 0c 00 00 04 03 00 00 1f 55 00 00 49 42 00 00 01 4d f7 26 e6 8a 1f bb 
[20:17:13] [ClientServer/ClientDecoder/INFO]: Receive a package 000C(所有玩家目标坐标更新)
[20:17:13] [ClientServer/ClientDecoder/INFO]: package 000C: /id: 1027/posX: 8021/posY: 18754
[20:17:13] [Client/GameBox/updateTarget/INFO]: receive Package 000C(角色目标)
[20:17:13] [Client/GameBox/updateTarget/INFO]: targetX: 8021/targetY 18754
[20:17:13] [Client/GameBox/updateTarget/INFO]: receive Package 000C(角色目标)
[20:17:13] [Client/GameBox/updateTarget/INFO]: targetX: 8023/targetY 18759
[20:17:13] [SendingModule/sendTargetPos/DEBUG]: package 000B(角色移动意图) send!
[20:17:13] [AioModule/Write/Completed/DEBUG]: Sent 26 bytes to session/192.168.1.100:8438
[20:17:13] [SendingModule/sendTargetPos/DEBUG]: targetX: 8023/targetY: 18759
[20:17:13] [AioModule/Write/Completed/DEBUG]: Sent contents(26bytes): ff ff 00 00 00 1a 00 0b 00 00 1f 57 00 00 49 47 00 00 01 4d f7 26 e7 26 28 e9 
[20:17:13] [AioModule/Read/Completed/DEBUG]: Received 30 bytes from session/192.168.1.100:8438
[20:17:13] [AioModule/Read/Completed/DEBUG]: Received contents(30bytes): ff ff 00 00 00 1e 00 0c 00 00 04 03 00 00 1f 57 00 00 49 47 00 00 01 4d f7 26 e7 26 5f 4a 
[20:17:13] [ClientServer/ClientDecoder/INFO]: Receive a package 000C(所有玩家目标坐标更新)
[20:17:13] [ClientServer/ClientDecoder/INFO]: package 000C: /id: 1027/posX: 8023/posY: 18759
[20:17:13] [Client/GameBox/updateTarget/INFO]: receive Package 000C(角色目标)
[20:17:13] [Client/GameBox/updateTarget/INFO]: targetX: 8023/targetY 18759
[20:17:13] [Client/GameBox/updateTarget/INFO]: receive Package 000C(角色目标)
[20:17:13] [Client/GameBox/updateTarget/INFO]: targetX: 8025/targetY 18764
[20:17:13] [SendingModule/sendTargetPos/DEBUG]: package 000B(角色移动意图) send!
[20:17:13] [AioModule/Write/Completed/DEBUG]: Sent 26 bytes to session/192.168.1.100:8438
[20:17:13] [SendingModule/sendTargetPos/DEBUG]: targetX: 8025/targetY: 18764
[20:17:13] [AioModule/Write/Completed/DEBUG]: Sent contents(26bytes): ff ff 00 00 00 1a 00 0b 00 00 1f 59 00 00 49 4c 00 00 01 4d f7 26 e7 cb 86 a2 
[20:17:13] [AioModule/Read/Completed/DEBUG]: Received 30 bytes from session/192.168.1.100:8438
[20:17:13] [AioModule/Read/Completed/DEBUG]: Received contents(30bytes): ff ff 00 00 00 1e 00 0c 00 00 04 03 00 00 1f 59 00 00 49 4c 00 00 01 4d f7 26 e7 cb 9d c6 
[20:17:13] [ClientServer/ClientDecoder/INFO]: Receive a package 000C(所有玩家目标坐标更新)
[20:17:13] [ClientServer/ClientDecoder/INFO]: package 000C: /id: 1027/posX: 8025/posY: 18764
[20:17:13] [Client/GameBox/updateTarget/INFO]: receive Package 000C(角色目标)
[20:17:13] [Client/GameBox/updateTarget/INFO]: targetX: 8025/targetY 18764
[20:17:14] [Client/GameBox/updateTarget/INFO]: receive Package 000C(角色目标)
[20:17:14] [Client/GameBox/updateTarget/INFO]: targetX: 8026/targetY 18769
[20:17:14] [SendingModule/sendTargetPos/DEBUG]: package 000B(角色移动意图) send!
[20:17:14] [AioModule/Write/Completed/DEBUG]: Sent 26 bytes to session/192.168.1.100:8438
[20:17:14] [SendingModule/sendTargetPos/DEBUG]: targetX: 8026/targetY: 18769
[20:17:14] [AioModule/Write/Completed/DEBUG]: Sent contents(26bytes): ff ff 00 00 00 1a 00 0b 00 00 1f 5a 00 00 49 51 00 00 01 4d f7 26 e8 82 b4 c5 
[20:17:14] [AioModule/Read/Completed/DEBUG]: Received 30 bytes from session/192.168.1.100:8438
[20:17:14] [AioModule/Read/Completed/DEBUG]: Received contents(30bytes): ff ff 00 00 00 1e 00 0c 00 00 04 03 00 00 1f 5a 00 00 49 51 00 00 01 4d f7 26 e8 82 48 ea 
[20:17:14] [ClientServer/ClientDecoder/INFO]: Receive a package 000C(所有玩家目标坐标更新)
[20:17:14] [ClientServer/ClientDecoder/INFO]: package 000C: /id: 1027/posX: 8026/posY: 18769
[20:17:14] [Client/GameBox/updateTarget/INFO]: receive Package 000C(角色目标)
[20:17:14] [Client/GameBox/updateTarget/INFO]: targetX: 8026/targetY 18769
[20:17:14] [Client/GameBox/updateTarget/INFO]: receive Package 000C(角色目标)
[20:17:14] [Client/GameBox/updateTarget/INFO]: targetX: 8019/targetY 18768
[20:17:14] [SendingModule/sendTargetPos/DEBUG]: package 000B(角色移动意图) send!
[20:17:14] [AioModule/Write/Completed/DEBUG]: Sent 26 bytes to session/192.168.1.100:8438
[20:17:14] [SendingModule/sendTargetPos/DEBUG]: targetX: 8019/targetY: 18768
[20:17:14] [AioModule/Write/Completed/DEBUG]: Sent contents(26bytes): ff ff 00 00 00 1a 00 0b 00 00 1f 53 00 00 49 50 00 00 01 4d f7 26 e9 02 9f 21 
[20:17:14] [AioModule/Read/Completed/DEBUG]: Received 30 bytes from session/192.168.1.100:8438
[20:17:14] [AioModule/Read/Completed/DEBUG]: Received contents(30bytes): ff ff 00 00 00 1e 00 0c 00 00 04 03 00 00 1f 53 00 00 49 50 00 00 01 4d f7 26 e9 02 3d 76 
[20:17:14] [ClientServer/ClientDecoder/INFO]: Receive a package 000C(所有玩家目标坐标更新)
[20:17:14] [ClientServer/ClientDecoder/INFO]: package 000C: /id: 1027/posX: 8019/posY: 18768
[20:17:14] [Client/GameBox/updateTarget/INFO]: receive Package 000C(角色目标)
[20:17:14] [Client/GameBox/updateTarget/INFO]: targetX: 8019/targetY 18768
[20:17:14] [Client/GameBox/updateTarget/INFO]: receive Package 000C(角色目标)
[20:17:14] [Client/GameBox/updateTarget/INFO]: targetX: 8012/targetY 18767
[20:17:14] [SendingModule/sendTargetPos/DEBUG]: package 000B(角色移动意图) send!
[20:17:14] [AioModule/Write/Completed/DEBUG]: Sent 26 bytes to session/192.168.1.100:8438
[20:17:14] [SendingModule/sendTargetPos/DEBUG]: targetX: 8012/targetY: 18767
[20:17:14] [AioModule/Write/Completed/DEBUG]: Sent contents(26bytes): ff ff 00 00 00 1a 00 0b 00 00 1f 4c 00 00 49 4f 00 00 01 4d f7 26 e9 91 88 74 
[20:17:14] [AioModule/Read/Completed/DEBUG]: Received 30 bytes from session/192.168.1.100:8438
[20:17:14] [AioModule/Read/Completed/DEBUG]: Received contents(30bytes): ff ff 00 00 00 1e 00 0c 00 00 04 03 00 00 1f 4c 00 00 49 4f 00 00 01 4d f7 26 e9 91 30 f5 
[20:17:14] [ClientServer/ClientDecoder/INFO]: Receive a package 000C(所有玩家目标坐标更新)
[20:17:14] [ClientServer/ClientDecoder/INFO]: package 000C: /id: 1027/posX: 8012/posY: 18767
[20:17:14] [Client/GameBox/updateTarget/INFO]: receive Package 000C(角色目标)
[20:17:14] [Client/GameBox/updateTarget/INFO]: targetX: 8012/targetY 18767
[20:17:14] [Client/GameBox/updateTarget/INFO]: receive Package 000C(角色目标)
[20:17:14] [Client/GameBox/updateTarget/INFO]: targetX: 8005/targetY 18766
[20:17:14] [SendingModule/sendTargetPos/DEBUG]: package 000B(角色移动意图) send!
[20:17:14] [AioModule/Write/Completed/DEBUG]: Sent 26 bytes to session/192.168.1.100:8438
[20:17:14] [SendingModule/sendTargetPos/DEBUG]: targetX: 8005/targetY: 18766
[20:17:14] [AioModule/Write/Completed/DEBUG]: Sent contents(26bytes): ff ff 00 00 00 1a 00 0b 00 00 1f 45 00 00 49 4e 00 00 01 4d f7 26 ea 31 72 f0 
[20:17:14] [AioModule/Read/Completed/DEBUG]: Received 30 bytes from session/192.168.1.100:8438
[20:17:14] [AioModule/Read/Completed/DEBUG]: Received contents(30bytes): ff ff 00 00 00 1e 00 0c 00 00 04 03 00 00 1f 45 00 00 49 4e 00 00 01 4d f7 26 ea 31 25 a1 
[20:17:14] [ClientServer/ClientDecoder/INFO]: Receive a package 000C(所有玩家目标坐标更新)
[20:17:14] [ClientServer/ClientDecoder/INFO]: package 000C: /id: 1027/posX: 8005/posY: 18766
[20:17:14] [Client/GameBox/updateTarget/INFO]: receive Package 000C(角色目标)
[20:17:14] [Client/GameBox/updateTarget/INFO]: targetX: 8005/targetY 18766
[20:17:14] [Client/GameBox/updateTarget/INFO]: receive Package 000C(角色目标)
[20:17:14] [Client/GameBox/updateTarget/INFO]: targetX: 7999/targetY 18765
[20:17:14] [SendingModule/sendTargetPos/DEBUG]: package 000B(角色移动意图) send!
[20:17:14] [SendingModule/sendTargetPos/DEBUG]: targetX: 7999/targetY: 18765
[20:17:14] [AioModule/Write/Completed/DEBUG]: Sent 26 bytes to session/192.168.1.100:8438
[20:17:14] [AioModule/Write/Completed/DEBUG]: Sent contents(26bytes): ff ff 00 00 00 1a 00 0b 00 00 1f 3f 00 00 49 4d 00 00 01 4d f7 26 ea ca 8c 0d 
[20:17:14] [AioModule/Read/Completed/DEBUG]: Received 30 bytes from session/192.168.1.100:8438
[20:17:14] [AioModule/Read/Completed/DEBUG]: Received contents(30bytes): ff ff 00 00 00 1e 00 0c 00 00 04 03 00 00 1f 3f 00 00 49 4d 00 00 01 4d f7 26 ea ca ac b0 
[20:17:14] [ClientServer/ClientDecoder/INFO]: Receive a package 000C(所有玩家目标坐标更新)
[20:17:14] [ClientServer/ClientDecoder/INFO]: package 000C: /id: 1027/posX: 7999/posY: 18765
[20:17:14] [Client/GameBox/updateTarget/INFO]: receive Package 000C(角色目标)
[20:17:14] [Client/GameBox/updateTarget/INFO]: targetX: 7999/targetY 18765
[20:17:14] [Client/GameBox/updateTarget/INFO]: receive Package 000C(角色目标)
[20:17:14] [Client/GameBox/updateTarget/INFO]: targetX: 7999/targetY 18763
[20:17:14] [SendingModule/sendTargetPos/DEBUG]: package 000B(角色移动意图) send!
[20:17:14] [SendingModule/sendTargetPos/DEBUG]: targetX: 7999/targetY: 18763
[20:17:14] [AioModule/Write/Completed/DEBUG]: Sent 26 bytes to session/192.168.1.100:8438
[20:17:14] [AioModule/Write/Completed/DEBUG]: Sent contents(26bytes): ff ff 00 00 00 1a 00 0b 00 00 1f 3f 00 00 49 4b 00 00 01 4d f7 26 eb 6a b4 4e 
[20:17:14] [AioModule/Read/Completed/DEBUG]: Received 30 bytes from session/192.168.1.100:8438
[20:17:14] [AioModule/Read/Completed/DEBUG]: Received contents(30bytes): ff ff 00 00 00 1e 00 0c 00 00 04 03 00 00 1f 3f 00 00 49 4b 00 00 01 4d f7 26 eb 6a 47 79 
[20:17:14] [ClientServer/ClientDecoder/INFO]: Receive a package 000C(所有玩家目标坐标更新)
[20:17:14] [ClientServer/ClientDecoder/INFO]: package 000C: /id: 1027/posX: 7999/posY: 18763
[20:17:14] [Client/GameBox/updateTarget/INFO]: receive Package 000C(角色目标)
[20:17:14] [Client/GameBox/updateTarget/INFO]: targetX: 7999/targetY 18763
[20:17:14] [Client/GameBox/updateTarget/INFO]: receive Package 000C(角色目标)
[20:17:14] [Client/GameBox/updateTarget/INFO]: targetX: 8003/targetY 18761
[20:17:14] [SendingModule/sendTargetPos/DEBUG]: package 000B(角色移动意图) send!
[20:17:14] [AioModule/Write/Completed/DEBUG]: Sent 26 bytes to session/192.168.1.100:8438
[20:17:14] [SendingModule/sendTargetPos/DEBUG]: targetX: 8003/targetY: 18761
[20:17:14] [AioModule/Write/Completed/DEBUG]: Sent contents(26bytes): ff ff 00 00 00 1a 00 0b 00 00 1f 43 00 00 49 49 00 00 01 4d f7 26 ec 12 14 ed 
[20:17:14] [AioModule/Read/Completed/DEBUG]: Received 30 bytes from session/192.168.1.100:8438
[20:17:14] [AioModule/Read/Completed/DEBUG]: Received contents(30bytes): ff ff 00 00 00 1e 00 0c 00 00 04 03 00 00 1f 43 00 00 49 49 00 00 01 4d f7 26 ec 12 a9 b8 
[20:17:14] [ClientServer/ClientDecoder/INFO]: Receive a package 000C(所有玩家目标坐标更新)
[20:17:14] [ClientServer/ClientDecoder/INFO]: package 000C: /id: 1027/posX: 8003/posY: 18761
[20:17:14] [Client/GameBox/updateTarget/INFO]: receive Package 000C(角色目标)
[20:17:14] [Client/GameBox/updateTarget/INFO]: targetX: 8003/targetY 18761
[20:17:15] [Client/GameBox/updateTarget/INFO]: receive Package 000C(角色目标)
[20:17:15] [Client/GameBox/updateTarget/INFO]: targetX: 8008/targetY 18759
[20:17:15] [SendingModule/sendTargetPos/DEBUG]: package 000B(角色移动意图) send!
[20:17:15] [AioModule/Write/Completed/DEBUG]: Sent 26 bytes to session/192.168.1.100:8438
[20:17:15] [SendingModule/sendTargetPos/DEBUG]: targetX: 8008/targetY: 18759
[20:17:15] [AioModule/Write/Completed/DEBUG]: Sent contents(26bytes): ff ff 00 00 00 1a 00 0b 00 00 1f 48 00 00 49 47 00 00 01 4d f7 26 ec ac 67 fb 
[20:17:15] [AioModule/Read/Completed/DEBUG]: Received 30 bytes from session/192.168.1.100:8438
[20:17:15] [AioModule/Read/Completed/DEBUG]: Received contents(30bytes): ff ff 00 00 00 1e 00 0c 00 00 04 03 00 00 1f 48 00 00 49 47 00 00 01 4d f7 26 ec ac 19 a9 
[20:17:15] [ClientServer/ClientDecoder/INFO]: Receive a package 000C(所有玩家目标坐标更新)
[20:17:15] [ClientServer/ClientDecoder/INFO]: package 000C: /id: 1027/posX: 8008/posY: 18759
[20:17:15] [Client/GameBox/updateTarget/INFO]: receive Package 000C(角色目标)
[20:17:15] [Client/GameBox/updateTarget/INFO]: targetX: 8008/targetY 18759
[20:17:15] [Client/GameBox/updateTarget/INFO]: receive Package 000C(角色目标)
[20:17:15] [Client/GameBox/updateTarget/INFO]: targetX: 8013/targetY 18757
[20:17:15] [SendingModule/sendTargetPos/DEBUG]: package 000B(角色移动意图) send!
[20:17:15] [AioModule/Write/Completed/DEBUG]: Sent 26 bytes to session/192.168.1.100:8438
[20:17:15] [SendingModule/sendTargetPos/DEBUG]: targetX: 8013/targetY: 18757
[20:17:15] [AioModule/Write/Completed/DEBUG]: Sent contents(26bytes): ff ff 00 00 00 1a 00 0b 00 00 1f 4d 00 00 49 45 00 00 01 4d f7 26 ed 3a bc 15 
[20:17:15] [AioModule/Read/Completed/DEBUG]: Received 30 bytes from session/192.168.1.100:8438
[20:17:15] [AioModule/Read/Completed/DEBUG]: Received contents(30bytes): ff ff 00 00 00 1e 00 0c 00 00 04 03 00 00 1f 4d 00 00 49 45 00 00 01 4d f7 26 ed 3a 4d 7f 
[20:17:15] [ClientServer/ClientDecoder/INFO]: Receive a package 000C(所有玩家目标坐标更新)
[20:17:15] [ClientServer/ClientDecoder/INFO]: package 000C: /id: 1027/posX: 8013/posY: 18757
[20:17:15] [Client/GameBox/updateTarget/INFO]: receive Package 000C(角色目标)
[20:17:15] [Client/GameBox/updateTarget/INFO]: targetX: 8013/targetY 18757
[20:17:15] [Client/GameBox/updateTarget/INFO]: receive Package 000C(角色目标)
[20:17:15] [Client/GameBox/updateTarget/INFO]: targetX: 8017/targetY 18755
[20:17:15] [SendingModule/sendTargetPos/DEBUG]: package 000B(角色移动意图) send!
[20:17:15] [SendingModule/sendTargetPos/DEBUG]: targetX: 8017/targetY: 18755
[20:17:15] [AioModule/Write/Completed/DEBUG]: Sent 26 bytes to session/192.168.1.100:8438
[20:17:15] [AioModule/Write/Completed/DEBUG]: Sent contents(26bytes): ff ff 00 00 00 1a 00 0b 00 00 1f 51 00 00 49 43 00 00 01 4d f7 26 ed e2 1c 9c 
[20:17:15] [AioModule/Read/Completed/DEBUG]: Received 30 bytes from session/192.168.1.100:8438
[20:17:15] [AioModule/Read/Completed/DEBUG]: Received contents(30bytes): ff ff 00 00 00 1e 00 0c 00 00 04 03 00 00 1f 51 00 00 49 43 00 00 01 4d f7 26 ed e2 af a2 
[20:17:15] [ClientServer/ClientDecoder/INFO]: Receive a package 000C(所有玩家目标坐标更新)
[20:17:15] [ClientServer/ClientDecoder/INFO]: package 000C: /id: 1027/posX: 8017/posY: 18755
[20:17:15] [Client/GameBox/updateTarget/INFO]: receive Package 000C(角色目标)
[20:17:15] [Client/GameBox/updateTarget/INFO]: targetX: 8017/targetY 18755
[20:17:15] [Client/GameBox/updateTarget/INFO]: receive Package 000C(角色目标)
[20:17:15] [Client/GameBox/updateTarget/INFO]: targetX: 8021/targetY 18753
[20:17:15] [SendingModule/sendTargetPos/DEBUG]: package 000B(角色移动意图) send!
[20:17:15] [SendingModule/sendTargetPos/DEBUG]: targetX: 8021/targetY: 18753
[20:17:15] [AioModule/Write/Completed/DEBUG]: Sent 26 bytes to session/192.168.1.100:8438
[20:17:15] [AioModule/Write/Completed/DEBUG]: Sent contents(26bytes): ff ff 00 00 00 1a 00 0b 00 00 1f 55 00 00 49 41 00 00 01 4d f7 26 ee aa 40 30 
[20:17:15] [AioModule/Read/Completed/DEBUG]: Received 30 bytes from session/192.168.1.100:8438
[20:17:15] [AioModule/Read/Completed/DEBUG]: Received contents(30bytes): ff ff 00 00 00 1e 00 0c 00 00 04 03 00 00 1f 55 00 00 49 41 00 00 01 4d f7 26 ee aa 4f 2c 
[20:17:15] [ClientServer/ClientDecoder/INFO]: Receive a package 000C(所有玩家目标坐标更新)
[20:17:15] [ClientServer/ClientDecoder/INFO]: package 000C: /id: 1027/posX: 8021/posY: 18753
[20:17:15] [Client/GameBox/updateTarget/INFO]: receive Package 000C(角色目标)
[20:17:15] [Client/GameBox/updateTarget/INFO]: targetX: 8021/targetY 18753
[20:17:15] [Client/GameBox/updateTarget/INFO]: receive Package 000C(角色目标)
[20:17:15] [Client/GameBox/updateTarget/INFO]: targetX: 8025/targetY 18756
[20:17:15] [SendingModule/sendTargetPos/DEBUG]: package 000B(角色移动意图) send!
[20:17:15] [SendingModule/sendTargetPos/DEBUG]: targetX: 8025/targetY: 18756
[20:17:15] [AioModule/Write/Completed/DEBUG]: Sent 26 bytes to session/192.168.1.100:8438
[20:17:15] [AioModule/Write/Completed/DEBUG]: Sent contents(26bytes): ff ff 00 00 00 1a 00 0b 00 00 1f 59 00 00 49 44 00 00 01 4d f7 26 ef 78 63 5e 
[20:17:15] [AioModule/Read/Completed/DEBUG]: Received 30 bytes from session/192.168.1.100:8438
[20:17:15] [AioModule/Read/Completed/DEBUG]: Received contents(30bytes): ff ff 00 00 00 1e 00 0c 00 00 04 03 00 00 1f 59 00 00 49 44 00 00 01 4d f7 26 ef 78 8d 31 
[20:17:15] [ClientServer/ClientDecoder/INFO]: Receive a package 000C(所有玩家目标坐标更新)
[20:17:15] [ClientServer/ClientDecoder/INFO]: package 000C: /id: 1027/posX: 8025/posY: 18756
[20:17:15] [Client/GameBox/updateTarget/INFO]: receive Package 000C(角色目标)
[20:17:15] [Client/GameBox/updateTarget/INFO]: targetX: 8025/targetY 18756
[20:17:16] [Client/GameBox/updateTarget/INFO]: receive Package 000C(角色目标)
[20:17:16] [Client/GameBox/updateTarget/INFO]: targetX: 8031/targetY 18764
[20:17:16] [SendingModule/sendTargetPos/DEBUG]: package 000B(角色移动意图) send!
[20:17:16] [AioModule/Write/Completed/DEBUG]: Sent 26 bytes to session/192.168.1.100:8438
[20:17:16] [SendingModule/sendTargetPos/DEBUG]: targetX: 8031/targetY: 18764
[20:17:16] [AioModule/Write/Completed/DEBUG]: Sent contents(26bytes): ff ff 00 00 00 1a 00 0b 00 00 1f 5f 00 00 49 4c 00 00 01 4d f7 26 f0 22 20 a7 
[20:17:16] [AioModule/Read/Completed/DEBUG]: Received 30 bytes from session/192.168.1.100:8438
[20:17:16] [AioModule/Read/Completed/DEBUG]: Received contents(30bytes): ff ff 00 00 00 1e 00 0c 00 00 04 03 00 00 1f 5f 00 00 49 4c 00 00 01 4d f7 26 f0 22 46 14 
[20:17:16] [ClientServer/ClientDecoder/INFO]: Receive a package 000C(所有玩家目标坐标更新)
[20:17:16] [ClientServer/ClientDecoder/INFO]: package 000C: /id: 1027/posX: 8031/posY: 18764
[20:17:16] [Client/GameBox/updateTarget/INFO]: receive Package 000C(角色目标)
[20:17:16] [Client/GameBox/updateTarget/INFO]: targetX: 8031/targetY 18764
[20:17:16] [Client/GameBox/updateTarget/INFO]: receive Package 000C(角色目标)
[20:17:16] [Client/GameBox/updateTarget/INFO]: targetX: 8021/targetY 18778
[20:17:16] [SendingModule/sendTargetPos/DEBUG]: package 000B(角色移动意图) send!
[20:17:16] [AioModule/Write/Completed/DEBUG]: Sent 26 bytes to session/192.168.1.100:8438
[20:17:16] [SendingModule/sendTargetPos/DEBUG]: targetX: 8021/targetY: 18778
[20:17:16] [AioModule/Write/Completed/DEBUG]: Sent contents(26bytes): ff ff 00 00 00 1a 00 0b 00 00 1f 55 00 00 49 5a 00 00 01 4d f7 26 f0 d2 39 6c 
[20:17:16] [AioModule/Read/Completed/DEBUG]: Received 30 bytes from session/192.168.1.100:8438
[20:17:16] [AioModule/Read/Completed/DEBUG]: Received contents(30bytes): ff ff 00 00 00 1e 00 0c 00 00 04 03 00 00 1f 55 00 00 49 5a 00 00 01 4d f7 26 f0 d2 57 81 
[20:17:16] [ClientServer/ClientDecoder/INFO]: Receive a package 000C(所有玩家目标坐标更新)
[20:17:16] [ClientServer/ClientDecoder/INFO]: package 000C: /id: 1027/posX: 8021/posY: 18778
[20:17:16] [Client/GameBox/updateTarget/INFO]: receive Package 000C(角色目标)
[20:17:16] [Client/GameBox/updateTarget/INFO]: targetX: 8021/targetY 18778
[20:17:16] [Client/GameBox/updateTarget/INFO]: receive Package 000C(角色目标)
[20:17:16] [Client/GameBox/updateTarget/INFO]: targetX: 8011/targetY 18774
[20:17:16] [SendingModule/sendTargetPos/DEBUG]: package 000B(角色移动意图) send!
[20:17:16] [AioModule/Write/Completed/DEBUG]: Sent 26 bytes to session/192.168.1.100:8438
[20:17:16] [SendingModule/sendTargetPos/DEBUG]: targetX: 8011/targetY: 18774
[20:17:16] [AioModule/Write/Completed/DEBUG]: Sent contents(26bytes): ff ff 00 00 00 1a 00 0b 00 00 1f 4b 00 00 49 56 00 00 01 4d f7 26 f1 59 31 47 
[20:17:16] [AioModule/Read/Completed/DEBUG]: Received 30 bytes from session/192.168.1.100:8438
[20:17:16] [AioModule/Read/Completed/DEBUG]: Received contents(30bytes): ff ff 00 00 00 1e 00 0c 00 00 04 03 00 00 1f 4b 00 00 49 56 00 00 01 4d f7 26 f1 59 a2 7f 
[20:17:16] [ClientServer/ClientDecoder/INFO]: Receive a package 000C(所有玩家目标坐标更新)
[20:17:16] [ClientServer/ClientDecoder/INFO]: package 000C: /id: 1027/posX: 8011/posY: 18774
[20:17:16] [Client/GameBox/updateTarget/INFO]: receive Package 000C(角色目标)
[20:17:16] [Client/GameBox/updateTarget/INFO]: targetX: 8011/targetY 18774
[20:17:16] [Client/GameBox/updateTarget/INFO]: receive Package 000C(角色目标)
[20:17:16] [Client/GameBox/updateTarget/INFO]: targetX: 8004/targetY 18773
[20:17:16] [SendingModule/sendTargetPos/DEBUG]: package 000B(角色移动意图) send!
[20:17:16] [AioModule/Write/Completed/DEBUG]: Sent 26 bytes to session/192.168.1.100:8438
[20:17:16] [SendingModule/sendTargetPos/DEBUG]: targetX: 8004/targetY: 18773
[20:17:16] [AioModule/Write/Completed/DEBUG]: Sent contents(26bytes): ff ff 00 00 00 1a 00 0b 00 00 1f 44 00 00 49 55 00 00 01 4d f7 26 f2 0b 1a d5 
[20:17:16] [AioModule/Read/Completed/DEBUG]: Received 30 bytes from session/192.168.1.100:8438
[20:17:16] [AioModule/Read/Completed/DEBUG]: Received contents(30bytes): ff ff 00 00 00 1e 00 0c 00 00 04 03 00 00 1f 44 00 00 49 55 00 00 01 4d f7 26 f2 0b 96 3d 
[20:17:16] [ClientServer/ClientDecoder/INFO]: Receive a package 000C(所有玩家目标坐标更新)
[20:17:16] [ClientServer/ClientDecoder/INFO]: package 000C: /id: 1027/posX: 8004/posY: 18773
[20:17:16] [Client/GameBox/updateTarget/INFO]: receive Package 000C(角色目标)
[20:17:16] [Client/GameBox/updateTarget/INFO]: targetX: 8004/targetY 18773
[20:17:16] [Client/GameBox/updateTarget/INFO]: receive Package 000C(角色目标)
[20:17:16] [Client/GameBox/updateTarget/INFO]: targetX: 8004/targetY 18778
[20:17:16] [SendingModule/sendTargetPos/DEBUG]: package 000B(角色移动意图) send!
[20:17:16] [SendingModule/sendTargetPos/DEBUG]: targetX: 8004/targetY: 18778
[20:17:16] [AioModule/Write/Completed/DEBUG]: Sent 26 bytes to session/192.168.1.100:8438
[20:17:16] [AioModule/Write/Completed/DEBUG]: Sent contents(26bytes): ff ff 00 00 00 1a 00 0b 00 00 1f 44 00 00 49 5a 00 00 01 4d f7 26 f2 9a 18 f8 
[20:17:16] [AioModule/Read/Completed/DEBUG]: Received 30 bytes from session/192.168.1.100:8438
[20:17:16] [AioModule/Read/Completed/DEBUG]: Received contents(30bytes): ff ff 00 00 00 1e 00 0c 00 00 04 03 00 00 1f 44 00 00 49 5a 00 00 01 4d f7 26 f2 9a 70 6c 
[20:17:16] [ClientServer/ClientDecoder/INFO]: Receive a package 000C(所有玩家目标坐标更新)
[20:17:16] [ClientServer/ClientDecoder/INFO]: package 000C: /id: 1027/posX: 8004/posY: 18778
[20:17:16] [Client/GameBox/updateTarget/INFO]: receive Package 000C(角色目标)
[20:17:16] [Client/GameBox/updateTarget/INFO]: targetX: 8004/targetY 18778
[20:17:16] [Client/GameBox/updateTarget/INFO]: receive Package 000C(角色目标)
[20:17:16] [Client/GameBox/updateTarget/INFO]: targetX: 8004/targetY 18783
[20:17:16] [SendingModule/sendTargetPos/DEBUG]: package 000B(角色移动意图) send!
[20:17:16] [SendingModule/sendTargetPos/DEBUG]: targetX: 8004/targetY: 18783
[20:17:16] [AioModule/Write/Completed/DEBUG]: Sent 26 bytes to session/192.168.1.100:8438
[20:17:16] [AioModule/Write/Completed/DEBUG]: Sent contents(26bytes): ff ff 00 00 00 1a 00 0b 00 00 1f 44 00 00 49 5f 00 00 01 4d f7 26 f3 38 18 42 
[20:17:16] [AioModule/Read/Completed/DEBUG]: Received 30 bytes from session/192.168.1.100:8438
[20:17:16] [AioModule/Read/Completed/DEBUG]: Received contents(30bytes): ff ff 00 00 00 1e 00 0c 00 00 04 03 00 00 1f 44 00 00 49 5f 00 00 01 4d f7 26 f3 38 4b c6 
[20:17:16] [ClientServer/ClientDecoder/INFO]: Receive a package 000C(所有玩家目标坐标更新)
[20:17:16] [ClientServer/ClientDecoder/INFO]: package 000C: /id: 1027/posX: 8004/posY: 18783
[20:17:16] [Client/GameBox/updateTarget/INFO]: receive Package 000C(角色目标)
[20:17:16] [Client/GameBox/updateTarget/INFO]: targetX: 8004/targetY 18783
[20:17:16] [Client/GameBox/updateTarget/INFO]: receive Package 000C(角色目标)
[20:17:16] [Client/GameBox/updateTarget/INFO]: targetX: 8004/targetY 18788
[20:17:16] [SendingModule/sendTargetPos/DEBUG]: package 000B(角色移动意图) send!
[20:17:16] [SendingModule/sendTargetPos/DEBUG]: targetX: 8004/targetY: 18788
[20:17:16] [AioModule/Write/Completed/DEBUG]: Sent 26 bytes to session/192.168.1.100:8438
[20:17:16] [AioModule/Write/Completed/DEBUG]: Sent contents(26bytes): ff ff 00 00 00 1a 00 0b 00 00 1f 44 00 00 49 64 00 00 01 4d f7 26 f3 c9 16 67 
[20:17:17] [AioModule/Read/Completed/DEBUG]: Received 30 bytes from session/192.168.1.100:8438
[20:17:17] [AioModule/Read/Completed/DEBUG]: Received contents(30bytes): ff ff 00 00 00 1e 00 0c 00 00 04 03 00 00 1f 44 00 00 49 64 00 00 01 4d f7 26 f3 c9 25 f7 
[20:17:17] [ClientServer/ClientDecoder/INFO]: Receive a package 000C(所有玩家目标坐标更新)
[20:17:17] [ClientServer/ClientDecoder/INFO]: package 000C: /id: 1027/posX: 8004/posY: 18788
[20:17:17] [Client/GameBox/updateTarget/INFO]: receive Package 000C(角色目标)
[20:17:17] [Client/GameBox/updateTarget/INFO]: targetX: 8004/targetY 18788
[20:17:17] [Client/GameBox/updateTarget/INFO]: receive Package 000C(角色目标)
[20:17:17] [Client/GameBox/updateTarget/INFO]: targetX: 8004/targetY 18793
[20:17:17] [SendingModule/sendTargetPos/DEBUG]: package 000B(角色移动意图) send!
[20:17:17] [SendingModule/sendTargetPos/DEBUG]: targetX: 8004/targetY: 18793
[20:17:17] [AioModule/Write/Completed/DEBUG]: Sent 26 bytes to session/192.168.1.100:8438
[20:17:17] [AioModule/Write/Completed/DEBUG]: Sent contents(26bytes): ff ff 00 00 00 1a 00 0b 00 00 1f 44 00 00 49 69 00 00 01 4d f7 26 f5 0b 15 6d 
[20:17:17] [AioModule/Read/Completed/DEBUG]: Received 30 bytes from session/192.168.1.100:8438
[20:17:17] [AioModule/Read/Completed/DEBUG]: Received contents(30bytes): ff ff 00 00 00 1e 00 0c 00 00 04 03 00 00 1f 44 00 00 49 69 00 00 01 4d f7 26 f5 0b 01 11 
[20:17:17] [ClientServer/ClientDecoder/INFO]: Receive a package 000C(所有玩家目标坐标更新)
[20:17:17] [ClientServer/ClientDecoder/INFO]: package 000C: /id: 1027/posX: 8004/posY: 18793
[20:17:17] [Client/GameBox/updateTarget/INFO]: receive Package 000C(角色目标)
[20:17:17] [Client/GameBox/updateTarget/INFO]: targetX: 8004/targetY 18793
[20:17:17] [Client/GameBox/updateTarget/INFO]: receive Package 000C(角色目标)
[20:17:17] [Client/GameBox/updateTarget/INFO]: targetX: 8004/targetY 18798
[20:17:17] [SendingModule/sendTargetPos/DEBUG]: package 000B(角色移动意图) send!
[20:17:17] [SendingModule/sendTargetPos/DEBUG]: targetX: 8004/targetY: 18798
[20:17:17] [AioModule/Write/Completed/DEBUG]: Sent 26 bytes to session/192.168.1.100:8438
[20:17:17] [AioModule/Write/Completed/DEBUG]: Sent contents(26bytes): ff ff 00 00 00 1a 00 0b 00 00 1f 44 00 00 49 6e 00 00 01 4d f7 26 f5 9f 13 95 
[20:17:17] [AioModule/Read/Completed/DEBUG]: Received 30 bytes from session/192.168.1.100:8438
[20:17:17] [AioModule/Read/Completed/DEBUG]: Received contents(30bytes): ff ff 00 00 00 1e 00 0c 00 00 04 03 00 00 1f 44 00 00 49 6e 00 00 01 4d f7 26 f5 9f 9e 1a 
[20:17:17] [ClientServer/ClientDecoder/INFO]: Receive a package 000C(所有玩家目标坐标更新)
[20:17:17] [ClientServer/ClientDecoder/INFO]: package 000C: /id: 1027/posX: 8004/posY: 18798
[20:17:17] [Client/GameBox/updateTarget/INFO]: receive Package 000C(角色目标)
[20:17:17] [Client/GameBox/updateTarget/INFO]: targetX: 8004/targetY 18798
[20:17:17] [Client/GameBox/updateTarget/INFO]: receive Package 000C(角色目标)
[20:17:17] [Client/GameBox/updateTarget/INFO]: targetX: 8004/targetY 18803
[20:17:17] [SendingModule/sendTargetPos/DEBUG]: package 000B(角色移动意图) send!
[20:17:17] [AioModule/Write/Completed/DEBUG]: Sent 26 bytes to session/192.168.1.100:8438
[20:17:17] [SendingModule/sendTargetPos/DEBUG]: targetX: 8004/targetY: 18803
[20:17:17] [AioModule/Write/Completed/DEBUG]: Sent contents(26bytes): ff ff 00 00 00 1a 00 0b 00 00 1f 44 00 00 49 73 00 00 01 4d f7 26 f6 2d 12 cf 
[20:17:17] [AioModule/Read/Completed/DEBUG]: Received 30 bytes from session/192.168.1.100:8438
[20:17:17] [AioModule/Read/Completed/DEBUG]: Received contents(30bytes): ff ff 00 00 00 1e 00 0c 00 00 04 03 00 00 1f 44 00 00 49 73 00 00 01 4d f7 26 f6 2d 79 64 
[20:17:17] [ClientServer/ClientDecoder/INFO]: Receive a package 000C(所有玩家目标坐标更新)
[20:17:17] [ClientServer/ClientDecoder/INFO]: package 000C: /id: 1027/posX: 8004/posY: 18803
[20:17:17] [Client/GameBox/updateTarget/INFO]: receive Package 000C(角色目标)
[20:17:17] [Client/GameBox/updateTarget/INFO]: targetX: 8004/targetY 18803
[20:17:17] [Client/GameBox/updateTarget/INFO]: receive Package 000C(角色目标)
[20:17:17] [Client/GameBox/updateTarget/INFO]: targetX: 8004/targetY 18808
[20:17:17] [SendingModule/sendTargetPos/DEBUG]: package 000B(角色移动意图) send!
[20:17:17] [SendingModule/sendTargetPos/DEBUG]: targetX: 8004/targetY: 18808
[20:17:17] [AioModule/Write/Completed/DEBUG]: Sent 26 bytes to session/192.168.1.100:8438
[20:17:17] [AioModule/Write/Completed/DEBUG]: Sent contents(26bytes): ff ff 00 00 00 1a 00 0b 00 00 1f 44 00 00 49 78 00 00 01 4d f7 26 f6 bc 10 f2 
[20:17:17] [AioModule/Read/Completed/DEBUG]: Received 30 bytes from session/192.168.1.100:8438
[20:17:17] [AioModule/Read/Completed/DEBUG]: Received contents(30bytes): ff ff 00 00 00 1e 00 0c 00 00 04 03 00 00 1f 44 00 00 49 78 00 00 01 4d f7 26 f6 bc 53 93 
[20:17:17] [ClientServer/ClientDecoder/INFO]: Receive a package 000C(所有玩家目标坐标更新)
[20:17:17] [ClientServer/ClientDecoder/INFO]: package 000C: /id: 1027/posX: 8004/posY: 18808
[20:17:17] [Client/GameBox/updateTarget/INFO]: receive Package 000C(角色目标)
[20:17:17] [Client/GameBox/updateTarget/INFO]: targetX: 8004/targetY 18808
[20:17:17] [Client/GameBox/updateTarget/INFO]: receive Package 000C(角色目标)
[20:17:17] [Client/GameBox/updateTarget/INFO]: targetX: 8004/targetY 18813
[20:17:17] [SendingModule/sendTargetPos/DEBUG]: package 000B(角色移动意图) send!
[20:17:17] [SendingModule/sendTargetPos/DEBUG]: targetX: 8004/targetY: 18813
[20:17:17] [AioModule/Write/Completed/DEBUG]: Sent 26 bytes to session/192.168.1.100:8438
[20:17:17] [AioModule/Write/Completed/DEBUG]: Sent contents(26bytes): ff ff 00 00 00 1a 00 0b 00 00 1f 44 00 00 49 7d 00 00 01 4d f7 26 f7 4b 10 2d 
[20:17:17] [AioModule/Read/Completed/DEBUG]: Received 30 bytes from session/192.168.1.100:8438
[20:17:17] [AioModule/Read/Completed/DEBUG]: Received contents(30bytes): ff ff 00 00 00 1e 00 0c 00 00 04 03 00 00 1f 44 00 00 49 7d 00 00 01 4d f7 26 f7 4b 2e de 
[20:17:17] [ClientServer/ClientDecoder/INFO]: Receive a package 000C(所有玩家目标坐标更新)
[20:17:17] [ClientServer/ClientDecoder/INFO]: package 000C: /id: 1027/posX: 8004/posY: 18813
[20:17:17] [Client/GameBox/updateTarget/INFO]: receive Package 000C(角色目标)
[20:17:17] [Client/GameBox/updateTarget/INFO]: targetX: 8004/targetY 18813
[20:17:17] [Client/GameBox/updateTarget/INFO]: receive Package 000C(角色目标)
[20:17:17] [Client/GameBox/updateTarget/INFO]: targetX: 8004/targetY 18818
[20:17:17] [SendingModule/sendTargetPos/DEBUG]: package 000B(角色移动意图) send!
[20:17:17] [SendingModule/sendTargetPos/DEBUG]: targetX: 8004/targetY: 18818
[20:17:17] [AioModule/Write/Completed/DEBUG]: Sent 26 bytes to session/192.168.1.100:8438
[20:17:17] [AioModule/Write/Completed/DEBUG]: Sent contents(26bytes): ff ff 00 00 00 1a 00 0b 00 00 1f 44 00 00 49 82 00 00 01 4d f7 26 f7 c5 09 19 
[20:17:17] [AioModule/Read/Completed/DEBUG]: Received 30 bytes from session/192.168.1.100:8438
[20:17:17] [AioModule/Read/Completed/DEBUG]: Received contents(30bytes): ff ff 00 00 00 1e 00 0c 00 00 04 03 00 00 1f 44 00 00 49 82 00 00 01 4d f7 26 f7 c5 0d 37 
[20:17:17] [ClientServer/ClientDecoder/INFO]: Receive a package 000C(所有玩家目标坐标更新)
[20:17:17] [ClientServer/ClientDecoder/INFO]: package 000C: /id: 1027/posX: 8004/posY: 18818
[20:17:17] [Client/GameBox/updateTarget/INFO]: receive Package 000C(角色目标)
[20:17:17] [Client/GameBox/updateTarget/INFO]: targetX: 8004/targetY 18818
[20:17:18] [Client/GameBox/updateTarget/INFO]: receive Package 000C(角色目标)
[20:17:18] [Client/GameBox/updateTarget/INFO]: targetX: 8004/targetY 18823
[20:17:18] [SendingModule/sendTargetPos/DEBUG]: package 000B(角色移动意图) send!
[20:17:18] [AioModule/Write/Completed/DEBUG]: Sent 26 bytes to session/192.168.1.100:8438
[20:17:18] [SendingModule/sendTargetPos/DEBUG]: targetX: 8004/targetY: 18823
[20:17:18] [AioModule/Write/Completed/DEBUG]: Sent contents(26bytes): ff ff 00 00 00 1a 00 0b 00 00 1f 44 00 00 49 87 00 00 01 4d f7 26 f8 42 08 42 
[20:17:18] [Client/GameBox/updateTarget/INFO]: receive Package 000C(角色目标)
[20:17:18] [Client/GameBox/updateTarget/INFO]: targetX: 8004/targetY 18828
[20:17:18] [SendingModule/sendTargetPos/DEBUG]: package 000B(角色移动意图) send!
[20:17:18] [AioModule/Write/Completed/DEBUG]: Sent 26 bytes to session/192.168.1.100:8438
[20:17:18] [SendingModule/sendTargetPos/DEBUG]: targetX: 8004/targetY: 18828
[20:17:18] [AioModule/Write/Completed/DEBUG]: Sent contents(26bytes): ff ff 00 00 00 1a 00 0b 00 00 1f 44 00 00 49 8c 00 00 01 4d f7 26 f8 c2 06 56 
[20:17:18] [AioModule/Read/Completed/DEBUG]: Received 30 bytes from session/192.168.1.100:8438
[20:17:18] [AioModule/Read/Completed/DEBUG]: Received contents(30bytes): ff ff 00 00 00 1e 00 0c 00 00 04 03 00 00 1f 44 00 00 49 87 00 00 01 4d f7 26 f8 42 ab 45 
[20:17:18] [ClientServer/ClientDecoder/INFO]: Receive a package 000C(所有玩家目标坐标更新)
[20:17:18] [ClientServer/ClientDecoder/INFO]: package 000C: /id: 1027/posX: 8004/posY: 18823
[20:17:18] [Client/GameBox/updateTarget/INFO]: receive Package 000C(角色目标)
[20:17:18] [Client/GameBox/updateTarget/INFO]: targetX: 8004/targetY 18823
[20:17:18] [AioModule/Read/Completed/DEBUG]: Received 30 bytes from session/192.168.1.100:8438
[20:17:18] [AioModule/Read/Completed/DEBUG]: Received contents(30bytes): ff ff 00 00 00 1e 00 0c 00 00 04 03 00 00 1f 44 00 00 49 8c 00 00 01 4d f7 26 f8 c2 85 65 
[20:17:18] [ClientServer/ClientDecoder/INFO]: Receive a package 000C(所有玩家目标坐标更新)
[20:17:18] [ClientServer/ClientDecoder/INFO]: package 000C: /id: 1027/posX: 8004/posY: 18828
[20:17:18] [Client/GameBox/updateTarget/INFO]: receive Package 000C(角色目标)
[20:17:18] [Client/GameBox/updateTarget/INFO]: targetX: 8004/targetY 18828
[20:17:18] [Client/GameBox/updateTarget/INFO]: receive Package 000C(角色目标)
[20:17:18] [Client/GameBox/updateTarget/INFO]: targetX: 8004/targetY 18833
[20:17:18] [SendingModule/sendTargetPos/DEBUG]: package 000B(角色移动意图) send!
[20:17:18] [SendingModule/sendTargetPos/DEBUG]: targetX: 8004/targetY: 18833
[20:17:18] [AioModule/Write/Completed/DEBUG]: Sent 26 bytes to session/192.168.1.100:8438
[20:17:18] [AioModule/Write/Completed/DEBUG]: Sent contents(26bytes): ff ff 00 00 00 1a 00 0b 00 00 1f 44 00 00 49 91 00 00 01 4d f7 26 f9 4d 05 8d 
[20:17:18] [AioModule/Read/Completed/DEBUG]: Received 30 bytes from session/192.168.1.100:8438
[20:17:18] [AioModule/Read/Completed/DEBUG]: Received contents(30bytes): ff ff 00 00 00 1e 00 0c 00 00 04 03 00 00 1f 44 00 00 49 91 00 00 01 4d f7 26 f9 4d 60 ac 
[20:17:18] [ClientServer/ClientDecoder/INFO]: Receive a package 000C(所有玩家目标坐标更新)
[20:17:18] [ClientServer/ClientDecoder/INFO]: package 000C: /id: 1027/posX: 8004/posY: 18833
[20:17:18] [Client/GameBox/updateTarget/INFO]: receive Package 000C(角色目标)
[20:17:18] [Client/GameBox/updateTarget/INFO]: targetX: 8004/targetY 18833
[20:17:18] [Client/GameBox/updateTarget/INFO]: receive Package 000C(角色目标)
[20:17:18] [Client/GameBox/updateTarget/INFO]: targetX: 8004/targetY 18838
[20:17:18] [SendingModule/sendTargetPos/DEBUG]: package 000B(角色移动意图) send!
[20:17:18] [SendingModule/sendTargetPos/DEBUG]: targetX: 8004/targetY: 18838
[20:17:18] [AioModule/Write/Completed/DEBUG]: Sent 26 bytes to session/192.168.1.100:8438
[20:17:18] [AioModule/Write/Completed/DEBUG]: Sent contents(26bytes): ff ff 00 00 00 1a 00 0b 00 00 1f 44 00 00 49 96 00 00 01 4d f7 26 f9 f1 03 c5 
[20:17:18] [AioModule/Read/Completed/DEBUG]: Received 30 bytes from session/192.168.1.100:8438
[20:17:18] [AioModule/Read/Completed/DEBUG]: Received contents(30bytes): ff ff 00 00 00 1e 00 0c 00 00 04 03 00 00 1f 44 00 00 49 96 00 00 01 4d f7 26 f9 f1 3a f0 
[20:17:18] [ClientServer/ClientDecoder/INFO]: Receive a package 000C(所有玩家目标坐标更新)
[20:17:18] [ClientServer/ClientDecoder/INFO]: package 000C: /id: 1027/posX: 8004/posY: 18838
[20:17:18] [Client/GameBox/updateTarget/INFO]: receive Package 000C(角色目标)
[20:17:18] [Client/GameBox/updateTarget/INFO]: targetX: 8004/targetY 18838
[20:17:18] [Client/GameBox/updateTarget/INFO]: receive Package 000C(角色目标)
[20:17:18] [Client/GameBox/updateTarget/INFO]: targetX: 8004/targetY 18843
[20:17:18] [SendingModule/sendTargetPos/DEBUG]: package 000B(角色移动意图) send!
[20:17:18] [SendingModule/sendTargetPos/DEBUG]: targetX: 8004/targetY: 18843
[20:17:18] [AioModule/Write/Completed/DEBUG]: Sent 26 bytes to session/192.168.1.100:8438
[20:17:18] [AioModule/Write/Completed/DEBUG]: Sent contents(26bytes): ff ff 00 00 00 1a 00 0b 00 00 1f 44 00 00 49 9b 00 00 01 4d f7 26 fa 82 02 02 
[20:17:18] [AioModule/Read/Completed/DEBUG]: Received 30 bytes from session/192.168.1.100:8438
[20:17:18] [AioModule/Read/Completed/DEBUG]: Received contents(30bytes): ff ff 00 00 00 1e 00 0c 00 00 04 03 00 00 1f 44 00 00 49 9b 00 00 01 4d f7 26 fa 82 15 3d 
[20:17:18] [ClientServer/ClientDecoder/INFO]: Receive a package 000C(所有玩家目标坐标更新)
[20:17:18] [ClientServer/ClientDecoder/INFO]: package 000C: /id: 1027/posX: 8004/posY: 18843
[20:17:18] [Client/GameBox/updateTarget/INFO]: receive Package 000C(角色目标)
[20:17:18] [Client/GameBox/updateTarget/INFO]: targetX: 8004/targetY 18843
[20:17:18] [Client/GameBox/updateTarget/INFO]: receive Package 000C(角色目标)
[20:17:18] [Client/GameBox/updateTarget/INFO]: targetX: 8004/targetY 18848
[20:17:18] [SendingModule/sendTargetPos/DEBUG]: package 000B(角色移动意图) send!
[20:17:18] [SendingModule/sendTargetPos/DEBUG]: targetX: 8004/targetY: 18848
[20:17:18] [AioModule/Write/Completed/DEBUG]: Sent 26 bytes to session/192.168.1.100:8438
[20:17:18] [AioModule/Write/Completed/DEBUG]: Sent contents(26bytes): ff ff 00 00 00 1a 00 0b 00 00 1f 44 00 00 49 a0 00 00 01 4d f7 26 fb 23 01 4f 
[20:17:18] [AioModule/Read/Completed/DEBUG]: Received 30 bytes from session/192.168.1.100:8438
[20:17:18] [AioModule/Read/Completed/DEBUG]: Received contents(30bytes): ff ff 00 00 00 1e 00 0c 00 00 04 03 00 00 1f 44 00 00 49 a0 00 00 01 4d f7 26 fb 23 b3 6f 
[20:17:18] [ClientServer/ClientDecoder/INFO]: Receive a package 000C(所有玩家目标坐标更新)
[20:17:18] [ClientServer/ClientDecoder/INFO]: package 000C: /id: 1027/posX: 8004/posY: 18848
[20:17:18] [Client/GameBox/updateTarget/INFO]: receive Package 000C(角色目标)
[20:17:18] [Client/GameBox/updateTarget/INFO]: targetX: 8004/targetY 18848
[20:17:18] [Client/GameBox/updateTarget/INFO]: receive Package 000C(角色目标)
[20:17:18] [Client/GameBox/updateTarget/INFO]: targetX: 8004/targetY 18853
[20:17:18] [SendingModule/sendTargetPos/DEBUG]: package 000B(角色移动意图) send!
[20:17:18] [AioModule/Write/Completed/DEBUG]: Sent 26 bytes to session/192.168.1.100:8438
[20:17:18] [SendingModule/sendTargetPos/DEBUG]: targetX: 8004/targetY: 18853
[20:17:18] [AioModule/Write/Completed/DEBUG]: Sent contents(26bytes): ff ff 00 00 00 1a 00 0b 00 00 1f 44 00 00 49 a5 00 00 01 4d f7 26 fb b9 c2 4e 
[20:17:19] [AioModule/Read/Completed/DEBUG]: Received 30 bytes from session/192.168.1.100:8438
[20:17:19] [AioModule/Read/Completed/DEBUG]: Received contents(30bytes): ff ff 00 00 00 1e 00 0c 00 00 04 03 00 00 1f 44 00 00 49 a5 00 00 01 4d f7 26 fb b9 8d a5 
[20:17:19] [ClientServer/ClientDecoder/INFO]: Receive a package 000C(所有玩家目标坐标更新)
[20:17:19] [ClientServer/ClientDecoder/INFO]: package 000C: /id: 1027/posX: 8004/posY: 18853
[20:17:19] [Client/GameBox/updateTarget/INFO]: receive Package 000C(角色目标)
[20:17:19] [Client/GameBox/updateTarget/INFO]: targetX: 8004/targetY 18853
[20:17:19] [Client/GameBox/updateTarget/INFO]: receive Package 000C(角色目标)
[20:17:19] [Client/GameBox/updateTarget/INFO]: targetX: 8004/targetY 18858
[20:17:19] [SendingModule/sendTargetPos/DEBUG]: package 000B(角色移动意图) send!
[20:17:19] [SendingModule/sendTargetPos/DEBUG]: targetX: 8004/targetY: 18858
[20:17:19] [AioModule/Write/Completed/DEBUG]: Sent 26 bytes to session/192.168.1.100:8438
[20:17:19] [AioModule/Write/Completed/DEBUG]: Sent contents(26bytes): ff ff 00 00 00 1a 00 0b 00 00 1f 44 00 00 49 aa 00 00 01 4d f7 26 fc 53 c1 94 
[20:17:19] [AioModule/Read/Completed/DEBUG]: Received 30 bytes from session/192.168.1.100:8438
[20:17:19] [AioModule/Read/Completed/DEBUG]: Received contents(30bytes): ff ff 00 00 00 1e 00 0c 00 00 04 03 00 00 1f 44 00 00 49 aa 00 00 01 4d f7 26 fc 53 68 fb 
[20:17:19] [ClientServer/ClientDecoder/INFO]: Receive a package 000C(所有玩家目标坐标更新)
[20:17:19] [ClientServer/ClientDecoder/INFO]: package 000C: /id: 1027/posX: 8004/posY: 18858
[20:17:19] [Client/GameBox/updateTarget/INFO]: receive Package 000C(角色目标)
[20:17:19] [Client/GameBox/updateTarget/INFO]: targetX: 8004/targetY 18858
[20:17:19] [Client/GameBox/updateTarget/INFO]: receive Package 000C(角色目标)
[20:17:19] [Client/GameBox/updateTarget/INFO]: targetX: 8004/targetY 18863
[20:17:19] [SendingModule/sendTargetPos/DEBUG]: package 000B(角色移动意图) send!
[20:17:19] [AioModule/Write/Completed/DEBUG]: Sent 26 bytes to session/192.168.1.100:8438
[20:17:19] [SendingModule/sendTargetPos/DEBUG]: targetX: 8004/targetY: 18863
[20:17:19] [AioModule/Write/Completed/DEBUG]: Sent contents(26bytes): ff ff 00 00 00 1a 00 0b 00 00 1f 44 00 00 49 af 00 00 01 4d f7 26 fc f2 bf c7 
[20:17:19] [AioModule/Read/Completed/DEBUG]: Received 30 bytes from session/192.168.1.100:8438
[20:17:19] [AioModule/Read/Completed/DEBUG]: Received contents(30bytes): ff ff 00 00 00 1e 00 0c 00 00 04 03 00 00 1f 44 00 00 49 af 00 00 01 4d f7 26 fc f2 43 3a 
[20:17:19] [ClientServer/ClientDecoder/INFO]: Receive a package 000C(所有玩家目标坐标更新)
[20:17:19] [ClientServer/ClientDecoder/INFO]: package 000C: /id: 1027/posX: 8004/posY: 18863
[20:17:19] [Client/GameBox/updateTarget/INFO]: receive Package 000C(角色目标)
[20:17:19] [Client/GameBox/updateTarget/INFO]: targetX: 8004/targetY 18863
[20:17:19] [Client/GameBox/updateTarget/INFO]: receive Package 000C(角色目标)
[20:17:19] [Client/GameBox/updateTarget/INFO]: targetX: 8004/targetY 18868
[20:17:19] [SendingModule/sendTargetPos/DEBUG]: package 000B(角色移动意图) send!
[20:17:19] [SendingModule/sendTargetPos/DEBUG]: targetX: 8004/targetY: 18868
[20:17:19] [AioModule/Write/Completed/DEBUG]: Sent 26 bytes to session/192.168.1.100:8438
[20:17:19] [AioModule/Write/Completed/DEBUG]: Sent contents(26bytes): ff ff 00 00 00 1a 00 0b 00 00 1f 44 00 00 49 b4 00 00 01 4d f7 26 fd 8a be 0b 
[20:17:19] [AioModule/Read/Completed/DEBUG]: Received 30 bytes from session/192.168.1.100:8438
[20:17:19] [AioModule/Read/Completed/DEBUG]: Received contents(30bytes): ff ff 00 00 00 1e 00 0c 00 00 04 03 00 00 1f 44 00 00 49 b4 00 00 01 4d f7 26 fd 8a 1d 8e 
[20:17:19] [ClientServer/ClientDecoder/INFO]: Receive a package 000C(所有玩家目标坐标更新)
[20:17:19] [ClientServer/ClientDecoder/INFO]: package 000C: /id: 1027/posX: 8004/posY: 18868
[20:17:19] [Client/GameBox/updateTarget/INFO]: receive Package 000C(角色目标)
[20:17:19] [Client/GameBox/updateTarget/INFO]: targetX: 8004/targetY 18868
[20:17:19] [Client/GameBox/updateTarget/INFO]: receive Package 000C(角色目标)
[20:17:19] [Client/GameBox/updateTarget/INFO]: targetX: 8004/targetY 18873
[20:17:19] [SendingModule/sendTargetPos/DEBUG]: package 000B(角色移动意图) send!
[20:17:19] [SendingModule/sendTargetPos/DEBUG]: targetX: 8004/targetY: 18873
[20:17:19] [AioModule/Write/Completed/DEBUG]: Sent 26 bytes to session/192.168.1.100:8438
[20:17:19] [AioModule/Write/Completed/DEBUG]: Sent contents(26bytes): ff ff 00 00 00 1a 00 0b 00 00 1f 44 00 00 49 b9 00 00 01 4d f7 26 fe 29 bd 56 
[20:17:19] [AioModule/Read/Completed/DEBUG]: Received 30 bytes from session/192.168.1.100:8438
[20:17:19] [AioModule/Read/Completed/DEBUG]: Received contents(30bytes): ff ff 00 00 00 1e 00 0c 00 00 04 03 00 00 1f 44 00 00 49 b9 00 00 01 4d f7 26 fe 29 bb be 
[20:17:19] [ClientServer/ClientDecoder/INFO]: Receive a package 000C(所有玩家目标坐标更新)
[20:17:19] [ClientServer/ClientDecoder/INFO]: package 000C: /id: 1027/posX: 8004/posY: 18873
[20:17:19] [Client/GameBox/updateTarget/INFO]: receive Package 000C(角色目标)
[20:17:19] [Client/GameBox/updateTarget/INFO]: targetX: 8004/targetY 18873
[20:17:19] [Client/GameBox/updateTarget/INFO]: receive Package 000C(角色目标)
[20:17:19] [Client/GameBox/updateTarget/INFO]: targetX: 8004/targetY 18878
[20:17:19] [SendingModule/sendTargetPos/DEBUG]: package 000B(角色移动意图) send!
[20:17:19] [AioModule/Write/Completed/DEBUG]: Sent 26 bytes to session/192.168.1.100:8438
[20:17:19] [SendingModule/sendTargetPos/DEBUG]: targetX: 8004/targetY: 18878
[20:17:19] [AioModule/Write/Completed/DEBUG]: Sent contents(26bytes): ff ff 00 00 00 1a 00 0b 00 00 1f 44 00 00 49 be 00 00 01 4d f7 26 ff 5a bc 33 
[20:17:19] [AioModule/Read/Completed/DEBUG]: Received 30 bytes from session/192.168.1.100:8438
[20:17:19] [AioModule/Read/Completed/DEBUG]: Received contents(30bytes): ff ff 00 00 00 1e 00 0c 00 00 04 03 00 00 1f 44 00 00 49 be 00 00 01 4d f7 26 ff 5a 96 ab 
[20:17:19] [ClientServer/ClientDecoder/INFO]: Receive a package 000C(所有玩家目标坐标更新)
[20:17:19] [ClientServer/ClientDecoder/INFO]: package 000C: /id: 1027/posX: 8004/posY: 18878
[20:17:19] [Client/GameBox/updateTarget/INFO]: receive Package 000C(角色目标)
[20:17:19] [Client/GameBox/updateTarget/INFO]: targetX: 8004/targetY 18878
[20:17:20] [Client/GameBox/updateTarget/INFO]: receive Package 000C(角色目标)
[20:17:20] [Client/GameBox/updateTarget/INFO]: targetX: 8004/targetY 18883
[20:17:20] [SendingModule/sendTargetPos/DEBUG]: package 000B(角色移动意图) send!
[20:17:20] [SendingModule/sendTargetPos/DEBUG]: targetX: 8004/targetY: 18883
[20:17:20] [AioModule/Write/Completed/DEBUG]: Sent 26 bytes to session/192.168.1.100:8438
[20:17:20] [AioModule/Write/Completed/DEBUG]: Sent contents(26bytes): ff ff 00 00 00 1a 00 0b 00 00 1f 44 00 00 49 c3 00 00 01 4d f7 26 ff fa ba 67 
[20:17:20] [AioModule/Read/Completed/DEBUG]: Received 30 bytes from session/192.168.1.100:8438
[20:17:20] [AioModule/Read/Completed/DEBUG]: Received contents(30bytes): ff ff 00 00 00 1e 00 0c 00 00 04 03 00 00 1f 44 00 00 49 c3 00 00 01 4d f7 26 ff fa 70 eb 
[20:17:20] [ClientServer/ClientDecoder/INFO]: Receive a package 000C(所有玩家目标坐标更新)
[20:17:20] [ClientServer/ClientDecoder/INFO]: package 000C: /id: 1027/posX: 8004/posY: 18883
[20:17:20] [Client/GameBox/updateTarget/INFO]: receive Package 000C(角色目标)
[20:17:20] [Client/GameBox/updateTarget/INFO]: targetX: 8004/targetY 18883
[20:17:20] [Client/GameBox/updateTarget/INFO]: receive Package 000C(角色目标)
[20:17:20] [Client/GameBox/updateTarget/INFO]: targetX: 8004/targetY 18888
[20:17:20] [SendingModule/sendTargetPos/DEBUG]: package 000B(角色移动意图) send!
[20:17:20] [SendingModule/sendTargetPos/DEBUG]: targetX: 8004/targetY: 18888
[20:17:20] [AioModule/Write/Completed/DEBUG]: Sent 26 bytes to session/192.168.1.100:8438
[20:17:20] [AioModule/Write/Completed/DEBUG]: Sent contents(26bytes): ff ff 00 00 00 1a 00 0b 00 00 1f 44 00 00 49 c8 00 00 01 4d f7 27 00 8a ba cb 
[20:17:20] [AioModule/Read/Completed/DEBUG]: Received 30 bytes from session/192.168.1.100:8438
[20:17:20] [AioModule/Read/Completed/DEBUG]: Received contents(30bytes): ff ff 00 00 00 1e 00 0c 00 00 04 03 00 00 1f 44 00 00 49 c8 00 00 01 4d f7 27 00 8a 4e 2b 
[20:17:20] [ClientServer/ClientDecoder/INFO]: Receive a package 000C(所有玩家目标坐标更新)
[20:17:20] [ClientServer/ClientDecoder/INFO]: package 000C: /id: 1027/posX: 8004/posY: 18888
[20:17:20] [Client/GameBox/updateTarget/INFO]: receive Package 000C(角色目标)
[20:17:20] [Client/GameBox/updateTarget/INFO]: targetX: 8004/targetY 18888
[20:17:20] [Client/GameBox/updateTarget/INFO]: receive Package 000C(角色目标)
[20:17:20] [Client/GameBox/updateTarget/INFO]: targetX: 8004/targetY 18893
[20:17:20] [SendingModule/sendTargetPos/DEBUG]: package 000B(角色移动意图) send!
[20:17:20] [AioModule/Write/Completed/DEBUG]: Sent 26 bytes to session/192.168.1.100:8438
[20:17:20] [SendingModule/sendTargetPos/DEBUG]: targetX: 8004/targetY: 18893
[20:17:20] [AioModule/Write/Completed/DEBUG]: Sent contents(26bytes): ff ff 00 00 00 1a 00 0b 00 00 1f 44 00 00 49 cd 00 00 01 4d f7 27 01 2a ba 17 
[20:17:20] [AioModule/Read/Completed/DEBUG]: Received 30 bytes from session/192.168.1.100:8438
[20:17:20] [AioModule/Read/Completed/DEBUG]: Received contents(30bytes): ff ff 00 00 00 1e 00 0c 00 00 04 03 00 00 1f 44 00 00 49 cd 00 00 01 4d f7 27 01 2a 29 87 
[20:17:20] [ClientServer/ClientDecoder/INFO]: Receive a package 000C(所有玩家目标坐标更新)
[20:17:20] [ClientServer/ClientDecoder/INFO]: package 000C: /id: 1027/posX: 8004/posY: 18893
[20:17:20] [Client/GameBox/updateTarget/INFO]: receive Package 000C(角色目标)
[20:17:20] [Client/GameBox/updateTarget/INFO]: targetX: 8004/targetY 18893
[20:17:20] [Client/GameBox/updateTarget/INFO]: receive Package 000C(角色目标)
[20:17:20] [Client/GameBox/updateTarget/INFO]: targetX: 8004/targetY 18898
[20:17:20] [SendingModule/sendTargetPos/DEBUG]: package 000B(角色移动意图) send!
[20:17:20] [SendingModule/sendTargetPos/DEBUG]: targetX: 8004/targetY: 18898
[20:17:20] [AioModule/Write/Completed/DEBUG]: Sent 26 bytes to session/192.168.1.100:8438
[20:17:20] [AioModule/Write/Completed/DEBUG]: Sent contents(26bytes): ff ff 00 00 00 1a 00 0b 00 00 1f 44 00 00 49 d2 00 00 01 4d f7 27 01 ba b8 3b 
[20:17:20] [AioModule/Read/Completed/DEBUG]: Received 30 bytes from session/192.168.1.100:8438
[20:17:20] [AioModule/Read/Completed/DEBUG]: Received contents(30bytes): ff ff 00 00 00 1e 00 0c 00 00 04 03 00 00 1f 44 00 00 49 d2 00 00 01 4d f7 27 01 ba 03 b7 
[20:17:20] [ClientServer/ClientDecoder/INFO]: Receive a package 000C(所有玩家目标坐标更新)
[20:17:20] [ClientServer/ClientDecoder/INFO]: package 000C: /id: 1027/posX: 8004/posY: 18898
[20:17:20] [Client/GameBox/updateTarget/INFO]: receive Package 000C(角色目标)
[20:17:20] [Client/GameBox/updateTarget/INFO]: targetX: 8004/targetY 18898
[20:17:20] [Client/GameBox/updateTarget/INFO]: receive Package 000C(角色目标)
[20:17:20] [Client/GameBox/updateTarget/INFO]: targetX: 8004/targetY 18903
[20:17:20] [SendingModule/sendTargetPos/DEBUG]: package 000B(角色移动意图) send!
[20:17:20] [SendingModule/sendTargetPos/DEBUG]: targetX: 8004/targetY: 18903
[20:17:20] [AioModule/Write/Completed/DEBUG]: Sent 26 bytes to session/192.168.1.100:8438
[20:17:20] [AioModule/Write/Completed/DEBUG]: Sent contents(26bytes): ff ff 00 00 00 1a 00 0b 00 00 1f 44 00 00 49 d7 00 00 01 4d f7 27 02 5a b7 87 
[20:17:20] [AioModule/Read/Completed/DEBUG]: Received 30 bytes from session/192.168.1.100:8438
[20:17:20] [AioModule/Read/Completed/DEBUG]: Received contents(30bytes): ff ff 00 00 00 1e 00 0c 00 00 04 03 00 00 1f 44 00 00 49 d7 00 00 01 4d f7 27 02 5a a1 e8 
[20:17:20] [ClientServer/ClientDecoder/INFO]: Receive a package 000C(所有玩家目标坐标更新)
[20:17:20] [ClientServer/ClientDecoder/INFO]: package 000C: /id: 1027/posX: 8004/posY: 18903
[20:17:20] [Client/GameBox/updateTarget/INFO]: receive Package 000C(角色目标)
[20:17:20] [Client/GameBox/updateTarget/INFO]: targetX: 8004/targetY 18903
[20:17:20] [Client/GameBox/updateTarget/INFO]: receive Package 000C(角色目标)
[20:17:20] [Client/GameBox/updateTarget/INFO]: targetX: 8004/targetY 18908
[20:17:20] [SendingModule/sendTargetPos/DEBUG]: package 000B(角色移动意图) send!
[20:17:20] [SendingModule/sendTargetPos/DEBUG]: targetX: 8004/targetY: 18908
[20:17:20] [AioModule/Write/Completed/DEBUG]: Sent 26 bytes to session/192.168.1.100:8438
[20:17:20] [AioModule/Write/Completed/DEBUG]: Sent contents(26bytes): ff ff 00 00 00 1a 00 0b 00 00 1f 44 00 00 49 dc 00 00 01 4d f7 27 02 fc b5 bd 
[20:17:20] [AioModule/Read/Completed/DEBUG]: Received 30 bytes from session/192.168.1.100:8438
[20:17:20] [AioModule/Read/Completed/DEBUG]: Received contents(30bytes): ff ff 00 00 00 1e 00 0c 00 00 04 03 00 00 1f 44 00 00 49 dc 00 00 01 4d f7 27 02 fc 7c 2a 
[20:17:20] [ClientServer/ClientDecoder/INFO]: Receive a package 000C(所有玩家目标坐标更新)
[20:17:20] [ClientServer/ClientDecoder/INFO]: package 000C: /id: 1027/posX: 8004/posY: 18908
[20:17:20] [Client/GameBox/updateTarget/INFO]: receive Package 000C(角色目标)
[20:17:20] [Client/GameBox/updateTarget/INFO]: targetX: 8004/targetY 18908
[20:17:21] [Client/GameBox/updateTarget/INFO]: receive Package 000C(角色目标)
[20:17:21] [Client/GameBox/updateTarget/INFO]: targetX: 8004/targetY 18913
[20:17:21] [SendingModule/sendTargetPos/DEBUG]: package 000B(角色移动意图) send!
[20:17:21] [SendingModule/sendTargetPos/DEBUG]: targetX: 8004/targetY: 18913
[20:17:21] [AioModule/Write/Completed/DEBUG]: Sent 26 bytes to session/192.168.1.100:8438
[20:17:21] [AioModule/Write/Completed/DEBUG]: Sent contents(26bytes): ff ff 00 00 00 1a 00 0b 00 00 1f 44 00 00 49 e1 00 00 01 4d f7 27 03 92 b3 ff 
[20:17:21] [AioModule/Read/Completed/DEBUG]: Received 30 bytes from session/192.168.1.100:8438
[20:17:21] [AioModule/Read/Completed/DEBUG]: Received contents(30bytes): ff ff 00 00 00 1e 00 0c 00 00 04 03 00 00 1f 44 00 00 49 e1 00 00 01 4d f7 27 03 92 56 7c 
[20:17:21] [ClientServer/ClientDecoder/INFO]: Receive a package 000C(所有玩家目标坐标更新)
[20:17:21] [ClientServer/ClientDecoder/INFO]: package 000C: /id: 1027/posX: 8004/posY: 18913
[20:17:21] [Client/GameBox/updateTarget/INFO]: receive Package 000C(角色目标)
[20:17:21] [Client/GameBox/updateTarget/INFO]: targetX: 8004/targetY 18913
[20:17:21] [Client/GameBox/updateTarget/INFO]: receive Package 000C(角色目标)
[20:17:21] [Client/GameBox/updateTarget/INFO]: targetX: 8004/targetY 18918
[20:17:21] [SendingModule/sendTargetPos/DEBUG]: package 000B(角色移动意图) send!
[20:17:21] [SendingModule/sendTargetPos/DEBUG]: targetX: 8004/targetY: 18918
[20:17:21] [AioModule/Write/Completed/DEBUG]: Sent 26 bytes to session/192.168.1.100:8438
[20:17:21] [AioModule/Write/Completed/DEBUG]: Sent contents(26bytes): ff ff 00 00 00 1a 00 0b 00 00 1f 44 00 00 49 e6 00 00 01 4d f7 27 04 ba b2 d3 
[20:17:21] [AioModule/Read/Completed/DEBUG]: Received 30 bytes from session/192.168.1.100:8438
[20:17:21] [AioModule/Read/Completed/DEBUG]: Received contents(30bytes): ff ff 00 00 00 1e 00 0c 00 00 04 03 00 00 1f 44 00 00 49 e6 00 00 01 4d f7 27 04 ba 31 60 
[20:17:21] [ClientServer/ClientDecoder/INFO]: Receive a package 000C(所有玩家目标坐标更新)
[20:17:21] [ClientServer/ClientDecoder/INFO]: package 000C: /id: 1027/posX: 8004/posY: 18918
[20:17:21] [Client/GameBox/updateTarget/INFO]: receive Package 000C(角色目标)
[20:17:21] [Client/GameBox/updateTarget/INFO]: targetX: 8004/targetY 18918
[20:17:21] [Client/GameBox/updateTarget/INFO]: receive Package 000C(角色目标)
[20:17:21] [Client/GameBox/updateTarget/INFO]: targetX: 8004/targetY 18923
[20:17:21] [SendingModule/sendTargetPos/DEBUG]: package 000B(角色移动意图) send!
[20:17:21] [SendingModule/sendTargetPos/DEBUG]: targetX: 8004/targetY: 18923
[20:17:21] [AioModule/Write/Completed/DEBUG]: Sent 26 bytes to session/192.168.1.100:8438
[20:17:21] [AioModule/Write/Completed/DEBUG]: Sent contents(26bytes): ff ff 00 00 00 1a 00 0b 00 00 1f 44 00 00 49 eb 00 00 01 4d f7 27 05 3c b2 01 
[20:17:21] [AioModule/Read/Completed/DEBUG]: Received 30 bytes from session/192.168.1.100:8438
[20:17:21] [AioModule/Read/Completed/DEBUG]: Received contents(30bytes): ff ff 00 00 00 1e 00 0c 00 00 04 03 00 00 1f 44 00 00 49 eb 00 00 01 4d f7 27 05 3c 0c 9e 
[20:17:21] [ClientServer/ClientDecoder/INFO]: Receive a package 000C(所有玩家目标坐标更新)
[20:17:21] [ClientServer/ClientDecoder/INFO]: package 000C: /id: 1027/posX: 8004/posY: 18923
[20:17:21] [Client/GameBox/updateTarget/INFO]: receive Package 000C(角色目标)
[20:17:21] [Client/GameBox/updateTarget/INFO]: targetX: 8004/targetY 18923
[20:17:21] [Client/GameBox/updateTarget/INFO]: receive Package 000C(角色目标)
[20:17:21] [Client/GameBox/updateTarget/INFO]: targetX: 8004/targetY 18928
[20:17:21] [SendingModule/sendTargetPos/DEBUG]: package 000B(角色移动意图) send!
[20:17:21] [SendingModule/sendTargetPos/DEBUG]: targetX: 8004/targetY: 18928
[20:17:21] [AioModule/Write/Completed/DEBUG]: Sent 26 bytes to session/192.168.1.100:8438
[20:17:21] [AioModule/Write/Completed/DEBUG]: Sent contents(26bytes): ff ff 00 00 00 1a 00 0b 00 00 1f 44 00 00 49 f0 00 00 01 4d f7 27 05 c9 b0 22 
[20:17:21] [AioModule/Read/Completed/DEBUG]: Received 30 bytes from session/192.168.1.100:8438
[20:17:21] [AioModule/Read/Completed/DEBUG]: Received contents(30bytes): ff ff 00 00 00 1e 00 0c 00 00 04 03 00 00 1f 44 00 00 49 f0 00 00 01 4d f7 27 05 c9 a9 a0 
[20:17:21] [ClientServer/ClientDecoder/INFO]: Receive a package 000C(所有玩家目标坐标更新)
[20:17:21] [ClientServer/ClientDecoder/INFO]: package 000C: /id: 1027/posX: 8004/posY: 18928
[20:17:21] [Client/GameBox/updateTarget/INFO]: receive Package 000C(角色目标)
[20:17:21] [Client/GameBox/updateTarget/INFO]: targetX: 8004/targetY 18928
[20:17:21] [Client/GameBox/updateTarget/INFO]: receive Package 000C(角色目标)
[20:17:21] [Client/GameBox/updateTarget/INFO]: targetX: 8004/targetY 18933
[20:17:21] [SendingModule/sendTargetPos/DEBUG]: package 000B(角色移动意图) send!
[20:17:21] [SendingModule/sendTargetPos/DEBUG]: targetX: 8004/targetY: 18933
[20:17:21] [AioModule/Write/Completed/DEBUG]: Sent 26 bytes to session/192.168.1.100:8438
[20:17:21] [AioModule/Write/Completed/DEBUG]: Sent contents(26bytes): ff ff 00 00 00 1a 00 0b 00 00 1f 44 00 00 49 f5 00 00 01 4d f7 27 06 49 af 4e 
[20:17:21] [AioModule/Read/Completed/DEBUG]: Received 30 bytes from session/192.168.1.100:8438
[20:17:21] [AioModule/Read/Completed/DEBUG]: Received contents(30bytes): ff ff 00 00 00 1e 00 0c 00 00 04 03 00 00 1f 44 00 00 49 f5 00 00 01 4d f7 27 06 49 84 dc 
[20:17:21] [ClientServer/ClientDecoder/INFO]: Receive a package 000C(所有玩家目标坐标更新)
[20:17:21] [ClientServer/ClientDecoder/INFO]: package 000C: /id: 1027/posX: 8004/posY: 18933
[20:17:21] [Client/GameBox/updateTarget/INFO]: receive Package 000C(角色目标)
[20:17:21] [Client/GameBox/updateTarget/INFO]: targetX: 8004/targetY 18933
[20:17:21] [Client/GameBox/updateTarget/INFO]: receive Package 000C(角色目标)
[20:17:21] [Client/GameBox/updateTarget/INFO]: targetX: 8004/targetY 18938
[20:17:21] [SendingModule/sendTargetPos/DEBUG]: package 000B(角色移动意图) send!
[20:17:21] [SendingModule/sendTargetPos/DEBUG]: targetX: 8004/targetY: 18938
[20:17:21] [AioModule/Write/Completed/DEBUG]: Sent 26 bytes to session/192.168.1.100:8438
[20:17:21] [AioModule/Write/Completed/DEBUG]: Sent contents(26bytes): ff ff 00 00 00 1a 00 0b 00 00 1f 44 00 00 49 fa 00 00 01 4d f7 27 06 f8 ad 91 
[20:17:21] [AioModule/Read/Completed/DEBUG]: Received 30 bytes from session/192.168.1.100:8438
[20:17:21] [AioModule/Read/Completed/DEBUG]: Received contents(30bytes): ff ff 00 00 00 1e 00 0c 00 00 04 03 00 00 1f 44 00 00 49 fa 00 00 01 4d f7 27 06 f8 5f 2b 
[20:17:21] [ClientServer/ClientDecoder/INFO]: Receive a package 000C(所有玩家目标坐标更新)
[20:17:21] [ClientServer/ClientDecoder/INFO]: package 000C: /id: 1027/posX: 8004/posY: 18938
[20:17:21] [Client/GameBox/updateTarget/INFO]: receive Package 000C(角色目标)
[20:17:21] [Client/GameBox/updateTarget/INFO]: targetX: 8004/targetY 18938
[20:17:21] [Client/GameBox/updateTarget/INFO]: receive Package 000C(角色目标)
[20:17:22] [Client/GameBox/updateTarget/INFO]: targetX: 8004/targetY 18943
[20:17:22] [SendingModule/sendTargetPos/DEBUG]: package 000B(角色移动意图) send!
[20:17:22] [SendingModule/sendTargetPos/DEBUG]: targetX: 8004/targetY: 18943
[20:17:22] [AioModule/Write/Completed/DEBUG]: Sent 26 bytes to session/192.168.1.100:8438
[20:17:22] [AioModule/Write/Completed/DEBUG]: Sent contents(26bytes): ff ff 00 00 00 1a 00 0b 00 00 1f 44 00 00 49 ff 00 00 01 4d f7 27 07 7a ac bf 
[20:17:22] [AioModule/Read/Completed/DEBUG]: Received 30 bytes from session/192.168.1.100:8438
[20:17:22] [AioModule/Read/Completed/DEBUG]: Received contents(30bytes): ff ff 00 00 00 1e 00 0c 00 00 04 03 00 00 1f 44 00 00 49 ff 00 00 01 4d f7 27 07 7a 3a 69 
[20:17:22] [ClientServer/ClientDecoder/INFO]: Receive a package 000C(所有玩家目标坐标更新)
[20:17:22] [ClientServer/ClientDecoder/INFO]: package 000C: /id: 1027/posX: 8004/posY: 18943
[20:17:22] [Client/GameBox/updateTarget/INFO]: receive Package 000C(角色目标)
[20:17:22] [Client/GameBox/updateTarget/INFO]: targetX: 8004/targetY 18943
[20:17:22] [Client/GameBox/updateTarget/INFO]: receive Package 000C(角色目标)
[20:17:22] [Client/GameBox/updateTarget/INFO]: targetX: 8004/targetY 18948
[20:17:22] [SendingModule/sendTargetPos/DEBUG]: package 000B(角色移动意图) send!
[20:17:22] [SendingModule/sendTargetPos/DEBUG]: targetX: 8004/targetY: 18948
[20:17:22] [AioModule/Write/Completed/DEBUG]: Sent 26 bytes to session/192.168.1.100:8438
[20:17:22] [AioModule/Write/Completed/DEBUG]: Sent contents(26bytes): ff ff 00 00 00 1a 00 0b 00 00 1f 44 00 00 4a 04 00 00 01 4d f7 27 08 0a 31 88 
[20:17:22] [AioModule/Read/Completed/DEBUG]: Received 30 bytes from session/192.168.1.100:8438
[20:17:22] [AioModule/Read/Completed/DEBUG]: Received contents(30bytes): ff ff 00 00 00 1e 00 0c 00 00 04 03 00 00 1f 44 00 00 4a 04 00 00 01 4d f7 27 08 0a 42 0a 
[20:17:22] [ClientServer/ClientDecoder/INFO]: Receive a package 000C(所有玩家目标坐标更新)
[20:17:22] [ClientServer/ClientDecoder/INFO]: package 000C: /id: 1027/posX: 8004/posY: 18948
[20:17:22] [Client/GameBox/updateTarget/INFO]: receive Package 000C(角色目标)
[20:17:22] [Client/GameBox/updateTarget/INFO]: targetX: 8004/targetY 18948
[20:17:22] [Client/GameBox/updateTarget/INFO]: receive Package 000C(角色目标)
[20:17:22] [Client/GameBox/updateTarget/INFO]: targetX: 8005/targetY 18961
[20:17:22] [SendingModule/sendTargetPos/DEBUG]: package 000B(角色移动意图) send!
[20:17:22] [SendingModule/sendTargetPos/DEBUG]: targetX: 8005/targetY: 18961
[20:17:22] [AioModule/Write/Completed/DEBUG]: Sent 26 bytes to session/192.168.1.100:8438
[20:17:22] [AioModule/Write/Completed/DEBUG]: Sent contents(26bytes): ff ff 00 00 00 1a 00 0b 00 00 1f 45 00 00 4a 11 00 00 01 4d f7 27 08 f9 84 7c 
[20:17:22] [AioModule/Read/Completed/DEBUG]: Received 30 bytes from session/192.168.1.100:8438
[20:17:22] [AioModule/Read/Completed/DEBUG]: Received contents(30bytes): ff ff 00 00 00 1e 00 0c 00 00 04 03 00 00 1f 45 00 00 4a 11 00 00 01 4d f7 27 08 f9 c2 41 
[20:17:22] [ClientServer/ClientDecoder/INFO]: Receive a package 000C(所有玩家目标坐标更新)
[20:17:22] [ClientServer/ClientDecoder/INFO]: package 000C: /id: 1027/posX: 8005/posY: 18961
[20:17:22] [Client/GameBox/updateTarget/INFO]: receive Package 000C(角色目标)
[20:17:22] [Client/GameBox/updateTarget/INFO]: targetX: 8005/targetY 18961
[20:17:22] [Client/GameBox/updateTarget/INFO]: receive Package 000C(角色目标)
[20:17:22] [Client/GameBox/updateTarget/INFO]: targetX: 8006/targetY 18974
[20:17:22] [SendingModule/sendTargetPos/DEBUG]: package 000B(角色移动意图) send!
[20:17:22] [SendingModule/sendTargetPos/DEBUG]: targetX: 8006/targetY: 18974
[20:17:22] [AioModule/Write/Completed/DEBUG]: Sent 26 bytes to session/192.168.1.100:8438
[20:17:22] [AioModule/Write/Completed/DEBUG]: Sent contents(26bytes): ff ff 00 00 00 1a 00 0b 00 00 1f 46 00 00 4a 1e 00 00 01 4d f7 27 09 aa 14 75 
[20:17:22] [AioModule/Read/Completed/DEBUG]: Received 30 bytes from session/192.168.1.100:8438
[20:17:22] [AioModule/Read/Completed/DEBUG]: Received contents(30bytes): ff ff 00 00 00 1e 00 0c 00 00 04 03 00 00 1f 46 00 00 4a 1e 00 00 01 4d f7 27 09 aa 7f 81 
[20:17:22] [ClientServer/ClientDecoder/INFO]: Receive a package 000C(所有玩家目标坐标更新)
[20:17:22] [ClientServer/ClientDecoder/INFO]: package 000C: /id: 1027/posX: 8006/posY: 18974
[20:17:22] [Client/GameBox/updateTarget/INFO]: receive Package 000C(角色目标)
[20:17:22] [Client/GameBox/updateTarget/INFO]: targetX: 8006/targetY 18974
[20:17:22] [Client/GameBox/updateTarget/INFO]: receive Package 000C(角色目标)
[20:17:22] [Client/GameBox/updateTarget/INFO]: targetX: 8007/targetY 18987
[20:17:22] [SendingModule/sendTargetPos/DEBUG]: package 000B(角色移动意图) send!
[20:17:22] [AioModule/Write/Completed/DEBUG]: Sent 26 bytes to session/192.168.1.100:8438
[20:17:22] [SendingModule/sendTargetPos/DEBUG]: targetX: 8007/targetY: 18987
[20:17:22] [AioModule/Write/Completed/DEBUG]: Sent contents(26bytes): ff ff 00 00 00 1a 00 0b 00 00 1f 47 00 00 4a 2b 00 00 01 4d f7 27 0a 4a 68 32 
[20:17:22] [AioModule/Read/Completed/DEBUG]: Received 30 bytes from session/192.168.1.100:8438
[20:17:22] [AioModule/Read/Completed/DEBUG]: Received contents(30bytes): ff ff 00 00 00 1e 00 0c 00 00 04 03 00 00 1f 47 00 00 4a 2b 00 00 01 4d f7 27 0a 4a 3d b0 
[20:17:22] [ClientServer/ClientDecoder/INFO]: Receive a package 000C(所有玩家目标坐标更新)
[20:17:22] [ClientServer/ClientDecoder/INFO]: package 000C: /id: 1027/posX: 8007/posY: 18987
[20:17:22] [Client/GameBox/updateTarget/INFO]: receive Package 000C(角色目标)
[20:17:22] [Client/GameBox/updateTarget/INFO]: targetX: 8007/targetY 18987
[20:17:22] [Client/GameBox/updateTarget/INFO]: receive Package 000C(角色目标)
[20:17:22] [Client/GameBox/updateTarget/INFO]: targetX: 8008/targetY 19000
[20:17:22] [SendingModule/sendTargetPos/DEBUG]: package 000B(角色移动意图) send!
[20:17:22] [SendingModule/sendTargetPos/DEBUG]: targetX: 8008/targetY: 19000
[20:17:22] [AioModule/Write/Completed/DEBUG]: Sent 26 bytes to session/192.168.1.100:8438
[20:17:22] [AioModule/Write/Completed/DEBUG]: Sent contents(26bytes): ff ff 00 00 00 1a 00 0b 00 00 1f 48 00 00 4a 38 00 00 01 4d f7 27 0a ec ba d9 
[20:17:22] [AioModule/Read/Completed/DEBUG]: Received 30 bytes from session/192.168.1.100:8438
[20:17:22] [AioModule/Read/Completed/DEBUG]: Received contents(30bytes): ff ff 00 00 00 1e 00 0c 00 00 04 03 00 00 1f 48 00 00 4a 38 00 00 01 4d f7 27 0a ec bd 9a 
[20:17:22] [ClientServer/ClientDecoder/INFO]: Receive a package 000C(所有玩家目标坐标更新)
[20:17:22] [ClientServer/ClientDecoder/INFO]: package 000C: /id: 1027/posX: 8008/posY: 19000
[20:17:22] [Client/GameBox/updateTarget/INFO]: receive Package 000C(角色目标)
[20:17:22] [Client/GameBox/updateTarget/INFO]: targetX: 8008/targetY 19000
[20:17:23] [Client/GameBox/updateTarget/INFO]: receive Package 000C(角色目标)
[20:17:23] [Client/GameBox/updateTarget/INFO]: targetX: 8009/targetY 19013
[20:17:23] [SendingModule/sendTargetPos/DEBUG]: package 000B(角色移动意图) send!
[20:17:23] [AioModule/Write/Completed/DEBUG]: Sent 26 bytes to session/192.168.1.100:8438
[20:17:23] [SendingModule/sendTargetPos/DEBUG]: targetX: 8009/targetY: 19013
[20:17:23] [AioModule/Write/Completed/DEBUG]: Sent contents(26bytes): ff ff 00 00 00 1a 00 0b 00 00 1f 49 00 00 4a 45 00 00 01 4d f7 27 0b 72 4b a7 
[20:17:23] [AioModule/Read/Completed/DEBUG]: Received 30 bytes from session/192.168.1.100:8438
[20:17:23] [AioModule/Read/Completed/DEBUG]: Received contents(30bytes): ff ff 00 00 00 1e 00 0c 00 00 04 03 00 00 1f 49 00 00 4a 45 00 00 01 4d f7 27 0b 72 7b af 
[20:17:23] [ClientServer/ClientDecoder/INFO]: Receive a package 000C(所有玩家目标坐标更新)
[20:17:23] [ClientServer/ClientDecoder/INFO]: package 000C: /id: 1027/posX: 8009/posY: 19013
[20:17:23] [Client/GameBox/updateTarget/INFO]: receive Package 000C(角色目标)
[20:17:23] [Client/GameBox/updateTarget/INFO]: targetX: 8009/targetY 19013
[20:17:23] [Client/GameBox/updateTarget/INFO]: receive Package 000C(角色目标)
[20:17:23] [Client/GameBox/updateTarget/INFO]: targetX: 8010/targetY 19009
[20:17:23] [SendingModule/sendTargetPos/DEBUG]: package 000B(角色移动意图) send!
[20:17:23] [SendingModule/sendTargetPos/DEBUG]: targetX: 8010/targetY: 19009
[20:17:23] [AioModule/Write/Completed/DEBUG]: Sent 26 bytes to session/192.168.1.100:8438
[20:17:23] [AioModule/Write/Completed/DEBUG]: Sent contents(26bytes): ff ff 00 00 00 1a 00 0b 00 00 1f 4a 00 00 4a 41 00 00 01 4d f7 27 0c 5a 07 a4 
[20:17:23] [AioModule/Read/Completed/DEBUG]: Received 30 bytes from session/192.168.1.100:8438
[20:17:23] [AioModule/Read/Completed/DEBUG]: Received contents(30bytes): ff ff 00 00 00 1e 00 0c 00 00 04 03 00 00 1f 4a 00 00 4a 41 00 00 01 4d f7 27 0c 5a 43 53 
[20:17:23] [ClientServer/ClientDecoder/INFO]: Receive a package 000C(所有玩家目标坐标更新)
[20:17:23] [ClientServer/ClientDecoder/INFO]: package 000C: /id: 1027/posX: 8010/posY: 19009
[20:17:23] [Client/GameBox/updateTarget/INFO]: receive Package 000C(角色目标)
[20:17:23] [Client/GameBox/updateTarget/INFO]: targetX: 8010/targetY 19009
[20:17:23] [Client/GameBox/updateTarget/INFO]: receive Package 000C(角色目标)
[20:17:23] [Client/GameBox/updateTarget/INFO]: targetX: 8011/targetY 19005
[20:17:23] [SendingModule/sendTargetPos/DEBUG]: package 000B(角色移动意图) send!
[20:17:23] [SendingModule/sendTargetPos/DEBUG]: targetX: 8011/targetY: 19005
[20:17:23] [AioModule/Write/Completed/DEBUG]: Sent 26 bytes to session/192.168.1.100:8438
[20:17:23] [AioModule/Write/Completed/DEBUG]: Sent contents(26bytes): ff ff 00 00 00 1a 00 0b 00 00 1f 4b 00 00 4a 3d 00 00 01 4d f7 27 0c f1 86 0d 
[20:17:23] [AioModule/Read/Completed/DEBUG]: Received 30 bytes from session/192.168.1.100:8438
[20:17:23] [AioModule/Read/Completed/DEBUG]: Received contents(30bytes): ff ff 00 00 00 1e 00 0c 00 00 04 03 00 00 1f 4b 00 00 4a 3d 00 00 01 4d f7 27 0c f1 0a 8a 
[20:17:23] [ClientServer/ClientDecoder/INFO]: Receive a package 000C(所有玩家目标坐标更新)
[20:17:23] [ClientServer/ClientDecoder/INFO]: package 000C: /id: 1027/posX: 8011/posY: 19005
[20:17:23] [Client/GameBox/updateTarget/INFO]: receive Package 000C(角色目标)
[20:17:23] [Client/GameBox/updateTarget/INFO]: targetX: 8011/targetY 19005
[20:17:23] [Client/GameBox/updateTarget/INFO]: receive Package 000C(角色目标)
[20:17:23] [Client/GameBox/updateTarget/INFO]: targetX: 8006/targetY 18999
[20:17:23] [SendingModule/sendTargetPos/DEBUG]: package 000B(角色移动意图) send!
[20:17:23] [SendingModule/sendTargetPos/DEBUG]: targetX: 8006/targetY: 18999
[20:17:23] [AioModule/Write/Completed/DEBUG]: Sent 26 bytes to session/192.168.1.100:8438
[20:17:23] [AioModule/Write/Completed/DEBUG]: Sent contents(26bytes): ff ff 00 00 00 1a 00 0b 00 00 1f 46 00 00 4a 37 00 00 01 4d f7 27 0d a0 0d af 
[20:17:23] [AioModule/Read/Completed/DEBUG]: Received 30 bytes from session/192.168.1.100:8438
[20:17:23] [AioModule/Read/Completed/DEBUG]: Received contents(30bytes): ff ff 00 00 00 1e 00 0c 00 00 04 03 00 00 1f 46 00 00 4a 37 00 00 01 4d f7 27 0d a0 87 dc 
[20:17:23] [ClientServer/ClientDecoder/INFO]: Receive a package 000C(所有玩家目标坐标更新)
[20:17:23] [ClientServer/ClientDecoder/INFO]: package 000C: /id: 1027/posX: 8006/posY: 18999
[20:17:23] [Client/GameBox/updateTarget/INFO]: receive Package 000C(角色目标)
[20:17:23] [Client/GameBox/updateTarget/INFO]: targetX: 8006/targetY 18999
[20:17:23] [Client/GameBox/updateTarget/INFO]: receive Package 000C(角色目标)
[20:17:23] [Client/GameBox/updateTarget/INFO]: targetX: 8011/targetY 18998
[20:17:23] [SendingModule/sendTargetPos/DEBUG]: package 000B(角色移动意图) send!
[20:17:23] [SendingModule/sendTargetPos/DEBUG]: targetX: 8011/targetY: 18998
[20:17:23] [AioModule/Write/Completed/DEBUG]: Sent 26 bytes to session/192.168.1.100:8438
[20:17:23] [AioModule/Write/Completed/DEBUG]: Sent contents(26bytes): ff ff 00 00 00 1a 00 0b 00 00 1f 4b 00 00 4a 36 00 00 01 4d f7 27 0e 44 af 85 
[20:17:23] [AioModule/Read/Completed/DEBUG]: Received 30 bytes from session/192.168.1.100:8438
[20:17:23] [AioModule/Read/Completed/DEBUG]: Received contents(30bytes): ff ff 00 00 00 1e 00 0c 00 00 04 03 00 00 1f 4b 00 00 4a 36 00 00 01 4d f7 27 0e 44 8d 57 
[20:17:23] [ClientServer/ClientDecoder/INFO]: Receive a package 000C(所有玩家目标坐标更新)
[20:17:23] [ClientServer/ClientDecoder/INFO]: package 000C: /id: 1027/posX: 8011/posY: 18998
[20:17:23] [Client/GameBox/updateTarget/INFO]: receive Package 000C(角色目标)
[20:17:23] [Client/GameBox/updateTarget/INFO]: targetX: 8011/targetY 18998
[20:17:23] [Client/GameBox/updateTarget/INFO]: receive Package 000C(角色目标)
[20:17:23] [Client/GameBox/updateTarget/INFO]: targetX: 8010/targetY 19000
[20:17:23] [SendingModule/sendTargetPos/DEBUG]: package 000B(角色移动意图) send!
[20:17:23] [SendingModule/sendTargetPos/DEBUG]: targetX: 8010/targetY: 19000
[20:17:23] [AioModule/Write/Completed/DEBUG]: Sent 26 bytes to session/192.168.1.100:8438
[20:17:23] [AioModule/Write/Completed/DEBUG]: Sent contents(26bytes): ff ff 00 00 00 1a 00 0b 00 00 1f 4a 00 00 4a 38 00 00 01 4d f7 27 0e f9 57 f1 
[20:17:23] [AioModule/Read/Completed/DEBUG]: Received 30 bytes from session/192.168.1.100:8438
[20:17:23] [AioModule/Read/Completed/DEBUG]: Received contents(30bytes): ff ff 00 00 00 1e 00 0c 00 00 04 03 00 00 1f 4a 00 00 4a 38 00 00 01 4d f7 27 0e f9 5f 79 
[20:17:23] [ClientServer/ClientDecoder/INFO]: Receive a package 000C(所有玩家目标坐标更新)
[20:17:23] [ClientServer/ClientDecoder/INFO]: package 000C: /id: 1027/posX: 8010/posY: 19000
[20:17:23] [Client/GameBox/updateTarget/INFO]: receive Package 000C(角色目标)
[20:17:23] [Client/GameBox/updateTarget/INFO]: targetX: 8010/targetY 19000
[20:17:24] [Client/GameBox/updateTarget/INFO]: receive Package 000C(角色目标)
[20:17:24] [Client/GameBox/updateTarget/INFO]: targetX: 8010/targetY 19002
[20:17:24] [SendingModule/sendTargetPos/DEBUG]: package 000B(角色移动意图) send!
[20:17:24] [AioModule/Write/Completed/DEBUG]: Sent 26 bytes to session/192.168.1.100:8438
[20:17:24] [SendingModule/sendTargetPos/DEBUG]: targetX: 8010/targetY: 19002
[20:17:24] [AioModule/Write/Completed/DEBUG]: Sent contents(26bytes): ff ff 00 00 00 1a 00 0b 00 00 1f 4a 00 00 4a 3a 00 00 01 4d f7 27 0f 89 30 10 
[20:17:24] [AioModule/Read/Completed/DEBUG]: Received 30 bytes from session/192.168.1.100:8438
[20:17:24] [AioModule/Read/Completed/DEBUG]: Received contents(30bytes): ff ff 00 00 00 1e 00 0c 00 00 04 03 00 00 1f 4a 00 00 4a 3a 00 00 01 4d f7 27 0f 89 02 43 
[20:17:24] [ClientServer/ClientDecoder/INFO]: Receive a package 000C(所有玩家目标坐标更新)
[20:17:24] [ClientServer/ClientDecoder/INFO]: package 000C: /id: 1027/posX: 8010/posY: 19002
[20:17:24] [Client/GameBox/updateTarget/INFO]: receive Package 000C(角色目标)
[20:17:24] [Client/GameBox/updateTarget/INFO]: targetX: 8010/targetY 19002
[20:17:24] [Client/GameBox/updateTarget/INFO]: receive Package 000C(角色目标)
[20:17:24] [Client/GameBox/updateTarget/INFO]: targetX: 8015/targetY 19004
[20:17:24] [SendingModule/sendTargetPos/DEBUG]: package 000B(角色移动意图) send!
[20:17:24] [SendingModule/sendTargetPos/DEBUG]: targetX: 8015/targetY: 19004
[20:17:24] [AioModule/Write/Completed/DEBUG]: Sent 26 bytes to session/192.168.1.100:8438
[20:17:24] [AioModule/Write/Completed/DEBUG]: Sent contents(26bytes): ff ff 00 00 00 1a 00 0b 00 00 1f 4f 00 00 4a 3c 00 00 01 4d f7 27 10 42 35 43 
[20:17:24] [AioModule/Read/Completed/DEBUG]: Received 30 bytes from session/192.168.1.100:8438
[20:17:24] [AioModule/Read/Completed/DEBUG]: Received contents(30bytes): ff ff 00 00 00 1e 00 0c 00 00 04 03 00 00 1f 4f 00 00 4a 3c 00 00 01 4d f7 27 10 42 3f 55 
[20:17:24] [ClientServer/ClientDecoder/INFO]: Receive a package 000C(所有玩家目标坐标更新)
[20:17:24] [ClientServer/ClientDecoder/INFO]: package 000C: /id: 1027/posX: 8015/posY: 19004
[20:17:24] [Client/GameBox/updateTarget/INFO]: receive Package 000C(角色目标)
[20:17:24] [Client/GameBox/updateTarget/INFO]: targetX: 8015/targetY 19004
[20:17:24] [Client/GameBox/updateTarget/INFO]: receive Package 000C(角色目标)
[20:17:24] [Client/GameBox/updateTarget/INFO]: targetX: 8020/targetY 19006
[20:17:24] [SendingModule/sendTargetPos/DEBUG]: package 000B(角色移动意图) send!
[20:17:24] [SendingModule/sendTargetPos/DEBUG]: targetX: 8020/targetY: 19006
[20:17:24] [AioModule/Write/Completed/DEBUG]: Sent 26 bytes to session/192.168.1.100:8438
[20:17:24] [AioModule/Write/Completed/DEBUG]: Sent contents(26bytes): ff ff 00 00 00 1a 00 0b 00 00 1f 54 00 00 4a 3e 00 00 01 4d f7 27 10 c2 39 25 
[20:17:24] [AioModule/Read/Completed/DEBUG]: Received 30 bytes from session/192.168.1.100:8438
[20:17:24] [AioModule/Read/Completed/DEBUG]: Received contents(30bytes): ff ff 00 00 00 1e 00 0c 00 00 04 03 00 00 1f 54 00 00 4a 3e 00 00 01 4d f7 27 10 c2 7b 12 
[20:17:24] [ClientServer/ClientDecoder/INFO]: Receive a package 000C(所有玩家目标坐标更新)
[20:17:24] [ClientServer/ClientDecoder/INFO]: package 000C: /id: 1027/posX: 8020/posY: 19006
[20:17:24] [Client/GameBox/updateTarget/INFO]: receive Package 000C(角色目标)
[20:17:24] [Client/GameBox/updateTarget/INFO]: targetX: 8020/targetY 19006
[20:17:24] [Client/GameBox/updateTarget/INFO]: receive Package 000C(角色目标)
[20:17:24] [Client/GameBox/updateTarget/INFO]: targetX: 8025/targetY 19008
[20:17:24] [SendingModule/sendTargetPos/DEBUG]: package 000B(角色移动意图) send!
[20:17:24] [SendingModule/sendTargetPos/DEBUG]: targetX: 8025/targetY: 19008
[20:17:24] [AioModule/Write/Completed/DEBUG]: Sent 26 bytes to session/192.168.1.100:8438
[20:17:24] [AioModule/Write/Completed/DEBUG]: Sent contents(26bytes): ff ff 00 00 00 1a 00 0b 00 00 1f 59 00 00 4a 40 00 00 01 4d f7 27 11 5b 3e 38 
[20:17:24] [AioModule/Read/Completed/DEBUG]: Received 30 bytes from session/192.168.1.100:8438
[20:17:24] [AioModule/Read/Completed/DEBUG]: Received contents(30bytes): ff ff 00 00 00 1e 00 0c 00 00 04 03 00 00 1f 59 00 00 4a 40 00 00 01 4d f7 27 11 5b b8 04 
[20:17:24] [ClientServer/ClientDecoder/INFO]: Receive a package 000C(所有玩家目标坐标更新)
[20:17:24] [ClientServer/ClientDecoder/INFO]: package 000C: /id: 1027/posX: 8025/posY: 19008
[20:17:24] [Client/GameBox/updateTarget/INFO]: receive Package 000C(角色目标)
[20:17:24] [Client/GameBox/updateTarget/INFO]: targetX: 8025/targetY 19008
[20:17:26] [ClientServer/ClientMain/KERNEL]: 7.游戏结束，退出主程序
[20:17:26] [SendingModule/sendLogout/INFO]: logout send!
[20:17:26] [AioModule/Write/Completed/DEBUG]: Sent 14 bytes to session/192.168.1.100:8438
[20:17:26] [AioModule/Write/Completed/DEBUG]: Sent contents(14bytes): ff ff 00 00 00 0e 00 13 00 00 00 00 84 c6 
[20:17:26] [AioModule/Read/Completed/DEBUG]: Received 18 bytes from session/192.168.1.100:8438
[20:17:26] [AioModule/Read/Completed/DEBUG]: Received contents(18bytes): ff ff 00 00 00 12 00 1e 00 00 04 03 00 00 00 00 6d f2 
[20:17:26] [ClientServer/ClientDecoder/INFO]: Receive a package 001E(下线包)
