[18:53:17] [ClientServer/ClientMain/init/DEBUG]: address: 192.168.1.100:8438
[18:53:17] [ClientServer/ClientMain/init/DEBUG]: 图片加载成功
[18:53:17] [ClientServer/ClientMain/init/DEBUG]: GIF动画加载成功
[18:53:17] [ClientServer/ClientMain/init/DEBUG]: 物品预加载成功
[18:53:18] [ClientServer/ClientMain/init/DEBUG]: init over
[18:53:18] [ClientServer/ClientMain/KERNEL]: 0.开始建立网络连接…………
[18:53:18] [ClientServer/ClientMain/setUpConnection/DEBUG]: setUpConnection over
[18:53:18] [ClientServer/ClientMain/KERNEL]: 1.网络连接成功!
[18:53:18] [ClientServer/ClientMain/KERNEL]: 2.发送0000包，确认对方是否为服务器Gate端
[18:53:18] [SendingModule/send00Package/INFO]: send00Package over
[18:53:18] [AioModule/Write/Completed/DEBUG]: Sent 14 bytes to session/192.168.1.100:8438
[18:53:18] [AioModule/Read/Completed/DEBUG]: Received 18 bytes from session/192.168.1.100:8438
[18:53:18] [AioModule/Write/Completed/DEBUG]: Sent contents(14bytes): ff ff 00 00 00 0e 00 00 00 00 30 39 20 db 
[18:53:18] [AioModule/Read/Completed/DEBUG]: Received contents(18bytes): ff ff 00 00 00 12 00 14 00 00 01 4d f6 da 12 97 48 9c 
[18:53:18] [ClientServer/ClientDecoder/INFO]: Receive a package 0014(PING)1434365596311
[18:53:18] [SendingModule/PINGResponse/DEBUG]: package 0015(PING回应包) send!
[18:53:18] [AioModule/Write/Completed/DEBUG]: Sent 18 bytes to session/192.168.1.100:8438
[18:53:18] [AioModule/Write/Completed/DEBUG]: Sent contents(18bytes): ff ff 00 00 00 12 00 15 00 00 01 4d f6 da 12 97 41 28 
[18:53:18] [AioModule/Read/Completed/DEBUG]: Received 11 bytes from session/192.168.1.100:8438
[18:53:18] [AioModule/Read/Completed/DEBUG]: Received contents(11bytes): ff ff 00 00 00 0b 00 01 01 2a 46 
[18:53:18] [ClientServer/ClientDecoder/INFO]: Receive a package 0001(回应连接请求)
[18:53:18] [ClientServer/ClientDecoder/INFO]: package 0001: 1
[18:53:18] [ClientSever/LoginBox/serverState/INFO]: Receive a package 0001(回应连接请求)
[18:53:18] [ClientSever/LoginBox/serverState/INFO]: package 0001: 1
[18:53:18] [AioModule/Read/Completed/DEBUG]: Received 18 bytes from session/192.168.1.100:8438
[18:53:18] [AioModule/Read/Completed/DEBUG]: Received contents(18bytes): ff ff 00 00 00 12 00 16 00 00 00 00 00 00 00 0b 28 59 
[18:53:18] [ClientServer/ClientDecoder/INFO]: Receive a package 0016(时间同步)2205
[18:53:18] [ClientServer/ClientMain/KERNEL]: 3.收到0001包，确认对方为服务器Gate端
[18:53:18] [ClientServer/ClientMain/KERNEL]: 4.初始化loginBox登陆界面
[18:53:24] [SendingModule/sendLogin/INFO]: package 0002(登陆信息) send!
[18:53:24] [AioModule/Write/Completed/DEBUG]: Sent 47 bytes to session/192.168.1.100:8438
[18:53:24] [AioModule/Write/Completed/DEBUG]: Sent contents(47bytes): ff ff 00 00 00 2f 00 02 78 79 6c 00 43 37 30 43 44 30 34 33 31 33 46 46 32 36 30 41 38 33 44 36 44 37 39 39 30 38 32 32 43 30 33 32 00 6a be 
[18:53:24] [AioModule/Read/Completed/DEBUG]: Received 11 bytes from session/192.168.1.100:8438
[18:53:24] [AioModule/Read/Completed/DEBUG]: Received contents(11bytes): ff ff 00 00 00 0b 00 03 01 2a 58 
[18:53:24] [ClientServer/ClientDecoder/INFO]: Receive a package 0003(登陆反馈)
[18:53:24] [ClientServer/ClientDecoder/INFO]: package 0003: true
[18:53:24] [ClientServer/LoginBox/onLoginResponse/INFO]: Receive a package 0003(登陆反馈)
[18:53:24] [ClientServer/LoginBox/onLoginResponse/INFO]: package 0003: true
[18:53:25] [AioModule/Read/Completed/DEBUG]: Received 39 bytes from session/192.168.1.100:8438
[18:53:25] [AioModule/Read/Completed/DEBUG]: Received contents(39bytes): ff ff 00 00 00 1d 00 06 00 00 04 03 bb c3 cf eb bc d2 d8 bc 00 01 00 00 00 00 0c 7a 9f ff ff 00 00 00 0a 00 06 45 71 
[18:53:25] [ClientServer/ClientDecoder/INFO]: Receive a package 0006(角色预加载)
[18:53:25] [ClientServer/ClientDecoder/INFO]: package 0006: /id: 1027/name: 幻想家丶/level: 1/gender: 0
[18:53:25] [ClientSever/LoginBox/addCharacter/INFO]: Receive a package 0006(角色预加载)
[18:53:25] [ClientServer/ClientDecoder/INFO]: Receive a package 0006(角色预加载――空包)
[18:53:25] [ClientServer/LoginBox/noMorePackage/INFO]: Receive a package 0006(角色预加载: 这是最后一个空包
[18:53:27] [AioModule/Write/Completed/DEBUG]: Sent 14 bytes to session/192.168.1.100:8438
[18:53:27] [SendingModule/sendCharacter/INFO]: package 0007(角色选择) send!
[18:53:27] [AioModule/Write/Completed/DEBUG]: Sent contents(14bytes): ff ff 00 00 00 0e 00 07 00 00 04 03 a0 98 
[18:53:27] [ClientServer/ClientMain/KERNEL]: 5.登陆结束
[18:53:27] [ClientServer/ClientMain/KERNEL]: 6.开始游戏，启动gameBox
[18:53:28] [AioModule/Read/Completed/DEBUG]: Received 87 bytes from session/192.168.1.100:8438
[18:53:28] [AioModule/Read/Completed/DEBUG]: Received contents(87bytes): ff ff 00 00 00 57 00 0a 00 00 04 03 bb c3 cf eb bc d2 d8 bc 00 74 68 69 73 20 69 73 20 58 75 73 20 70 6c 61 6e 65 00 01 00 00 00 00 64 00 00 00 64 00 00 00 64 00 00 00 64 00 00 00 14 00 00 00 14 00 00 00 01 00 00 00 c8 00 00 07 77 00 00 28 4a 00 00 00 0c c1 d7 
[18:53:28] [ClientServer/ClientDecoder/INFO]: Receive a package 000A(游戏中所有玩家信息)
[18:53:28] [ClientServer/ClientDecoder/INFO]: package 000A: /id: 1027/name: 幻想家丶/level: 1/gender: 0/posX: 1911/posY: 10314
[18:53:28] [ClientServer/GameBox/addCharacter/DEBUG]: Receive a package 000A(游戏中所有玩家信息)
[18:53:28] [ClientServer/GameBox/addCharacter/DEBUG]: 000A:加入一个主角玩家:幻想家丶
[18:53:28] [AioModule/Read/Completed/DEBUG]: Received 270 bytes from session/192.168.1.100:8438
[18:53:28] [AioModule/Read/Completed/DEBUG]: Received contents(270bytes): ff ff 00 00 01 0e 00 19 00 00 00 20 00 00 00 00 00 00 01 54 00 00 00 01 00 00 00 00 00 00 00 02 00 00 00 00 00 00 00 03 00 00 00 00 00 00 00 04 00 00 00 00 00 00 00 05 00 00 00 00 00 00 00 06 00 00 00 00 00 00 00 07 00 00 00 00 00 00 00 08 00 00 00 00 00 00 00 09 00 00 00 00 00 00 00 0a 00 00 00 00 00 00 00 0b 00 00 00 00 00 00 00 0c 00 00 00 00 00 00 00 0d 00 00 00 00 00 00 00 0e 00 00 00 00 00 00 00 0f 00 00 00 00 00 00 00 10 00 00 00 00 00 00 00 11 00 00 00 00 00 00 00 12 00 00 00 00 00 00 00 13 00 00 00 00 00 00 00 14 00 00 00 00 00 00 00 15 00 00 00 00 00 00 00 16 00 00 00 00 00 00 00 17 00 00 00 00 00 00 00 18 00 00 00 00 00 00 00 19 00 00 00 00 00 00 00 1a 00 00 00 00 00 00 00 1b 00 00 00 00 00 00 00 1c 00 00 00 00 00 00 00 1d 00 00 00 00 00 00 00 1e 00 00 00 00 00 00 00 1f 00 00 00 00 35 07 
[18:53:28] [ClientServer/ClientDecoder/INFO]: Receive a package 0019(背包信息)
[18:53:28] [AioModule/Read/Completed/DEBUG]: Received 14 bytes from session/192.168.1.100:8438
[18:53:28] [AioModule/Read/Completed/DEBUG]: Received contents(14bytes): ff ff 00 00 00 0e 00 1b 00 00 00 00 72 5c 
[18:53:28] [AioModule/Read/Completed/DEBUG]: Received 50 bytes from session/192.168.1.100:8438
[18:53:28] [AioModule/Read/Completed/DEBUG]: Received contents(50bytes): ff ff 00 00 00 32 00 1a 00 00 00 03 00 00 00 00 3b 9a ca 01 00 00 00 01 00 00 00 01 3b 9a ca 02 00 00 00 01 00 00 00 02 3b 9a ca 03 00 00 00 01 63 4d 
[18:53:28] [ClientServer/ClientDecoder/INFO]: Receive a package 001A(技能信息)
[18:53:28] [ClientServer/GameBox/startGame/KERNEL]: 接收主角详细信息(000A):关闭加载窗口,开始游戏!
[18:53:57] [Client/GameBox/updateTarget/INFO]: receive Package 000C(角色目标)
[18:53:57] [Client/GameBox/updateTarget/INFO]: targetX: 1817/targetY 9924
[18:53:57] [SendingModule/sendTargetPos/DEBUG]: package 000B(角色移动意图) send!
[18:53:57] [AioModule/Write/Completed/DEBUG]: Sent 26 bytes to session/192.168.1.100:8438
[18:53:57] [SendingModule/sendTargetPos/DEBUG]: targetX: 1817/targetY: 9924
[18:53:57] [AioModule/Write/Completed/DEBUG]: Sent contents(26bytes): ff ff 00 00 00 1a 00 0b 00 00 07 19 00 00 26 c4 00 00 01 4d f6 da aa e7 b4 17 
[18:53:58] [AioModule/Read/Completed/DEBUG]: Received 30 bytes from session/192.168.1.100:8438
[18:53:58] [AioModule/Read/Completed/DEBUG]: Received contents(30bytes): ff ff 00 00 00 1e 00 0c 00 00 04 03 00 00 07 19 00 00 26 c4 00 00 01 4d f6 da aa e7 37 d3 
[18:53:58] [ClientServer/ClientDecoder/INFO]: Receive a package 000C(所有玩家目标坐标更新)
[18:53:58] [ClientServer/ClientDecoder/INFO]: package 000C: /id: 1027/posX: 1817/posY: 9924
[18:53:58] [Client/GameBox/updateTarget/INFO]: receive Package 000C(角色目标)
[18:53:58] [Client/GameBox/updateTarget/INFO]: targetX: 1817/targetY 9924
[18:53:58] [Client/GameBox/updateTarget/INFO]: receive Package 000C(角色目标)
[18:53:58] [Client/GameBox/updateTarget/INFO]: targetX: 1635/targetY 10125
[18:53:58] [SendingModule/sendTargetPos/DEBUG]: package 000B(角色移动意图) send!
[18:53:58] [AioModule/Write/Completed/DEBUG]: Sent 26 bytes to session/192.168.1.100:8438
[18:53:58] [SendingModule/sendTargetPos/DEBUG]: targetX: 1635/targetY: 10125
[18:53:58] [AioModule/Write/Completed/DEBUG]: Sent contents(26bytes): ff ff 00 00 00 1a 00 0b 00 00 06 63 00 00 27 8d 00 00 01 4d f6 da b0 60 71 56 
[18:53:58] [AioModule/Read/Completed/DEBUG]: Received 30 bytes from session/192.168.1.100:8438
[18:53:58] [AioModule/Read/Completed/DEBUG]: Received contents(30bytes): ff ff 00 00 00 1e 00 0c 00 00 04 03 00 00 06 63 00 00 27 8d 00 00 01 4d f6 da b0 60 6b 7f 
[18:53:58] [ClientServer/ClientDecoder/INFO]: Receive a package 000C(所有玩家目标坐标更新)
[18:53:58] [ClientServer/ClientDecoder/INFO]: package 000C: /id: 1027/posX: 1635/posY: 10125
[18:53:58] [Client/GameBox/updateTarget/INFO]: receive Package 000C(角色目标)
[18:53:58] [Client/GameBox/updateTarget/INFO]: targetX: 1635/targetY 10125
[18:53:59] [Client/GameBox/updateTarget/INFO]: receive Package 000C(角色目标)
[18:53:59] [Client/GameBox/updateTarget/INFO]: targetX: 1711/targetY 10356
[18:53:59] [SendingModule/sendTargetPos/DEBUG]: package 000B(角色移动意图) send!
[18:53:59] [SendingModule/sendTargetPos/DEBUG]: targetX: 1711/targetY: 10356
[18:53:59] [AioModule/Write/Completed/DEBUG]: Sent 26 bytes to session/192.168.1.100:8438
[18:53:59] [AioModule/Write/Completed/DEBUG]: Sent contents(26bytes): ff ff 00 00 00 1a 00 0b 00 00 06 af 00 00 28 74 00 00 01 4d f6 da b4 87 b0 19 
[18:53:59] [AioModule/Read/Completed/DEBUG]: Received 30 bytes from session/192.168.1.100:8438
[18:53:59] [AioModule/Read/Completed/DEBUG]: Received contents(30bytes): ff ff 00 00 00 1e 00 0c 00 00 04 03 00 00 06 af 00 00 28 74 00 00 01 4d f6 da b4 87 53 27 
[18:53:59] [ClientServer/ClientDecoder/INFO]: Receive a package 000C(所有玩家目标坐标更新)
[18:53:59] [ClientServer/ClientDecoder/INFO]: package 000C: /id: 1027/posX: 1711/posY: 10356
[18:53:59] [Client/GameBox/updateTarget/INFO]: receive Package 000C(角色目标)
[18:53:59] [Client/GameBox/updateTarget/INFO]: targetX: 1711/targetY 10356
[18:54:00] [Client/GameBox/updateTarget/INFO]: receive Package 000C(角色目标)
[18:54:00] [Client/GameBox/updateTarget/INFO]: targetX: 2005/targetY 10206
[18:54:00] [SendingModule/sendTargetPos/DEBUG]: package 000B(角色移动意图) send!
[18:54:00] [AioModule/Write/Completed/DEBUG]: Sent 26 bytes to session/192.168.1.100:8438
[18:54:00] [SendingModule/sendTargetPos/DEBUG]: targetX: 2005/targetY: 10206
[18:54:00] [AioModule/Write/Completed/DEBUG]: Sent contents(26bytes): ff ff 00 00 00 1a 00 0b 00 00 07 d5 00 00 27 de 00 00 01 4d f6 da b6 79 01 30 
[18:54:00] [AioModule/Read/Completed/DEBUG]: Received 30 bytes from session/192.168.1.100:8438
[18:54:00] [AioModule/Read/Completed/DEBUG]: Received contents(30bytes): ff ff 00 00 00 1e 00 0c 00 00 04 03 00 00 07 d5 00 00 27 de 00 00 01 4d f6 da b6 79 a4 3a 
[18:54:00] [ClientServer/ClientDecoder/INFO]: Receive a package 000C(所有玩家目标坐标更新)
[18:54:00] [ClientServer/ClientDecoder/INFO]: package 000C: /id: 1027/posX: 2005/posY: 10206
[18:54:00] [Client/GameBox/updateTarget/INFO]: receive Package 000C(角色目标)
[18:54:00] [Client/GameBox/updateTarget/INFO]: targetX: 2005/targetY 10206
[18:54:01] [Client/GameBox/updateTarget/INFO]: receive Package 000C(角色目标)
[18:54:01] [Client/GameBox/updateTarget/INFO]: targetX: 1799/targetY 9914
[18:54:01] [SendingModule/sendTargetPos/DEBUG]: package 000B(角色移动意图) send!
[18:54:01] [AioModule/Write/Completed/DEBUG]: Sent 26 bytes to session/192.168.1.100:8438
[18:54:01] [SendingModule/sendTargetPos/DEBUG]: targetX: 1799/targetY: 9914
[18:54:01] [AioModule/Write/Completed/DEBUG]: Sent contents(26bytes): ff ff 00 00 00 1a 00 0b 00 00 07 07 00 00 26 ba 00 00 01 4d f6 da b8 a0 67 cc 
[18:54:01] [AioModule/Read/Completed/DEBUG]: Received 30 bytes from session/192.168.1.100:8438
[18:54:01] [AioModule/Read/Completed/DEBUG]: Received contents(30bytes): ff ff 00 00 00 1e 00 0c 00 00 04 03 00 00 07 07 00 00 26 ba 00 00 01 4d f6 da b8 a0 09 39 
[18:54:01] [ClientServer/ClientDecoder/INFO]: Receive a package 000C(所有玩家目标坐标更新)
[18:54:01] [ClientServer/ClientDecoder/INFO]: package 000C: /id: 1027/posX: 1799/posY: 9914
[18:54:01] [Client/GameBox/updateTarget/INFO]: receive Package 000C(角色目标)
[18:54:01] [Client/GameBox/updateTarget/INFO]: targetX: 1799/targetY 9914
[18:54:01] [Client/GameBox/updateTarget/INFO]: receive Package 000C(角色目标)
[18:54:01] [Client/GameBox/updateTarget/INFO]: targetX: 1468/targetY 10175
[18:54:01] [SendingModule/sendTargetPos/DEBUG]: package 000B(角色移动意图) send!
[18:54:01] [AioModule/Write/Completed/DEBUG]: Sent 26 bytes to session/192.168.1.100:8438
[18:54:01] [SendingModule/sendTargetPos/DEBUG]: targetX: 1468/targetY: 10175
[18:54:01] [AioModule/Write/Completed/DEBUG]: Sent contents(26bytes): ff ff 00 00 00 1a 00 0b 00 00 05 bc 00 00 27 bf 00 00 01 4d f6 da bb 1d 7d 3f 
[18:54:01] [AioModule/Read/Completed/DEBUG]: Received 30 bytes from session/192.168.1.100:8438
[18:54:01] [AioModule/Read/Completed/DEBUG]: Received contents(30bytes): ff ff 00 00 00 1e 00 0c 00 00 04 03 00 00 05 bc 00 00 27 bf 00 00 01 4d f6 da bb 1d 0e 62 
[18:54:01] [ClientServer/ClientDecoder/INFO]: Receive a package 000C(所有玩家目标坐标更新)
[18:54:01] [ClientServer/ClientDecoder/INFO]: package 000C: /id: 1027/posX: 1468/posY: 10175
[18:54:01] [Client/GameBox/updateTarget/INFO]: receive Package 000C(角色目标)
[18:54:01] [Client/GameBox/updateTarget/INFO]: targetX: 1468/targetY 10175
[18:54:02] [Client/GameBox/updateTarget/INFO]: receive Package 000C(角色目标)
[18:54:02] [Client/GameBox/updateTarget/INFO]: targetX: 1715/targetY 10310
[18:54:02] [SendingModule/sendTargetPos/DEBUG]: package 000B(角色移动意图) send!
[18:54:02] [AioModule/Write/Completed/DEBUG]: Sent 26 bytes to session/192.168.1.100:8438
[18:54:02] [SendingModule/sendTargetPos/DEBUG]: targetX: 1715/targetY: 10310
[18:54:02] [AioModule/Write/Completed/DEBUG]: Sent contents(26bytes): ff ff 00 00 00 1a 00 0b 00 00 06 b3 00 00 28 46 00 00 01 4d f6 da bc b8 6c 5b 
[18:54:02] [AioModule/Read/Completed/DEBUG]: Received 30 bytes from session/192.168.1.100:8438
[18:54:02] [AioModule/Read/Completed/DEBUG]: Received contents(30bytes): ff ff 00 00 00 1e 00 0c 00 00 04 03 00 00 06 b3 00 00 28 46 00 00 01 4d f6 da bc b8 52 f8 
[18:54:02] [ClientServer/ClientDecoder/INFO]: Receive a package 000C(所有玩家目标坐标更新)
[18:54:02] [ClientServer/ClientDecoder/INFO]: package 000C: /id: 1027/posX: 1715/posY: 10310
[18:54:02] [Client/GameBox/updateTarget/INFO]: receive Package 000C(角色目标)
[18:54:02] [Client/GameBox/updateTarget/INFO]: targetX: 1715/targetY 10310
[18:54:04] [SendingModule/sendUseItem/DEBUG]: 发送物品逻辑包:操作的物品实例ID:0
[18:54:04] [AioModule/Write/Completed/DEBUG]: Sent 22 bytes to session/192.168.1.100:8438
[18:54:04] [AioModule/Write/Completed/DEBUG]: Sent contents(22bytes): ff ff 00 00 00 16 00 17 00 00 00 00 00 00 00 00 00 00 04 03 6e 27 
[18:54:04] [AioModule/Read/Completed/DEBUG]: Received 270 bytes from session/192.168.1.100:8438
[18:54:04] [AioModule/Read/Completed/DEBUG]: Received contents(270bytes): ff ff 00 00 01 0e 00 19 00 00 00 20 00 00 00 00 00 00 01 54 00 00 00 01 00 00 00 00 00 00 00 02 00 00 00 00 00 00 00 03 00 00 00 00 00 00 00 04 00 00 00 00 00 00 00 05 00 00 00 00 00 00 00 06 00 00 00 00 00 00 00 07 00 00 00 00 00 00 00 08 00 00 00 00 00 00 00 09 00 00 00 00 00 00 00 0a 00 00 00 00 00 00 00 0b 00 00 00 00 00 00 00 0c 00 00 00 00 00 00 00 0d 00 00 00 00 00 00 00 0e 00 00 00 00 00 00 00 0f 00 00 00 00 00 00 00 10 00 00 00 00 00 00 00 11 00 00 00 00 00 00 00 12 00 00 00 00 00 00 00 13 00 00 00 00 00 00 00 14 00 00 00 00 00 00 00 15 00 00 00 00 00 00 00 16 00 00 00 00 00 00 00 17 00 00 00 00 00 00 00 18 00 00 00 00 00 00 00 19 00 00 00 00 00 00 00 1a 00 00 00 00 00 00 00 1b 00 00 00 00 00 00 00 1c 00 00 00 00 00 00 00 1d 00 00 00 00 00 00 00 1e 00 00 00 00 00 00 00 1f 00 00 00 00 35 07 
[18:54:04] [ClientServer/ClientDecoder/INFO]: Receive a package 0019(背包信息)
[18:54:10] [SendingModule/sendUseItem/DEBUG]: 发送物品逻辑包:操作的物品实例ID:0
[18:54:10] [AioModule/Write/Completed/DEBUG]: Sent 22 bytes to session/192.168.1.100:8438
[18:54:10] [AioModule/Write/Completed/DEBUG]: Sent contents(22bytes): ff ff 00 00 00 16 00 17 00 00 00 00 00 00 00 00 00 00 04 03 6e 27 
[18:54:12] [Client/GameBox/updateTarget/INFO]: receive Package 000C(角色目标)
[18:54:12] [Client/GameBox/updateTarget/INFO]: targetX: 1457/targetY 10467
[18:54:12] [SendingModule/sendTargetPos/DEBUG]: package 000B(角色移动意图) send!
[18:54:12] [AioModule/Write/Completed/DEBUG]: Sent 26 bytes to session/192.168.1.100:8438
[18:54:12] [SendingModule/sendTargetPos/DEBUG]: targetX: 1457/targetY: 10467
[18:54:12] [AioModule/Write/Completed/DEBUG]: Sent contents(26bytes): ff ff 00 00 00 1a 00 0b 00 00 05 b1 00 00 28 e3 00 00 01 4d f6 da e6 c8 86 70 
[18:54:14] [Client/GameBox/updateTarget/INFO]: receive Package 000C(角色目标)
[18:54:14] [Client/GameBox/updateTarget/INFO]: targetX: 1271/targetY 10076
[18:54:14] [SendingModule/sendTargetPos/DEBUG]: package 000B(角色移动意图) send!
[18:54:14] [AioModule/Write/Completed/DEBUG]: Sent 26 bytes to session/192.168.1.100:8438
[18:54:14] [SendingModule/sendTargetPos/DEBUG]: targetX: 1271/targetY: 10076
[18:54:14] [AioModule/Write/Completed/DEBUG]: Sent contents(26bytes): ff ff 00 00 00 1a 00 0b 00 00 04 f7 00 00 27 5c 00 00 01 4d f6 da ee ef 93 55 
[18:54:15] [Client/GameBox/updateTarget/INFO]: receive Package 000C(角色目标)
[18:54:15] [Client/GameBox/updateTarget/INFO]: targetX: 1264/targetY 9911
[18:54:15] [SendingModule/sendTargetPos/DEBUG]: package 000B(角色移动意图) send!
[18:54:15] [AioModule/Write/Completed/DEBUG]: Sent 26 bytes to session/192.168.1.100:8438
[18:54:15] [SendingModule/sendTargetPos/DEBUG]: targetX: 1264/targetY: 9911
[18:54:15] [AioModule/Write/Completed/DEBUG]: Sent contents(26bytes): ff ff 00 00 00 1a 00 0b 00 00 04 f0 00 00 26 b7 00 00 01 4d f6 da f1 45 b0 e7 
[18:54:16] [Client/GameBox/updateTarget/INFO]: receive Package 000C(角色目标)
[18:54:16] [Client/GameBox/updateTarget/INFO]: targetX: 1309/targetY 9781
[18:54:16] [SendingModule/sendTargetPos/DEBUG]: package 000B(角色移动意图) send!
[18:54:16] [AioModule/Write/Completed/DEBUG]: Sent 26 bytes to session/192.168.1.100:8438
[18:54:16] [SendingModule/sendTargetPos/DEBUG]: targetX: 1309/targetY: 9781
[18:54:16] [AioModule/Write/Completed/DEBUG]: Sent contents(26bytes): ff ff 00 00 00 1a 00 0b 00 00 05 1d 00 00 26 35 00 00 01 4d f6 da f3 70 12 a1 
[18:54:16] [Client/GameBox/updateTarget/INFO]: receive Package 000C(角色目标)
[18:54:16] [Client/GameBox/updateTarget/INFO]: targetX: 1308/targetY 9656
[18:54:16] [SendingModule/sendTargetPos/DEBUG]: package 000B(角色移动意图) send!
[18:54:16] [SendingModule/sendTargetPos/DEBUG]: targetX: 1308/targetY: 9656
[18:54:16] [AioModule/Write/Completed/DEBUG]: Sent 26 bytes to session/192.168.1.100:8438
[18:54:16] [AioModule/Write/Completed/DEBUG]: Sent contents(26bytes): ff ff 00 00 00 1a 00 0b 00 00 05 1c 00 00 25 b8 00 00 01 4d f6 da f5 98 7f 38 
[18:54:17] [AioModule/Read/Completed/DEBUG]: Received 655 bytes from session/192.168.1.100:8438
[18:54:17] [AioModule/Read/Completed/DEBUG]: Received contents(655bytes): ff ff 00 00 00 55 00 0a 00 00 04 05 6d 6f 63 61 6e 6f 72 79 00 74 68 69 73 20 69 73 20 61 20 70 6c 61 6e 65 00 01 01 00 00 00 64 00 00 00 00 00 00 00 64 00 00 00 64 00 00 00 14 00 00 00 14 00 00 00 01 00 00 00 c8 00 00 0a 5c 00 00 21 2f 00 00 00 0b 51 36 ff ff 00 00 00 1e 00 0c 00 00 04 05 00 00 0a b3 00 00 21 79 00 00 01 4d f6 da d9 65 74 7d ff ff 00 00 00 1e 00 0c 00 00 04 05 00 00 09 f9 00 00 21 c9 00 00 01 4d f6 da db b0 54 e5 ff ff 00 00 00 1e 00 0c 00 00 04 05 00 00 09 d2 00 00 21 dd 00 00 01 4d f6 da de bd 1b 52 ff ff 00 00 01 0e 00 19 00 00 00 20 00 00 00 00 00 00 01 54 00 00 00 01 00 00 00 00 00 00 00 02 00 00 00 00 00 00 00 03 00 00 00 00 00 00 00 04 00 00 00 00 00 00 00 05 00 00 00 00 00 00 00 06 00 00 00 00 00 00 00 07 00 00 00 00 00 00 00 08 00 00 00 00 00 00 00 09 00 00 00 00 00 00 00 0a 00 00 00 00 00 00 00 0b 00 00 00 00 00 00 00 0c 00 00 00 00 00 00 00 0d 00 00 00 00 00 00 00 0e 00 00 00 00 00 00 00 0f 00 00 00 00 00 00 00 10 00 00 00 00 00 00 00 11 00 00 00 00 00 00 00 12 00 00 00 00 00 00 00 13 00 00 00 00 00 00 00 14 00 00 00 00 00 00 00 15 00 00 00 00 00 00 00 16 00 00 00 00 00 00 00 17 00 00 00 00 00 00 00 18 00 00 00 00 00 00 00 19 00 00 00 00 00 00 00 1a 00 00 00 00 00 00 00 1b 00 00 00 00 00 00 00 1c 00 00 00 00 00 00 00 1d 00 00 00 00 00 00 00 1e 00 00 00 00 00 00 00 1f 00 00 00 00 35 07 ff ff 00 00 00 1e 00 0c 00 00 04 03 00 00 05 b1 00 00 28 e3 00 00 01 4d f6 da e6 c8 51 95 ff ff 00 00 00 1e 00 0c 00 00 04 03 00 00 04 f7 00 00 27 5c 00 00 01 4d f6 da ee ef 2e 26 ff ff 00 00 00 1e 00 0c 00 00 04 03 00 00 04 f0 00 00 26 b7 00 00 01 4d f6 da f1 45 07 5c ff ff 00 00 00 1e 00 0c 00 00 04 03 00 00 05 1d 00 00 26 35 00 00 01 4d f6 da f3 70 25 bf ff ff 00 00 00 1e 00 0c 00 00 04 03 00 00 05 1c 00 00 25 b8 00 00 01 4d f6 da f5 98 c2 25 ff ff 00 00 00 1e 00 0c 00 00 04 05 00 00 0a 6f 00 00 22 29 00 00 01 4d f6 da f5 e5 33 50 ff ff 00 00 00 1e 00 0c 00 00 04 05 00 00 0a b2 00 00 22 80 00 00 01 4d f6 da f7 35 56 36 
[18:54:17] [ClientServer/ClientDecoder/INFO]: Receive a package 000A(游戏中所有玩家信息)
[18:54:17] [ClientServer/ClientDecoder/INFO]: package 000A: /id: 1029/name: mocanory/level: 1/gender: 1/posX: 2652/posY: 8495
[18:54:17] [ClientServer/GameBox/addCharacter/DEBUG]: Receive a package 000A(游戏中所有玩家信息)
[18:54:17] [ClientServer/GameBox/addCharacter/DEBUG]: 000A:加入一个非主角玩家:mocanory
[18:54:17] [ClientServer/ClientDecoder/INFO]: Receive a package 000C(所有玩家目标坐标更新)
[18:54:17] [ClientServer/ClientDecoder/INFO]: package 000C: /id: 1029/posX: 2739/posY: 8569
[18:54:17] [Client/GameBox/updateTarget/INFO]: receive Package 000C(角色目标)
[18:54:17] [Client/GameBox/updateTarget/INFO]: targetX: 2739/targetY 8569
[18:54:17] [ClientServer/ClientDecoder/INFO]: Receive a package 000C(所有玩家目标坐标更新)
[18:54:17] [ClientServer/ClientDecoder/INFO]: package 000C: /id: 1029/posX: 2553/posY: 8649
[18:54:17] [Client/GameBox/updateTarget/INFO]: receive Package 000C(角色目标)
[18:54:17] [Client/GameBox/updateTarget/INFO]: targetX: 2553/targetY 8649
[18:54:17] [ClientServer/ClientDecoder/INFO]: Receive a package 000C(所有玩家目标坐标更新)
[18:54:17] [ClientServer/ClientDecoder/INFO]: package 000C: /id: 1029/posX: 2514/posY: 8669
[18:54:17] [Client/GameBox/updateTarget/INFO]: receive Package 000C(角色目标)
[18:54:17] [Client/GameBox/updateTarget/INFO]: targetX: 2514/targetY 8669
[18:54:17] [ClientServer/ClientDecoder/INFO]: Receive a package 0019(背包信息)
[18:54:17] [ClientServer/ClientDecoder/INFO]: Receive a package 000C(所有玩家目标坐标更新)
[18:54:17] [ClientServer/ClientDecoder/INFO]: package 000C: /id: 1027/posX: 1457/posY: 10467
[18:54:17] [Client/GameBox/updateTarget/INFO]: receive Package 000C(角色目标)
[18:54:17] [Client/GameBox/updateTarget/INFO]: targetX: 1457/targetY 10467
[18:54:17] [ClientServer/ClientDecoder/INFO]: Receive a package 000C(所有玩家目标坐标更新)
[18:54:17] [ClientServer/ClientDecoder/INFO]: package 000C: /id: 1027/posX: 1271/posY: 10076
[18:54:17] [Client/GameBox/updateTarget/INFO]: receive Package 000C(角色目标)
[18:54:17] [Client/GameBox/updateTarget/INFO]: targetX: 1271/targetY 10076
[18:54:17] [ClientServer/ClientDecoder/INFO]: Receive a package 000C(所有玩家目标坐标更新)
[18:54:17] [ClientServer/ClientDecoder/INFO]: package 000C: /id: 1027/posX: 1264/posY: 9911
[18:54:17] [Client/GameBox/updateTarget/INFO]: receive Package 000C(角色目标)
[18:54:17] [Client/GameBox/updateTarget/INFO]: targetX: 1264/targetY 9911
[18:54:17] [ClientServer/ClientDecoder/INFO]: Receive a package 000C(所有玩家目标坐标更新)
[18:54:17] [ClientServer/ClientDecoder/INFO]: package 000C: /id: 1027/posX: 1309/posY: 9781
[18:54:17] [Client/GameBox/updateTarget/INFO]: receive Package 000C(角色目标)
[18:54:17] [Client/GameBox/updateTarget/INFO]: targetX: 1309/targetY 9781
[18:54:17] [ClientServer/ClientDecoder/INFO]: Receive a package 000C(所有玩家目标坐标更新)
[18:54:17] [ClientServer/ClientDecoder/INFO]: package 000C: /id: 1027/posX: 1308/posY: 9656
[18:54:17] [Client/GameBox/updateTarget/INFO]: receive Package 000C(角色目标)
[18:54:17] [Client/GameBox/updateTarget/INFO]: targetX: 1308/targetY 9656
[18:54:17] [ClientServer/ClientDecoder/INFO]: Receive a package 000C(所有玩家目标坐标更新)
[18:54:17] [ClientServer/ClientDecoder/INFO]: package 000C: /id: 1029/posX: 2671/posY: 8745
[18:54:17] [Client/GameBox/updateTarget/INFO]: receive Package 000C(角色目标)
[18:54:17] [Client/GameBox/updateTarget/INFO]: targetX: 2671/targetY 8745
[18:54:17] [ClientServer/ClientDecoder/INFO]: Receive a package 000C(所有玩家目标坐标更新)
[18:54:17] [ClientServer/ClientDecoder/INFO]: package 000C: /id: 1029/posX: 2738/posY: 8832
[18:54:17] [Client/GameBox/updateTarget/INFO]: receive Package 000C(角色目标)
[18:54:17] [Client/GameBox/updateTarget/INFO]: targetX: 2738/targetY 8832
[18:54:18] [Client/GameBox/updateTarget/INFO]: receive Package 000C(角色目标)
[18:54:18] [Client/GameBox/updateTarget/INFO]: targetX: 1673/targetY 9568
[18:54:18] [SendingModule/sendTargetPos/DEBUG]: package 000B(角色移动意图) send!
[18:54:18] [AioModule/Write/Completed/DEBUG]: Sent 26 bytes to session/192.168.1.100:8438
[18:54:18] [SendingModule/sendTargetPos/DEBUG]: targetX: 1673/targetY: 9568
[18:54:18] [AioModule/Write/Completed/DEBUG]: Sent contents(26bytes): ff ff 00 00 00 1a 00 0b 00 00 06 89 00 00 25 60 00 00 01 4d f6 da fb 0a 66 a0 
[18:54:20] [Client/GameBox/updateTarget/INFO]: receive Package 000C(角色目标)
[18:54:20] [Client/GameBox/updateTarget/INFO]: targetX: 1998/targetY 9321
[18:54:20] [SendingModule/sendTargetPos/DEBUG]: package 000B(角色移动意图) send!
[18:54:20] [SendingModule/sendTargetPos/DEBUG]: targetX: 1998/targetY: 9321
[18:54:20] [AioModule/Write/Completed/DEBUG]: Sent 26 bytes to session/192.168.1.100:8438
[18:54:20] [AioModule/Write/Completed/DEBUG]: Sent contents(26bytes): ff ff 00 00 00 1a 00 0b 00 00 07 ce 00 00 24 69 00 00 01 4d f6 db 02 df 75 56 
[18:54:21] [Client/GameBox/updateTarget/INFO]: receive Package 000C(角色目标)
[18:54:21] [Client/GameBox/updateTarget/INFO]: targetX: 2232/targetY 9135
[18:54:21] [SendingModule/sendTargetPos/DEBUG]: package 000B(角色移动意图) send!
[18:54:21] [AioModule/Write/Completed/DEBUG]: Sent 26 bytes to session/192.168.1.100:8438
[18:54:21] [SendingModule/sendTargetPos/DEBUG]: targetX: 2232/targetY: 9135
[18:54:21] [AioModule/Write/Completed/DEBUG]: Sent contents(26bytes): ff ff 00 00 00 1a 00 0b 00 00 08 b8 00 00 23 af 00 00 01 4d f6 db 08 a1 7e 3b 
[18:54:22] [Client/GameBox/updateTarget/INFO]: receive Package 000C(角色目标)
[18:54:22] [Client/GameBox/updateTarget/INFO]: targetX: 2518/targetY 8968
[18:54:22] [SendingModule/sendTargetPos/DEBUG]: package 000B(角色移动意图) send!
[18:54:22] [SendingModule/sendTargetPos/DEBUG]: targetX: 2518/targetY: 8968
[18:54:22] [AioModule/Write/Completed/DEBUG]: Sent 26 bytes to session/192.168.1.100:8438
[18:54:22] [AioModule/Write/Completed/DEBUG]: Sent contents(26bytes): ff ff 00 00 00 1a 00 0b 00 00 09 d6 00 00 23 08 00 00 01 4d f6 db 0c b0 50 9a 
[18:54:25] [AioModule/Read/Completed/DEBUG]: Received 319 bytes from session/192.168.1.100:8438
[18:54:25] [AioModule/Read/Completed/DEBUG]: Received contents(319bytes): ff ff 00 00 00 1e 00 0c 00 00 04 05 00 00 0a d2 00 00 22 9a 00 00 01 4d f6 da f7 ff 5c 4c ff ff 00 00 00 1e 00 0c 00 00 04 05 00 00 0a ee 00 00 22 b1 00 00 01 4d f6 da f8 af 25 49 ff ff 00 00 00 1e 00 0c 00 00 04 05 00 00 0b 26 00 00 22 ef 00 00 01 4d f6 da fa 4d b5 fe ff ff 00 00 00 1e 00 0c 00 00 04 03 00 00 06 89 00 00 25 60 00 00 01 4d f6 da fb 0a 95 2c ff ff 00 00 00 1e 00 0c 00 00 04 03 00 00 07 ce 00 00 24 69 00 00 01 4d f6 db 02 df 95 53 ff ff 00 00 00 1e 00 0c 00 00 04 03 00 00 08 b8 00 00 23 af 00 00 01 4d f6 db 08 a1 40 16 ff ff 00 00 00 1e 00 0c 00 00 04 03 00 00 09 d6 00 00 23 08 00 00 01 4d f6 db 0c b0 b8 8f ff ff 00 00 00 16 00 1d 00 00 00 03 00 00 04 05 00 00 04 03 58 3d ff ff 00 00 00 57 00 1c 00 00 04 03 bb c3 cf eb bc d2 d8 bc 00 74 68 69 73 20 69 73 20 58 75 73 20 70 6c 61 6e 65 00 01 00 00 00 00 64 00 00 00 5a 00 00 00 64 00 00 00 64 00 00 00 14 00 00 00 14 00 00 00 01 00 00 00 c8 00 00 09 d4 00 00 23 08 00 00 00 0c 4a e3 
[18:54:25] [ClientServer/ClientDecoder/INFO]: Receive a package 000C(所有玩家目标坐标更新)
[18:54:25] [ClientServer/ClientDecoder/INFO]: package 000C: /id: 1029/posX: 2770/posY: 8858
[18:54:25] [Client/GameBox/updateTarget/INFO]: receive Package 000C(角色目标)
[18:54:25] [Client/GameBox/updateTarget/INFO]: targetX: 2770/targetY 8858
[18:54:25] [ClientServer/ClientDecoder/INFO]: Receive a package 000C(所有玩家目标坐标更新)
[18:54:25] [ClientServer/ClientDecoder/INFO]: package 000C: /id: 1029/posX: 2798/posY: 8881
[18:54:25] [Client/GameBox/updateTarget/INFO]: receive Package 000C(角色目标)
[18:54:25] [Client/GameBox/updateTarget/INFO]: targetX: 2798/targetY 8881
[18:54:25] [ClientServer/ClientDecoder/INFO]: Receive a package 000C(所有玩家目标坐标更新)
[18:54:25] [ClientServer/ClientDecoder/INFO]: package 000C: /id: 1029/posX: 2854/posY: 8943
[18:54:25] [Client/GameBox/updateTarget/INFO]: receive Package 000C(角色目标)
[18:54:25] [Client/GameBox/updateTarget/INFO]: targetX: 2854/targetY 8943
[18:54:25] [ClientServer/ClientDecoder/INFO]: Receive a package 000C(所有玩家目标坐标更新)
[18:54:25] [ClientServer/ClientDecoder/INFO]: package 000C: /id: 1027/posX: 1673/posY: 9568
[18:54:25] [Client/GameBox/updateTarget/INFO]: receive Package 000C(角色目标)
[18:54:25] [Client/GameBox/updateTarget/INFO]: targetX: 1673/targetY 9568
[18:54:25] [ClientServer/ClientDecoder/INFO]: Receive a package 000C(所有玩家目标坐标更新)
[18:54:25] [ClientServer/ClientDecoder/INFO]: package 000C: /id: 1027/posX: 1998/posY: 9321
[18:54:25] [Client/GameBox/updateTarget/INFO]: receive Package 000C(角色目标)
[18:54:25] [Client/GameBox/updateTarget/INFO]: targetX: 1998/targetY 9321
[18:54:25] [ClientServer/ClientDecoder/INFO]: Receive a package 000C(所有玩家目标坐标更新)
[18:54:25] [ClientServer/ClientDecoder/INFO]: package 000C: /id: 1027/posX: 2232/posY: 9135
[18:54:25] [Client/GameBox/updateTarget/INFO]: receive Package 000C(角色目标)
[18:54:25] [Client/GameBox/updateTarget/INFO]: targetX: 2232/targetY 9135
[18:54:25] [ClientServer/ClientDecoder/INFO]: Receive a package 000C(所有玩家目标坐标更新)
[18:54:25] [ClientServer/ClientDecoder/INFO]: package 000C: /id: 1027/posX: 2518/posY: 8968
[18:54:25] [Client/GameBox/updateTarget/INFO]: receive Package 000C(角色目标)
[18:54:25] [Client/GameBox/updateTarget/INFO]: targetX: 2518/targetY 8968
[18:54:25] [ClientServer/ClientDecoder/INFO]: Receive a package 001D(特效包)
[18:54:25] [ClientServer/ClientDecoder/INFO]: package 001D(特效包): attacker:1029/targetID:1027
[18:54:25] [ClientServer/ClientDecoder/INFO]: Receive a package 000A(游戏中所有玩家信息)
[18:54:25] [ClientServer/ClientDecoder/INFO]: package 000A: /id: 1027/name: 幻想家丶/level: 1/gender: 0/posX: 2516/posY: 8968
[18:54:26] [AioModule/Read/Completed/DEBUG]: Received 22 bytes from session/192.168.1.100:8438
[18:54:26] [AioModule/Read/Completed/DEBUG]: Received contents(22bytes): ff ff 00 00 00 16 00 1d 00 00 00 03 00 00 04 05 00 00 04 03 58 3d 
[18:54:26] [ClientServer/ClientDecoder/INFO]: Receive a package 001D(特效包)
[18:54:26] [ClientServer/ClientDecoder/INFO]: package 001D(特效包): attacker:1029/targetID:1027
[18:54:26] [AioModule/Read/Completed/DEBUG]: Received 87 bytes from session/192.168.1.100:8438
[18:54:26] [AioModule/Read/Completed/DEBUG]: Received contents(87bytes): ff ff 00 00 00 57 00 1c 00 00 04 03 bb c3 cf eb bc d2 d8 bc 00 74 68 69 73 20 69 73 20 58 75 73 20 70 6c 61 6e 65 00 01 00 00 00 00 64 00 00 00 50 00 00 00 64 00 00 00 64 00 00 00 14 00 00 00 14 00 00 00 01 00 00 00 c8 00 00 09 d6 00 00 23 08 00 00 00 0c 3d 60 
[18:54:26] [ClientServer/ClientDecoder/INFO]: Receive a package 000A(游戏中所有玩家信息)
[18:54:26] [ClientServer/ClientDecoder/INFO]: package 000A: /id: 1027/name: 幻想家丶/level: 1/gender: 0/posX: 2518/posY: 8968
[18:54:29] [Client/GameBox/updateTarget/INFO]: receive Package 000C(角色目标)
[18:54:29] [Client/GameBox/updateTarget/INFO]: targetX: -488/targetY -178
[18:54:29] [SendingModule/sendTargetPos/DEBUG]: package 000B(角色移动意图) send!
[18:54:29] [SendingModule/sendTargetPos/DEBUG]: targetX: -488/targetY: -178
[18:54:29] [AioModule/Write/Completed/DEBUG]: Sent 26 bytes to session/192.168.1.100:8438
[18:54:29] [AioModule/Write/Completed/DEBUG]: Sent contents(26bytes): ff ff 00 00 00 1a 00 0b ff ff fe 18 ff ff ff 4e 00 00 01 4d f6 db 26 5d c0 48 
[18:54:29] [AioModule/Read/Completed/DEBUG]: Received 22 bytes from session/192.168.1.100:8438
[18:54:29] [AioModule/Read/Completed/DEBUG]: Received contents(22bytes): ff ff 00 00 00 16 00 1d 00 00 00 03 00 00 04 05 00 00 04 03 58 3d 
[18:54:29] [ClientServer/ClientDecoder/INFO]: Receive a package 001D(特效包)
[18:54:29] [ClientServer/ClientDecoder/INFO]: package 001D(特效包): attacker:1029/targetID:1027
[18:54:29] [AioModule/Read/Completed/DEBUG]: Received 87 bytes from session/192.168.1.100:8438
[18:54:29] [AioModule/Read/Completed/DEBUG]: Received contents(87bytes): ff ff 00 00 00 57 00 1c 00 00 04 03 bb c3 cf eb bc d2 d8 bc 00 74 68 69 73 20 69 73 20 58 75 73 20 70 6c 61 6e 65 00 01 00 00 00 00 64 00 00 00 46 00 00 00 64 00 00 00 64 00 00 00 14 00 00 00 14 00 00 00 01 00 00 00 c8 00 00 09 d6 00 00 23 08 00 00 00 0c a0 ab 
[18:54:29] [ClientServer/ClientDecoder/INFO]: Receive a package 000A(游戏中所有玩家信息)
[18:54:29] [ClientServer/ClientDecoder/INFO]: package 000A: /id: 1027/name: 幻想家丶/level: 1/gender: 0/posX: 2518/posY: 8968
[18:54:29] [Client/GameBox/updateTarget/INFO]: receive Package 000C(角色目标)
[18:54:29] [Client/GameBox/updateTarget/INFO]: targetX: -488/targetY -178
[18:54:29] [SendingModule/sendTargetPos/DEBUG]: package 000B(角色移动意图) send!
[18:54:29] [SendingModule/sendTargetPos/DEBUG]: targetX: -488/targetY: -178
[18:54:29] [AioModule/Write/Completed/DEBUG]: Sent 26 bytes to session/192.168.1.100:8438
[18:54:29] [AioModule/Write/Completed/DEBUG]: Sent contents(26bytes): ff ff 00 00 00 1a 00 0b ff ff fe 18 ff ff ff 4e 00 00 01 4d f6 db 29 ba bf ed 
[18:54:30] [Client/GameBox/updateTarget/INFO]: receive Package 000C(角色目标)
[18:54:30] [Client/GameBox/updateTarget/INFO]: targetX: -488/targetY -178
[18:54:30] [SendingModule/sendTargetPos/DEBUG]: package 000B(角色移动意图) send!
[18:54:30] [SendingModule/sendTargetPos/DEBUG]: targetX: -488/targetY: -178
[18:54:30] [AioModule/Write/Completed/DEBUG]: Sent 26 bytes to session/192.168.1.100:8438
[18:54:30] [AioModule/Write/Completed/DEBUG]: Sent contents(26bytes): ff ff 00 00 00 1a 00 0b ff ff fe 18 ff ff ff 4e 00 00 01 4d f6 db 2b f0 c0 53 
[18:54:30] [Client/GameBox/updateTarget/INFO]: receive Package 000C(角色目标)
[18:54:30] [Client/GameBox/updateTarget/INFO]: targetX: -488/targetY -178
[18:54:30] [SendingModule/sendTargetPos/DEBUG]: package 000B(角色移动意图) send!
[18:54:30] [SendingModule/sendTargetPos/DEBUG]: targetX: -488/targetY: -178
[18:54:30] [AioModule/Write/Completed/DEBUG]: Sent 26 bytes to session/192.168.1.100:8438
[18:54:30] [AioModule/Write/Completed/DEBUG]: Sent contents(26bytes): ff ff 00 00 00 1a 00 0b ff ff fe 18 ff ff ff 4e 00 00 01 4d f6 db 2c c8 c0 43 
[18:54:31] [AioModule/Read/Completed/DEBUG]: Received 22 bytes from session/192.168.1.100:8438
[18:54:31] [AioModule/Read/Completed/DEBUG]: Received contents(22bytes): ff ff 00 00 00 16 00 1d 00 00 00 03 00 00 04 05 00 00 04 03 58 3d 
[18:54:31] [ClientServer/ClientDecoder/INFO]: Receive a package 001D(特效包)
[18:54:31] [ClientServer/ClientDecoder/INFO]: package 001D(特效包): attacker:1029/targetID:1027
[18:54:31] [AioModule/Read/Completed/DEBUG]: Received 87 bytes from session/192.168.1.100:8438
[18:54:31] [AioModule/Read/Completed/DEBUG]: Received contents(87bytes): ff ff 00 00 00 57 00 1c 00 00 04 03 bb c3 cf eb bc d2 d8 bc 00 74 68 69 73 20 69 73 20 58 75 73 20 70 6c 61 6e 65 00 01 00 00 00 00 64 00 00 00 3c 00 00 00 64 00 00 00 64 00 00 00 14 00 00 00 14 00 00 00 01 00 00 00 c8 00 00 09 d6 00 00 23 08 00 00 00 0c 41 21 
[18:54:31] [ClientServer/ClientDecoder/INFO]: Receive a package 000A(游戏中所有玩家信息)
[18:54:31] [ClientServer/ClientDecoder/INFO]: package 000A: /id: 1027/name: 幻想家丶/level: 1/gender: 0/posX: 2518/posY: 8968
[18:54:38] [AioModule/Read/Completed/DEBUG]: Received 218 bytes from session/192.168.1.100:8438
[18:54:38] [AioModule/Read/Completed/DEBUG]: Received contents(218bytes): ff ff 00 00 00 16 00 1d 00 00 00 03 00 00 04 05 00 00 04 03 58 3d ff ff 00 00 00 57 00 1c 00 00 04 03 bb c3 cf eb bc d2 d8 bc 00 74 68 69 73 20 69 73 20 58 75 73 20 70 6c 61 6e 65 00 01 00 00 00 00 64 00 00 00 32 00 00 00 64 00 00 00 64 00 00 00 14 00 00 00 14 00 00 00 01 00 00 00 c8 00 00 09 d6 00 00 23 08 00 00 00 0c a4 6c ff ff 00 00 00 16 00 1d 00 00 00 03 00 00 04 05 00 00 04 03 58 3d ff ff 00 00 00 57 00 1c 00 00 04 03 bb c3 cf eb bc d2 d8 bc 00 74 68 69 73 20 69 73 20 58 75 73 20 70 6c 61 6e 65 00 01 00 00 00 00 64 00 00 00 28 00 00 00 64 00 00 00 64 00 00 00 14 00 00 00 14 00 00 00 01 00 00 00 c8 00 00 09 d6 00 00 23 08 00 00 00 0c 44 e2 
[18:54:38] [ClientServer/ClientDecoder/INFO]: Receive a package 001D(特效包)
[18:54:38] [ClientServer/ClientDecoder/INFO]: package 001D(特效包): attacker:1029/targetID:1027
[18:54:38] [ClientServer/ClientDecoder/INFO]: Receive a package 000A(游戏中所有玩家信息)
[18:54:38] [ClientServer/ClientDecoder/INFO]: package 000A: /id: 1027/name: 幻想家丶/level: 1/gender: 0/posX: 2518/posY: 8968
[18:54:38] [ClientServer/ClientDecoder/INFO]: Receive a package 001D(特效包)
[18:54:38] [ClientServer/ClientDecoder/INFO]: package 001D(特效包): attacker:1029/targetID:1027
[18:54:38] [ClientServer/ClientDecoder/INFO]: Receive a package 000A(游戏中所有玩家信息)
[18:54:38] [ClientServer/ClientDecoder/INFO]: package 000A: /id: 1027/name: 幻想家丶/level: 1/gender: 0/posX: 2518/posY: 8968
[18:54:38] [AioModule/Read/Completed/DEBUG]: Received 22 bytes from session/192.168.1.100:8438
[18:54:38] [AioModule/Read/Completed/DEBUG]: Received contents(22bytes): ff ff 00 00 00 16 00 1d 00 00 00 03 00 00 04 05 00 00 04 03 58 3d 
[18:54:38] [ClientServer/ClientDecoder/INFO]: Receive a package 001D(特效包)
[18:54:38] [ClientServer/ClientDecoder/INFO]: package 001D(特效包): attacker:1029/targetID:1027
[18:54:38] [AioModule/Read/Completed/DEBUG]: Received 87 bytes from session/192.168.1.100:8438
[18:54:38] [AioModule/Read/Completed/DEBUG]: Received contents(87bytes): ff ff 00 00 00 57 00 1c 00 00 04 03 bb c3 cf eb bc d2 d8 bc 00 74 68 69 73 20 69 73 20 58 75 73 20 70 6c 61 6e 65 00 01 00 00 00 00 64 00 00 00 1e 00 00 00 64 00 00 00 64 00 00 00 14 00 00 00 14 00 00 00 01 00 00 00 c8 00 00 09 d6 00 00 23 08 00 00 00 0c a8 2d 
[18:54:38] [ClientServer/ClientDecoder/INFO]: Receive a package 000A(游戏中所有玩家信息)
[18:54:38] [ClientServer/ClientDecoder/INFO]: package 000A: /id: 1027/name: 幻想家丶/level: 1/gender: 0/posX: 2518/posY: 8968
[18:54:40] [AioModule/Read/Completed/DEBUG]: Received 22 bytes from session/192.168.1.100:8438
[18:54:40] [AioModule/Read/Completed/DEBUG]: Received contents(22bytes): ff ff 00 00 00 16 00 1d 00 00 00 03 00 00 04 05 00 00 04 03 58 3d 
[18:54:40] [ClientServer/ClientDecoder/INFO]: Receive a package 001D(特效包)
[18:54:40] [ClientServer/ClientDecoder/INFO]: package 001D(特效包): attacker:1029/targetID:1027
[18:54:40] [AioModule/Read/Completed/DEBUG]: Received 87 bytes from session/192.168.1.100:8438
[18:54:40] [AioModule/Read/Completed/DEBUG]: Received contents(87bytes): ff ff 00 00 00 57 00 1c 00 00 04 03 bb c3 cf eb bc d2 d8 bc 00 74 68 69 73 20 69 73 20 58 75 73 20 70 6c 61 6e 65 00 01 00 00 00 00 64 00 00 00 14 00 00 00 64 00 00 00 64 00 00 00 14 00 00 00 14 00 00 00 01 00 00 00 c8 00 00 09 d6 00 00 23 08 00 00 00 0c 48 a3 
[18:54:40] [ClientServer/ClientDecoder/INFO]: Receive a package 000A(游戏中所有玩家信息)
[18:54:40] [ClientServer/ClientDecoder/INFO]: package 000A: /id: 1027/name: 幻想家丶/level: 1/gender: 0/posX: 2518/posY: 8968
[18:54:43] [AioModule/Read/Completed/DEBUG]: Received 22 bytes from session/192.168.1.100:8438
[18:54:43] [AioModule/Read/Completed/DEBUG]: Received contents(22bytes): ff ff 00 00 00 16 00 1d 00 00 00 03 00 00 04 05 00 00 04 03 58 3d 
[18:54:43] [ClientServer/ClientDecoder/INFO]: Receive a package 001D(特效包)
[18:54:43] [ClientServer/ClientDecoder/INFO]: package 001D(特效包): attacker:1029/targetID:1027
[18:54:43] [AioModule/Read/Completed/DEBUG]: Received 87 bytes from session/192.168.1.100:8438
[18:54:43] [AioModule/Read/Completed/DEBUG]: Received contents(87bytes): ff ff 00 00 00 57 00 1c 00 00 04 03 bb c3 cf eb bc d2 d8 bc 00 74 68 69 73 20 69 73 20 58 75 73 20 70 6c 61 6e 65 00 01 00 00 00 00 64 00 00 00 0a 00 00 00 64 00 00 00 64 00 00 00 14 00 00 00 14 00 00 00 01 00 00 00 c8 00 00 09 d6 00 00 23 08 00 00 00 0c ab ee 
[18:54:43] [ClientServer/ClientDecoder/INFO]: Receive a package 000A(游戏中所有玩家信息)
[18:54:43] [ClientServer/ClientDecoder/INFO]: package 000A: /id: 1027/name: 幻想家丶/level: 1/gender: 0/posX: 2518/posY: 8968
[18:54:44] [Client/GameBox/updateTarget/INFO]: receive Package 000C(角色目标)
[18:54:44] [Client/GameBox/updateTarget/INFO]: targetX: 926/targetY 519
[18:54:44] [SendingModule/sendTargetPos/DEBUG]: package 000B(角色移动意图) send!
[18:54:44] [SendingModule/sendTargetPos/DEBUG]: targetX: 926/targetY: 519
[18:54:44] [AioModule/Write/Completed/DEBUG]: Sent 26 bytes to session/192.168.1.100:8438
[18:54:44] [AioModule/Write/Completed/DEBUG]: Sent contents(26bytes): ff ff 00 00 00 1a 00 0b 00 00 03 9e 00 00 02 07 00 00 01 4d f6 db 61 73 32 a9 
[18:54:44] [Client/GameBox/updateTarget/INFO]: receive Package 000C(角色目标)
[18:54:44] [Client/GameBox/updateTarget/INFO]: targetX: 926/targetY 519
[18:54:44] [SendingModule/sendTargetPos/DEBUG]: package 000B(角色移动意图) send!
[18:54:44] [SendingModule/sendTargetPos/DEBUG]: targetX: 926/targetY: 519
[18:54:44] [AioModule/Write/Completed/DEBUG]: Sent 26 bytes to session/192.168.1.100:8438
[18:54:44] [AioModule/Write/Completed/DEBUG]: Sent contents(26bytes): ff ff 00 00 00 1a 00 0b 00 00 03 9e 00 00 02 07 00 00 01 4d f6 db 64 41 32 bf 
[18:54:45] [AioModule/Read/Completed/DEBUG]: Received 22 bytes from session/192.168.1.100:8438
[18:54:45] [AioModule/Read/Completed/DEBUG]: Received contents(22bytes): ff ff 00 00 00 16 00 1d 00 00 00 03 00 00 04 05 00 00 04 03 58 3d 
[18:54:45] [ClientServer/ClientDecoder/INFO]: Receive a package 001D(特效包)
[18:54:45] [ClientServer/ClientDecoder/INFO]: package 001D(特效包): attacker:1029/targetID:1027
[18:54:45] [AioModule/Read/Completed/DEBUG]: Received 87 bytes from session/192.168.1.100:8438
[18:54:45] [AioModule/Read/Completed/DEBUG]: Received contents(87bytes): ff ff 00 00 00 57 00 1c 00 00 04 03 bb c3 cf eb bc d2 d8 bc 00 74 68 69 73 20 69 73 20 58 75 73 20 70 6c 61 6e 65 00 01 00 00 00 00 64 00 00 00 00 00 00 00 64 00 00 00 64 00 00 00 14 00 00 00 14 00 00 00 01 00 00 00 c8 00 00 09 d6 00 00 23 08 00 00 00 0c 4c 64 
[18:54:45] [ClientServer/ClientDecoder/INFO]: Receive a package 000A(游戏中所有玩家信息)
[18:54:45] [ClientServer/ClientDecoder/INFO]: package 000A: /id: 1027/name: 幻想家丶/level: 1/gender: 0/posX: 2518/posY: 8968
[18:54:47] [SendingModule/sendUseItem/DEBUG]: 发送物品逻辑包:操作的物品实例ID:0
[18:54:47] [AioModule/Write/Completed/DEBUG]: Sent 22 bytes to session/192.168.1.100:8438
[18:54:47] [AioModule/Write/Completed/DEBUG]: Sent contents(22bytes): ff ff 00 00 00 16 00 17 00 00 00 00 00 00 00 00 00 00 04 03 6e 27 
[18:54:47] [AioModule/Read/Completed/DEBUG]: Received 22 bytes from session/192.168.1.100:8438
[18:54:47] [AioModule/Read/Completed/DEBUG]: Received contents(22bytes): ff ff 00 00 00 16 00 1d 00 00 00 04 00 00 04 03 00 00 04 03 62 b9 
[18:54:47] [ClientServer/ClientDecoder/INFO]: Receive a package 001D(特效包)
[18:54:47] [ClientServer/ClientDecoder/INFO]: package 001D(特效包): attacker:1027/targetID:1027
[18:54:47] [AioModule/Read/Completed/DEBUG]: Received 87 bytes from session/192.168.1.100:8438
[18:54:47] [AioModule/Read/Completed/DEBUG]: Received contents(87bytes): ff ff 00 00 00 57 00 1c 00 00 04 03 bb c3 cf eb bc d2 d8 bc 00 74 68 69 73 20 69 73 20 58 75 73 20 70 6c 61 6e 65 00 01 00 00 00 00 64 00 00 00 14 00 00 00 64 00 00 00 64 00 00 00 14 00 00 00 14 00 00 00 01 00 00 00 c8 00 00 09 d6 00 00 23 08 00 00 00 0c 48 a3 
[18:54:47] [ClientServer/ClientDecoder/INFO]: Receive a package 000A(游戏中所有玩家信息)
[18:54:47] [ClientServer/ClientDecoder/INFO]: package 000A: /id: 1027/name: 幻想家丶/level: 1/gender: 0/posX: 2518/posY: 8968
[18:54:47] [AioModule/Read/Completed/DEBUG]: Received 270 bytes from session/192.168.1.100:8438
[18:54:47] [AioModule/Read/Completed/DEBUG]: Received contents(270bytes): ff ff 00 00 01 0e 00 19 00 00 00 20 00 00 00 00 00 00 01 53 00 00 00 01 00 00 00 00 00 00 00 02 00 00 00 00 00 00 00 03 00 00 00 00 00 00 00 04 00 00 00 00 00 00 00 05 00 00 00 00 00 00 00 06 00 00 00 00 00 00 00 07 00 00 00 00 00 00 00 08 00 00 00 00 00 00 00 09 00 00 00 00 00 00 00 0a 00 00 00 00 00 00 00 0b 00 00 00 00 00 00 00 0c 00 00 00 00 00 00 00 0d 00 00 00 00 00 00 00 0e 00 00 00 00 00 00 00 0f 00 00 00 00 00 00 00 10 00 00 00 00 00 00 00 11 00 00 00 00 00 00 00 12 00 00 00 00 00 00 00 13 00 00 00 00 00 00 00 14 00 00 00 00 00 00 00 15 00 00 00 00 00 00 00 16 00 00 00 00 00 00 00 17 00 00 00 00 00 00 00 18 00 00 00 00 00 00 00 19 00 00 00 00 00 00 00 1a 00 00 00 00 00 00 00 1b 00 00 00 00 00 00 00 1c 00 00 00 00 00 00 00 1d 00 00 00 00 00 00 00 1e 00 00 00 00 00 00 00 1f 00 00 00 00 36 c2 
[18:54:47] [ClientServer/ClientDecoder/INFO]: Receive a package 0019(背包信息)
[18:54:48] [SendingModule/sendUseItem/DEBUG]: 发送物品逻辑包:操作的物品实例ID:0
[18:54:48] [AioModule/Write/Completed/DEBUG]: Sent 22 bytes to session/192.168.1.100:8438
[18:54:48] [AioModule/Write/Completed/DEBUG]: Sent contents(22bytes): ff ff 00 00 00 16 00 17 00 00 00 00 00 00 00 00 00 00 04 03 6e 27 
[18:54:48] [AioModule/Read/Completed/DEBUG]: Received 22 bytes from session/192.168.1.100:8438
[18:54:48] [AioModule/Read/Completed/DEBUG]: Received contents(22bytes): ff ff 00 00 00 16 00 1d 00 00 00 04 00 00 04 03 00 00 04 03 62 b9 
[18:54:48] [ClientServer/ClientDecoder/INFO]: Receive a package 001D(特效包)
[18:54:48] [ClientServer/ClientDecoder/INFO]: package 001D(特效包): attacker:1027/targetID:1027
[18:54:48] [AioModule/Read/Completed/DEBUG]: Received 87 bytes from session/192.168.1.100:8438
[18:54:48] [AioModule/Read/Completed/DEBUG]: Received contents(87bytes): ff ff 00 00 00 57 00 1c 00 00 04 03 bb c3 cf eb bc d2 d8 bc 00 74 68 69 73 20 69 73 20 58 75 73 20 70 6c 61 6e 65 00 01 00 00 00 00 64 00 00 00 28 00 00 00 64 00 00 00 64 00 00 00 14 00 00 00 14 00 00 00 01 00 00 00 c8 00 00 09 d6 00 00 23 08 00 00 00 0c 44 e2 
[18:54:48] [ClientServer/ClientDecoder/INFO]: Receive a package 000A(游戏中所有玩家信息)
[18:54:48] [ClientServer/ClientDecoder/INFO]: package 000A: /id: 1027/name: 幻想家丶/level: 1/gender: 0/posX: 2518/posY: 8968
[18:54:48] [AioModule/Read/Completed/DEBUG]: Received 270 bytes from session/192.168.1.100:8438
[18:54:48] [AioModule/Read/Completed/DEBUG]: Received contents(270bytes): ff ff 00 00 01 0e 00 19 00 00 00 20 00 00 00 00 00 00 01 52 00 00 00 01 00 00 00 00 00 00 00 02 00 00 00 00 00 00 00 03 00 00 00 00 00 00 00 04 00 00 00 00 00 00 00 05 00 00 00 00 00 00 00 06 00 00 00 00 00 00 00 07 00 00 00 00 00 00 00 08 00 00 00 00 00 00 00 09 00 00 00 00 00 00 00 0a 00 00 00 00 00 00 00 0b 00 00 00 00 00 00 00 0c 00 00 00 00 00 00 00 0d 00 00 00 00 00 00 00 0e 00 00 00 00 00 00 00 0f 00 00 00 00 00 00 00 10 00 00 00 00 00 00 00 11 00 00 00 00 00 00 00 12 00 00 00 00 00 00 00 13 00 00 00 00 00 00 00 14 00 00 00 00 00 00 00 15 00 00 00 00 00 00 00 16 00 00 00 00 00 00 00 17 00 00 00 00 00 00 00 18 00 00 00 00 00 00 00 19 00 00 00 00 00 00 00 1a 00 00 00 00 00 00 00 1b 00 00 00 00 00 00 00 1c 00 00 00 00 00 00 00 1d 00 00 00 00 00 00 00 1e 00 00 00 00 00 00 00 1f 00 00 00 00 38 7d 
[18:54:48] [ClientServer/ClientDecoder/INFO]: Receive a package 0019(背包信息)
[18:54:48] [SendingModule/sendUseItem/DEBUG]: 发送物品逻辑包:操作的物品实例ID:0
[18:54:48] [AioModule/Write/Completed/DEBUG]: Sent 22 bytes to session/192.168.1.100:8438
[18:54:48] [AioModule/Write/Completed/DEBUG]: Sent contents(22bytes): ff ff 00 00 00 16 00 17 00 00 00 00 00 00 00 00 00 00 04 03 6e 27 
[18:54:49] [SendingModule/sendUseItem/DEBUG]: 发送物品逻辑包:操作的物品实例ID:0
[18:54:49] [AioModule/Write/Completed/DEBUG]: Sent 22 bytes to session/192.168.1.100:8438
[18:54:49] [AioModule/Write/Completed/DEBUG]: Sent contents(22bytes): ff ff 00 00 00 16 00 17 00 00 00 00 00 00 00 00 00 00 04 03 6e 27 
[18:54:49] [AioModule/Read/Completed/DEBUG]: Received 22 bytes from session/192.168.1.100:8438
[18:54:49] [AioModule/Read/Completed/DEBUG]: Received contents(22bytes): ff ff 00 00 00 16 00 1d 00 00 00 03 00 00 04 05 00 00 04 03 58 3d 
[18:54:49] [ClientServer/ClientDecoder/INFO]: Receive a package 001D(特效包)
[18:54:49] [ClientServer/ClientDecoder/INFO]: package 001D(特效包): attacker:1029/targetID:1027
[18:54:49] [AioModule/Read/Completed/DEBUG]: Received 87 bytes from session/192.168.1.100:8438
[18:54:49] [AioModule/Read/Completed/DEBUG]: Received contents(87bytes): ff ff 00 00 00 57 00 1c 00 00 04 03 bb c3 cf eb bc d2 d8 bc 00 74 68 69 73 20 69 73 20 58 75 73 20 70 6c 61 6e 65 00 01 00 00 00 00 64 00 00 00 1e 00 00 00 64 00 00 00 64 00 00 00 14 00 00 00 14 00 00 00 01 00 00 00 c8 00 00 09 d6 00 00 23 08 00 00 00 0c a8 2d 
[18:54:49] [ClientServer/ClientDecoder/INFO]: Receive a package 000A(游戏中所有玩家信息)
[18:54:49] [ClientServer/ClientDecoder/INFO]: package 000A: /id: 1027/name: 幻想家丶/level: 1/gender: 0/posX: 2518/posY: 8968
[18:54:49] [SendingModule/sendUseItem/DEBUG]: 发送物品逻辑包:操作的物品实例ID:0
[18:54:49] [AioModule/Write/Completed/DEBUG]: Sent 22 bytes to session/192.168.1.100:8438
[18:54:49] [AioModule/Write/Completed/DEBUG]: Sent contents(22bytes): ff ff 00 00 00 16 00 17 00 00 00 00 00 00 00 00 00 00 04 03 6e 27 
[18:54:49] [AioModule/Read/Completed/DEBUG]: Received 22 bytes from session/192.168.1.100:8438
[18:54:49] [AioModule/Read/Completed/DEBUG]: Received contents(22bytes): ff ff 00 00 00 16 00 1d 00 00 00 04 00 00 04 03 00 00 04 03 62 b9 
[18:54:49] [ClientServer/ClientDecoder/INFO]: Receive a package 001D(特效包)
[18:54:49] [ClientServer/ClientDecoder/INFO]: package 001D(特效包): attacker:1027/targetID:1027
[18:54:49] [AioModule/Read/Completed/DEBUG]: Received 87 bytes from session/192.168.1.100:8438
[18:54:49] [AioModule/Read/Completed/DEBUG]: Received contents(87bytes): ff ff 00 00 00 57 00 1c 00 00 04 03 bb c3 cf eb bc d2 d8 bc 00 74 68 69 73 20 69 73 20 58 75 73 20 70 6c 61 6e 65 00 01 00 00 00 00 64 00 00 00 32 00 00 00 64 00 00 00 64 00 00 00 14 00 00 00 14 00 00 00 01 00 00 00 c8 00 00 09 d6 00 00 23 08 00 00 00 0c a4 6c 
[18:54:49] [ClientServer/ClientDecoder/INFO]: Receive a package 000A(游戏中所有玩家信息)
[18:54:49] [ClientServer/ClientDecoder/INFO]: package 000A: /id: 1027/name: 幻想家丶/level: 1/gender: 0/posX: 2518/posY: 8968
[18:54:49] [AioModule/Read/Completed/DEBUG]: Received 270 bytes from session/192.168.1.100:8438
[18:54:49] [AioModule/Read/Completed/DEBUG]: Received contents(270bytes): ff ff 00 00 01 0e 00 19 00 00 00 20 00 00 00 00 00 00 01 51 00 00 00 01 00 00 00 00 00 00 00 02 00 00 00 00 00 00 00 03 00 00 00 00 00 00 00 04 00 00 00 00 00 00 00 05 00 00 00 00 00 00 00 06 00 00 00 00 00 00 00 07 00 00 00 00 00 00 00 08 00 00 00 00 00 00 00 09 00 00 00 00 00 00 00 0a 00 00 00 00 00 00 00 0b 00 00 00 00 00 00 00 0c 00 00 00 00 00 00 00 0d 00 00 00 00 00 00 00 0e 00 00 00 00 00 00 00 0f 00 00 00 00 00 00 00 10 00 00 00 00 00 00 00 11 00 00 00 00 00 00 00 12 00 00 00 00 00 00 00 13 00 00 00 00 00 00 00 14 00 00 00 00 00 00 00 15 00 00 00 00 00 00 00 16 00 00 00 00 00 00 00 17 00 00 00 00 00 00 00 18 00 00 00 00 00 00 00 19 00 00 00 00 00 00 00 1a 00 00 00 00 00 00 00 1b 00 00 00 00 00 00 00 1c 00 00 00 00 00 00 00 1d 00 00 00 00 00 00 00 1e 00 00 00 00 00 00 00 1f 00 00 00 00 3a 38 
[18:54:49] [ClientServer/ClientDecoder/INFO]: Receive a package 0019(背包信息)
[18:54:49] [SendingModule/sendUseItem/DEBUG]: 发送物品逻辑包:操作的物品实例ID:0
[18:54:49] [AioModule/Write/Completed/DEBUG]: Sent 22 bytes to session/192.168.1.100:8438
[18:54:49] [AioModule/Write/Completed/DEBUG]: Sent contents(22bytes): ff ff 00 00 00 16 00 17 00 00 00 00 00 00 00 00 00 00 04 03 6e 27 
[18:54:50] [SendingModule/sendUseItem/DEBUG]: 发送物品逻辑包:操作的物品实例ID:0
[18:54:50] [AioModule/Write/Completed/DEBUG]: Sent 22 bytes to session/192.168.1.100:8438
[18:54:50] [AioModule/Write/Completed/DEBUG]: Sent contents(22bytes): ff ff 00 00 00 16 00 17 00 00 00 00 00 00 00 00 00 00 04 03 6e 27 
[18:54:50] [SendingModule/sendUseItem/DEBUG]: 发送物品逻辑包:操作的物品实例ID:0
[18:54:50] [AioModule/Write/Completed/DEBUG]: Sent 22 bytes to session/192.168.1.100:8438
[18:54:50] [AioModule/Write/Completed/DEBUG]: Sent contents(22bytes): ff ff 00 00 00 16 00 17 00 00 00 00 00 00 00 00 00 00 04 03 6e 27 
[18:54:50] [SendingModule/sendUseItem/DEBUG]: 发送物品逻辑包:操作的物品实例ID:0
[18:54:50] [AioModule/Write/Completed/DEBUG]: Sent 22 bytes to session/192.168.1.100:8438
[18:54:50] [AioModule/Write/Completed/DEBUG]: Sent contents(22bytes): ff ff 00 00 00 16 00 17 00 00 00 00 00 00 00 00 00 00 04 03 6e 27 
[18:54:51] [SendingModule/sendUseItem/DEBUG]: 发送物品逻辑包:操作的物品实例ID:0
[18:54:51] [AioModule/Write/Completed/DEBUG]: Sent 22 bytes to session/192.168.1.100:8438
[18:54:51] [AioModule/Write/Completed/DEBUG]: Sent contents(22bytes): ff ff 00 00 00 16 00 17 00 00 00 00 00 00 00 00 00 00 04 03 6e 27 
[18:54:51] [AioModule/Read/Completed/DEBUG]: Received 22 bytes from session/192.168.1.100:8438
[18:54:51] [AioModule/Read/Completed/DEBUG]: Received contents(22bytes): ff ff 00 00 00 16 00 1d 00 00 00 03 00 00 04 05 00 00 04 03 58 3d 
[18:54:51] [ClientServer/ClientDecoder/INFO]: Receive a package 001D(特效包)
[18:54:51] [ClientServer/ClientDecoder/INFO]: package 001D(特效包): attacker:1029/targetID:1027
[18:54:51] [AioModule/Read/Completed/DEBUG]: Received 87 bytes from session/192.168.1.100:8438
[18:54:51] [AioModule/Read/Completed/DEBUG]: Received contents(87bytes): ff ff 00 00 00 57 00 1c 00 00 04 03 bb c3 cf eb bc d2 d8 bc 00 74 68 69 73 20 69 73 20 58 75 73 20 70 6c 61 6e 65 00 01 00 00 00 00 64 00 00 00 28 00 00 00 64 00 00 00 64 00 00 00 14 00 00 00 14 00 00 00 01 00 00 00 c8 00 00 09 d6 00 00 23 08 00 00 00 0c 44 e2 
[18:54:51] [ClientServer/ClientDecoder/INFO]: Receive a package 000A(游戏中所有玩家信息)
[18:54:51] [ClientServer/ClientDecoder/INFO]: package 000A: /id: 1027/name: 幻想家丶/level: 1/gender: 0/posX: 2518/posY: 8968
[18:54:51] [SendingModule/sendUseItem/DEBUG]: 发送物品逻辑包:操作的物品实例ID:0
[18:54:51] [AioModule/Write/Completed/DEBUG]: Sent 22 bytes to session/192.168.1.100:8438
[18:54:51] [AioModule/Write/Completed/DEBUG]: Sent contents(22bytes): ff ff 00 00 00 16 00 17 00 00 00 00 00 00 00 00 00 00 04 03 6e 27 
[18:54:51] [SendingModule/sendUseItem/DEBUG]: 发送物品逻辑包:操作的物品实例ID:0
[18:54:51] [AioModule/Write/Completed/DEBUG]: Sent 22 bytes to session/192.168.1.100:8438
[18:54:51] [AioModule/Write/Completed/DEBUG]: Sent contents(22bytes): ff ff 00 00 00 16 00 17 00 00 00 00 00 00 00 00 00 00 04 03 6e 27 
[18:54:54] [SendingModule/sendUseItem/DEBUG]: 发送物品逻辑包:操作的物品实例ID:0
[18:54:54] [AioModule/Write/Completed/DEBUG]: Sent 22 bytes to session/192.168.1.100:8438
[18:54:54] [AioModule/Write/Completed/DEBUG]: Sent contents(22bytes): ff ff 00 00 00 16 00 17 00 00 00 00 00 00 00 00 00 00 04 03 6e 27 
[18:54:54] [SendingModule/sendUseItem/DEBUG]: 发送物品逻辑包:操作的物品实例ID:0
[18:54:54] [AioModule/Write/Completed/DEBUG]: Sent 22 bytes to session/192.168.1.100:8438
[18:54:54] [AioModule/Write/Completed/DEBUG]: Sent contents(22bytes): ff ff 00 00 00 16 00 17 00 00 00 00 00 00 00 00 00 00 04 03 6e 27 
[18:55:01] [Client/GameBox/updateTarget/INFO]: receive Package 000C(角色目标)
[18:55:01] [Client/GameBox/updateTarget/INFO]: targetX: 125/targetY 165
[18:55:01] [SendingModule/sendTargetPos/DEBUG]: package 000B(角色移动意图) send!
[18:55:01] [SendingModule/sendTargetPos/DEBUG]: targetX: 125/targetY: 165
[18:55:01] [AioModule/Write/Completed/DEBUG]: Sent 26 bytes to session/192.168.1.100:8438
[18:55:01] [AioModule/Write/Completed/DEBUG]: Sent contents(26bytes): ff ff 00 00 00 1a 00 0b 00 00 00 7d 00 00 00 a5 00 00 01 4d f6 db a4 a0 24 10 
[18:56:29] [Client/GameBox/updateTarget/INFO]: receive Package 000C(角色目标)
[18:56:29] [Client/GameBox/updateTarget/INFO]: targetX: 385/targetY 330
[18:56:29] [SendingModule/sendTargetPos/DEBUG]: package 000B(角色移动意图) send!
[18:56:29] [SendingModule/sendTargetPos/DEBUG]: targetX: 385/targetY: 330
[18:56:29] [AioModule/Write/Failed/WARNING]: Failed to send to sessionnull. java.nio.channels.ClosedChannelException
[18:56:30] [Client/GameBox/updateTarget/INFO]: receive Package 000C(角色目标)
[18:56:30] [Client/GameBox/updateTarget/INFO]: targetX: 385/targetY 330
[18:56:30] [SendingModule/sendTargetPos/DEBUG]: package 000B(角色移动意图) send!
[18:56:30] [SendingModule/sendTargetPos/DEBUG]: targetX: 385/targetY: 330
[18:56:32] [Client/GameBox/updateTarget/INFO]: receive Package 000C(角色目标)
[18:56:32] [Client/GameBox/updateTarget/INFO]: targetX: -467/targetY -448
[18:56:32] [SendingModule/sendTargetPos/DEBUG]: package 000B(角色移动意图) send!
[18:56:32] [SendingModule/sendTargetPos/DEBUG]: targetX: -467/targetY: -448
[18:56:36] [Client/GameBox/updateTarget/INFO]: receive Package 000C(角色目标)
[18:56:36] [Client/GameBox/updateTarget/INFO]: targetX: -467/targetY -448
[18:56:36] [SendingModule/sendTargetPos/DEBUG]: package 000B(角色移动意图) send!
[18:56:36] [SendingModule/sendTargetPos/DEBUG]: targetX: -467/targetY: -448
[18:56:37] [Client/GameBox/updateTarget/INFO]: receive Package 000C(角色目标)
[18:56:37] [Client/GameBox/updateTarget/INFO]: targetX: 359/targetY -388
[18:56:37] [SendingModule/sendTargetPos/DEBUG]: package 000B(角色移动意图) send!
[18:56:37] [SendingModule/sendTargetPos/DEBUG]: targetX: 359/targetY: -388
[18:56:55] [Client/GameBox/updateTarget/INFO]: receive Package 000C(角色目标)
[18:56:55] [Client/GameBox/updateTarget/INFO]: targetX: 150/targetY 262
[18:56:55] [SendingModule/sendTargetPos/DEBUG]: package 000B(角色移动意图) send!
[18:56:55] [SendingModule/sendTargetPos/DEBUG]: targetX: 150/targetY: 262
[18:56:58] [Client/GameBox/updateTarget/INFO]: receive Package 000C(角色目标)
[18:56:58] [Client/GameBox/updateTarget/INFO]: targetX: 4/targetY 8
[18:56:58] [SendingModule/sendTargetPos/DEBUG]: package 000B(角色移动意图) send!
[18:56:58] [SendingModule/sendTargetPos/DEBUG]: targetX: 4/targetY: 8
[18:57:33] [ClientServer/ClientMain/KERNEL]: 7.游戏结束，退出主程序
[18:57:33] [SendingModule/sendLogout/INFO]: logout send!
