[15:11:00] [ClientServer/ClientMain/init/DEBUG]: address: baidu.com:80
[15:11:00] [ClientServer/ClientMain/init/DEBUG]: 图片加载成功
[15:11:00] [ClientServer/ClientMain/init/DEBUG]: GIF动画加载成功
[15:11:00] [ClientServer/ClientMain/init/DEBUG]: 物品预加载成功
[15:11:01] [ClientServer/ClientMain/init/DEBUG]: init over
[15:11:01] [ClientServer/ClientMain/KERNEL]: 0.开始建立网络连接…………
[15:11:01] [ClientServer/ClientMain/setUpConnection/DEBUG]: setUpConnection over
[15:11:01] [ClientServer/ClientMain/KERNEL]: 1.网络连接成功!
[15:11:01] [ClientServer/ClientMain/KERNEL]: 2.发送0000包，确认对方是否为服务器Gate端
[15:11:01] [SendingModule/send00Package/INFO]: send00Package over
[15:11:01] [AioModule/Write/Completed/DEBUG]: Sent 14 bytes to sessionbaidu.com/180.149.132.47:80
[15:11:01] [ClientSever/LoginBox/serverState/INFO]: Receive a package 0001(回应连接请求)
[15:11:01] [ClientSever/LoginBox/serverState/INFO]: package 0001: 1
[15:11:01] [AioModule/Write/Completed/DEBUG]: Sent contents(14bytes): ff ff 00 00 00 0e 00 00 00 00 30 39 20 db 
[15:11:01] [ClientServer/ClientMain/KERNEL]: 3.收到0001包，确认对方为服务器Gate端
[15:11:01] [ClientServer/ClientMain/KERNEL]: 4.初始化loginBox登陆界面
[15:11:01] [ClientServer/LoginBox/onLoginResponse/INFO]: Receive a package 0003(登陆反馈)
[15:11:01] [ClientServer/LoginBox/onLoginResponse/INFO]: package 0003: true
[15:11:02] [ClientServer/LoginBox/noMorePackage/INFO]: Receive a package 0006(角色预加载: 这是最后一个空包
[15:11:02] [SendingModule/sendCreateCharacter/INFO]: package 0008(创建角色) send!
[15:11:02] [AioModule/Write/Completed/DEBUG]: Sent 25 bytes to sessionbaidu.com/180.149.132.47:80
[15:11:02] [ClientServer/LoginBox/onCreatResponse/INFO]: Receive a package 0009(角色创建结果)
[15:11:02] [AioModule/Write/Completed/DEBUG]: Sent contents(25bytes): ff ff 00 00 00 19 00 08 6e 75 6c 6c 00 64 64 64 64 00 01 00 00 00 01 38 47 
[15:11:03] [ClientServer/ClientMain/KERNEL]: 5.登陆结束
[15:11:03] [ClientServer/ClientMain/KERNEL]: 6.开始游戏，启动gameBox
[15:11:24] [ClientServer/GameBox/startGame/KERNEL]: 接收角色详细信息(000A)超时!(未接收到主角信息)
[15:11:24] [ClientServer/GameBox/startGame/KERNEL]: 接收角色详细信息(000A)超时!(未接收到主角信息)
[15:11:24] [ClientServer/GameBox/startGame/KERNEL]: 接收角色详细信息(000A)超时!(未接收到主角信息)
[15:11:24] [ClientServer/GameBox/startGame/KERNEL]: 接收角色详细信息(000A)超时!(未接收到主角信息)
[15:11:25] [ClientServer/GameBox/startGame/KERNEL]: 接收角色详细信息(000A)超时!(未接收到主角信息)
[15:11:25] [ClientServer/GameBox/startGame/KERNEL]: 接收角色详细信息(000A)超时!(未接收到主角信息)
[15:11:25] [ClientServer/GameBox/startGame/KERNEL]: 接收角色详细信息(000A)超时!(未接收到主角信息)
[15:11:25] [ClientServer/GameBox/startGame/KERNEL]: 接收角色详细信息(000A)超时!(未接收到主角信息)
[15:11:25] [ClientServer/GameBox/startGame/KERNEL]: 接收角色详细信息(000A)超时!(未接收到主角信息)
[15:11:26] [ClientServer/GameBox/startGame/KERNEL]: 接收角色详细信息(000A)超时!(未接收到主角信息)
[15:11:26] [ClientServer/GameBox/startGame/KERNEL]: 接收角色详细信息(000A)超时!(未接收到主角信息)
[15:11:26] [ClientServer/GameBox/startGame/KERNEL]: 接收角色详细信息(000A)超时!(未接收到主角信息)
[15:11:26] [ClientServer/GameBox/startGame/KERNEL]: 接收角色详细信息(000A)超时!(未接收到主角信息)
[15:11:26] [ClientServer/GameBox/startGame/KERNEL]: 接收角色详细信息(000A)超时!(未接收到主角信息)
[15:11:27] [ClientServer/GameBox/startGame/KERNEL]: 接收角色详细信息(000A)超时!(未接收到主角信息)
[15:11:27] [ClientServer/GameBox/startGame/KERNEL]: 接收角色详细信息(000A)超时!(未接收到主角信息)
[15:11:27] [ClientServer/GameBox/startGame/KERNEL]: 接收角色详细信息(000A)超时!(未接收到主角信息)
[15:11:27] [ClientServer/GameBox/startGame/KERNEL]: 接收角色详细信息(000A)超时!(未接收到主角信息)
[15:11:27] [ClientServer/GameBox/startGame/KERNEL]: 接收角色详细信息(000A)超时!(未接收到主角信息)
[15:11:28] [ClientServer/GameBox/startGame/KERNEL]: 接收角色详细信息(000A)超时!(未接收到主角信息)
[15:11:28] [ClientServer/GameBox/startGame/KERNEL]: 接收角色详细信息(000A)超时!(未接收到主角信息)
[15:11:28] [ClientServer/GameBox/startGame/KERNEL]: 接收角色详细信息(000A)超时!(未接收到主角信息)
[15:11:28] [ClientServer/GameBox/startGame/KERNEL]: 接收角色详细信息(000A)超时!(未接收到主角信息)
[15:11:28] [ClientServer/GameBox/startGame/KERNEL]: 接收角色详细信息(000A)超时!(未接收到主角信息)
[15:11:29] [ClientServer/GameBox/startGame/KERNEL]: 接收角色详细信息(000A)超时!(未接收到主角信息)
[15:11:29] [ClientServer/GameBox/startGame/KERNEL]: 接收角色详细信息(000A)超时!(未接收到主角信息)
[15:11:29] [ClientServer/GameBox/startGame/KERNEL]: 接收角色详细信息(000A)超时!(未接收到主角信息)
[15:11:29] [ClientServer/GameBox/startGame/KERNEL]: 接收角色详细信息(000A)超时!(未接收到主角信息)
[15:11:29] [ClientServer/GameBox/startGame/KERNEL]: 接收角色详细信息(000A)超时!(未接收到主角信息)
[15:11:30] [ClientServer/GameBox/startGame/KERNEL]: 接收角色详细信息(000A)超时!(未接收到主角信息)
[15:11:30] [ClientServer/GameBox/startGame/KERNEL]: 接收角色详细信息(000A)超时!(未接收到主角信息)
[15:11:30] [ClientServer/GameBox/startGame/KERNEL]: 接收角色详细信息(000A)超时!(未接收到主角信息)
[15:11:30] [ClientServer/GameBox/startGame/KERNEL]: 接收角色详细信息(000A)超时!(未接收到主角信息)
[15:11:30] [ClientServer/GameBox/startGame/KERNEL]: 接收角色详细信息(000A)超时!(未接收到主角信息)
[15:11:31] [ClientServer/GameBox/startGame/KERNEL]: 接收角色详细信息(000A)超时!(未接收到主角信息)
[15:11:31] [ClientServer/GameBox/startGame/KERNEL]: 接收角色详细信息(000A)超时!(未接收到主角信息)
[15:11:31] [ClientServer/GameBox/startGame/KERNEL]: 接收角色详细信息(000A)超时!(未接收到主角信息)
[15:11:31] [ClientServer/GameBox/startGame/KERNEL]: 接收角色详细信息(000A)超时!(未接收到主角信息)
[15:11:31] [ClientServer/GameBox/startGame/KERNEL]: 接收角色详细信息(000A)超时!(未接收到主角信息)
[15:11:32] [ClientServer/GameBox/startGame/KERNEL]: 接收角色详细信息(000A)超时!(未接收到主角信息)
[15:11:32] [ClientServer/GameBox/startGame/KERNEL]: 接收角色详细信息(000A)超时!(未接收到主角信息)
[15:11:32] [ClientServer/GameBox/startGame/KERNEL]: 接收角色详细信息(000A)超时!(未接收到主角信息)
[15:11:32] [ClientServer/GameBox/startGame/KERNEL]: 接收角色详细信息(000A)超时!(未接收到主角信息)
[15:11:32] [ClientServer/GameBox/startGame/KERNEL]: 接收角色详细信息(000A)超时!(未接收到主角信息)
[15:11:33] [ClientServer/GameBox/startGame/KERNEL]: 接收角色详细信息(000A)超时!(未接收到主角信息)
[15:11:33] [ClientServer/GameBox/startGame/KERNEL]: 接收角色详细信息(000A)超时!(未接收到主角信息)
[15:11:33] [ClientServer/GameBox/startGame/KERNEL]: 接收角色详细信息(000A)超时!(未接收到主角信息)
[15:11:33] [ClientServer/GameBox/startGame/KERNEL]: 接收角色详细信息(000A)超时!(未接收到主角信息)
[15:11:33] [ClientServer/GameBox/startGame/KERNEL]: 接收角色详细信息(000A)超时!(未接收到主角信息)
[15:11:34] [ClientServer/GameBox/startGame/KERNEL]: 接收角色详细信息(000A)超时!(未接收到主角信息)
[15:11:34] [ClientServer/GameBox/startGame/KERNEL]: 接收角色详细信息(000A)超时!(未接收到主角信息)
[15:11:34] [ClientServer/GameBox/startGame/KERNEL]: 接收角色详细信息(000A)超时!(未接收到主角信息)
[15:11:34] [ClientServer/GameBox/startGame/KERNEL]: 接收角色详细信息(000A)超时!(未接收到主角信息)
[15:11:34] [ClientServer/GameBox/startGame/KERNEL]: 接收角色详细信息(000A)超时!(未接收到主角信息)
[15:11:35] [ClientServer/GameBox/startGame/KERNEL]: 接收角色详细信息(000A)超时!(未接收到主角信息)
[15:11:35] [ClientServer/GameBox/startGame/KERNEL]: 接收角色详细信息(000A)超时!(未接收到主角信息)
[15:11:35] [ClientServer/GameBox/startGame/KERNEL]: 接收角色详细信息(000A)超时!(未接收到主角信息)
[15:11:35] [ClientServer/GameBox/startGame/KERNEL]: 接收角色详细信息(000A)超时!(未接收到主角信息)
[15:11:35] [ClientServer/GameBox/startGame/KERNEL]: 接收角色详细信息(000A)超时!(未接收到主角信息)
[15:11:36] [ClientServer/GameBox/startGame/KERNEL]: 接收角色详细信息(000A)超时!(未接收到主角信息)
[15:11:36] [ClientServer/GameBox/startGame/KERNEL]: 接收角色详细信息(000A)超时!(未接收到主角信息)
[15:11:36] [ClientServer/GameBox/startGame/KERNEL]: 接收角色详细信息(000A)超时!(未接收到主角信息)
[15:11:36] [ClientServer/GameBox/startGame/KERNEL]: 接收角色详细信息(000A)超时!(未接收到主角信息)
[15:11:36] [ClientServer/GameBox/startGame/KERNEL]: 接收角色详细信息(000A)超时!(未接收到主角信息)
[15:11:37] [ClientServer/GameBox/startGame/KERNEL]: 接收角色详细信息(000A)超时!(未接收到主角信息)
[15:11:37] [ClientServer/GameBox/startGame/KERNEL]: 接收角色详细信息(000A)超时!(未接收到主角信息)
[15:11:37] [ClientServer/GameBox/startGame/KERNEL]: 接收角色详细信息(000A)超时!(未接收到主角信息)
[15:11:37] [ClientServer/GameBox/startGame/KERNEL]: 接收角色详细信息(000A)超时!(未接收到主角信息)
[15:11:37] [ClientServer/GameBox/startGame/KERNEL]: 接收角色详细信息(000A)超时!(未接收到主角信息)
[15:11:38] [ClientServer/GameBox/startGame/KERNEL]: 接收角色详细信息(000A)超时!(未接收到主角信息)
[15:11:38] [ClientServer/GameBox/startGame/KERNEL]: 接收角色详细信息(000A)超时!(未接收到主角信息)
[15:11:38] [ClientServer/GameBox/startGame/KERNEL]: 接收角色详细信息(000A)超时!(未接收到主角信息)
[15:11:38] [ClientServer/GameBox/startGame/KERNEL]: 接收角色详细信息(000A)超时!(未接收到主角信息)
[15:11:38] [ClientServer/GameBox/startGame/KERNEL]: 接收角色详细信息(000A)超时!(未接收到主角信息)
[15:11:39] [ClientServer/GameBox/startGame/KERNEL]: 接收角色详细信息(000A)超时!(未接收到主角信息)
[15:11:39] [ClientServer/GameBox/startGame/KERNEL]: 接收角色详细信息(000A)超时!(未接收到主角信息)
[15:11:39] [ClientServer/GameBox/startGame/KERNEL]: 接收角色详细信息(000A)超时!(未接收到主角信息)
[15:11:39] [ClientServer/GameBox/startGame/KERNEL]: 接收角色详细信息(000A)超时!(未接收到主角信息)
[15:11:39] [ClientServer/GameBox/startGame/KERNEL]: 接收角色详细信息(000A)超时!(未接收到主角信息)
[15:11:40] [ClientServer/GameBox/startGame/KERNEL]: 接收角色详细信息(000A)超时!(未接收到主角信息)
[15:11:40] [ClientServer/GameBox/startGame/KERNEL]: 接收角色详细信息(000A)超时!(未接收到主角信息)
[15:11:40] [ClientServer/GameBox/startGame/KERNEL]: 接收角色详细信息(000A)超时!(未接收到主角信息)
[15:11:40] [ClientServer/GameBox/startGame/KERNEL]: 接收角色详细信息(000A)超时!(未接收到主角信息)
[15:11:40] [ClientServer/GameBox/startGame/KERNEL]: 接收角色详细信息(000A)超时!(未接收到主角信息)
[15:11:41] [ClientServer/GameBox/startGame/KERNEL]: 接收角色详细信息(000A)超时!(未接收到主角信息)
[15:11:41] [ClientServer/GameBox/startGame/KERNEL]: 接收角色详细信息(000A)超时!(未接收到主角信息)
[15:11:41] [ClientServer/GameBox/startGame/KERNEL]: 接收角色详细信息(000A)超时!(未接收到主角信息)
[15:11:41] [ClientServer/GameBox/startGame/KERNEL]: 接收角色详细信息(000A)超时!(未接收到主角信息)
[15:11:41] [ClientServer/GameBox/startGame/KERNEL]: 接收角色详细信息(000A)超时!(未接收到主角信息)
[15:11:42] [ClientServer/GameBox/startGame/KERNEL]: 接收角色详细信息(000A)超时!(未接收到主角信息)
[15:11:42] [ClientServer/GameBox/startGame/KERNEL]: 接收角色详细信息(000A)超时!(未接收到主角信息)
[15:11:42] [ClientServer/GameBox/startGame/KERNEL]: 接收角色详细信息(000A)超时!(未接收到主角信息)
[15:11:42] [ClientServer/GameBox/startGame/KERNEL]: 接收角色详细信息(000A)超时!(未接收到主角信息)
[15:11:42] [ClientServer/GameBox/startGame/KERNEL]: 接收角色详细信息(000A)超时!(未接收到主角信息)
[15:11:43] [ClientServer/GameBox/startGame/KERNEL]: 接收角色详细信息(000A)超时!(未接收到主角信息)
[15:11:43] [ClientServer/GameBox/startGame/KERNEL]: 接收角色详细信息(000A)超时!(未接收到主角信息)
[15:11:43] [ClientServer/GameBox/startGame/KERNEL]: 接收角色详细信息(000A)超时!(未接收到主角信息)
[15:11:43] [ClientServer/GameBox/startGame/KERNEL]: 接收角色详细信息(000A)超时!(未接收到主角信息)
[15:11:43] [ClientServer/GameBox/startGame/KERNEL]: 接收角色详细信息(000A)超时!(未接收到主角信息)
[15:11:44] [ClientServer/GameBox/startGame/KERNEL]: 接收角色详细信息(000A)超时!(未接收到主角信息)
[15:11:44] [ClientServer/GameBox/startGame/KERNEL]: 接收角色详细信息(000A)超时!(未接收到主角信息)
[15:11:44] [ClientServer/GameBox/startGame/KERNEL]: 接收角色详细信息(000A)超时!(未接收到主角信息)
[15:11:44] [ClientServer/GameBox/startGame/KERNEL]: 接收角色详细信息(000A)超时!(未接收到主角信息)
[15:11:44] [ClientServer/GameBox/startGame/KERNEL]: 接收角色详细信息(000A)超时!(未接收到主角信息)
[15:11:45] [ClientServer/GameBox/startGame/KERNEL]: 接收角色详细信息(000A)超时!(未接收到主角信息)
[15:11:45] [ClientServer/GameBox/startGame/KERNEL]: 接收角色详细信息(000A)超时!(未接收到主角信息)
[15:11:45] [ClientServer/GameBox/startGame/KERNEL]: 接收角色详细信息(000A)超时!(未接收到主角信息)
[15:11:45] [ClientServer/GameBox/startGame/KERNEL]: 接收角色详细信息(000A)超时!(未接收到主角信息)
[15:11:45] [ClientServer/GameBox/startGame/KERNEL]: 接收角色详细信息(000A)超时!(未接收到主角信息)
[15:11:46] [ClientServer/GameBox/startGame/KERNEL]: 接收角色详细信息(000A)超时!(未接收到主角信息)
[15:11:46] [ClientServer/GameBox/startGame/KERNEL]: 接收角色详细信息(000A)超时!(未接收到主角信息)
[15:11:46] [ClientServer/GameBox/startGame/KERNEL]: 接收角色详细信息(000A)超时!(未接收到主角信息)
[15:11:46] [ClientServer/GameBox/startGame/KERNEL]: 接收角色详细信息(000A)超时!(未接收到主角信息)
[15:11:46] [ClientServer/GameBox/startGame/KERNEL]: 接收角色详细信息(000A)超时!(未接收到主角信息)
[15:11:47] [ClientServer/GameBox/startGame/KERNEL]: 接收角色详细信息(000A)超时!(未接收到主角信息)
[15:11:47] [ClientServer/GameBox/startGame/KERNEL]: 接收角色详细信息(000A)超时!(未接收到主角信息)
[15:11:47] [ClientServer/GameBox/startGame/KERNEL]: 接收角色详细信息(000A)超时!(未接收到主角信息)
[15:11:48] [ClientServer/GameBox/startGame/KERNEL]: 接收角色详细信息(000A)超时!(未接收到主角信息)
[15:11:48] [ClientServer/GameBox/startGame/KERNEL]: 接收角色详细信息(000A)超时!(未接收到主角信息)
[15:11:48] [ClientServer/GameBox/startGame/KERNEL]: 接收角色详细信息(000A)超时!(未接收到主角信息)
[15:11:48] [ClientServer/GameBox/startGame/KERNEL]: 接收角色详细信息(000A)超时!(未接收到主角信息)
[15:11:49] [ClientServer/GameBox/startGame/KERNEL]: 接收角色详细信息(000A)超时!(未接收到主角信息)
[15:11:49] [ClientServer/GameBox/startGame/KERNEL]: 接收角色详细信息(000A)超时!(未接收到主角信息)
[15:11:49] [ClientServer/GameBox/startGame/KERNEL]: 接收角色详细信息(000A)超时!(未接收到主角信息)
[15:11:49] [ClientServer/GameBox/startGame/KERNEL]: 接收角色详细信息(000A)超时!(未接收到主角信息)
[15:11:49] [ClientServer/GameBox/startGame/KERNEL]: 接收角色详细信息(000A)超时!(未接收到主角信息)
[15:11:50] [ClientServer/GameBox/startGame/KERNEL]: 接收角色详细信息(000A)超时!(未接收到主角信息)
[15:11:50] [ClientServer/GameBox/startGame/KERNEL]: 接收角色详细信息(000A)超时!(未接收到主角信息)
[15:11:50] [ClientServer/GameBox/startGame/KERNEL]: 接收角色详细信息(000A)超时!(未接收到主角信息)
[15:11:50] [ClientServer/GameBox/startGame/KERNEL]: 接收角色详细信息(000A)超时!(未接收到主角信息)
[15:11:50] [ClientServer/GameBox/startGame/KERNEL]: 接收角色详细信息(000A)超时!(未接收到主角信息)
[15:11:51] [ClientServer/GameBox/startGame/KERNEL]: 接收角色详细信息(000A)超时!(未接收到主角信息)
[15:11:51] [ClientServer/GameBox/startGame/KERNEL]: 接收角色详细信息(000A)超时!(未接收到主角信息)
[15:11:51] [ClientServer/GameBox/startGame/KERNEL]: 接收角色详细信息(000A)超时!(未接收到主角信息)
[15:11:51] [ClientServer/GameBox/startGame/KERNEL]: 接收角色详细信息(000A)超时!(未接收到主角信息)
[15:11:51] [ClientServer/GameBox/startGame/KERNEL]: 接收角色详细信息(000A)超时!(未接收到主角信息)
[15:11:52] [ClientServer/GameBox/startGame/KERNEL]: 接收角色详细信息(000A)超时!(未接收到主角信息)
[15:11:52] [ClientServer/GameBox/startGame/KERNEL]: 接收角色详细信息(000A)超时!(未接收到主角信息)
[15:11:52] [ClientServer/GameBox/startGame/KERNEL]: 接收角色详细信息(000A)超时!(未接收到主角信息)
[15:11:52] [ClientServer/GameBox/startGame/KERNEL]: 接收角色详细信息(000A)超时!(未接收到主角信息)
[15:11:52] [ClientServer/GameBox/startGame/KERNEL]: 接收角色详细信息(000A)超时!(未接收到主角信息)
[15:11:53] [ClientServer/GameBox/startGame/KERNEL]: 接收角色详细信息(000A)超时!(未接收到主角信息)
[15:11:53] [ClientServer/GameBox/startGame/KERNEL]: 接收角色详细信息(000A)超时!(未接收到主角信息)
[15:11:53] [ClientServer/GameBox/startGame/KERNEL]: 接收角色详细信息(000A)超时!(未接收到主角信息)
[15:11:53] [ClientServer/GameBox/startGame/KERNEL]: 接收角色详细信息(000A)超时!(未接收到主角信息)
[15:11:53] [ClientServer/GameBox/startGame/KERNEL]: 接收角色详细信息(000A)超时!(未接收到主角信息)
[15:11:54] [ClientServer/GameBox/startGame/KERNEL]: 接收角色详细信息(000A)超时!(未接收到主角信息)
[15:11:54] [ClientServer/GameBox/startGame/KERNEL]: 接收角色详细信息(000A)超时!(未接收到主角信息)
[15:11:54] [ClientServer/GameBox/startGame/KERNEL]: 接收角色详细信息(000A)超时!(未接收到主角信息)
[15:11:54] [ClientServer/GameBox/startGame/KERNEL]: 接收角色详细信息(000A)超时!(未接收到主角信息)
[15:11:54] [ClientServer/GameBox/startGame/KERNEL]: 接收角色详细信息(000A)超时!(未接收到主角信息)
[15:11:55] [ClientServer/GameBox/startGame/KERNEL]: 接收角色详细信息(000A)超时!(未接收到主角信息)
[15:11:55] [ClientServer/GameBox/startGame/KERNEL]: 接收角色详细信息(000A)超时!(未接收到主角信息)
[15:11:55] [ClientServer/GameBox/startGame/KERNEL]: 接收角色详细信息(000A)超时!(未接收到主角信息)
[15:11:55] [ClientServer/GameBox/startGame/KERNEL]: 接收角色详细信息(000A)超时!(未接收到主角信息)
[15:11:55] [ClientServer/GameBox/startGame/KERNEL]: 接收角色详细信息(000A)超时!(未接收到主角信息)
[15:11:56] [ClientServer/GameBox/startGame/KERNEL]: 接收角色详细信息(000A)超时!(未接收到主角信息)
[15:11:56] [ClientServer/GameBox/startGame/KERNEL]: 接收角色详细信息(000A)超时!(未接收到主角信息)
[15:11:56] [ClientServer/GameBox/startGame/KERNEL]: 接收角色详细信息(000A)超时!(未接收到主角信息)
[15:11:56] [ClientServer/GameBox/startGame/KERNEL]: 接收角色详细信息(000A)超时!(未接收到主角信息)
[15:11:56] [ClientServer/GameBox/startGame/KERNEL]: 接收角色详细信息(000A)超时!(未接收到主角信息)
[15:11:57] [ClientServer/GameBox/startGame/KERNEL]: 接收角色详细信息(000A)超时!(未接收到主角信息)
[15:11:57] [ClientServer/GameBox/startGame/KERNEL]: 接收角色详细信息(000A)超时!(未接收到主角信息)
[15:11:57] [ClientServer/GameBox/startGame/KERNEL]: 接收角色详细信息(000A)超时!(未接收到主角信息)
[15:11:57] [ClientServer/GameBox/startGame/KERNEL]: 接收角色详细信息(000A)超时!(未接收到主角信息)
[15:11:57] [ClientServer/GameBox/startGame/KERNEL]: 接收角色详细信息(000A)超时!(未接收到主角信息)
[15:11:58] [ClientServer/GameBox/startGame/KERNEL]: 接收角色详细信息(000A)超时!(未接收到主角信息)
[15:11:58] [ClientServer/GameBox/startGame/KERNEL]: 接收角色详细信息(000A)超时!(未接收到主角信息)
[15:11:58] [ClientServer/GameBox/startGame/KERNEL]: 接收角色详细信息(000A)超时!(未接收到主角信息)
[15:11:58] [ClientServer/GameBox/startGame/KERNEL]: 接收角色详细信息(000A)超时!(未接收到主角信息)
[15:11:58] [ClientServer/GameBox/startGame/KERNEL]: 接收角色详细信息(000A)超时!(未接收到主角信息)
[15:11:59] [ClientServer/GameBox/startGame/KERNEL]: 接收角色详细信息(000A)超时!(未接收到主角信息)
[15:11:59] [ClientServer/GameBox/startGame/KERNEL]: 接收角色详细信息(000A)超时!(未接收到主角信息)
[15:11:59] [ClientServer/GameBox/startGame/KERNEL]: 接收角色详细信息(000A)超时!(未接收到主角信息)
[15:11:59] [ClientServer/GameBox/startGame/KERNEL]: 接收角色详细信息(000A)超时!(未接收到主角信息)
[15:11:59] [ClientServer/GameBox/startGame/KERNEL]: 接收角色详细信息(000A)超时!(未接收到主角信息)
[15:12:00] [ClientServer/GameBox/startGame/KERNEL]: 接收角色详细信息(000A)超时!(未接收到主角信息)
[15:12:00] [ClientServer/GameBox/startGame/KERNEL]: 接收角色详细信息(000A)超时!(未接收到主角信息)
[15:12:00] [ClientServer/GameBox/startGame/KERNEL]: 接收角色详细信息(000A)超时!(未接收到主角信息)
[15:12:00] [ClientServer/GameBox/startGame/KERNEL]: 接收角色详细信息(000A)超时!(未接收到主角信息)
[15:12:00] [ClientServer/GameBox/startGame/KERNEL]: 接收角色详细信息(000A)超时!(未接收到主角信息)
[15:12:01] [ClientServer/GameBox/startGame/KERNEL]: 接收角色详细信息(000A)超时!(未接收到主角信息)
[15:12:02] [ClientServer/GameBox/startGame/KERNEL]: 接收角色详细信息(000A)超时!(未接收到主角信息)
[15:12:02] [ClientServer/GameBox/startGame/KERNEL]: 接收角色详细信息(000A)超时!(未接收到主角信息)
[15:12:02] [ClientServer/GameBox/startGame/KERNEL]: 接收角色详细信息(000A)超时!(未接收到主角信息)
[15:12:02] [ClientServer/GameBox/startGame/KERNEL]: 接收角色详细信息(000A)超时!(未接收到主角信息)
[15:12:02] [ClientServer/GameBox/startGame/KERNEL]: 接收角色详细信息(000A)超时!(未接收到主角信息)
[15:12:03] [ClientServer/GameBox/startGame/KERNEL]: 接收角色详细信息(000A)超时!(未接收到主角信息)
[15:12:03] [ClientServer/GameBox/startGame/KERNEL]: 接收角色详细信息(000A)超时!(未接收到主角信息)
[15:12:03] [ClientServer/GameBox/startGame/KERNEL]: 接收角色详细信息(000A)超时!(未接收到主角信息)
[15:12:03] [ClientServer/GameBox/startGame/KERNEL]: 接收角色详细信息(000A)超时!(未接收到主角信息)
[15:12:03] [ClientServer/GameBox/startGame/KERNEL]: 接收角色详细信息(000A)超时!(未接收到主角信息)
[15:12:04] [ClientServer/GameBox/startGame/KERNEL]: 接收角色详细信息(000A)超时!(未接收到主角信息)
[15:12:04] [ClientServer/GameBox/startGame/KERNEL]: 接收角色详细信息(000A)超时!(未接收到主角信息)
[15:12:04] [ClientServer/GameBox/startGame/KERNEL]: 接收角色详细信息(000A)超时!(未接收到主角信息)
[15:12:04] [ClientServer/GameBox/startGame/KERNEL]: 接收角色详细信息(000A)超时!(未接收到主角信息)
