[17:55:13] [ClientServer/ClientMain/init/DEBUG]: address: 192.168.1.104:8438
[17:55:13] [ClientServer/ClientMain/init/DEBUG]: 图片加载成功
[17:55:13] [ClientServer/ClientMain/init/DEBUG]: GIF动画加载成功
[17:55:13] [ClientServer/ClientMain/init/DEBUG]: 物品预加载成功
[17:55:14] [ClientServer/ClientMain/init/DEBUG]: init over
[17:55:14] [ClientServer/ClientMain/KERNEL]: 0.开始建立网络连接…………
[17:55:14] [ClientServer/ClientMain/setUpConnection/DEBUG]: setUpConnection over
[17:55:14] [ClientServer/ClientMain/KERNEL]: 1.网络连接成功!
[17:55:14] [AioModule/Read/Completed/DEBUG]: Received 18 bytes from session/192.168.1.104:8438
[17:55:14] [ClientServer/ClientMain/KERNEL]: 2.发送0000包，确认对方是否为服务器Gate端
[17:55:14] [AioModule/Read/Completed/DEBUG]: Received contents(18bytes): ff ff 00 00 00 12 00 14 00 00 01 4d f1 7f 89 40 99 c5 
[17:55:14] [ClientServer/ClientDecoder/INFO]: Receive a package 0014(PING)
[17:55:14] [SendingModule/send00Package/INFO]: send00Package over
[17:55:14] [SendingModule/PINGResponse/DEBUG]: package 0015(PING回应包) send!
[17:55:14] [AioModule/Write/Completed/DEBUG]: Sent 14 bytes to session/192.168.1.104:8438
[17:55:14] [AioModule/Write/Completed/DEBUG]: Sent contents(14bytes): ff ff 00 00 00 0e 00 00 00 00 30 39 20 db 
[17:55:14] [AioModule/Write/Completed/DEBUG]: Sent 18 bytes to session/192.168.1.104:8438
[17:55:14] [AioModule/Write/Completed/DEBUG]: Sent contents(18bytes): ff ff 00 00 00 12 00 15 00 00 01 4d f1 7f 89 40 92 51 
[17:55:14] [AioModule/Read/Completed/DEBUG]: Received 11 bytes from session/192.168.1.104:8438
[17:55:14] [AioModule/Read/Completed/DEBUG]: Received contents(11bytes): ff ff 00 00 00 0b 00 01 01 2a 46 
[17:55:14] [ClientServer/ClientDecoder/INFO]: Receive a package 0001(回应连接请求)
[17:55:14] [ClientServer/ClientDecoder/INFO]: package 0001: 1
[17:55:14] [ClientSever/LoginBox/serverState/INFO]: Receive a package 0001(回应连接请求)
[17:55:14] [ClientSever/LoginBox/serverState/INFO]: package 0001: 1
[17:55:14] [AioModule/Read/Completed/DEBUG]: Received 18 bytes from session/192.168.1.104:8438
[17:55:14] [AioModule/Read/Completed/DEBUG]: Received contents(18bytes): ff ff 00 00 00 12 00 16 00 00 01 4d f1 7f 8a c3 8a 70 
[17:55:14] [ClientServer/ClientDecoder/INFO]: Receive a package 0016(时间同步)
[17:55:14] [ClientServer/ClientMain/KERNEL]: 3.收到0001包，确认对方为服务器Gate端
[17:55:14] [ClientServer/ClientMain/KERNEL]: 4.初始化loginBox登陆界面
[17:55:21] [SendingModule/sendLogin/INFO]: package 0002(登陆信息) send!
[17:55:21] [AioModule/Write/Completed/DEBUG]: Sent 49 bytes to session/192.168.1.104:8438
[17:55:21] [AioModule/Write/Completed/DEBUG]: Sent contents(49bytes): ff ff 00 00 00 31 00 02 31 32 33 34 35 00 38 32 37 43 43 42 30 45 45 41 38 41 37 30 36 43 34 43 33 34 41 31 36 38 39 31 46 38 34 45 37 42 00 b5 9f 
[17:55:21] [AioModule/Read/Completed/DEBUG]: Received 11 bytes from session/192.168.1.104:8438
[17:55:21] [AioModule/Read/Completed/DEBUG]: Received contents(11bytes): ff ff 00 00 00 0b 00 03 01 2a 58 
[17:55:21] [ClientServer/ClientDecoder/INFO]: Receive a package 0003(登陆反馈)
[17:55:21] [ClientServer/ClientDecoder/INFO]: package 0003: true
[17:55:21] [ClientServer/LoginBox/onLoginResponse/INFO]: Receive a package 0003(登陆反馈)
[17:55:21] [ClientServer/LoginBox/onLoginResponse/INFO]: package 0003: true
[17:55:22] [AioModule/Read/Completed/DEBUG]: Received 35 bytes from session/192.168.1.104:8438
[17:55:22] [AioModule/Read/Completed/DEBUG]: Received contents(35bytes): ff ff 00 00 00 19 00 06 00 00 00 0d 31 32 33 34 00 01 01 00 00 00 0b 04 c5 ff ff 00 00 00 0a 00 06 45 71 
[17:55:22] [ClientServer/ClientDecoder/INFO]: Receive a package 0006(角色预加载)
[17:55:22] [ClientServer/ClientDecoder/INFO]: package 0006: /id: 13/name: 1234/level: 1/gender: 1
[17:55:22] [ClientSever/LoginBox/addCharacter/INFO]: Receive a package 0006(角色预加载)
[17:55:22] [ClientServer/ClientDecoder/INFO]: Receive a package 0006(角色预加载――空包)
[17:55:22] [ClientServer/LoginBox/noMorePackage/INFO]: Receive a package 0006(角色预加载: 这是最后一个空包
[17:55:25] [AioModule/Write/Completed/DEBUG]: Sent 14 bytes to session/192.168.1.104:8438
[17:55:25] [SendingModule/sendCharacter/INFO]: package 0007(角色选择) send!
[17:55:25] [AioModule/Write/Completed/DEBUG]: Sent contents(14bytes): ff ff 00 00 00 0e 00 07 00 00 00 0d a0 72 
[17:55:25] [ClientServer/ClientMain/KERNEL]: 5.登陆结束
[17:55:25] [ClientServer/ClientMain/KERNEL]: 6.开始游戏，启动gameBox
[17:55:25] [AioModule/Read/Completed/DEBUG]: Received 28 bytes from session/192.168.1.104:8438
[17:55:25] [AioModule/Read/Completed/DEBUG]: Received contents(28bytes): ff ff 00 00 00 1c 00 0a 00 00 00 0c 37 38 39 00 74 68 69 73 20 69 73 20 61 20 0f 2e 
[17:55:25] [AioModule/Read/Completed/WARNING]: java.nio.BufferUnderflowException
[17:55:25] [AioModule/Read/Completed/DEBUG]: Received 81 bytes from session/192.168.1.104:8438
[17:55:25] [AioModule/Read/Completed/DEBUG]: Received contents(81bytes): ff ff 00 00 00 51 00 0a 00 00 00 0d 31 32 33 34 00 74 68 69 73 20 69 73 20 61 20 70 6c 61 6e 65 00 01 01 00 00 00 64 00 00 00 64 00 00 00 64 00 00 00 64 00 00 00 14 00 00 00 14 00 00 00 01 00 00 00 c8 00 00 00 c8 00 00 00 c8 00 00 00 0b 04 07 
[17:55:25] [ClientServer/ClientDecoder/INFO]: Receive a package 000A(游戏中所有玩家信息)
[17:55:25] [ClientServer/ClientDecoder/INFO]: package 000A: /id: 13/name: 1234/level: 1/gender: 1/posX: 200/posY: 200
[17:55:25] [ClientServer/GameBox/addCharacter/DEBUG]: Receive a package 000A(游戏中所有玩家信息)
[17:55:25] [ClientServer/GameBox/addCharacter/DEBUG]: 000A:加入一个主角玩家:1234
[17:55:25] [AioModule/Read/Completed/DEBUG]: Received 270 bytes from session/192.168.1.104:8438
[17:55:25] [AioModule/Read/Completed/DEBUG]: Received contents(270bytes): ff ff 00 00 01 0e 00 19 00 00 00 20 00 00 00 20 00 00 00 00 00 00 00 21 00 00 00 00 00 00 00 22 00 00 00 00 00 00 00 23 00 00 00 00 00 00 00 24 00 00 00 00 00 00 00 25 00 00 00 00 00 00 00 26 00 00 00 00 00 00 00 27 00 00 00 00 00 00 00 28 00 00 00 00 00 00 00 29 00 00 00 00 00 00 00 2a 00 00 00 00 00 00 00 2b 00 00 00 00 00 00 00 2c 00 00 00 00 00 00 00 2d 00 00 00 00 00 00 00 2e 00 00 00 00 00 00 00 2f 00 00 00 00 00 00 00 30 00 00 00 00 00 00 00 31 00 00 00 00 00 00 00 32 00 00 00 00 00 00 00 33 00 00 00 00 00 00 00 34 00 00 00 00 00 00 00 35 00 00 00 00 00 00 00 36 00 00 00 00 00 00 00 37 00 00 00 00 00 00 00 38 00 00 00 00 00 00 00 39 00 00 00 00 00 00 00 3a 00 00 00 00 00 00 00 3b 00 00 00 00 00 00 00 3c 00 00 00 00 00 00 00 3d 00 00 00 00 00 00 00 3e 00 00 00 00 00 00 00 3f 00 00 00 00 ae 8c 
[17:55:25] [ClientServer/ClientDecoder/INFO]: Receive a package 0019(背包信息)
[17:55:26] [ClientServer/GameBox/startGame/KERNEL]: 接收主角详细信息(000A):关闭加载窗口,开始游戏!
[17:55:37] [Client/GameBox/updateTarget/INFO]: receive Package 000C(角色目标)
[17:55:37] [Client/GameBox/updateTarget/INFO]: targetX: -84/targetY 97
[17:55:37] [SendingModule/sendTargetPos/DEBUG]: package 000B(角色移动意图) send!
[17:55:37] [AioModule/Write/Completed/DEBUG]: Sent 30 bytes to session/192.168.1.104:8438
[17:55:37] [SendingModule/sendTargetPos/DEBUG]: targetX: -84/targetY: 97
[17:55:37] [AioModule/Write/Completed/DEBUG]: Sent contents(30bytes): ff ff 00 00 00 1e 00 0b 00 00 00 0d ff ff ff ac 00 00 00 61 00 00 01 4d f1 7e ee 05 ad 11 
[17:55:37] [AioModule/Read/Completed/DEBUG]: Received 30 bytes from session/192.168.1.104:8438
[17:55:37] [AioModule/Read/Completed/DEBUG]: Received contents(30bytes): ff ff 00 00 00 1e 00 0c 00 00 00 0d 00 00 00 0d ff ff ff ac 00 00 01 4d f1 7f e1 07 66 d6 
[17:55:37] [ClientServer/ClientDecoder/INFO]: Receive a package 000C(所有玩家目标坐标更新)
[17:55:37] [ClientServer/ClientDecoder/INFO]: package 000C: /id: 13/posX: 13/posY: -84
[17:55:37] [Client/GameBox/updateTarget/INFO]: receive Package 000C(角色目标)
[17:55:37] [Client/GameBox/updateTarget/INFO]: targetX: 13/targetY -84
[18:08:57] [AioModule/Read/Completed/DEBUG]: Received 30 bytes from session/192.168.1.104:8438
[18:08:57] [AioModule/Read/Completed/DEBUG]: Received contents(30bytes): ff ff 00 00 00 1e 00 0c 00 00 00 0c 00 00 00 0c 00 00 00 86 00 00 01 4d f1 8c 17 7b 81 d5 
[18:08:57] [ClientServer/ClientDecoder/INFO]: Receive a package 000C(所有玩家目标坐标更新)
[18:08:57] [ClientServer/ClientDecoder/INFO]: package 000C: /id: 12/posX: 12/posY: 134
[18:08:57] [AioModule/Read/Completed/WARNING]: java.lang.NullPointerException
[18:09:09] [Client/GameBox/updateTarget/INFO]: receive Package 000C(角色目标)
[18:09:09] [Client/GameBox/updateTarget/INFO]: targetX: -26/targetY -3
[18:09:09] [SendingModule/sendTargetPos/DEBUG]: package 000B(角色移动意图) send!
[18:09:09] [AioModule/Write/Completed/DEBUG]: Sent 30 bytes to session/192.168.1.104:8438
[18:09:09] [SendingModule/sendTargetPos/DEBUG]: targetX: -26/targetY: -3
[18:09:09] [AioModule/Write/Completed/DEBUG]: Sent contents(30bytes): ff ff 00 00 00 1e 00 0b 00 00 00 0d ff ff ff e6 ff ff ff fd 00 00 01 4d f1 8b 52 c2 99 14 
[18:09:09] [AioModule/Read/Completed/DEBUG]: Received 30 bytes from session/192.168.1.104:8438
[18:09:09] [AioModule/Read/Completed/DEBUG]: Received contents(30bytes): ff ff 00 00 00 1e 00 0c 00 00 00 0d 00 00 00 0d ff ff ff e6 00 00 01 4d f1 8c 46 02 0e cc 
[18:09:09] [ClientServer/ClientDecoder/INFO]: Receive a package 000C(所有玩家目标坐标更新)
[18:09:09] [ClientServer/ClientDecoder/INFO]: package 000C: /id: 13/posX: 13/posY: -26
[18:09:09] [Client/GameBox/updateTarget/INFO]: receive Package 000C(角色目标)
[18:09:09] [Client/GameBox/updateTarget/INFO]: targetX: 13/targetY -26
[18:09:09] [Client/GameBox/updateTarget/INFO]: receive Package 000C(角色目标)
[18:09:09] [Client/GameBox/updateTarget/INFO]: targetX: -31/targetY 215
[18:09:09] [SendingModule/sendTargetPos/DEBUG]: package 000B(角色移动意图) send!
[18:09:09] [AioModule/Write/Completed/DEBUG]: Sent 30 bytes to session/192.168.1.104:8438
[18:09:09] [SendingModule/sendTargetPos/DEBUG]: targetX: -31/targetY: 215
[18:09:09] [AioModule/Write/Completed/DEBUG]: Sent contents(30bytes): ff ff 00 00 00 1e 00 0b 00 00 00 0d ff ff ff e1 00 00 00 d7 00 00 01 4d f1 8b 54 aa 37 ac 
[18:09:09] [AioModule/Read/Completed/DEBUG]: Received 30 bytes from session/192.168.1.104:8438
[18:09:09] [AioModule/Read/Completed/DEBUG]: Received contents(30bytes): ff ff 00 00 00 1e 00 0c 00 00 00 0d 00 00 00 0d ff ff ff e1 00 00 01 4d f1 8c 47 cc 34 12 
[18:09:09] [ClientServer/ClientDecoder/INFO]: Receive a package 000C(所有玩家目标坐标更新)
[18:09:09] [ClientServer/ClientDecoder/INFO]: package 000C: /id: 13/posX: 13/posY: -31
[18:09:09] [Client/GameBox/updateTarget/INFO]: receive Package 000C(角色目标)
[18:09:09] [Client/GameBox/updateTarget/INFO]: targetX: 13/targetY -31
[18:09:10] [Client/GameBox/updateTarget/INFO]: receive Package 000C(角色目标)
[18:09:10] [Client/GameBox/updateTarget/INFO]: targetX: 173/targetY 205
[18:09:10] [SendingModule/sendTargetPos/DEBUG]: package 000B(角色移动意图) send!
[18:09:10] [AioModule/Write/Completed/DEBUG]: Sent 30 bytes to session/192.168.1.104:8438
[18:09:10] [SendingModule/sendTargetPos/DEBUG]: targetX: 173/targetY: 205
[18:09:10] [AioModule/Write/Completed/DEBUG]: Sent contents(30bytes): ff ff 00 00 00 1e 00 0b 00 00 00 0d 00 00 00 ad 00 00 00 cd 00 00 01 4d f1 8b 56 6f 35 4a 
[18:09:10] [Client/GameBox/updateTarget/INFO]: receive Package 000C(角色目标)
[18:09:10] [Client/GameBox/updateTarget/INFO]: targetX: 552/targetY 241
[18:09:10] [AioModule/Write/Completed/DEBUG]: Sent 30 bytes to session/192.168.1.104:8438
[18:09:10] [SendingModule/sendTargetPos/DEBUG]: package 000B(角色移动意图) send!
[18:09:10] [SendingModule/sendTargetPos/DEBUG]: targetX: 552/targetY: 241
[18:09:10] [AioModule/Write/Completed/DEBUG]: Sent contents(30bytes): ff ff 00 00 00 1e 00 0b 00 00 00 0d 00 00 02 28 00 00 00 f1 00 00 01 4d f1 8b 57 db 0a 5f 
[18:09:11] [Client/GameBox/updateTarget/INFO]: receive Package 000C(角色目标)
[18:09:11] [Client/GameBox/updateTarget/INFO]: targetX: 637/targetY 277
[18:09:11] [SendingModule/sendTargetPos/DEBUG]: package 000B(角色移动意图) send!
[18:09:11] [AioModule/Write/Completed/DEBUG]: Sent 30 bytes to session/192.168.1.104:8438
[18:09:11] [SendingModule/sendTargetPos/DEBUG]: targetX: 637/targetY: 277
[18:09:11] [AioModule/Write/Completed/DEBUG]: Sent contents(30bytes): ff ff 00 00 00 1e 00 0b 00 00 00 0d 00 00 02 7d 00 00 01 15 00 00 01 4d f1 8b 59 b1 0c c4 
[18:09:11] [Client/GameBox/updateTarget/INFO]: receive Package 000C(角色目标)
[18:09:11] [Client/GameBox/updateTarget/INFO]: targetX: 670/targetY 291
[18:09:11] [AioModule/Write/Completed/DEBUG]: Sent 30 bytes to session/192.168.1.104:8438
[18:09:11] [SendingModule/sendTargetPos/DEBUG]: package 000B(角色移动意图) send!
[18:09:11] [SendingModule/sendTargetPos/DEBUG]: targetX: 670/targetY: 291
[18:09:11] [AioModule/Write/Completed/DEBUG]: Sent contents(30bytes): ff ff 00 00 00 1e 00 0b 00 00 00 0d 00 00 02 9e 00 00 01 23 00 00 01 4d f1 8b 5a 61 ab 99 
[18:09:11] [Client/GameBox/updateTarget/INFO]: receive Package 000C(角色目标)
[18:09:11] [Client/GameBox/updateTarget/INFO]: targetX: 695/targetY 302
[18:09:11] [SendingModule/sendTargetPos/DEBUG]: package 000B(角色移动意图) send!
[18:09:11] [AioModule/Write/Completed/DEBUG]: Sent 30 bytes to session/192.168.1.104:8438
[18:09:11] [SendingModule/sendTargetPos/DEBUG]: targetX: 695/targetY: 302
[18:09:11] [AioModule/Write/Completed/DEBUG]: Sent contents(30bytes): ff ff 00 00 00 1e 00 0b 00 00 00 0d 00 00 02 b7 00 00 01 2e 00 00 01 4d f1 8b 5a f6 24 44 
[18:09:11] [Client/GameBox/updateTarget/INFO]: receive Package 000C(角色目标)
[18:09:11] [Client/GameBox/updateTarget/INFO]: targetX: 729/targetY 316
[18:09:11] [SendingModule/sendTargetPos/DEBUG]: package 000B(角色移动意图) send!
[18:09:11] [SendingModule/sendTargetPos/DEBUG]: targetX: 729/targetY: 316
[18:09:11] [AioModule/Write/Completed/DEBUG]: Sent 30 bytes to session/192.168.1.104:8438
[18:09:11] [AioModule/Write/Completed/DEBUG]: Sent contents(30bytes): ff ff 00 00 00 1e 00 0b 00 00 00 0d 00 00 02 d9 00 00 01 3c 00 00 01 4d f1 8b 5b a6 73 60 
[18:09:30] [ClientServer/ClientMain/KERNEL]: 7.游戏结束，退出主程序
[18:09:30] [SendingModule/sendLogout/INFO]: logout send!
[18:09:30] [AioModule/Write/Completed/DEBUG]: Sent 14 bytes to session/192.168.1.104:8438
[18:09:30] [AioModule/Write/Completed/DEBUG]: Sent contents(14bytes): ff ff 00 00 00 0e 00 13 00 00 00 00 84 c6 
