[16:35:47] [ClientServer/ClientMain/init/DEBUG]: address: 192.168.1.104:8438
[16:35:47] [ClientServer/ClientMain/init/DEBUG]: 图片加载成功
[16:35:47] [ClientServer/ClientMain/init/DEBUG]: GIF动画加载成功
[16:35:47] [ClientServer/ClientMain/init/DEBUG]: 物品预加载成功
[16:35:47] [ClientServer/ClientMain/init/DEBUG]: init over
[16:35:47] [ClientServer/ClientMain/KERNEL]: 0.开始建立网络连接…………
[16:35:48] [ClientServer/ClientMain/setUpConnection/DEBUG]: setUpConnection over
[16:35:48] [AioModule/Read/Completed/DEBUG]: Received 18 bytes from session/192.168.1.104:8438
[16:35:48] [AioModule/Read/Completed/DEBUG]: Received contents(18bytes): ff ff 00 00 00 12 00 14 00 00 01 4d f1 36 ce 9b 59 00 
[16:35:48] [ClientServer/ClientMain/KERNEL]: 1.网络连接成功!
[16:35:48] [ClientServer/ClientMain/KERNEL]: 2.发送0000包，确认对方是否为服务器Gate端
[16:35:48] [ClientServer/ClientDecoder/INFO]: Receive a package 0014(PING)
[16:35:48] [SendingModule/PINGResponse/DEBUG]: package 0015(PING回应包) send!
[16:35:48] [SendingModule/send00Package/INFO]: send00Package over
[16:35:48] [AioModule/Write/Completed/DEBUG]: Sent 14 bytes to session/192.168.1.104:8438
[16:35:48] [AioModule/Write/Completed/DEBUG]: Sent contents(14bytes): ff ff 00 00 00 0e 00 00 00 00 30 39 20 db 
[16:35:48] [AioModule/Write/Completed/DEBUG]: Sent 18 bytes to session/192.168.1.104:8438
[16:35:48] [AioModule/Write/Completed/DEBUG]: Sent contents(18bytes): ff ff 00 00 00 12 00 15 00 00 01 4d f1 36 ce 9b 51 8c 
[16:35:48] [AioModule/Read/Completed/DEBUG]: Received 11 bytes from session/192.168.1.104:8438
[16:35:48] [AioModule/Read/Completed/DEBUG]: Received contents(11bytes): ff ff 00 00 00 0b 00 01 01 2a 46 
[16:35:48] [ClientServer/ClientDecoder/INFO]: Receive a package 0001(回应连接请求)
[16:35:48] [ClientServer/ClientDecoder/INFO]: package 0001: 1
[16:35:48] [ClientSever/LoginBox/serverState/INFO]: Receive a package 0001(回应连接请求)
[16:35:48] [ClientSever/LoginBox/serverState/INFO]: package 0001: 1
[16:35:48] [AioModule/Read/Completed/DEBUG]: Received 18 bytes from session/192.168.1.104:8438
[16:35:48] [AioModule/Read/Completed/DEBUG]: Received contents(18bytes): ff ff 00 00 00 12 00 16 00 00 01 4d f1 36 d1 0e 4a bb 
[16:35:48] [ClientServer/ClientDecoder/INFO]: Receive a package 0016(时间同步)
[16:35:48] [ClientServer/ClientMain/KERNEL]: 3.收到0001包，确认对方为服务器Gate端
[16:35:48] [ClientServer/ClientMain/KERNEL]: 4.初始化loginBox登陆界面
[16:35:54] [AioModule/Write/Completed/DEBUG]: Sent 48 bytes to session/192.168.1.104:8438
[16:35:54] [SendingModule/sendLogin/INFO]: package 0002(登陆信息) send!
[16:35:54] [AioModule/Write/Completed/DEBUG]: Sent contents(48bytes): ff ff 00 00 00 30 00 02 31 32 33 34 00 38 31 44 43 39 42 44 42 35 32 44 30 34 44 43 32 30 30 33 36 44 42 44 38 33 31 33 45 44 30 35 35 00 79 71 
[16:35:54] [AioModule/Read/Completed/DEBUG]: Received 11 bytes from session/192.168.1.104:8438
[16:35:54] [AioModule/Read/Completed/DEBUG]: Received contents(11bytes): ff ff 00 00 00 0b 00 03 00 2a 57 
[16:35:54] [ClientServer/ClientDecoder/INFO]: Receive a package 0003(登陆反馈)
[16:35:54] [ClientServer/ClientDecoder/INFO]: package 0003: false
[16:35:54] [ClientServer/LoginBox/onLoginResponse/INFO]: Receive a package 0003(登陆反馈)
[16:35:54] [ClientServer/LoginBox/onLoginResponse/INFO]: package 0003: false
[16:36:02] [SendingModule/sendRegister/INFO]: package 0004(注册信息) send!
[16:36:02] [AioModule/Write/Completed/DEBUG]: Sent 49 bytes to session/192.168.1.104:8438
[16:36:02] [AioModule/Write/Completed/DEBUG]: Sent contents(49bytes): ff ff 00 00 00 31 00 04 31 32 33 34 35 00 38 32 37 43 43 42 30 45 45 41 38 41 37 30 36 43 34 43 33 34 41 31 36 38 39 31 46 38 34 45 37 42 00 57 59 
[16:36:03] [AioModule/Read/Completed/DEBUG]: Received 14 bytes from session/192.168.1.104:8438
[16:36:03] [AioModule/Read/Completed/DEBUG]: Received contents(14bytes): ff ff 00 00 00 0e 00 05 00 00 00 01 43 96 
[16:36:03] [ClientServer/ClientDecoder/INFO]: Receive a package 0005(注册结果)
[16:36:03] [ClientServer/ClientDecoder/INFO]: package 0005: true
[16:36:03] [ClientServer/LoginBox/onRegistResponse/INFO]: Receive a package 0005(注册结果)
[16:36:03] [ClientServer/LoginBox/onRegistResponse/INFO]: package 0005: true
[16:36:05] [SendingModule/sendLogin/INFO]: package 0002(登陆信息) send!
[16:36:05] [AioModule/Write/Completed/DEBUG]: Sent 49 bytes to session/192.168.1.104:8438
[16:36:05] [AioModule/Write/Completed/DEBUG]: Sent contents(49bytes): ff ff 00 00 00 31 00 02 31 32 33 34 35 00 38 32 37 43 43 42 30 45 45 41 38 41 37 30 36 43 34 43 33 34 41 31 36 38 39 31 46 38 34 45 37 42 00 b5 9f 
[16:36:05] [AioModule/Read/Completed/DEBUG]: Received 11 bytes from session/192.168.1.104:8438
[16:36:05] [AioModule/Read/Completed/DEBUG]: Received contents(11bytes): ff ff 00 00 00 0b 00 03 01 2a 58 
[16:36:05] [ClientServer/ClientDecoder/INFO]: Receive a package 0003(登陆反馈)
[16:36:05] [ClientServer/ClientDecoder/INFO]: package 0003: true
[16:36:05] [ClientServer/LoginBox/onLoginResponse/INFO]: Receive a package 0003(登陆反馈)
[16:36:05] [ClientServer/LoginBox/onLoginResponse/INFO]: package 0003: true
[16:36:06] [AioModule/Read/Completed/DEBUG]: Received 10 bytes from session/192.168.1.104:8438
[16:36:06] [AioModule/Read/Completed/DEBUG]: Received contents(10bytes): ff ff 00 00 00 0a 00 06 45 71 
[16:36:06] [ClientServer/ClientDecoder/INFO]: Receive a package 0006(角色预加载――空包)
[16:36:06] [ClientServer/LoginBox/noMorePackage/INFO]: Receive a package 0006(角色预加载: 这是最后一个空包
[16:36:18] [SendingModule/sendCreateCharacter/INFO]: package 0008(创建角色) send!
[16:36:18] [AioModule/Write/Completed/DEBUG]: Sent 25 bytes to session/192.168.1.104:8438
[16:36:18] [AioModule/Write/Completed/DEBUG]: Sent contents(25bytes): ff ff 00 00 00 19 00 08 31 32 33 34 35 00 31 32 33 00 01 00 00 00 0b 4c 49 
[16:36:19] [AioModule/Read/Completed/DEBUG]: Received 11 bytes from session/192.168.1.104:8438
[16:36:19] [AioModule/Read/Completed/DEBUG]: Received contents(11bytes): ff ff 00 00 00 0b 00 09 00 2a 8d 
[16:36:19] [ClientServer/ClientDecoder/INFO]: Receive a package 0009(角色创建结果)
[16:36:19] [ClientServer/ClientDecoder/INFO]: package 0009: false
[16:36:19] [ClientServer/LoginBox/onCreatResponse/INFO]: Receive a package 0009(角色创建结果)
[16:36:22] [SendingModule/sendCreateCharacter/INFO]: package 0008(创建角色) send!
[16:36:22] [AioModule/Write/Completed/DEBUG]: Sent 26 bytes to session/192.168.1.104:8438
[16:36:22] [AioModule/Write/Completed/DEBUG]: Sent contents(26bytes): ff ff 00 00 00 1a 00 08 31 32 33 34 35 00 31 32 33 34 00 01 00 00 00 0b 05 34 
[16:36:23] [AioModule/Read/Completed/DEBUG]: Received 11 bytes from session/192.168.1.104:8438
[16:36:23] [AioModule/Read/Completed/DEBUG]: Received contents(11bytes): ff ff 00 00 00 0b 00 09 01 2a 8e 
[16:36:23] [ClientServer/ClientDecoder/INFO]: Receive a package 0009(角色创建结果)
[16:36:23] [ClientServer/ClientDecoder/INFO]: package 0009: true
[16:36:23] [ClientServer/LoginBox/onCreatResponse/INFO]: Receive a package 0009(角色创建结果)
[16:36:24] [AioModule/Read/Completed/DEBUG]: Received 25 bytes from session/192.168.1.104:8438
[16:36:24] [AioModule/Read/Completed/DEBUG]: Received contents(25bytes): ff ff 00 00 00 19 00 06 00 00 00 0d 31 32 33 34 00 01 01 00 00 00 0b 04 c5 
[16:36:24] [ClientServer/ClientDecoder/INFO]: Receive a package 0006(角色预加载)
[16:36:24] [ClientServer/ClientDecoder/INFO]: package 0006: /id: 13/name: 1234/level: 1/gender: 1
[16:36:24] [ClientSever/LoginBox/addCharacter/INFO]: Receive a package 0006(角色预加载)
[16:36:28] [AioModule/Write/Completed/DEBUG]: Sent 14 bytes to session/192.168.1.104:8438
[16:36:28] [SendingModule/sendCharacter/INFO]: package 0007(角色选择) send!
[16:36:28] [AioModule/Write/Completed/DEBUG]: Sent contents(14bytes): ff ff 00 00 00 0e 00 07 00 00 00 0d a0 72 
[16:36:28] [ClientServer/ClientMain/KERNEL]: 5.登陆结束
[16:36:28] [ClientServer/ClientMain/KERNEL]: 6.开始游戏，启动gameBox
[16:36:29] [AioModule/Read/Completed/DEBUG]: Received 81 bytes from session/192.168.1.104:8438
[16:36:29] [AioModule/Read/Completed/DEBUG]: Received contents(81bytes): ff ff 00 00 00 51 00 0a 00 00 00 0d 31 32 33 34 00 74 68 69 73 20 69 73 20 61 20 70 6c 61 6e 65 00 01 01 00 00 00 64 00 00 00 64 00 00 00 64 00 00 00 64 00 00 00 14 00 00 00 14 00 00 00 01 00 00 00 c8 00 00 00 c8 00 00 00 c8 00 00 00 0b 04 07 
[16:36:29] [ClientServer/ClientDecoder/INFO]: Receive a package 000A(游戏中所有玩家信息)
[16:36:29] [ClientServer/ClientDecoder/INFO]: package 000A: /id: 13/name: 1234/level: 1/gender: 1/posX: 200/posY: 200
[16:36:29] [ClientServer/GameBox/addCharacter/DEBUG]: Receive a package 000A(游戏中所有玩家信息)
[16:36:29] [ClientServer/GameBox/addCharacter/DEBUG]: 000A:加入一个主角玩家:1234
[16:36:29] [AioModule/Read/Completed/DEBUG]: Received 14 bytes from session/192.168.1.104:8438
[16:36:29] [AioModule/Read/Completed/DEBUG]: Received contents(14bytes): ff ff 00 00 00 0e 00 19 00 00 00 00 15 8c 
[16:36:29] [ClientServer/ClientDecoder/INFO]: Receive a package 0019(背包信息)
[16:36:29] [AioModule/Read/Completed/WARNING]: java.nio.BufferUnderflowException
[16:36:29] [AioModule/Read/Completed/DEBUG]: Received 14 bytes from session/192.168.1.104:8438
[16:36:29] [AioModule/Read/Completed/DEBUG]: Received contents(14bytes): ff ff 00 00 00 0e 00 1b 00 00 00 00 72 5c 
[16:36:29] [AioModule/Read/Completed/WARNING]: java.nio.BufferUnderflowException
[16:36:29] [AioModule/Read/Completed/DEBUG]: Received 38 bytes from session/192.168.1.104:8438
[16:36:29] [AioModule/Read/Completed/DEBUG]: Received contents(38bytes): ff ff 00 00 00 26 00 1a 00 00 00 02 00 00 00 00 3b 9a ca 01 00 00 00 01 00 00 00 01 3b 9a ca 02 00 00 00 01 75 ab 
[16:36:29] [ClientServer/ClientDecoder/INFO]: Receive a package 001A(技能信息)
[16:36:29] [AioModule/Read/Completed/WARNING]: java.nio.BufferUnderflowException
[16:36:29] [ClientServer/GameBox/startGame/KERNEL]: 接收主角详细信息(000A):关闭加载窗口,开始游戏!
[16:36:46] [Client/GameBox/updateTarget/INFO]: receive Package 000C(角色目标)
[16:36:46] [Client/GameBox/updateTarget/INFO]: targetX: 128/targetY -47
[16:36:46] [SendingModule/sendTargetPos/DEBUG]: package 000B(角色移动意图) send!
[16:36:46] [AioModule/Write/Completed/DEBUG]: Sent 30 bytes to session/192.168.1.104:8438
[16:36:46] [SendingModule/sendTargetPos/DEBUG]: targetX: 128/targetY: -47
[16:36:46] [AioModule/Write/Completed/DEBUG]: Sent contents(30bytes): ff ff 00 00 00 1e 00 0b 00 00 00 0d 00 00 00 80 ff ff ff d1 00 00 01 4d f1 36 bd c4 65 b4 
[16:36:46] [AioModule/Read/Completed/DEBUG]: Received 30 bytes from session/192.168.1.104:8438
[16:36:46] [AioModule/Read/Completed/DEBUG]: Received contents(30bytes): ff ff 00 00 00 1e 00 0c 00 00 00 0d 00 00 00 0d 00 00 00 80 00 00 01 4d f1 37 b0 37 18 72 
[16:36:46] [ClientServer/ClientDecoder/INFO]: Receive a package 000C(所有玩家目标坐标更新)
[16:36:46] [ClientServer/ClientDecoder/INFO]: package 000C: /id: 13/posX: 13/posY: 128
[16:36:46] [Client/GameBox/updateTarget/INFO]: receive Package 000C(角色目标)
[16:36:46] [Client/GameBox/updateTarget/INFO]: targetX: 13/targetY 128
[16:36:59] [Client/GameBox/updateTarget/INFO]: receive Package 000C(角色目标)
[16:36:59] [Client/GameBox/updateTarget/INFO]: targetX: 88/targetY 45
[16:36:59] [SendingModule/sendTargetPos/DEBUG]: package 000B(角色移动意图) send!
[16:36:59] [AioModule/Write/Completed/DEBUG]: Sent 30 bytes to session/192.168.1.104:8438
[16:36:59] [SendingModule/sendTargetPos/DEBUG]: targetX: 88/targetY: 45
[16:36:59] [AioModule/Write/Completed/DEBUG]: Sent contents(30bytes): ff ff 00 00 00 1e 00 0b 00 00 00 0d 00 00 00 58 00 00 00 2d 00 00 01 4d f1 36 f2 c0 4e 18 
[16:36:59] [AioModule/Read/Completed/DEBUG]: Received 30 bytes from session/192.168.1.104:8438
[16:36:59] [AioModule/Read/Completed/DEBUG]: Received contents(30bytes): ff ff 00 00 00 1e 00 0c 00 00 00 0d 00 00 00 0d 00 00 00 58 00 00 01 4d f1 37 e5 26 82 19 
[16:36:59] [ClientServer/ClientDecoder/INFO]: Receive a package 000C(所有玩家目标坐标更新)
[16:36:59] [ClientServer/ClientDecoder/INFO]: package 000C: /id: 13/posX: 13/posY: 88
[16:36:59] [Client/GameBox/updateTarget/INFO]: receive Package 000C(角色目标)
[16:36:59] [Client/GameBox/updateTarget/INFO]: targetX: 13/targetY 88
[16:37:01] [Client/GameBox/updateTarget/INFO]: receive Package 000C(角色目标)
[16:37:01] [Client/GameBox/updateTarget/INFO]: targetX: 88/targetY 5
[16:37:01] [SendingModule/sendTargetPos/DEBUG]: package 000B(角色移动意图) send!
[16:37:01] [SendingModule/sendTargetPos/DEBUG]: targetX: 88/targetY: 5
[16:37:01] [AioModule/Write/Completed/DEBUG]: Sent 30 bytes to session/192.168.1.104:8438
[16:37:01] [AioModule/Write/Completed/DEBUG]: Sent contents(30bytes): ff ff 00 00 00 1e 00 0b 00 00 00 0d 00 00 00 58 00 00 00 05 00 00 01 4d f1 36 fa d3 b7 36 
[16:37:03] [Client/GameBox/updateTarget/INFO]: receive Package 000C(角色目标)
[16:37:03] [Client/GameBox/updateTarget/INFO]: targetX: 17/targetY 187
[16:37:03] [SendingModule/sendTargetPos/DEBUG]: package 000B(角色移动意图) send!
[16:37:03] [AioModule/Write/Completed/DEBUG]: Sent 30 bytes to session/192.168.1.104:8438
[16:37:03] [SendingModule/sendTargetPos/DEBUG]: targetX: 17/targetY: 187
[16:37:03] [AioModule/Write/Completed/DEBUG]: Sent contents(30bytes): ff ff 00 00 00 1e 00 0b 00 00 00 0d 00 00 00 11 00 00 00 bb 00 00 01 4d f1 37 00 1a a3 8d 
[16:37:06] [Client/GameBox/updateTarget/INFO]: receive Package 000C(角色目标)
[16:37:06] [Client/GameBox/updateTarget/INFO]: targetX: -89/targetY 66
[16:37:06] [SendingModule/sendTargetPos/DEBUG]: package 000B(角色移动意图) send!
[16:37:06] [SendingModule/sendTargetPos/DEBUG]: targetX: -89/targetY: 66
[16:37:06] [AioModule/Write/Completed/DEBUG]: Sent 30 bytes to session/192.168.1.104:8438
[16:37:06] [AioModule/Write/Completed/DEBUG]: Sent contents(30bytes): ff ff 00 00 00 1e 00 0b 00 00 00 0d ff ff ff a7 00 00 00 42 00 00 01 4d f1 37 0b 9f 53 bd 
[16:37:07] [Client/GameBox/updateTarget/INFO]: receive Package 000C(角色目标)
[16:37:07] [Client/GameBox/updateTarget/INFO]: targetX: 194/targetY 35
[16:37:07] [SendingModule/sendTargetPos/DEBUG]: package 000B(角色移动意图) send!
[16:37:07] [AioModule/Write/Completed/DEBUG]: Sent 30 bytes to session/192.168.1.104:8438
[16:37:07] [SendingModule/sendTargetPos/DEBUG]: targetX: 194/targetY: 35
[16:37:07] [AioModule/Write/Completed/DEBUG]: Sent contents(30bytes): ff ff 00 00 00 1e 00 0b 00 00 00 0d 00 00 00 c2 00 00 00 23 00 00 01 4d f1 37 10 2b 2f 00 
[16:37:11] [Client/GameBox/updateTarget/INFO]: receive Package 000C(角色目标)
[16:37:11] [Client/GameBox/updateTarget/INFO]: targetX: 22/targetY 270
[16:37:11] [SendingModule/sendTargetPos/DEBUG]: package 000B(角色移动意图) send!
[16:37:11] [AioModule/Write/Completed/DEBUG]: Sent 30 bytes to session/192.168.1.104:8438
[16:37:11] [SendingModule/sendTargetPos/DEBUG]: targetX: 22/targetY: 270
[16:37:11] [AioModule/Write/Completed/DEBUG]: Sent contents(30bytes): ff ff 00 00 00 1e 00 0b 00 00 00 0d 00 00 00 16 00 00 01 0e 00 00 01 4d f1 37 20 62 12 20 
[16:37:14] [Client/GameBox/updateTarget/INFO]: receive Package 000C(角色目标)
[16:37:14] [Client/GameBox/updateTarget/INFO]: targetX: 4/targetY 348
[16:37:14] [SendingModule/sendTargetPos/DEBUG]: package 000B(角色移动意图) send!
[16:37:14] [SendingModule/sendTargetPos/DEBUG]: targetX: 4/targetY: 348
[16:37:14] [AioModule/Write/Completed/DEBUG]: Sent 30 bytes to session/192.168.1.104:8438
[16:37:14] [AioModule/Write/Completed/DEBUG]: Sent contents(30bytes): ff ff 00 00 00 1e 00 0b 00 00 00 0d 00 00 00 04 00 00 01 5c 00 00 01 4d f1 37 2d b1 aa 76 
[16:37:17] [Client/GameBox/updateTarget/INFO]: receive Package 000C(角色目标)
[16:37:17] [Client/GameBox/updateTarget/INFO]: targetX: -2/targetY 631
[16:37:17] [SendingModule/sendTargetPos/DEBUG]: package 000B(角色移动意图) send!
[16:37:17] [SendingModule/sendTargetPos/DEBUG]: targetX: -2/targetY: 631
[16:37:17] [AioModule/Write/Completed/DEBUG]: Sent 30 bytes to session/192.168.1.104:8438
[16:37:17] [AioModule/Write/Completed/DEBUG]: Sent contents(30bytes): ff ff 00 00 00 1e 00 0b 00 00 00 0d ff ff ff fe 00 00 02 77 00 00 01 4d f1 37 37 9a 1f 69 
[16:37:20] [Client/GameBox/updateTarget/INFO]: receive Package 000C(角色目标)
[16:37:20] [Client/GameBox/updateTarget/INFO]: targetX: -8/targetY 914
[16:37:20] [SendingModule/sendTargetPos/DEBUG]: package 000B(角色移动意图) send!
[16:37:20] [AioModule/Write/Completed/DEBUG]: Sent 30 bytes to session/192.168.1.104:8438
[16:37:20] [SendingModule/sendTargetPos/DEBUG]: targetX: -8/targetY: 914
[16:37:20] [AioModule/Write/Completed/DEBUG]: Sent contents(30bytes): ff ff 00 00 00 1e 00 0b 00 00 00 0d ff ff ff f8 00 00 03 92 00 00 01 4d f1 37 42 0f 56 be 
[16:37:22] [Client/GameBox/updateTarget/INFO]: receive Package 000C(角色目标)
[16:37:22] [Client/GameBox/updateTarget/INFO]: targetX: -14/targetY 1197
[16:37:22] [SendingModule/sendTargetPos/DEBUG]: package 000B(角色移动意图) send!
[16:37:22] [AioModule/Write/Completed/DEBUG]: Sent 30 bytes to session/192.168.1.104:8438
[16:37:22] [SendingModule/sendTargetPos/DEBUG]: targetX: -14/targetY: 1197
[16:37:22] [AioModule/Write/Completed/DEBUG]: Sent contents(30bytes): ff ff 00 00 00 1e 00 0b 00 00 00 0d ff ff ff f2 00 00 04 ad 00 00 01 4d f1 37 4a 6b 89 67 
[16:38:53] [Client/GameBox/updateTarget/INFO]: receive Package 000C(角色目标)
[16:38:53] [Client/GameBox/updateTarget/INFO]: targetX: 184/targetY 1212
[16:38:53] [SendingModule/sendTargetPos/DEBUG]: package 000B(角色移动意图) send!
[16:38:53] [SendingModule/sendTargetPos/DEBUG]: targetX: 184/targetY: 1212
[16:38:53] [AioModule/Write/Completed/DEBUG]: Sent 30 bytes to session/192.168.1.104:8438
[16:38:53] [AioModule/Write/Completed/DEBUG]: Sent contents(30bytes): ff ff 00 00 00 1e 00 0b 00 00 00 0d 00 00 00 b8 00 00 04 bc 00 00 01 4d f1 38 ad 7a 16 04 
[16:38:54] [Client/GameBox/updateTarget/INFO]: receive Package 000C(角色目标)
[16:38:54] [Client/GameBox/updateTarget/INFO]: targetX: -420/targetY 1180
[16:38:54] [SendingModule/sendTargetPos/DEBUG]: package 000B(角色移动意图) send!
[16:38:54] [AioModule/Write/Completed/DEBUG]: Sent 30 bytes to session/192.168.1.104:8438
[16:38:54] [SendingModule/sendTargetPos/DEBUG]: targetX: -420/targetY: 1180
[16:38:54] [AioModule/Write/Completed/DEBUG]: Sent contents(30bytes): ff ff 00 00 00 1e 00 0b 00 00 00 0d ff ff fe 5c 00 00 04 9c 00 00 01 4d f1 38 b4 49 a2 86 
[16:38:55] [Client/GameBox/updateTarget/INFO]: receive Package 000C(角色目标)
[16:38:55] [Client/GameBox/updateTarget/INFO]: targetX: -156/targetY 924
[16:38:55] [SendingModule/sendTargetPos/DEBUG]: package 000B(角色移动意图) send!
[16:38:55] [AioModule/Write/Completed/DEBUG]: Sent 30 bytes to session/192.168.1.104:8438
[16:38:55] [SendingModule/sendTargetPos/DEBUG]: targetX: -156/targetY: 924
[16:38:55] [AioModule/Write/Completed/DEBUG]: Sent contents(30bytes): ff ff 00 00 00 1e 00 0b 00 00 00 0d ff ff ff 64 00 00 03 9c 00 00 01 4d f1 38 b7 b9 96 8b 
[16:38:56] [Client/GameBox/updateTarget/INFO]: receive Package 000C(角色目标)
[16:38:56] [Client/GameBox/updateTarget/INFO]: targetX: 210/targetY 641
[16:38:56] [SendingModule/sendTargetPos/DEBUG]: package 000B(角色移动意图) send!
[16:38:56] [AioModule/Write/Completed/DEBUG]: Sent 30 bytes to session/192.168.1.104:8438
[16:38:56] [SendingModule/sendTargetPos/DEBUG]: targetX: 210/targetY: 641
[16:38:56] [AioModule/Write/Completed/DEBUG]: Sent contents(30bytes): ff ff 00 00 00 1e 00 0b 00 00 00 0d 00 00 00 d2 00 00 02 81 00 00 01 4d f1 38 b9 39 4e 9b 
[16:38:56] [Client/GameBox/updateTarget/INFO]: receive Package 000C(角色目标)
[16:38:56] [Client/GameBox/updateTarget/INFO]: targetX: 464/targetY 645
[16:38:56] [SendingModule/sendTargetPos/DEBUG]: package 000B(角色移动意图) send!
[16:38:56] [AioModule/Write/Completed/DEBUG]: Sent 30 bytes to session/192.168.1.104:8438
[16:38:56] [SendingModule/sendTargetPos/DEBUG]: targetX: 464/targetY: 645
[16:38:56] [AioModule/Write/Completed/DEBUG]: Sent contents(30bytes): ff ff 00 00 00 1e 00 0b 00 00 00 0d 00 00 01 d0 00 00 02 85 00 00 01 4d f1 38 bb 03 09 db 
[16:38:56] [Client/GameBox/updateTarget/INFO]: receive Package 000C(角色目标)
[16:38:56] [Client/GameBox/updateTarget/INFO]: targetX: 1008/targetY 1407
[16:38:56] [SendingModule/sendTargetPos/DEBUG]: package 000B(角色移动意图) send!
[16:38:56] [AioModule/Write/Completed/DEBUG]: Sent 30 bytes to session/192.168.1.104:8438
[16:38:56] [SendingModule/sendTargetPos/DEBUG]: targetX: 1008/targetY: 1407
[16:38:56] [AioModule/Write/Completed/DEBUG]: Sent contents(30bytes): ff ff 00 00 00 1e 00 0b 00 00 00 0d 00 00 03 f0 00 00 05 7f 00 00 01 4d f1 38 bc 6c 78 ac 
[16:38:57] [Client/GameBox/updateTarget/INFO]: receive Package 000C(角色目标)
[16:38:57] [Client/GameBox/updateTarget/INFO]: targetX: 810/targetY 1614
[16:38:57] [SendingModule/sendTargetPos/DEBUG]: package 000B(角色移动意图) send!
[16:38:57] [AioModule/Write/Completed/DEBUG]: Sent 30 bytes to session/192.168.1.104:8438
[16:38:57] [SendingModule/sendTargetPos/DEBUG]: targetX: 810/targetY: 1614
[16:38:57] [AioModule/Write/Completed/DEBUG]: Sent contents(30bytes): ff ff 00 00 00 1e 00 0b 00 00 00 0d 00 00 03 2a 00 00 06 4e 00 00 01 4d f1 38 bf e7 57 35 
[16:38:57] [Client/GameBox/updateTarget/INFO]: receive Package 000C(角色目标)
[16:38:57] [Client/GameBox/updateTarget/INFO]: targetX: 833/targetY 1636
[16:38:57] [SendingModule/sendTargetPos/DEBUG]: package 000B(角色移动意图) send!
[16:38:57] [AioModule/Write/Completed/DEBUG]: Sent 30 bytes to session/192.168.1.104:8438
[16:38:57] [SendingModule/sendTargetPos/DEBUG]: targetX: 833/targetY: 1636
[16:38:57] [AioModule/Write/Completed/DEBUG]: Sent contents(30bytes): ff ff 00 00 00 1e 00 0b 00 00 00 0d 00 00 03 41 00 00 06 64 00 00 01 4d f1 38 c0 7c 79 3e 
[16:38:58] [Client/GameBox/updateTarget/INFO]: receive Package 000C(角色目标)
[16:38:58] [Client/GameBox/updateTarget/INFO]: targetX: 853/targetY 1655
[16:38:58] [SendingModule/sendTargetPos/DEBUG]: package 000B(角色移动意图) send!
[16:38:58] [AioModule/Write/Completed/DEBUG]: Sent 30 bytes to session/192.168.1.104:8438
[16:38:58] [SendingModule/sendTargetPos/DEBUG]: targetX: 853/targetY: 1655
[16:38:58] [AioModule/Write/Completed/DEBUG]: Sent contents(30bytes): ff ff 00 00 00 1e 00 0b 00 00 00 0d 00 00 03 55 00 00 06 77 00 00 01 4d f1 38 c1 03 2d cf 
[16:38:58] [Client/GameBox/updateTarget/INFO]: receive Package 000C(角色目标)
[16:38:58] [Client/GameBox/updateTarget/INFO]: targetX: 874/targetY 1674
[16:38:58] [SendingModule/sendTargetPos/DEBUG]: package 000B(角色移动意图) send!
[16:38:58] [AioModule/Write/Completed/DEBUG]: Sent 30 bytes to session/192.168.1.104:8438
[16:38:58] [SendingModule/sendTargetPos/DEBUG]: targetX: 874/targetY: 1674
[16:38:58] [AioModule/Write/Completed/DEBUG]: Sent contents(30bytes): ff ff 00 00 00 1e 00 0b 00 00 00 0d 00 00 03 6a 00 00 06 8a 00 00 01 4d f1 38 c1 91 7a 10 
[16:38:58] [Client/GameBox/updateTarget/INFO]: receive Package 000C(角色目标)
[16:38:58] [Client/GameBox/updateTarget/INFO]: targetX: 895/targetY 1693
[16:38:58] [SendingModule/sendTargetPos/DEBUG]: package 000B(角色移动意图) send!
[16:38:58] [SendingModule/sendTargetPos/DEBUG]: targetX: 895/targetY: 1693
[16:38:58] [AioModule/Write/Completed/DEBUG]: Sent 30 bytes to session/192.168.1.104:8438
[16:38:58] [AioModule/Write/Completed/DEBUG]: Sent contents(30bytes): ff ff 00 00 00 1e 00 0b 00 00 00 0d 00 00 03 7f 00 00 06 9d 00 00 01 4d f1 38 c2 22 00 5c 
[16:38:58] [Client/GameBox/updateTarget/INFO]: receive Package 000C(角色目标)
[16:38:58] [Client/GameBox/updateTarget/INFO]: targetX: 912/targetY 1709
[16:38:58] [SendingModule/sendTargetPos/DEBUG]: package 000B(角色移动意图) send!
[16:38:58] [AioModule/Write/Completed/DEBUG]: Sent 30 bytes to session/192.168.1.104:8438
[16:38:58] [SendingModule/sendTargetPos/DEBUG]: targetX: 912/targetY: 1709
[16:38:58] [AioModule/Write/Completed/DEBUG]: Sent contents(30bytes): ff ff 00 00 00 1e 00 0b 00 00 00 0d 00 00 03 90 00 00 06 ad 00 00 01 4d f1 38 c2 a1 2a 9e 
[16:39:04] [Client/GameBox/updateTarget/INFO]: receive Package 000C(角色目标)
[16:39:04] [Client/GameBox/updateTarget/INFO]: targetX: 1476/targetY 2248
[16:39:04] [SendingModule/sendTargetPos/DEBUG]: package 000B(角色移动意图) send!
[16:39:04] [AioModule/Write/Completed/DEBUG]: Sent 30 bytes to session/192.168.1.104:8438
[16:39:04] [SendingModule/sendTargetPos/DEBUG]: targetX: 1476/targetY: 2248
[16:39:04] [AioModule/Write/Completed/DEBUG]: Sent contents(30bytes): ff ff 00 00 00 1e 00 0b 00 00 00 0d 00 00 05 c4 00 00 08 c8 00 00 01 4d f1 38 d9 69 a9 34 
[16:39:04] [Client/GameBox/updateTarget/INFO]: receive Package 000C(角色目标)
[16:39:04] [Client/GameBox/updateTarget/INFO]: targetX: 1496/targetY 2267
[16:39:04] [SendingModule/sendTargetPos/DEBUG]: package 000B(角色移动意图) send!
[16:39:04] [AioModule/Write/Completed/DEBUG]: Sent 30 bytes to session/192.168.1.104:8438
[16:39:04] [SendingModule/sendTargetPos/DEBUG]: targetX: 1496/targetY: 2267
[16:39:04] [AioModule/Write/Completed/DEBUG]: Sent contents(30bytes): ff ff 00 00 00 1e 00 0b 00 00 00 0d 00 00 05 d8 00 00 08 db 00 00 01 4d f1 38 d9 f2 5d ab 
[16:39:04] [Client/GameBox/updateTarget/INFO]: receive Package 000C(角色目标)
[16:39:04] [Client/GameBox/updateTarget/INFO]: targetX: 1513/targetY 2283
[16:39:04] [SendingModule/sendTargetPos/DEBUG]: package 000B(角色移动意图) send!
[16:39:04] [AioModule/Write/Completed/DEBUG]: Sent 30 bytes to session/192.168.1.104:8438
[16:39:04] [SendingModule/sendTargetPos/DEBUG]: targetX: 1513/targetY: 2283
[16:39:04] [AioModule/Write/Completed/DEBUG]: Sent contents(30bytes): ff ff 00 00 00 1e 00 0b 00 00 00 0d 00 00 05 e9 00 00 08 eb 00 00 01 4d f1 38 da 72 69 a0 
[16:39:04] [Client/GameBox/updateTarget/INFO]: receive Package 000C(角色目标)
[16:39:04] [Client/GameBox/updateTarget/INFO]: targetX: 1533/targetY 2303
[16:39:04] [SendingModule/sendTargetPos/DEBUG]: package 000B(角色移动意图) send!
[16:39:04] [AioModule/Write/Completed/DEBUG]: Sent 30 bytes to session/192.168.1.104:8438
[16:39:04] [SendingModule/sendTargetPos/DEBUG]: targetX: 1533/targetY: 2303
[16:39:04] [AioModule/Write/Completed/DEBUG]: Sent contents(30bytes): ff ff 00 00 00 1e 00 0b 00 00 00 0d 00 00 05 fd 00 00 08 ff 00 00 01 4d f1 38 da f2 b2 72 
[16:39:04] [Client/GameBox/updateTarget/INFO]: receive Package 000C(角色目标)
[16:39:04] [Client/GameBox/updateTarget/INFO]: targetX: 1554/targetY 2322
[16:39:04] [SendingModule/sendTargetPos/DEBUG]: package 000B(角色移动意图) send!
[16:39:04] [AioModule/Write/Completed/DEBUG]: Sent 30 bytes to session/192.168.1.104:8438
[16:39:04] [SendingModule/sendTargetPos/DEBUG]: targetX: 1554/targetY: 2322
[16:39:04] [AioModule/Write/Completed/DEBUG]: Sent contents(30bytes): ff ff 00 00 00 1e 00 0b 00 00 00 0d 00 00 06 12 00 00 09 12 00 00 01 4d f1 38 db 89 7b 7d 
[16:39:04] [Client/GameBox/updateTarget/INFO]: receive Package 000C(角色目标)
[16:39:04] [Client/GameBox/updateTarget/INFO]: targetX: 1574/targetY 2341
[16:39:04] [SendingModule/sendTargetPos/DEBUG]: package 000B(角色移动意图) send!
[16:39:04] [SendingModule/sendTargetPos/DEBUG]: targetX: 1574/targetY: 2341
[16:39:04] [AioModule/Write/Completed/DEBUG]: Sent 30 bytes to session/192.168.1.104:8438
[16:39:04] [AioModule/Write/Completed/DEBUG]: Sent contents(30bytes): ff ff 00 00 00 1e 00 0b 00 00 00 0d 00 00 06 26 00 00 09 25 00 00 01 4d f1 38 dc 19 31 17 
[16:39:05] [Client/GameBox/updateTarget/INFO]: receive Package 000C(角色目标)
[16:39:05] [Client/GameBox/updateTarget/INFO]: targetX: 1597/targetY 2364
[16:39:05] [SendingModule/sendTargetPos/DEBUG]: package 000B(角色移动意图) send!
[16:39:05] [AioModule/Write/Completed/DEBUG]: Sent 30 bytes to session/192.168.1.104:8438
[16:39:05] [SendingModule/sendTargetPos/DEBUG]: targetX: 1597/targetY: 2364
[16:39:05] [AioModule/Write/Completed/DEBUG]: Sent contents(30bytes): ff ff 00 00 00 1e 00 0b 00 00 00 0d 00 00 06 3d 00 00 09 3c 00 00 01 4d f1 38 dc b1 23 96 
[16:39:05] [Client/GameBox/updateTarget/INFO]: receive Package 000C(角色目标)
[16:39:05] [Client/GameBox/updateTarget/INFO]: targetX: 1617/targetY 2383
[16:39:05] [SendingModule/sendTargetPos/DEBUG]: package 000B(角色移动意图) send!
[16:39:05] [AioModule/Write/Completed/DEBUG]: Sent 30 bytes to session/192.168.1.104:8438
[16:39:05] [SendingModule/sendTargetPos/DEBUG]: targetX: 1617/targetY: 2383
[16:39:05] [AioModule/Write/Completed/DEBUG]: Sent contents(30bytes): ff ff 00 00 00 1e 00 0b 00 00 00 0d 00 00 06 51 00 00 09 4f 00 00 01 4d f1 38 dd 49 9c 0d 
[16:39:05] [Client/GameBox/updateTarget/INFO]: receive Package 000C(角色目标)
[16:39:05] [Client/GameBox/updateTarget/INFO]: targetX: 1640/targetY 2405
[16:39:05] [SendingModule/sendTargetPos/DEBUG]: package 000B(角色移动意图) send!
[16:39:05] [SendingModule/sendTargetPos/DEBUG]: targetX: 1640/targetY: 2405
[16:39:05] [AioModule/Write/Completed/DEBUG]: Sent 30 bytes to session/192.168.1.104:8438
[16:39:05] [AioModule/Write/Completed/DEBUG]: Sent contents(30bytes): ff ff 00 00 00 1e 00 0b 00 00 00 0d 00 00 06 68 00 00 09 65 00 00 01 4d f1 38 dd e9 bd 05 
[16:39:05] [Client/GameBox/updateTarget/INFO]: receive Package 000C(角色目标)
[16:39:05] [Client/GameBox/updateTarget/INFO]: targetX: 1663/targetY 2427
[16:39:05] [SendingModule/sendTargetPos/DEBUG]: package 000B(角色移动意图) send!
[16:39:05] [AioModule/Write/Completed/DEBUG]: Sent 30 bytes to session/192.168.1.104:8438
[16:39:05] [SendingModule/sendTargetPos/DEBUG]: targetX: 1663/targetY: 2427
[16:39:05] [AioModule/Write/Completed/DEBUG]: Sent contents(30bytes): ff ff 00 00 00 1e 00 0b 00 00 00 0d 00 00 06 7f 00 00 09 7b 00 00 01 4d f1 38 de 81 1b 3c 
[16:39:05] [Client/GameBox/updateTarget/INFO]: receive Package 000C(角色目标)
[16:39:05] [Client/GameBox/updateTarget/INFO]: targetX: 1687/targetY 2449
[16:39:05] [SendingModule/sendTargetPos/DEBUG]: package 000B(角色移动意图) send!
[16:39:05] [AioModule/Write/Completed/DEBUG]: Sent 30 bytes to session/192.168.1.104:8438
[16:39:05] [SendingModule/sendTargetPos/DEBUG]: targetX: 1687/targetY: 2449
[16:39:05] [AioModule/Write/Completed/DEBUG]: Sent contents(30bytes): ff ff 00 00 00 1e 00 0b 00 00 00 0d 00 00 06 97 00 00 09 91 00 00 01 4d f1 38 df 30 31 b9 
[16:39:05] [Client/GameBox/updateTarget/INFO]: receive Package 000C(角色目标)
[16:39:05] [Client/GameBox/updateTarget/INFO]: targetX: 1710/targetY 2471
[16:39:05] [SendingModule/sendTargetPos/DEBUG]: package 000B(角色移动意图) send!
[16:39:05] [AioModule/Write/Completed/DEBUG]: Sent 30 bytes to session/192.168.1.104:8438
[16:39:05] [SendingModule/sendTargetPos/DEBUG]: targetX: 1710/targetY: 2471
[16:39:05] [AioModule/Write/Completed/DEBUG]: Sent contents(30bytes): ff ff 00 00 00 1e 00 0b 00 00 00 0d 00 00 06 ae 00 00 09 a7 00 00 01 4d f1 38 df c4 52 a5 
[16:39:06] [Client/GameBox/updateTarget/INFO]: receive Package 000C(角色目标)
[16:39:06] [Client/GameBox/updateTarget/INFO]: targetX: 1730/targetY 2491
[16:39:06] [SendingModule/sendTargetPos/DEBUG]: package 000B(角色移动意图) send!
[16:39:06] [AioModule/Write/Completed/DEBUG]: Sent 30 bytes to session/192.168.1.104:8438
[16:39:06] [SendingModule/sendTargetPos/DEBUG]: targetX: 1730/targetY: 2491
[16:39:06] [AioModule/Write/Completed/DEBUG]: Sent contents(30bytes): ff ff 00 00 00 1e 00 0b 00 00 00 0d 00 00 06 c2 00 00 09 bb 00 00 01 4d f1 38 e0 5f 9c ae 
[16:39:06] [Client/GameBox/updateTarget/INFO]: receive Package 000C(角色目标)
[16:39:06] [Client/GameBox/updateTarget/INFO]: targetX: 1750/targetY 2510
[16:39:06] [SendingModule/sendTargetPos/DEBUG]: package 000B(角色移动意图) send!
[16:39:06] [AioModule/Write/Completed/DEBUG]: Sent 30 bytes to session/192.168.1.104:8438
[16:39:06] [SendingModule/sendTargetPos/DEBUG]: targetX: 1750/targetY: 2510
[16:39:06] [AioModule/Write/Completed/DEBUG]: Sent contents(30bytes): ff ff 00 00 00 1e 00 0b 00 00 00 0d 00 00 06 d6 00 00 09 ce 00 00 01 4d f1 38 e0 e1 51 1e 
[16:39:06] [Client/GameBox/updateTarget/INFO]: receive Package 000C(角色目标)
[16:39:06] [Client/GameBox/updateTarget/INFO]: targetX: 1770/targetY 2529
[16:39:06] [SendingModule/sendTargetPos/DEBUG]: package 000B(角色移动意图) send!
[16:39:06] [AioModule/Write/Completed/DEBUG]: Sent 30 bytes to session/192.168.1.104:8438
[16:39:06] [SendingModule/sendTargetPos/DEBUG]: targetX: 1770/targetY: 2529
[16:39:06] [AioModule/Write/Completed/DEBUG]: Sent contents(30bytes): ff ff 00 00 00 1e 00 0b 00 00 00 0d 00 00 06 ea 00 00 09 e1 00 00 01 4d f1 38 e1 7b 06 c2 
[16:39:06] [Client/GameBox/updateTarget/INFO]: receive Package 000C(角色目标)
[16:39:06] [Client/GameBox/updateTarget/INFO]: targetX: 1794/targetY 2551
[16:39:06] [SendingModule/sendTargetPos/DEBUG]: package 000B(角色移动意图) send!
[16:39:06] [SendingModule/sendTargetPos/DEBUG]: targetX: 1794/targetY: 2551
[16:39:06] [AioModule/Write/Completed/DEBUG]: Sent 30 bytes to session/192.168.1.104:8438
[16:39:06] [AioModule/Write/Completed/DEBUG]: Sent contents(30bytes): ff ff 00 00 00 1e 00 0b 00 00 00 0d 00 00 07 02 00 00 09 f7 00 00 01 4d f1 38 e2 11 0e e1 
[16:39:06] [Client/GameBox/updateTarget/INFO]: receive Package 000C(角色目标)
[16:39:06] [Client/GameBox/updateTarget/INFO]: targetX: 1817/targetY 2574
[16:39:06] [SendingModule/sendTargetPos/DEBUG]: package 000B(角色移动意图) send!
[16:39:06] [SendingModule/sendTargetPos/DEBUG]: targetX: 1817/targetY: 2574
[16:39:06] [AioModule/Write/Completed/DEBUG]: Sent 30 bytes to session/192.168.1.104:8438
[16:39:06] [AioModule/Write/Completed/DEBUG]: Sent contents(30bytes): ff ff 00 00 00 1e 00 0b 00 00 00 0d 00 00 07 19 00 00 0a 0e 00 00 01 4d f1 38 e2 b1 2e bd 
[16:39:06] [Client/GameBox/updateTarget/INFO]: receive Package 000C(角色目标)
[16:39:06] [Client/GameBox/updateTarget/INFO]: targetX: 1840/targetY 2596
[16:39:06] [SendingModule/sendTargetPos/DEBUG]: package 000B(角色移动意图) send!
[16:39:06] [AioModule/Write/Completed/DEBUG]: Sent 30 bytes to session/192.168.1.104:8438
[16:39:06] [SendingModule/sendTargetPos/DEBUG]: targetX: 1840/targetY: 2596
[16:39:06] [AioModule/Write/Completed/DEBUG]: Sent contents(30bytes): ff ff 00 00 00 1e 00 0b 00 00 00 0d 00 00 07 30 00 00 0a 24 00 00 01 4d f1 38 e3 58 50 d8 
[16:39:07] [Client/GameBox/updateTarget/INFO]: receive Package 000C(角色目标)
[16:39:07] [Client/GameBox/updateTarget/INFO]: targetX: 1866/targetY 2621
[16:39:07] [SendingModule/sendTargetPos/DEBUG]: package 000B(角色移动意图) send!
[16:39:07] [SendingModule/sendTargetPos/DEBUG]: targetX: 1866/targetY: 2621
[16:39:07] [AioModule/Write/Completed/DEBUG]: Sent 30 bytes to session/192.168.1.104:8438
[16:39:07] [AioModule/Write/Completed/DEBUG]: Sent contents(30bytes): ff ff 00 00 00 1e 00 0b 00 00 00 0d 00 00 07 4a 00 00 0a 3d 00 00 01 4d f1 38 e4 08 1b 91 
[16:39:07] [Client/GameBox/updateTarget/INFO]: receive Package 000C(角色目标)
[16:39:07] [Client/GameBox/updateTarget/INFO]: targetX: 1892/targetY 2645
[16:39:07] [SendingModule/sendTargetPos/DEBUG]: package 000B(角色移动意图) send!
[16:39:07] [AioModule/Write/Completed/DEBUG]: Sent 30 bytes to session/192.168.1.104:8438
[16:39:07] [SendingModule/sendTargetPos/DEBUG]: targetX: 1892/targetY: 2645
[16:39:07] [AioModule/Write/Completed/DEBUG]: Sent contents(30bytes): ff ff 00 00 00 1e 00 0b 00 00 00 0d 00 00 07 64 00 00 0a 55 00 00 01 4d f1 38 e4 b8 14 9f 
[16:39:08] [Client/GameBox/updateTarget/INFO]: receive Package 000C(角色目标)
[16:39:08] [Client/GameBox/updateTarget/INFO]: targetX: 1038/targetY 2345
[16:39:08] [SendingModule/sendTargetPos/DEBUG]: package 000B(角色移动意图) send!
[16:39:08] [SendingModule/sendTargetPos/DEBUG]: targetX: 1038/targetY: 2345
[16:39:08] [AioModule/Write/Completed/DEBUG]: Sent 30 bytes to session/192.168.1.104:8438
[16:39:08] [AioModule/Write/Completed/DEBUG]: Sent contents(30bytes): ff ff 00 00 00 1e 00 0b 00 00 00 0d 00 00 04 0e 00 00 09 29 00 00 01 4d f1 38 e9 4c b0 3e 
[16:39:08] [Client/GameBox/updateTarget/INFO]: receive Package 000C(角色目标)
[16:39:08] [Client/GameBox/updateTarget/INFO]: targetX: 1009/targetY 2350
[16:39:08] [SendingModule/sendTargetPos/DEBUG]: package 000B(角色移动意图) send!
[16:39:08] [AioModule/Write/Completed/DEBUG]: Sent 30 bytes to session/192.168.1.104:8438
[16:39:08] [SendingModule/sendTargetPos/DEBUG]: targetX: 1009/targetY: 2350
[16:39:08] [AioModule/Write/Completed/DEBUG]: Sent contents(30bytes): ff ff 00 00 00 1e 00 0b 00 00 00 0d 00 00 03 f1 00 00 09 2e 00 00 01 4d f1 38 e9 e5 7c 33 
[16:39:08] [Client/GameBox/updateTarget/INFO]: receive Package 000C(角色目标)
[16:39:08] [Client/GameBox/updateTarget/INFO]: targetX: 950/targetY 2360
[16:39:08] [SendingModule/sendTargetPos/DEBUG]: package 000B(角色移动意图) send!
[16:39:08] [AioModule/Write/Completed/DEBUG]: Sent 30 bytes to session/192.168.1.104:8438
[16:39:08] [SendingModule/sendTargetPos/DEBUG]: targetX: 950/targetY: 2360
[16:39:08] [AioModule/Write/Completed/DEBUG]: Sent contents(30bytes): ff ff 00 00 00 1e 00 0b 00 00 00 0d 00 00 03 b6 00 00 09 38 00 00 01 4d f1 38 eb 17 71 6c 
[16:39:08] [Client/GameBox/updateTarget/INFO]: receive Package 000C(角色目标)
[16:39:08] [Client/GameBox/updateTarget/INFO]: targetX: 918/targetY 2366
[16:39:08] [SendingModule/sendTargetPos/DEBUG]: package 000B(角色移动意图) send!
[16:39:08] [AioModule/Write/Completed/DEBUG]: Sent 30 bytes to session/192.168.1.104:8438
[16:39:08] [SendingModule/sendTargetPos/DEBUG]: targetX: 918/targetY: 2366
[16:39:08] [AioModule/Write/Completed/DEBUG]: Sent contents(30bytes): ff ff 00 00 00 1e 00 0b 00 00 00 0d 00 00 03 96 00 00 09 3e 00 00 01 4d f1 38 eb b9 b3 4a 
[16:39:11] [Client/GameBox/updateTarget/INFO]: receive Package 000C(角色目标)
[16:39:11] [Client/GameBox/updateTarget/INFO]: targetX: 981/targetY 2476
[16:39:11] [SendingModule/sendTargetPos/DEBUG]: package 000B(角色移动意图) send!
[16:39:11] [AioModule/Write/Completed/DEBUG]: Sent 30 bytes to session/192.168.1.104:8438
[16:39:11] [SendingModule/sendTargetPos/DEBUG]: targetX: 981/targetY: 2476
[16:39:11] [AioModule/Write/Completed/DEBUG]: Sent contents(30bytes): ff ff 00 00 00 1e 00 0b 00 00 00 0d 00 00 03 d5 00 00 09 ac 00 00 01 4d f1 38 f7 3a 54 78 
[16:39:12] [Client/GameBox/updateTarget/INFO]: receive Package 000C(角色目标)
[16:39:12] [Client/GameBox/updateTarget/INFO]: targetX: 1018/targetY 2586
[16:39:12] [SendingModule/sendTargetPos/DEBUG]: package 000B(角色移动意图) send!
[16:39:12] [SendingModule/sendTargetPos/DEBUG]: targetX: 1018/targetY: 2586
[16:39:12] [AioModule/Write/Completed/DEBUG]: Sent 30 bytes to session/192.168.1.104:8438
[16:39:12] [AioModule/Write/Completed/DEBUG]: Sent contents(30bytes): ff ff 00 00 00 1e 00 0b 00 00 00 0d 00 00 03 fa 00 00 0a 1a 00 00 01 4d f1 38 f9 45 5a 36 
[16:39:13] [Client/GameBox/updateTarget/INFO]: receive Package 000C(角色目标)
[16:39:13] [Client/GameBox/updateTarget/INFO]: targetX: 1052/targetY 2711
[16:39:13] [SendingModule/sendTargetPos/DEBUG]: package 000B(角色移动意图) send!
[16:39:13] [AioModule/Write/Completed/DEBUG]: Sent 30 bytes to session/192.168.1.104:8438
[16:39:13] [SendingModule/sendTargetPos/DEBUG]: targetX: 1052/targetY: 2711
[16:39:13] [AioModule/Write/Completed/DEBUG]: Sent contents(30bytes): ff ff 00 00 00 1e 00 0b 00 00 00 0d 00 00 04 1c 00 00 0a 97 00 00 01 4d f1 38 fb aa 6a 69 
[16:39:13] [Client/GameBox/updateTarget/INFO]: receive Package 000C(角色目标)
[16:39:13] [Client/GameBox/updateTarget/INFO]: targetX: 1033/targetY 2843
[16:39:13] [SendingModule/sendTargetPos/DEBUG]: package 000B(角色移动意图) send!
[16:39:13] [AioModule/Write/Completed/DEBUG]: Sent 30 bytes to session/192.168.1.104:8438
[16:39:13] [SendingModule/sendTargetPos/DEBUG]: targetX: 1033/targetY: 2843
[16:39:13] [AioModule/Write/Completed/DEBUG]: Sent contents(30bytes): ff ff 00 00 00 1e 00 0b 00 00 00 0d 00 00 04 09 00 00 0b 1b 00 00 01 4d f1 38 fc fc b5 3c 
[16:39:13] [Client/GameBox/updateTarget/INFO]: receive Package 000C(角色目标)
[16:39:13] [Client/GameBox/updateTarget/INFO]: targetX: 1029/targetY 2946
[16:39:13] [SendingModule/sendTargetPos/DEBUG]: package 000B(角色移动意图) send!
[16:39:13] [SendingModule/sendTargetPos/DEBUG]: targetX: 1029/targetY: 2946
[16:39:13] [AioModule/Write/Completed/DEBUG]: Sent 30 bytes to session/192.168.1.104:8438
[16:39:13] [AioModule/Write/Completed/DEBUG]: Sent contents(30bytes): ff ff 00 00 00 1e 00 0b 00 00 00 0d 00 00 04 05 00 00 0b 82 00 00 01 4d f1 38 fe d1 48 70 
[16:43:06] [Client/GameBox/updateTarget/INFO]: receive Package 000C(角色目标)
[16:43:06] [Client/GameBox/updateTarget/INFO]: targetX: 752/targetY 2762
[16:43:06] [SendingModule/sendTargetPos/DEBUG]: package 000B(角色移动意图) send!
[16:43:06] [SendingModule/sendTargetPos/DEBUG]: targetX: 752/targetY: 2762
[16:43:06] [AioModule/Write/Completed/DEBUG]: Sent 30 bytes to session/192.168.1.104:8438
[16:43:06] [AioModule/Write/Completed/DEBUG]: Sent contents(30bytes): ff ff 00 00 00 1e 00 0b 00 00 00 0d 00 00 02 f0 00 00 0a ca 00 00 01 4d f1 3c 8b cb a4 0d 
[16:43:08] [ClientServer/ClientMain/KERNEL]: 7.游戏结束，退出主程序
[16:43:08] [SendingModule/sendLogout/INFO]: logout send!
[16:43:08] [AioModule/Write/Completed/DEBUG]: Sent 14 bytes to session/192.168.1.104:8438
[16:43:08] [AioModule/Write/Completed/DEBUG]: Sent contents(14bytes): ff ff 00 00 00 0e 00 13 00 00 00 00 84 c6 
