[17:35:30] [ClientServer/ClientMain/init/DEBUG]: address: baidu.com:80
[17:35:30] [ClientServer/ClientMain/init/DEBUG]: 图片加载成功
[17:35:30] [ClientServer/ClientMain/init/DEBUG]: GIF动画加载成功
[17:35:30] [ClientServer/ClientMain/init/DEBUG]: 物品预加载成功
[17:35:30] [ClientServer/ClientMain/init/DEBUG]: init over
[17:35:30] [ClientServer/ClientMain/KERNEL]: 0.开始建立网络连接…………
[17:35:30] [ClientServer/ClientMain/setUpConnection/DEBUG]: setUpConnection over
[17:35:30] [ClientServer/ClientMain/KERNEL]: 1.网络连接成功!
[17:35:30] [ClientServer/ClientMain/KERNEL]: 2.发送0000包，确认对方是否为服务器Gate端
[17:35:30] [SendingModule/send00Package/INFO]: send00Package over
[17:35:30] [ClientSever/LoginBox/serverState/INFO]: Receive a package 0001(回应连接请求)
[17:35:30] [AioModule/Write/Completed/DEBUG]: Sent 14 bytes to sessionbaidu.com/123.125.114.144:80
[17:35:30] [ClientSever/LoginBox/serverState/INFO]: package 0001: 1
[17:35:30] [ClientServer/ClientMain/KERNEL]: 3.收到0001包，确认对方为服务器Gate端
[17:35:30] [AioModule/Write/Completed/DEBUG]: Sent contents(14bytes): ff ff 00 00 00 0e 00 00 00 00 30 39 20 db 
[17:35:30] [ClientServer/ClientMain/KERNEL]: 4.初始化loginBox登陆界面
[17:35:30] [ClientServer/LoginBox/onLoginResponse/INFO]: Receive a package 0003(登陆反馈)
[17:35:30] [ClientServer/LoginBox/onLoginResponse/INFO]: package 0003: true
[17:35:31] [ClientSever/LoginBox/addCharacter/INFO]: Receive a package 0006(角色预加载)
[17:35:31] [ClientSever/LoginBox/addCharacter/INFO]: Receive a package 0006(角色预加载)
[17:35:31] [ClientServer/LoginBox/noMorePackage/INFO]: Receive a package 0006(角色预加载: 这是最后一个空包
[17:35:32] [SendingModule/sendCreateCharacter/INFO]: package 0008(创建角色) send!
[17:35:32] [AioModule/Write/Completed/DEBUG]: Sent 25 bytes to sessionbaidu.com/123.125.114.144:80
[17:35:32] [ClientServer/LoginBox/onCreatResponse/INFO]: Receive a package 0009(角色创建结果)
[17:35:32] [AioModule/Write/Completed/DEBUG]: Sent contents(25bytes): ff ff 00 00 00 19 00 08 6e 75 6c 6c 00 64 64 64 64 00 01 00 00 00 01 38 47 
[17:35:33] [ClientServer/GameBox/addCharacter/DEBUG]: Receive a package 000A(游戏中所有玩家信息)
[17:35:33] [ClientServer/GameBox/addCharacter/DEBUG]: 000A:加入一个非主角玩家:dddd
[17:35:33] [ClientServer/GameBox/addCharacter/DEBUG]: Receive a package 000A(游戏中所有玩家信息)
[17:35:33] [ClientServer/GameBox/addCharacter/DEBUG]: 000A:加入一个非主角玩家:dddd
[17:35:33] [ClientServer/GameBox/addCharacter/DEBUG]: Receive a package 000A(游戏中所有玩家信息)
[17:35:33] [ClientServer/GameBox/addCharacter/DEBUG]: 000A:加入一个主角玩家:dddd
[17:35:33] [ClientServer/ClientMain/KERNEL]: 5.登陆结束
[17:35:33] [ClientServer/ClientMain/KERNEL]: 6.开始游戏，启动gameBox
[17:35:33] [ClientServer/GameBox/startGame/KERNEL]: 接收主角详细信息(000A):关闭加载窗口,开始游戏!
[17:35:34] [Client/GameBox/updateTarget/INFO]: receive Package 000C(角色目标)
[17:35:34] [Client/GameBox/updateTarget/INFO]: targetX: 5000/targetY 2000
[17:35:34] [Client/GameBox/updateTarget/INFO]: receive Package 000C(角色目标)
[17:35:34] [Client/GameBox/updateTarget/INFO]: targetX: 1000/targetY 3000
[17:37:02] [Client/GameBox/updateTarget/INFO]: receive Package 000C(角色目标)
[17:37:02] [Client/GameBox/updateTarget/INFO]: targetX: 329/targetY 58
[17:37:02] [SendingModule/sendTargetPos/DEBUG]: package 000B(角色移动意图) send!
[17:37:02] [SendingModule/sendTargetPos/DEBUG]: targetX: 329/targetY: 58
[17:37:02] [AioModule/Write/Failed/WARNING]: Failed to send to sessionnull. java.nio.channels.ClosedChannelException
[17:37:04] [Client/GameBox/updateTarget/INFO]: receive Package 000C(角色目标)
[17:37:04] [Client/GameBox/updateTarget/INFO]: targetX: 635/targetY -296
[17:37:04] [SendingModule/sendTargetPos/DEBUG]: package 000B(角色移动意图) send!
[17:37:04] [SendingModule/sendTargetPos/DEBUG]: targetX: 635/targetY: -296
[17:37:05] [Client/GameBox/updateTarget/INFO]: receive Package 000C(角色目标)
[17:37:05] [Client/GameBox/updateTarget/INFO]: targetX: 949/targetY -111
[17:37:05] [SendingModule/sendTargetPos/DEBUG]: package 000B(角色移动意图) send!
[17:37:05] [SendingModule/sendTargetPos/DEBUG]: targetX: 949/targetY: -111
[17:37:06] [Client/GameBox/updateTarget/INFO]: receive Package 000C(角色目标)
[17:37:06] [Client/GameBox/updateTarget/INFO]: targetX: 888/targetY 95
[17:37:06] [SendingModule/sendTargetPos/DEBUG]: package 000B(角色移动意图) send!
[17:37:06] [SendingModule/sendTargetPos/DEBUG]: targetX: 888/targetY: 95
[17:37:07] [Client/GameBox/updateTarget/INFO]: receive Package 000C(角色目标)
[17:37:07] [Client/GameBox/updateTarget/INFO]: targetX: 1150/targetY 339
[17:37:07] [SendingModule/sendTargetPos/DEBUG]: package 000B(角色移动意图) send!
[17:37:07] [SendingModule/sendTargetPos/DEBUG]: targetX: 1150/targetY: 339
[17:37:09] [Client/GameBox/updateTarget/INFO]: receive Package 000C(角色目标)
[17:37:09] [Client/GameBox/updateTarget/INFO]: targetX: 1363/targetY 657
[17:37:09] [SendingModule/sendTargetPos/DEBUG]: package 000B(角色移动意图) send!
[17:37:09] [SendingModule/sendTargetPos/DEBUG]: targetX: 1363/targetY: 657
[17:37:40] [Client/GameBox/updateTarget/INFO]: receive Package 000C(角色目标)
[17:37:40] [Client/GameBox/updateTarget/INFO]: targetX: 1298/targetY 859
[17:37:40] [SendingModule/sendTargetPos/DEBUG]: package 000B(角色移动意图) send!
[17:37:40] [SendingModule/sendTargetPos/DEBUG]: targetX: 1298/targetY: 859
[17:37:42] [Client/GameBox/updateTarget/INFO]: receive Package 000C(角色目标)
[17:37:42] [Client/GameBox/updateTarget/INFO]: targetX: 1447/targetY 1183
[17:37:42] [SendingModule/sendTargetPos/DEBUG]: package 000B(角色移动意图) send!
[17:37:42] [SendingModule/sendTargetPos/DEBUG]: targetX: 1447/targetY: 1183
[17:37:43] [Client/GameBox/updateTarget/INFO]: receive Package 000C(角色目标)
[17:37:43] [Client/GameBox/updateTarget/INFO]: targetX: 811/targetY 837
[17:37:43] [SendingModule/sendTargetPos/DEBUG]: package 000B(角色移动意图) send!
[17:37:43] [SendingModule/sendTargetPos/DEBUG]: targetX: 811/targetY: 837
[17:37:44] [Client/GameBox/updateTarget/INFO]: receive Package 000C(角色目标)
[17:37:44] [Client/GameBox/updateTarget/INFO]: targetX: 680/targetY 528
[17:37:44] [SendingModule/sendTargetPos/DEBUG]: package 000B(角色移动意图) send!
[17:37:44] [SendingModule/sendTargetPos/DEBUG]: targetX: 680/targetY: 528
[17:37:45] [Client/GameBox/updateTarget/INFO]: receive Package 000C(角色目标)
[17:37:45] [Client/GameBox/updateTarget/INFO]: targetX: 313/targetY 708
[17:37:45] [SendingModule/sendTargetPos/DEBUG]: package 000B(角色移动意图) send!
[17:37:45] [SendingModule/sendTargetPos/DEBUG]: targetX: 313/targetY: 708
[17:37:46] [Client/GameBox/updateTarget/INFO]: receive Package 000C(角色目标)
[17:37:46] [Client/GameBox/updateTarget/INFO]: targetX: 171/targetY 807
[17:37:46] [SendingModule/sendTargetPos/DEBUG]: package 000B(角色移动意图) send!
[17:37:46] [SendingModule/sendTargetPos/DEBUG]: targetX: 171/targetY: 807
[17:37:47] [Client/GameBox/updateTarget/INFO]: receive Package 000C(角色目标)
[17:37:47] [Client/GameBox/updateTarget/INFO]: targetX: -68/targetY 821
[17:37:47] [SendingModule/sendTargetPos/DEBUG]: package 000B(角色移动意图) send!
[17:37:47] [SendingModule/sendTargetPos/DEBUG]: targetX: -68/targetY: 821
[17:37:48] [Client/GameBox/updateTarget/INFO]: receive Package 000C(角色目标)
[17:37:48] [Client/GameBox/updateTarget/INFO]: targetX: -256/targetY 418
[17:37:48] [SendingModule/sendTargetPos/DEBUG]: package 000B(角色移动意图) send!
[17:37:48] [SendingModule/sendTargetPos/DEBUG]: targetX: -256/targetY: 418
[17:37:49] [Client/GameBox/updateTarget/INFO]: receive Package 000C(角色目标)
[17:37:49] [Client/GameBox/updateTarget/INFO]: targetX: -367/targetY 221
[17:37:49] [SendingModule/sendTargetPos/DEBUG]: package 000B(角色移动意图) send!
[17:37:49] [SendingModule/sendTargetPos/DEBUG]: targetX: -367/targetY: 221
[17:37:51] [Client/GameBox/updateTarget/INFO]: receive Package 000C(角色目标)
[17:37:51] [Client/GameBox/updateTarget/INFO]: targetX: 126/targetY 531
[17:37:51] [SendingModule/sendTargetPos/DEBUG]: package 000B(角色移动意图) send!
[17:37:51] [SendingModule/sendTargetPos/DEBUG]: targetX: 126/targetY: 531
[17:37:53] [Client/GameBox/updateTarget/INFO]: receive Package 000C(角色目标)
[17:37:53] [Client/GameBox/updateTarget/INFO]: targetX: 704/targetY 924
[17:37:53] [SendingModule/sendTargetPos/DEBUG]: package 000B(角色移动意图) send!
[17:37:53] [SendingModule/sendTargetPos/DEBUG]: targetX: 704/targetY: 924
[17:37:54] [Client/GameBox/updateTarget/INFO]: receive Package 000C(角色目标)
[17:37:54] [Client/GameBox/updateTarget/INFO]: targetX: 857/targetY 1106
[17:37:54] [SendingModule/sendTargetPos/DEBUG]: package 000B(角色移动意图) send!
[17:37:54] [SendingModule/sendTargetPos/DEBUG]: targetX: 857/targetY: 1106
[17:37:54] [Client/GameBox/updateTarget/INFO]: receive Package 000C(角色目标)
[17:37:54] [Client/GameBox/updateTarget/INFO]: targetX: 964/targetY 1190
[17:37:54] [SendingModule/sendTargetPos/DEBUG]: package 000B(角色移动意图) send!
[17:37:54] [SendingModule/sendTargetPos/DEBUG]: targetX: 964/targetY: 1190
[17:37:54] [Client/GameBox/updateTarget/INFO]: receive Package 000C(角色目标)
[17:37:54] [Client/GameBox/updateTarget/INFO]: targetX: 986/targetY 1207
[17:37:54] [SendingModule/sendTargetPos/DEBUG]: package 000B(角色移动意图) send!
[17:37:54] [SendingModule/sendTargetPos/DEBUG]: targetX: 986/targetY: 1207
[17:37:55] [Client/GameBox/updateTarget/INFO]: receive Package 000C(角色目标)
[17:37:55] [Client/GameBox/updateTarget/INFO]: targetX: 1014/targetY 1229
[17:37:55] [SendingModule/sendTargetPos/DEBUG]: package 000B(角色移动意图) send!
[17:37:55] [SendingModule/sendTargetPos/DEBUG]: targetX: 1014/targetY: 1229
[17:37:55] [Client/GameBox/updateTarget/INFO]: receive Package 000C(角色目标)
[17:37:55] [Client/GameBox/updateTarget/INFO]: targetX: 1039/targetY 1249
[17:37:55] [SendingModule/sendTargetPos/DEBUG]: package 000B(角色移动意图) send!
[17:37:55] [SendingModule/sendTargetPos/DEBUG]: targetX: 1039/targetY: 1249
[17:37:55] [Client/GameBox/updateTarget/INFO]: receive Package 000C(角色目标)
[17:37:55] [Client/GameBox/updateTarget/INFO]: targetX: 1055/targetY 1262
[17:37:55] [SendingModule/sendTargetPos/DEBUG]: package 000B(角色移动意图) send!
[17:37:55] [SendingModule/sendTargetPos/DEBUG]: targetX: 1055/targetY: 1262
[17:37:55] [Client/GameBox/updateTarget/INFO]: receive Package 000C(角色目标)
[17:37:55] [Client/GameBox/updateTarget/INFO]: targetX: 1071/targetY 1274
[17:37:55] [SendingModule/sendTargetPos/DEBUG]: package 000B(角色移动意图) send!
[17:37:55] [SendingModule/sendTargetPos/DEBUG]: targetX: 1071/targetY: 1274
[17:37:55] [Client/GameBox/updateTarget/INFO]: receive Package 000C(角色目标)
[17:37:55] [Client/GameBox/updateTarget/INFO]: targetX: 1086/targetY 1286
[17:37:55] [SendingModule/sendTargetPos/DEBUG]: package 000B(角色移动意图) send!
[17:37:55] [SendingModule/sendTargetPos/DEBUG]: targetX: 1086/targetY: 1286
[17:37:55] [Client/GameBox/updateTarget/INFO]: receive Package 000C(角色目标)
[17:37:55] [Client/GameBox/updateTarget/INFO]: targetX: 1102/targetY 1299
[17:37:55] [SendingModule/sendTargetPos/DEBUG]: package 000B(角色移动意图) send!
[17:37:55] [SendingModule/sendTargetPos/DEBUG]: targetX: 1102/targetY: 1299
[17:37:55] [Client/GameBox/updateTarget/INFO]: receive Package 000C(角色目标)
[17:37:55] [Client/GameBox/updateTarget/INFO]: targetX: 1121/targetY 1314
[17:37:55] [SendingModule/sendTargetPos/DEBUG]: package 000B(角色移动意图) send!
[17:37:55] [SendingModule/sendTargetPos/DEBUG]: targetX: 1121/targetY: 1314
[17:37:55] [Client/GameBox/updateTarget/INFO]: receive Package 000C(角色目标)
[17:37:55] [Client/GameBox/updateTarget/INFO]: targetX: 1140/targetY 1329
[17:37:55] [SendingModule/sendTargetPos/DEBUG]: package 000B(角色移动意图) send!
[17:37:55] [SendingModule/sendTargetPos/DEBUG]: targetX: 1140/targetY: 1329
[17:37:56] [Client/GameBox/updateTarget/INFO]: receive Package 000C(角色目标)
[17:37:56] [Client/GameBox/updateTarget/INFO]: targetX: 1156/targetY 1341
[17:37:56] [SendingModule/sendTargetPos/DEBUG]: package 000B(角色移动意图) send!
[17:37:56] [SendingModule/sendTargetPos/DEBUG]: targetX: 1156/targetY: 1341
[17:37:56] [Client/GameBox/updateTarget/INFO]: receive Package 000C(角色目标)
[17:37:56] [Client/GameBox/updateTarget/INFO]: targetX: 1171/targetY 1353
[17:37:56] [SendingModule/sendTargetPos/DEBUG]: package 000B(角色移动意图) send!
[17:37:56] [SendingModule/sendTargetPos/DEBUG]: targetX: 1171/targetY: 1353
[17:37:56] [Client/GameBox/updateTarget/INFO]: receive Package 000C(角色目标)
[17:37:56] [Client/GameBox/updateTarget/INFO]: targetX: 1187/targetY 1366
[17:37:56] [SendingModule/sendTargetPos/DEBUG]: package 000B(角色移动意图) send!
[17:37:56] [SendingModule/sendTargetPos/DEBUG]: targetX: 1187/targetY: 1366
[17:37:56] [Client/GameBox/updateTarget/INFO]: receive Package 000C(角色目标)
[17:37:56] [Client/GameBox/updateTarget/INFO]: targetX: 1203/targetY 1378
[17:37:56] [SendingModule/sendTargetPos/DEBUG]: package 000B(角色移动意图) send!
[17:37:56] [SendingModule/sendTargetPos/DEBUG]: targetX: 1203/targetY: 1378
[17:37:56] [Client/GameBox/updateTarget/INFO]: receive Package 000C(角色目标)
[17:37:56] [Client/GameBox/updateTarget/INFO]: targetX: 1222/targetY 1393
[17:37:56] [SendingModule/sendTargetPos/DEBUG]: package 000B(角色移动意图) send!
[17:37:56] [SendingModule/sendTargetPos/DEBUG]: targetX: 1222/targetY: 1393
[17:37:56] [Client/GameBox/updateTarget/INFO]: receive Package 000C(角色目标)
[17:37:56] [Client/GameBox/updateTarget/INFO]: targetX: 1241/targetY 1408
[17:37:56] [SendingModule/sendTargetPos/DEBUG]: package 000B(角色移动意图) send!
[17:37:56] [SendingModule/sendTargetPos/DEBUG]: targetX: 1241/targetY: 1408
[17:37:56] [Client/GameBox/updateTarget/INFO]: receive Package 000C(角色目标)
[17:37:56] [Client/GameBox/updateTarget/INFO]: targetX: 1259/targetY 1423
[17:37:56] [SendingModule/sendTargetPos/DEBUG]: package 000B(角色移动意图) send!
[17:37:56] [SendingModule/sendTargetPos/DEBUG]: targetX: 1259/targetY: 1423
[17:37:56] [Client/GameBox/updateTarget/INFO]: receive Package 000C(角色目标)
[17:37:56] [Client/GameBox/updateTarget/INFO]: targetX: 1294/targetY 1450
[17:37:56] [SendingModule/sendTargetPos/DEBUG]: package 000B(角色移动意图) send!
[17:37:56] [SendingModule/sendTargetPos/DEBUG]: targetX: 1294/targetY: 1450
[17:37:57] [Client/GameBox/updateTarget/INFO]: receive Package 000C(角色目标)
[17:37:57] [Client/GameBox/updateTarget/INFO]: targetX: 1310/targetY 1462
[17:37:57] [SendingModule/sendTargetPos/DEBUG]: package 000B(角色移动意图) send!
[17:37:57] [SendingModule/sendTargetPos/DEBUG]: targetX: 1310/targetY: 1462
[17:37:57] [Client/GameBox/updateTarget/INFO]: receive Package 000C(角色目标)
[17:37:57] [Client/GameBox/updateTarget/INFO]: targetX: 1325/targetY 1475
[17:37:57] [SendingModule/sendTargetPos/DEBUG]: package 000B(角色移动意图) send!
[17:37:57] [SendingModule/sendTargetPos/DEBUG]: targetX: 1325/targetY: 1475
[17:37:57] [Client/GameBox/updateTarget/INFO]: receive Package 000C(角色目标)
[17:37:57] [Client/GameBox/updateTarget/INFO]: targetX: 1344/targetY 1490
[17:37:57] [SendingModule/sendTargetPos/DEBUG]: package 000B(角色移动意图) send!
[17:37:57] [SendingModule/sendTargetPos/DEBUG]: targetX: 1344/targetY: 1490
[17:37:57] [Client/GameBox/updateTarget/INFO]: receive Package 000C(角色目标)
[17:37:57] [Client/GameBox/updateTarget/INFO]: targetX: 1363/targetY 1504
[17:37:57] [SendingModule/sendTargetPos/DEBUG]: package 000B(角色移动意图) send!
[17:37:57] [SendingModule/sendTargetPos/DEBUG]: targetX: 1363/targetY: 1504
[17:37:57] [Client/GameBox/updateTarget/INFO]: receive Package 000C(角色目标)
[17:37:57] [Client/GameBox/updateTarget/INFO]: targetX: 1379/targetY 1517
[17:37:57] [SendingModule/sendTargetPos/DEBUG]: package 000B(角色移动意图) send!
[17:37:57] [SendingModule/sendTargetPos/DEBUG]: targetX: 1379/targetY: 1517
[17:37:57] [Client/GameBox/updateTarget/INFO]: receive Package 000C(角色目标)
[17:37:57] [Client/GameBox/updateTarget/INFO]: targetX: 1394/targetY 1529
[17:37:57] [SendingModule/sendTargetPos/DEBUG]: package 000B(角色移动意图) send!
[17:37:57] [SendingModule/sendTargetPos/DEBUG]: targetX: 1394/targetY: 1529
[17:37:57] [Client/GameBox/updateTarget/INFO]: receive Package 000C(角色目标)
[17:37:57] [Client/GameBox/updateTarget/INFO]: targetX: 1413/targetY 1544
[17:37:57] [SendingModule/sendTargetPos/DEBUG]: package 000B(角色移动意图) send!
[17:37:57] [SendingModule/sendTargetPos/DEBUG]: targetX: 1413/targetY: 1544
[17:37:57] [Client/GameBox/updateTarget/INFO]: receive Package 000C(角色目标)
[17:37:57] [Client/GameBox/updateTarget/INFO]: targetX: 1432/targetY 1559
[17:37:57] [SendingModule/sendTargetPos/DEBUG]: package 000B(角色移动意图) send!
[17:37:57] [SendingModule/sendTargetPos/DEBUG]: targetX: 1432/targetY: 1559
[17:37:57] [Client/GameBox/updateTarget/INFO]: receive Package 000C(角色目标)
[17:37:57] [Client/GameBox/updateTarget/INFO]: targetX: 1451/targetY 1574
[17:37:57] [SendingModule/sendTargetPos/DEBUG]: package 000B(角色移动意图) send!
[17:37:57] [SendingModule/sendTargetPos/DEBUG]: targetX: 1451/targetY: 1574
[17:37:58] [Client/GameBox/updateTarget/INFO]: receive Package 000C(角色目标)
[17:37:58] [Client/GameBox/updateTarget/INFO]: targetX: 1467/targetY 1586
[17:37:58] [SendingModule/sendTargetPos/DEBUG]: package 000B(角色移动意图) send!
[17:37:58] [SendingModule/sendTargetPos/DEBUG]: targetX: 1467/targetY: 1586
[17:37:58] [Client/GameBox/updateTarget/INFO]: receive Package 000C(角色目标)
[17:37:58] [Client/GameBox/updateTarget/INFO]: targetX: 1486/targetY 1601
[17:37:58] [SendingModule/sendTargetPos/DEBUG]: package 000B(角色移动意图) send!
[17:37:58] [SendingModule/sendTargetPos/DEBUG]: targetX: 1486/targetY: 1601
[17:37:58] [Client/GameBox/updateTarget/INFO]: receive Package 000C(角色目标)
[17:37:58] [Client/GameBox/updateTarget/INFO]: targetX: 1504/targetY 1616
[17:37:58] [SendingModule/sendTargetPos/DEBUG]: package 000B(角色移动意图) send!
[17:37:58] [SendingModule/sendTargetPos/DEBUG]: targetX: 1504/targetY: 1616
[17:37:58] [Client/GameBox/updateTarget/INFO]: receive Package 000C(角色目标)
[17:37:58] [Client/GameBox/updateTarget/INFO]: targetX: 1523/targetY 1631
[17:37:58] [SendingModule/sendTargetPos/DEBUG]: package 000B(角色移动意图) send!
[17:37:58] [SendingModule/sendTargetPos/DEBUG]: targetX: 1523/targetY: 1631
[17:37:58] [Client/GameBox/updateTarget/INFO]: receive Package 000C(角色目标)
[17:37:58] [Client/GameBox/updateTarget/INFO]: targetX: 1539/targetY 1643
[17:37:58] [SendingModule/sendTargetPos/DEBUG]: package 000B(角色移动意图) send!
[17:37:58] [SendingModule/sendTargetPos/DEBUG]: targetX: 1539/targetY: 1643
[17:37:58] [Client/GameBox/updateTarget/INFO]: receive Package 000C(角色目标)
[17:37:58] [Client/GameBox/updateTarget/INFO]: targetX: 1561/targetY 1660
[17:37:58] [SendingModule/sendTargetPos/DEBUG]: package 000B(角色移动意图) send!
[17:37:58] [SendingModule/sendTargetPos/DEBUG]: targetX: 1561/targetY: 1660
[17:37:58] [Client/GameBox/updateTarget/INFO]: receive Package 000C(角色目标)
[17:37:58] [Client/GameBox/updateTarget/INFO]: targetX: 1577/targetY 1673
[17:37:58] [SendingModule/sendTargetPos/DEBUG]: package 000B(角色移动意图) send!
[17:37:58] [SendingModule/sendTargetPos/DEBUG]: targetX: 1577/targetY: 1673
[17:37:58] [Client/GameBox/updateTarget/INFO]: receive Package 000C(角色目标)
[17:37:58] [Client/GameBox/updateTarget/INFO]: targetX: 1592/targetY 1685
[17:37:58] [SendingModule/sendTargetPos/DEBUG]: package 000B(角色移动意图) send!
[17:37:58] [SendingModule/sendTargetPos/DEBUG]: targetX: 1592/targetY: 1685
[17:37:59] [Client/GameBox/updateTarget/INFO]: receive Package 000C(角色目标)
[17:37:59] [Client/GameBox/updateTarget/INFO]: targetX: 1611/targetY 1700
[17:37:59] [SendingModule/sendTargetPos/DEBUG]: package 000B(角色移动意图) send!
[17:37:59] [SendingModule/sendTargetPos/DEBUG]: targetX: 1611/targetY: 1700
[17:37:59] [Client/GameBox/updateTarget/INFO]: receive Package 000C(角色目标)
[17:37:59] [Client/GameBox/updateTarget/INFO]: targetX: 1630/targetY 1715
[17:37:59] [SendingModule/sendTargetPos/DEBUG]: package 000B(角色移动意图) send!
[17:37:59] [SendingModule/sendTargetPos/DEBUG]: targetX: 1630/targetY: 1715
[17:37:59] [Client/GameBox/updateTarget/INFO]: receive Package 000C(角色目标)
[17:37:59] [Client/GameBox/updateTarget/INFO]: targetX: 1646/targetY 1727
[17:37:59] [SendingModule/sendTargetPos/DEBUG]: package 000B(角色移动意图) send!
[17:37:59] [SendingModule/sendTargetPos/DEBUG]: targetX: 1646/targetY: 1727
[17:37:59] [Client/GameBox/updateTarget/INFO]: receive Package 000C(角色目标)
[17:37:59] [Client/GameBox/updateTarget/INFO]: targetX: 1665/targetY 1742
[17:37:59] [SendingModule/sendTargetPos/DEBUG]: package 000B(角色移动意图) send!
[17:37:59] [SendingModule/sendTargetPos/DEBUG]: targetX: 1665/targetY: 1742
[17:37:59] [Client/GameBox/updateTarget/INFO]: receive Package 000C(角色目标)
[17:37:59] [Client/GameBox/updateTarget/INFO]: targetX: 1680/targetY 1755
[17:37:59] [SendingModule/sendTargetPos/DEBUG]: package 000B(角色移动意图) send!
[17:37:59] [SendingModule/sendTargetPos/DEBUG]: targetX: 1680/targetY: 1755
[17:37:59] [Client/GameBox/updateTarget/INFO]: receive Package 000C(角色目标)
[17:37:59] [Client/GameBox/updateTarget/INFO]: targetX: 1696/targetY 1767
[17:37:59] [SendingModule/sendTargetPos/DEBUG]: package 000B(角色移动意图) send!
[17:37:59] [SendingModule/sendTargetPos/DEBUG]: targetX: 1696/targetY: 1767
[17:37:59] [Client/GameBox/updateTarget/INFO]: receive Package 000C(角色目标)
[17:37:59] [Client/GameBox/updateTarget/INFO]: targetX: 1718/targetY 1784
[17:37:59] [SendingModule/sendTargetPos/DEBUG]: package 000B(角色移动意图) send!
[17:37:59] [SendingModule/sendTargetPos/DEBUG]: targetX: 1718/targetY: 1784
[17:37:59] [Client/GameBox/updateTarget/INFO]: receive Package 000C(角色目标)
[17:37:59] [Client/GameBox/updateTarget/INFO]: targetX: 1734/targetY 1797
[17:37:59] [SendingModule/sendTargetPos/DEBUG]: package 000B(角色移动意图) send!
[17:37:59] [SendingModule/sendTargetPos/DEBUG]: targetX: 1734/targetY: 1797
[17:37:59] [Client/GameBox/updateTarget/INFO]: receive Package 000C(角色目标)
[17:37:59] [Client/GameBox/updateTarget/INFO]: targetX: 1753/targetY 1811
[17:37:59] [SendingModule/sendTargetPos/DEBUG]: package 000B(角色移动意图) send!
[17:37:59] [SendingModule/sendTargetPos/DEBUG]: targetX: 1753/targetY: 1811
[17:38:00] [Client/GameBox/updateTarget/INFO]: receive Package 000C(角色目标)
[17:38:00] [Client/GameBox/updateTarget/INFO]: targetX: 1771/targetY 1826
[17:38:00] [SendingModule/sendTargetPos/DEBUG]: package 000B(角色移动意图) send!
[17:38:00] [SendingModule/sendTargetPos/DEBUG]: targetX: 1771/targetY: 1826
[17:38:00] [Client/GameBox/updateTarget/INFO]: receive Package 000C(角色目标)
[17:38:00] [Client/GameBox/updateTarget/INFO]: targetX: 1794/targetY 1910
[17:38:00] [SendingModule/sendTargetPos/DEBUG]: package 000B(角色移动意图) send!
[17:38:00] [SendingModule/sendTargetPos/DEBUG]: targetX: 1794/targetY: 1910
[17:38:02] [Client/GameBox/updateTarget/INFO]: receive Package 000C(角色目标)
[17:38:02] [Client/GameBox/updateTarget/INFO]: targetX: 1852/targetY 2056
[17:38:02] [SendingModule/sendTargetPos/DEBUG]: package 000B(角色移动意图) send!
[17:38:02] [SendingModule/sendTargetPos/DEBUG]: targetX: 1852/targetY: 2056
[17:38:03] [Client/GameBox/updateTarget/INFO]: receive Package 000C(角色目标)
[17:38:03] [Client/GameBox/updateTarget/INFO]: targetX: 1998/targetY 2221
[17:38:03] [SendingModule/sendTargetPos/DEBUG]: package 000B(角色移动意图) send!
[17:38:03] [SendingModule/sendTargetPos/DEBUG]: targetX: 1998/targetY: 2221
[17:38:05] [Client/GameBox/updateTarget/INFO]: receive Package 000C(角色目标)
[17:38:05] [Client/GameBox/updateTarget/INFO]: targetX: 2171/targetY 2497
[17:38:05] [SendingModule/sendTargetPos/DEBUG]: package 000B(角色移动意图) send!
[17:38:05] [SendingModule/sendTargetPos/DEBUG]: targetX: 2171/targetY: 2497
[17:38:08] [Client/GameBox/updateTarget/INFO]: receive Package 000C(角色目标)
[17:38:08] [Client/GameBox/updateTarget/INFO]: targetX: 2225/targetY 2804
[17:38:08] [SendingModule/sendTargetPos/DEBUG]: package 000B(角色移动意图) send!
[17:38:08] [SendingModule/sendTargetPos/DEBUG]: targetX: 2225/targetY: 2804
[17:38:09] [Client/GameBox/updateTarget/INFO]: receive Package 000C(角色目标)
[17:38:09] [Client/GameBox/updateTarget/INFO]: targetX: 2258/targetY 2997
[17:38:09] [SendingModule/sendTargetPos/DEBUG]: package 000B(角色移动意图) send!
[17:38:09] [SendingModule/sendTargetPos/DEBUG]: targetX: 2258/targetY: 2997
[17:38:11] [Client/GameBox/updateTarget/INFO]: receive Package 000C(角色目标)
[17:38:11] [Client/GameBox/updateTarget/INFO]: targetX: 1630/targetY 3234
[17:38:11] [SendingModule/sendTargetPos/DEBUG]: package 000B(角色移动意图) send!
[17:38:11] [SendingModule/sendTargetPos/DEBUG]: targetX: 1630/targetY: 3234
[17:38:12] [Client/GameBox/updateTarget/INFO]: receive Package 000C(角色目标)
[17:38:12] [Client/GameBox/updateTarget/INFO]: targetX: 1434/targetY 3257
[17:38:12] [SendingModule/sendTargetPos/DEBUG]: package 000B(角色移动意图) send!
[17:38:12] [SendingModule/sendTargetPos/DEBUG]: targetX: 1434/targetY: 3257
[17:38:12] [Client/GameBox/updateTarget/INFO]: receive Package 000C(角色目标)
[17:38:12] [Client/GameBox/updateTarget/INFO]: targetX: 1156/targetY 3236
[17:38:12] [SendingModule/sendTargetPos/DEBUG]: package 000B(角色移动意图) send!
[17:38:12] [SendingModule/sendTargetPos/DEBUG]: targetX: 1156/targetY: 3236
[17:38:16] [Client/GameBox/updateTarget/INFO]: receive Package 000C(角色目标)
[17:38:16] [Client/GameBox/updateTarget/INFO]: targetX: 1150/targetY 3131
[17:38:16] [SendingModule/sendTargetPos/DEBUG]: package 000B(角色移动意图) send!
[17:38:16] [SendingModule/sendTargetPos/DEBUG]: targetX: 1150/targetY: 3131
[17:38:20] [Client/GameBox/updateTarget/INFO]: receive Package 000C(角色目标)
[17:38:20] [Client/GameBox/updateTarget/INFO]: targetX: 1074/targetY 3056
[17:38:20] [SendingModule/sendTargetPos/DEBUG]: package 000B(角色移动意图) send!
[17:38:20] [SendingModule/sendTargetPos/DEBUG]: targetX: 1074/targetY: 3056
[17:38:21] [Client/GameBox/updateTarget/INFO]: receive Package 000C(角色目标)
[17:38:21] [Client/GameBox/updateTarget/INFO]: targetX: 1270/targetY 3409
[17:38:21] [SendingModule/sendTargetPos/DEBUG]: package 000B(角色移动意图) send!
[17:38:21] [SendingModule/sendTargetPos/DEBUG]: targetX: 1270/targetY: 3409
[17:38:21] [Client/GameBox/updateTarget/INFO]: receive Package 000C(角色目标)
[17:38:21] [Client/GameBox/updateTarget/INFO]: targetX: 1418/targetY 3343
[17:38:21] [SendingModule/sendTargetPos/DEBUG]: package 000B(角色移动意图) send!
[17:38:21] [SendingModule/sendTargetPos/DEBUG]: targetX: 1418/targetY: 3343
[17:38:22] [Client/GameBox/updateTarget/INFO]: receive Package 000C(角色目标)
[17:38:22] [Client/GameBox/updateTarget/INFO]: targetX: 1493/targetY 3380
[17:38:22] [SendingModule/sendTargetPos/DEBUG]: package 000B(角色移动意图) send!
[17:38:22] [SendingModule/sendTargetPos/DEBUG]: targetX: 1493/targetY: 3380
[17:38:22] [Client/GameBox/updateTarget/INFO]: receive Package 000C(角色目标)
[17:38:22] [Client/GameBox/updateTarget/INFO]: targetX: 1519/targetY 3392
[17:38:22] [SendingModule/sendTargetPos/DEBUG]: package 000B(角色移动意图) send!
[17:38:22] [SendingModule/sendTargetPos/DEBUG]: targetX: 1519/targetY: 3392
[17:38:22] [Client/GameBox/updateTarget/INFO]: receive Package 000C(角色目标)
[17:38:22] [Client/GameBox/updateTarget/INFO]: targetX: 1554/targetY 3409
[17:38:22] [SendingModule/sendTargetPos/DEBUG]: package 000B(角色移动意图) send!
[17:38:22] [SendingModule/sendTargetPos/DEBUG]: targetX: 1554/targetY: 3409
[17:38:22] [Client/GameBox/updateTarget/INFO]: receive Package 000C(角色目标)
[17:38:22] [Client/GameBox/updateTarget/INFO]: targetX: 1576/targetY 3420
[17:38:22] [SendingModule/sendTargetPos/DEBUG]: package 000B(角色移动意图) send!
[17:38:22] [SendingModule/sendTargetPos/DEBUG]: targetX: 1576/targetY: 3420
[17:38:22] [Client/GameBox/updateTarget/INFO]: receive Package 000C(角色目标)
[17:38:22] [Client/GameBox/updateTarget/INFO]: targetX: 1594/targetY 3428
[17:38:22] [SendingModule/sendTargetPos/DEBUG]: package 000B(角色移动意图) send!
[17:38:22] [SendingModule/sendTargetPos/DEBUG]: targetX: 1594/targetY: 3428
[17:38:23] [Client/GameBox/updateTarget/INFO]: receive Package 000C(角色目标)
[17:38:23] [Client/GameBox/updateTarget/INFO]: targetX: 1612/targetY 3437
[17:38:23] [SendingModule/sendTargetPos/DEBUG]: package 000B(角色移动意图) send!
[17:38:23] [SendingModule/sendTargetPos/DEBUG]: targetX: 1612/targetY: 3437
[17:38:23] [Client/GameBox/updateTarget/INFO]: receive Package 000C(角色目标)
[17:38:23] [Client/GameBox/updateTarget/INFO]: targetX: 1626/targetY 3444
[17:38:23] [SendingModule/sendTargetPos/DEBUG]: package 000B(角色移动意图) send!
[17:38:23] [SendingModule/sendTargetPos/DEBUG]: targetX: 1626/targetY: 3444
[17:38:23] [Client/GameBox/updateTarget/INFO]: receive Package 000C(角色目标)
[17:38:23] [Client/GameBox/updateTarget/INFO]: targetX: 1649/targetY 3455
[17:38:23] [SendingModule/sendTargetPos/DEBUG]: package 000B(角色移动意图) send!
[17:38:23] [SendingModule/sendTargetPos/DEBUG]: targetX: 1649/targetY: 3455
[17:38:23] [Client/GameBox/updateTarget/INFO]: receive Package 000C(角色目标)
[17:38:23] [Client/GameBox/updateTarget/INFO]: targetX: 1667/targetY 3464
[17:38:23] [SendingModule/sendTargetPos/DEBUG]: package 000B(角色移动意图) send!
[17:38:23] [SendingModule/sendTargetPos/DEBUG]: targetX: 1667/targetY: 3464
[17:38:23] [Client/GameBox/updateTarget/INFO]: receive Package 000C(角色目标)
[17:38:23] [Client/GameBox/updateTarget/INFO]: targetX: 1681/targetY 3471
[17:38:23] [SendingModule/sendTargetPos/DEBUG]: package 000B(角色移动意图) send!
[17:38:23] [SendingModule/sendTargetPos/DEBUG]: targetX: 1681/targetY: 3471
[17:38:23] [Client/GameBox/updateTarget/INFO]: receive Package 000C(角色目标)
[17:38:23] [Client/GameBox/updateTarget/INFO]: targetX: 1706/targetY 3483
[17:38:23] [SendingModule/sendTargetPos/DEBUG]: package 000B(角色移动意图) send!
[17:38:23] [SendingModule/sendTargetPos/DEBUG]: targetX: 1706/targetY: 3483
[17:38:23] [Client/GameBox/updateTarget/INFO]: receive Package 000C(角色目标)
[17:38:23] [Client/GameBox/updateTarget/INFO]: targetX: 1724/targetY 3492
[17:38:23] [SendingModule/sendTargetPos/DEBUG]: package 000B(角色移动意图) send!
[17:38:23] [SendingModule/sendTargetPos/DEBUG]: targetX: 1724/targetY: 3492
[17:38:23] [Client/GameBox/updateTarget/INFO]: receive Package 000C(角色目标)
[17:38:23] [Client/GameBox/updateTarget/INFO]: targetX: 1742/targetY 3500
[17:38:23] [SendingModule/sendTargetPos/DEBUG]: package 000B(角色移动意图) send!
[17:38:23] [SendingModule/sendTargetPos/DEBUG]: targetX: 1742/targetY: 3500
[17:38:23] [Client/GameBox/updateTarget/INFO]: receive Package 000C(角色目标)
[17:38:23] [Client/GameBox/updateTarget/INFO]: targetX: 1768/targetY 3513
[17:38:23] [SendingModule/sendTargetPos/DEBUG]: package 000B(角色移动意图) send!
[17:38:23] [SendingModule/sendTargetPos/DEBUG]: targetX: 1768/targetY: 3513
[17:38:23] [Client/GameBox/updateTarget/INFO]: receive Package 000C(角色目标)
[17:38:23] [Client/GameBox/updateTarget/INFO]: targetX: 1786/targetY 3521
[17:38:23] [SendingModule/sendTargetPos/DEBUG]: package 000B(角色移动意图) send!
[17:38:23] [SendingModule/sendTargetPos/DEBUG]: targetX: 1786/targetY: 3521
[17:38:24] [Client/GameBox/updateTarget/INFO]: receive Package 000C(角色目标)
[17:38:24] [Client/GameBox/updateTarget/INFO]: targetX: 1829/targetY 3542
[17:38:24] [SendingModule/sendTargetPos/DEBUG]: package 000B(角色移动意图) send!
[17:38:24] [SendingModule/sendTargetPos/DEBUG]: targetX: 1829/targetY: 3542
[17:38:24] [Client/GameBox/updateTarget/INFO]: receive Package 000C(角色目标)
[17:38:24] [Client/GameBox/updateTarget/INFO]: targetX: 1861/targetY 3558
[17:38:24] [SendingModule/sendTargetPos/DEBUG]: package 000B(角色移动意图) send!
[17:38:24] [SendingModule/sendTargetPos/DEBUG]: targetX: 1861/targetY: 3558
[17:38:24] [Client/GameBox/updateTarget/INFO]: receive Package 000C(角色目标)
[17:38:24] [Client/GameBox/updateTarget/INFO]: targetX: 1897/targetY 3575
[17:38:24] [SendingModule/sendTargetPos/DEBUG]: package 000B(角色移动意图) send!
[17:38:24] [SendingModule/sendTargetPos/DEBUG]: targetX: 1897/targetY: 3575
[17:38:25] [Client/GameBox/updateTarget/INFO]: receive Package 000C(角色目标)
[17:38:25] [Client/GameBox/updateTarget/INFO]: targetX: 1984/targetY 3617
[17:38:25] [SendingModule/sendTargetPos/DEBUG]: package 000B(角色移动意图) send!
[17:38:25] [SendingModule/sendTargetPos/DEBUG]: targetX: 1984/targetY: 3617
[17:38:25] [Client/GameBox/updateTarget/INFO]: receive Package 000C(角色目标)
[17:38:25] [Client/GameBox/updateTarget/INFO]: targetX: 2070/targetY 3659
[17:38:25] [SendingModule/sendTargetPos/DEBUG]: package 000B(角色移动意图) send!
[17:38:25] [SendingModule/sendTargetPos/DEBUG]: targetX: 2070/targetY: 3659
[17:38:59] [ClientServer/ClientMain/KERNEL]: 7.游戏结束，退出主程序
[17:38:59] [SendingModule/sendLogout/INFO]: logout send!
