[17:26:01] [ClientServer/ClientMain/init/DEBUG]: address: 192.168.1.104:8438
[17:26:01] [ClientServer/ClientMain/init/DEBUG]: 图片加载成功
[17:26:01] [ClientServer/ClientMain/init/DEBUG]: GIF动画加载成功
[17:26:01] [ClientServer/ClientMain/init/DEBUG]: 物品预加载成功
[17:26:01] [ClientServer/ClientMain/init/DEBUG]: init over
[17:26:01] [ClientServer/ClientMain/KERNEL]: 0.开始建立网络连接…………
[17:26:01] [ClientServer/ClientMain/setUpConnection/DEBUG]: setUpConnection over
[17:26:01] [ClientServer/ClientMain/KERNEL]: 1.网络连接成功!
[17:26:01] [AioModule/Read/Completed/DEBUG]: Received 18 bytes from session/192.168.1.104:8438
[17:26:01] [ClientServer/ClientMain/KERNEL]: 2.发送0000包，确认对方是否为服务器Gate端
[17:26:01] [AioModule/Read/Completed/DEBUG]: Received contents(18bytes): ff ff 00 00 00 12 00 14 00 00 01 4d f1 64 cb 93 83 e8 
[17:26:01] [ClientServer/ClientDecoder/INFO]: Receive a package 0014(PING)
[17:26:01] [SendingModule/send00Package/INFO]: send00Package over
[17:26:01] [ClientSever/LoginBox/serverState/INFO]: Receive a package 0001(回应连接请求)
[17:26:01] [AioModule/Write/Completed/DEBUG]: Sent 14 bytes to session/192.168.1.104:8438
[17:26:01] [AioModule/Write/Completed/DEBUG]: Sent 18 bytes to session/192.168.1.104:8438
[17:26:01] [SendingModule/PINGResponse/DEBUG]: package 0015(PING回应包) send!
[17:26:01] [ClientSever/LoginBox/serverState/INFO]: package 0001: 1
[17:26:01] [ClientServer/ClientMain/KERNEL]: 3.收到0001包，确认对方为服务器Gate端
[17:26:01] [AioModule/Write/Completed/DEBUG]: Sent contents(14bytes): ff ff 00 00 00 0e 00 00 00 00 30 39 20 db 
[17:26:01] [ClientServer/ClientMain/KERNEL]: 4.初始化loginBox登陆界面
[17:26:01] [AioModule/Write/Completed/DEBUG]: Sent contents(18bytes): ff ff 00 00 00 12 00 15 00 00 01 4d f1 64 cb 93 7c 74 
[17:26:01] [AioModule/Read/Completed/DEBUG]: Received 11 bytes from session/192.168.1.104:8438
[17:26:01] [AioModule/Read/Completed/DEBUG]: Received contents(11bytes): ff ff 00 00 00 0b 00 01 01 2a 46 
[17:26:01] [ClientServer/ClientDecoder/INFO]: Receive a package 0001(回应连接请求)
[17:26:01] [ClientServer/ClientDecoder/INFO]: package 0001: 1
[17:26:01] [ClientSever/LoginBox/serverState/INFO]: Receive a package 0001(回应连接请求)
[17:26:01] [ClientSever/LoginBox/serverState/INFO]: package 0001: 1
[17:26:01] [AioModule/Read/Completed/DEBUG]: Received 18 bytes from session/192.168.1.104:8438
[17:26:01] [AioModule/Read/Completed/DEBUG]: Received contents(18bytes): ff ff 00 00 00 12 00 16 00 00 01 4d f1 64 cd 1c 75 a9 
[17:26:01] [ClientServer/ClientDecoder/INFO]: Receive a package 0016(时间同步)
[17:26:01] [ClientServer/LoginBox/onLoginResponse/INFO]: Receive a package 0003(登陆反馈)
[17:26:01] [ClientServer/LoginBox/onLoginResponse/INFO]: package 0003: true
[17:26:02] [SendingModule/sendCreateCharacter/INFO]: package 0008(创建角色) send!
[17:26:02] [AioModule/Write/Completed/DEBUG]: Sent 25 bytes to session/192.168.1.104:8438
[17:26:02] [ClientServer/LoginBox/onCreatResponse/INFO]: Receive a package 0009(角色创建结果)
[17:26:02] [AioModule/Write/Completed/DEBUG]: Sent contents(25bytes): ff ff 00 00 00 19 00 08 6e 75 6c 6c 00 64 64 64 64 00 01 00 00 00 01 38 47 
[17:26:04] [ClientServer/ClientMain/KERNEL]: 5.登陆结束
[17:26:04] [ClientServer/ClientMain/KERNEL]: 6.开始游戏，启动gameBox
[17:26:24] [ClientServer/GameBox/startGame/KERNEL]: 接收角色详细信息(000A)超时!(未接收到主角信息)
