[20:16:08] [ClientServer/ClientMain/init/DEBUG]: address: 192.168.1.100:8438
[20:16:08] [ClientServer/ClientMain/init/DEBUG]: 图片加载成功
[20:16:08] [ClientServer/ClientMain/init/DEBUG]: GIF动画加载成功
[20:16:08] [ClientServer/ClientMain/init/DEBUG]: 物品预加载成功
[20:16:09] [ClientServer/ClientMain/init/DEBUG]: init over
[20:16:09] [ClientServer/ClientMain/KERNEL]: 0.开始建立网络连接…………
[20:16:09] [ClientServer/ClientMain/setUpConnection/DEBUG]: setUpConnection over
[20:16:09] [ClientServer/ClientMain/KERNEL]: 1.网络连接成功!
[20:16:09] [ClientServer/ClientMain/KERNEL]: 2.发送0000包，确认对方是否为服务器Gate端
[20:16:09] [AioModule/Read/Completed/DEBUG]: Received 18 bytes from session/192.168.1.100:8438
[20:16:09] [SendingModule/send00Package/INFO]: send00Package over
[20:16:09] [AioModule/Write/Completed/DEBUG]: Sent 14 bytes to session/192.168.1.100:8438
[20:16:09] [AioModule/Read/Completed/DEBUG]: Received contents(18bytes): ff ff 00 00 00 12 00 14 00 00 01 4d f7 25 ed 2e 9a 53 
[20:16:09] [ClientServer/ClientDecoder/INFO]: Receive a package 0014(PING)1434370567470
[20:16:09] [AioModule/Write/Completed/DEBUG]: Sent contents(14bytes): ff ff 00 00 00 0e 00 00 00 00 30 39 20 db 
[20:16:09] [SendingModule/PINGResponse/DEBUG]: package 0015(PING回应包) send!
[20:16:09] [AioModule/Write/Completed/DEBUG]: Sent 18 bytes to session/192.168.1.100:8438
[20:16:09] [AioModule/Write/Completed/DEBUG]: Sent contents(18bytes): ff ff 00 00 00 12 00 15 00 00 01 4d f7 25 ed 2e 92 df 
[20:16:09] [AioModule/Read/Completed/DEBUG]: Received 11 bytes from session/192.168.1.100:8438
[20:16:09] [AioModule/Read/Completed/DEBUG]: Received contents(11bytes): ff ff 00 00 00 0b 00 01 01 2a 46 
[20:16:09] [ClientServer/ClientDecoder/INFO]: Receive a package 0001(回应连接请求)
[20:16:09] [ClientServer/ClientDecoder/INFO]: package 0001: 1
[20:16:09] [ClientSever/LoginBox/serverState/INFO]: Receive a package 0001(回应连接请求)
[20:16:09] [ClientSever/LoginBox/serverState/INFO]: package 0001: 1
[20:16:09] [AioModule/Read/Completed/DEBUG]: Received 18 bytes from session/192.168.1.100:8438
[20:16:09] [AioModule/Read/Completed/DEBUG]: Received contents(18bytes): ff ff 00 00 00 12 00 16 00 00 00 00 00 00 00 32 28 80 
[20:16:09] [ClientServer/ClientDecoder/INFO]: Receive a package 0016(时间同步)2296
[20:16:10] [ClientServer/ClientMain/KERNEL]: 3.收到0001包，确认对方为服务器Gate端
[20:16:10] [ClientServer/ClientMain/KERNEL]: 4.初始化loginBox登陆界面
[20:16:17] [SendingModule/sendLogin/INFO]: package 0002(登陆信息) send!
[20:16:17] [AioModule/Write/Completed/DEBUG]: Sent 47 bytes to session/192.168.1.100:8438
[20:16:17] [AioModule/Write/Completed/DEBUG]: Sent contents(47bytes): ff ff 00 00 00 2f 00 02 78 79 6c 00 43 37 30 43 44 30 34 33 31 33 46 46 32 36 30 41 38 33 44 36 44 37 39 39 30 38 32 32 43 30 33 32 00 6a be 
[20:16:17] [AioModule/Read/Completed/DEBUG]: Received 11 bytes from session/192.168.1.100:8438
[20:16:17] [AioModule/Read/Completed/DEBUG]: Received contents(11bytes): ff ff 00 00 00 0b 00 03 01 2a 58 
[20:16:17] [ClientServer/ClientDecoder/INFO]: Receive a package 0003(登陆反馈)
[20:16:17] [ClientServer/ClientDecoder/INFO]: package 0003: true
[20:16:17] [ClientServer/LoginBox/onLoginResponse/INFO]: Receive a package 0003(登陆反馈)
[20:16:17] [ClientServer/LoginBox/onLoginResponse/INFO]: package 0003: true
[20:16:18] [AioModule/Read/Completed/DEBUG]: Received 39 bytes from session/192.168.1.100:8438
[20:16:18] [AioModule/Read/Completed/DEBUG]: Received contents(39bytes): ff ff 00 00 00 1d 00 06 00 00 04 03 bb c3 cf eb bc d2 d8 bc 00 01 00 00 00 00 0c 7a 9f ff ff 00 00 00 0a 00 06 45 71 
[20:16:18] [ClientServer/ClientDecoder/INFO]: Receive a package 0006(角色预加载)
[20:16:18] [ClientServer/ClientDecoder/INFO]: package 0006: /id: 1027/name: 幻想家丶/level: 1/gender: 0
[20:16:18] [ClientSever/LoginBox/addCharacter/INFO]: Receive a package 0006(角色预加载)
[20:16:18] [ClientServer/ClientDecoder/INFO]: Receive a package 0006(角色预加载――空包)
[20:16:18] [ClientServer/LoginBox/noMorePackage/INFO]: Receive a package 0006(角色预加载: 这是最后一个空包
[20:16:21] [SendingModule/sendCharacter/INFO]: package 0007(角色选择) send!
[20:16:21] [AioModule/Write/Completed/DEBUG]: Sent 14 bytes to session/192.168.1.100:8438
[20:16:21] [AioModule/Write/Completed/DEBUG]: Sent contents(14bytes): ff ff 00 00 00 0e 00 07 00 00 04 03 a0 98 
[20:16:21] [AioModule/Read/Completed/DEBUG]: Received 87 bytes from session/192.168.1.100:8438
[20:16:21] [AioModule/Read/Completed/DEBUG]: Received contents(87bytes): ff ff 00 00 00 57 00 0a 00 00 04 03 bb c3 cf eb bc d2 d8 bc 00 74 68 69 73 20 69 73 20 58 75 73 20 70 6c 61 6e 65 00 01 00 00 00 00 64 00 00 00 00 00 00 00 64 00 00 00 64 00 00 00 14 00 00 00 14 00 00 00 01 00 00 00 c8 00 00 1f 94 00 00 48 c3 00 00 00 0c 14 ca 
[20:16:21] [ClientServer/ClientDecoder/INFO]: Receive a package 000A(游戏中所有玩家信息)
[20:16:21] [ClientServer/ClientDecoder/INFO]: package 000A: /id: 1027/name: 幻想家丶/level: 1/gender: 0/posX: 8084/posY: 18627
[20:16:21] [ClientServer/GameBox/addCharacter/DEBUG]: Receive a package 000A(游戏中所有玩家信息)
[20:16:21] [ClientServer/GameBox/addCharacter/DEBUG]: 000A:加入一个主角玩家:幻想家丶
[20:16:21] [AioModule/Read/Completed/DEBUG]: Received 334 bytes from session/192.168.1.100:8438
[20:16:21] [AioModule/Read/Completed/DEBUG]: Received contents(334bytes): ff ff 00 00 01 0e 00 19 00 00 00 20 00 00 00 82 00 00 01 05 00 00 00 01 00 00 00 00 00 00 00 02 00 00 00 00 00 00 00 03 00 00 00 00 00 00 00 04 00 00 00 00 00 00 00 05 00 00 00 00 00 00 00 06 00 00 00 00 00 00 00 07 00 00 00 00 00 00 00 08 00 00 00 00 00 00 00 09 00 00 00 00 00 00 00 0a 00 00 00 00 00 00 00 0b 00 00 00 00 00 00 00 0c 00 00 00 00 00 00 00 0d 00 00 00 00 00 00 00 0e 00 00 00 00 00 00 00 0f 00 00 00 00 00 00 00 10 00 00 00 00 00 00 00 11 00 00 00 00 00 00 00 12 00 00 00 00 00 00 00 13 00 00 00 00 00 00 00 14 00 00 00 00 00 00 00 15 00 00 00 00 00 00 00 16 00 00 00 00 00 00 00 17 00 00 00 00 00 00 00 18 00 00 00 00 00 00 00 19 00 00 00 00 00 00 00 1a 00 00 00 00 00 00 00 1b 00 00 00 00 00 00 00 1c 00 00 00 00 00 00 00 1d 00 00 00 00 00 00 00 1e 00 00 00 00 00 00 00 1f 00 00 00 00 54 dd ff ff 00 00 00 32 00 1a 00 00 00 03 00 00 00 00 3b 9a ca 01 00 00 00 01 00 00 00 01 3b 9a ca 02 00 00 00 01 00 00 00 02 3b 9a ca 03 00 00 00 01 63 4d ff ff 00 00 00 0e 00 1b 00 00 00 00 72 5c 
[20:16:21] [ClientServer/ClientDecoder/INFO]: Receive a package 0019(背包信息)
[20:16:21] [ClientServer/ClientDecoder/INFO]: Receive a package 001A(技能信息)
[20:16:21] [ClientServer/ClientMain/KERNEL]: 5.登陆结束
[20:16:21] [ClientServer/ClientMain/KERNEL]: 6.开始游戏，启动gameBox
[20:16:21] [ClientServer/GameBox/startGame/KERNEL]: 接收主角详细信息(000A):关闭加载窗口,开始游戏!
[20:16:23] [Client/GameBox/updateTarget/INFO]: receive Package 000C(角色目标)
[20:16:23] [Client/GameBox/updateTarget/INFO]: targetX: 8087/targetY 18633
[20:16:23] [SendingModule/sendTargetPos/DEBUG]: package 000B(角色移动意图) send!
[20:16:23] [AioModule/Write/Completed/DEBUG]: Sent 26 bytes to session/192.168.1.100:8438
[20:16:23] [SendingModule/sendTargetPos/DEBUG]: targetX: 8087/targetY: 18633
[20:16:23] [AioModule/Write/Completed/DEBUG]: Sent contents(26bytes): ff ff 00 00 00 1a 00 0b 00 00 1f 97 00 00 48 c9 00 00 01 4d f7 26 21 78 73 1f 
[20:16:23] [AioModule/Read/Completed/DEBUG]: Received 30 bytes from session/192.168.1.100:8438
[20:16:23] [AioModule/Read/Completed/DEBUG]: Received contents(30bytes): ff ff 00 00 00 1e 00 0c 00 00 04 03 00 00 1f 97 00 00 48 c9 00 00 01 4d f7 26 21 78 b8 41 
[20:16:23] [ClientServer/ClientDecoder/INFO]: Receive a package 000C(所有玩家目标坐标更新)
[20:16:23] [ClientServer/ClientDecoder/INFO]: package 000C: /id: 1027/posX: 8087/posY: 18633
[20:16:23] [Client/GameBox/updateTarget/INFO]: receive Package 000C(角色目标)
[20:16:23] [Client/GameBox/updateTarget/INFO]: targetX: 8087/targetY 18633
[20:16:23] [Client/GameBox/updateTarget/INFO]: receive Package 000C(角色目标)
[20:16:23] [Client/GameBox/updateTarget/INFO]: targetX: 8083/targetY 18629
[20:16:23] [SendingModule/sendTargetPos/DEBUG]: package 000B(角色移动意图) send!
[20:16:23] [AioModule/Write/Completed/DEBUG]: Sent 26 bytes to session/192.168.1.100:8438
[20:16:23] [SendingModule/sendTargetPos/DEBUG]: targetX: 8083/targetY: 18629
[20:16:23] [AioModule/Write/Completed/DEBUG]: Sent contents(26bytes): ff ff 00 00 00 1a 00 0b 00 00 1f 93 00 00 48 c5 00 00 01 4d f7 26 23 90 02 79 
[20:16:23] [AioModule/Read/Completed/DEBUG]: Received 30 bytes from session/192.168.1.100:8438
[20:16:23] [AioModule/Read/Completed/DEBUG]: Received contents(30bytes): ff ff 00 00 00 1e 00 0c 00 00 04 03 00 00 1f 93 00 00 48 c5 00 00 01 4d f7 26 23 90 a8 e7 
[20:16:23] [ClientServer/ClientDecoder/INFO]: Receive a package 000C(所有玩家目标坐标更新)
[20:16:23] [ClientServer/ClientDecoder/INFO]: package 000C: /id: 1027/posX: 8083/posY: 18629
[20:16:23] [Client/GameBox/updateTarget/INFO]: receive Package 000C(角色目标)
[20:16:23] [Client/GameBox/updateTarget/INFO]: targetX: 8083/targetY 18629
[20:16:23] [Client/GameBox/updateTarget/INFO]: receive Package 000C(角色目标)
[20:16:23] [Client/GameBox/updateTarget/INFO]: targetX: 8079/targetY 18627
[20:16:23] [SendingModule/sendTargetPos/DEBUG]: package 000B(角色移动意图) send!
[20:16:23] [AioModule/Write/Completed/DEBUG]: Sent 26 bytes to session/192.168.1.100:8438
[20:16:23] [SendingModule/sendTargetPos/DEBUG]: targetX: 8079/targetY: 18627
[20:16:23] [AioModule/Write/Completed/DEBUG]: Sent contents(26bytes): ff ff 00 00 00 1a 00 0b 00 00 1f 8f 00 00 48 c3 00 00 01 4d f7 26 24 31 2e 90 
[20:16:23] [AioModule/Read/Completed/DEBUG]: Received 30 bytes from session/192.168.1.100:8438
[20:16:23] [AioModule/Read/Completed/DEBUG]: Received contents(30bytes): ff ff 00 00 00 1e 00 0c 00 00 04 03 00 00 1f 8f 00 00 48 c3 00 00 01 4d f7 26 24 31 3e 18 
[20:16:23] [ClientServer/ClientDecoder/INFO]: Receive a package 000C(所有玩家目标坐标更新)
[20:16:23] [ClientServer/ClientDecoder/INFO]: package 000C: /id: 1027/posX: 8079/posY: 18627
[20:16:23] [Client/GameBox/updateTarget/INFO]: receive Package 000C(角色目标)
[20:16:23] [Client/GameBox/updateTarget/INFO]: targetX: 8079/targetY 18627
[20:16:24] [Client/GameBox/updateTarget/INFO]: receive Package 000C(角色目标)
[20:16:24] [Client/GameBox/updateTarget/INFO]: targetX: 8078/targetY 18628
[20:16:24] [SendingModule/sendTargetPos/DEBUG]: package 000B(角色移动意图) send!
[20:16:24] [SendingModule/sendTargetPos/DEBUG]: targetX: 8078/targetY: 18628
[20:16:24] [AioModule/Write/Completed/DEBUG]: Sent 26 bytes to session/192.168.1.100:8438
[20:16:24] [AioModule/Write/Completed/DEBUG]: Sent contents(26bytes): ff ff 00 00 00 1a 00 0b 00 00 1f 8e 00 00 48 c4 00 00 01 4d f7 26 24 ed 4c 32 
[20:16:24] [AioModule/Read/Completed/DEBUG]: Received 30 bytes from session/192.168.1.100:8438
[20:16:24] [AioModule/Read/Completed/DEBUG]: Received contents(30bytes): ff ff 00 00 00 1e 00 0c 00 00 04 03 00 00 1f 8e 00 00 48 c4 00 00 01 4d f7 26 24 ed 3e b2 
[20:16:24] [ClientServer/ClientDecoder/INFO]: Receive a package 000C(所有玩家目标坐标更新)
[20:16:24] [ClientServer/ClientDecoder/INFO]: package 000C: /id: 1027/posX: 8078/posY: 18628
[20:16:24] [Client/GameBox/updateTarget/INFO]: receive Package 000C(角色目标)
[20:16:24] [Client/GameBox/updateTarget/INFO]: targetX: 8078/targetY 18628
[20:16:24] [Client/GameBox/updateTarget/INFO]: receive Package 000C(角色目标)
[20:16:24] [Client/GameBox/updateTarget/INFO]: targetX: 8078/targetY 18628
[20:16:24] [SendingModule/sendTargetPos/DEBUG]: package 000B(角色移动意图) send!
[20:16:24] [AioModule/Write/Completed/DEBUG]: Sent 26 bytes to session/192.168.1.100:8438
[20:16:24] [SendingModule/sendTargetPos/DEBUG]: targetX: 8078/targetY: 18628
[20:16:24] [AioModule/Write/Completed/DEBUG]: Sent contents(26bytes): ff ff 00 00 00 1a 00 0b 00 00 1f 8e 00 00 48 c4 00 00 01 4d f7 26 25 98 4b f5 
[20:16:24] [AioModule/Read/Completed/DEBUG]: Received 30 bytes from session/192.168.1.100:8438
[20:16:24] [AioModule/Read/Completed/DEBUG]: Received contents(30bytes): ff ff 00 00 00 1e 00 0c 00 00 04 03 00 00 1f 8e 00 00 48 c4 00 00 01 4d f7 26 25 98 3e 79 
[20:16:24] [ClientServer/ClientDecoder/INFO]: Receive a package 000C(所有玩家目标坐标更新)
[20:16:24] [ClientServer/ClientDecoder/INFO]: package 000C: /id: 1027/posX: 8078/posY: 18628
[20:16:24] [Client/GameBox/updateTarget/INFO]: receive Package 000C(角色目标)
[20:16:24] [Client/GameBox/updateTarget/INFO]: targetX: 8078/targetY 18628
[20:16:24] [Client/GameBox/updateTarget/INFO]: receive Package 000C(角色目标)
[20:16:24] [Client/GameBox/updateTarget/INFO]: targetX: 8078/targetY 18628
[20:16:24] [SendingModule/sendTargetPos/DEBUG]: package 000B(角色移动意图) send!
[20:16:24] [AioModule/Write/Completed/DEBUG]: Sent 26 bytes to session/192.168.1.100:8438
[20:16:24] [SendingModule/sendTargetPos/DEBUG]: targetX: 8078/targetY: 18628
[20:16:24] [AioModule/Write/Completed/DEBUG]: Sent contents(26bytes): ff ff 00 00 00 1a 00 0b 00 00 1f 8e 00 00 48 c4 00 00 01 4d f7 26 26 29 4c 9e 
[20:16:24] [AioModule/Read/Completed/DEBUG]: Received 30 bytes from session/192.168.1.100:8438
[20:16:24] [AioModule/Read/Completed/DEBUG]: Received contents(30bytes): ff ff 00 00 00 1e 00 0c 00 00 04 03 00 00 1f 8e 00 00 48 c4 00 00 01 4d f7 26 26 29 3f 26 
[20:16:24] [ClientServer/ClientDecoder/INFO]: Receive a package 000C(所有玩家目标坐标更新)
[20:16:24] [ClientServer/ClientDecoder/INFO]: package 000C: /id: 1027/posX: 8078/posY: 18628
[20:16:24] [Client/GameBox/updateTarget/INFO]: receive Package 000C(角色目标)
[20:16:24] [Client/GameBox/updateTarget/INFO]: targetX: 8078/targetY 18628
[20:16:24] [Client/GameBox/updateTarget/INFO]: receive Package 000C(角色目标)
[20:16:24] [Client/GameBox/updateTarget/INFO]: targetX: 8079/targetY 18629
[20:16:24] [SendingModule/sendTargetPos/DEBUG]: package 000B(角色移动意图) send!
[20:16:24] [AioModule/Write/Completed/DEBUG]: Sent 26 bytes to session/192.168.1.100:8438
[20:16:24] [SendingModule/sendTargetPos/DEBUG]: targetX: 8079/targetY: 18629
[20:16:24] [AioModule/Write/Completed/DEBUG]: Sent contents(26bytes): ff ff 00 00 00 1a 00 0b 00 00 1f 8f 00 00 48 c5 00 00 01 4d f7 26 26 b8 06 be 
[20:16:24] [AioModule/Read/Completed/DEBUG]: Received 30 bytes from session/192.168.1.100:8438
[20:16:24] [AioModule/Read/Completed/DEBUG]: Received contents(30bytes): ff ff 00 00 00 1e 00 0c 00 00 04 03 00 00 1f 8f 00 00 48 c5 00 00 01 4d f7 26 26 b8 a3 ca 
[20:16:24] [ClientServer/ClientDecoder/INFO]: Receive a package 000C(所有玩家目标坐标更新)
[20:16:24] [ClientServer/ClientDecoder/INFO]: package 000C: /id: 1027/posX: 8079/posY: 18629
[20:16:24] [Client/GameBox/updateTarget/INFO]: receive Package 000C(角色目标)
[20:16:24] [Client/GameBox/updateTarget/INFO]: targetX: 8079/targetY 18629
[20:16:24] [Client/GameBox/updateTarget/INFO]: receive Package 000C(角色目标)
[20:16:24] [Client/GameBox/updateTarget/INFO]: targetX: 8077/targetY 18635
[20:16:24] [SendingModule/sendTargetPos/DEBUG]: package 000B(角色移动意图) send!
[20:16:24] [AioModule/Write/Completed/DEBUG]: Sent 26 bytes to session/192.168.1.100:8438
[20:16:24] [SendingModule/sendTargetPos/DEBUG]: targetX: 8077/targetY: 18635
[20:16:24] [AioModule/Write/Completed/DEBUG]: Sent contents(26bytes): ff ff 00 00 00 1a 00 0b 00 00 1f 8d 00 00 48 cb 00 00 01 4d f7 26 27 6f b7 1c 
[20:16:24] [AioModule/Read/Completed/DEBUG]: Received 30 bytes from session/192.168.1.100:8438
[20:16:24] [AioModule/Read/Completed/DEBUG]: Received contents(30bytes): ff ff 00 00 00 1e 00 0c 00 00 04 03 00 00 1f 8d 00 00 48 cb 00 00 01 4d f7 26 27 6f af 6a 
[20:16:24] [ClientServer/ClientDecoder/INFO]: Receive a package 000C(所有玩家目标坐标更新)
[20:16:24] [ClientServer/ClientDecoder/INFO]: package 000C: /id: 1027/posX: 8077/posY: 18635
[20:16:24] [Client/GameBox/updateTarget/INFO]: receive Package 000C(角色目标)
[20:16:24] [Client/GameBox/updateTarget/INFO]: targetX: 8077/targetY 18635
[20:16:24] [Client/GameBox/updateTarget/INFO]: receive Package 000C(角色目标)
[20:16:24] [Client/GameBox/updateTarget/INFO]: targetX: 8073/targetY 18644
[20:16:24] [SendingModule/sendTargetPos/DEBUG]: package 000B(角色移动意图) send!
[20:16:24] [AioModule/Write/Completed/DEBUG]: Sent 26 bytes to session/192.168.1.100:8438
[20:16:24] [SendingModule/sendTargetPos/DEBUG]: targetX: 8073/targetY: 18644
[20:16:24] [AioModule/Write/Completed/DEBUG]: Sent contents(26bytes): ff ff 00 00 00 1a 00 0b 00 00 1f 89 00 00 48 d4 00 00 01 4d f7 26 28 12 6a 2e 
[20:16:24] [AioModule/Read/Completed/DEBUG]: Received 30 bytes from session/192.168.1.100:8438
[20:16:24] [AioModule/Read/Completed/DEBUG]: Received contents(30bytes): ff ff 00 00 00 1e 00 0c 00 00 04 03 00 00 1f 89 00 00 48 d4 00 00 01 4d f7 26 28 12 8d 41 
[20:16:24] [ClientServer/ClientDecoder/INFO]: Receive a package 000C(所有玩家目标坐标更新)
[20:16:24] [ClientServer/ClientDecoder/INFO]: package 000C: /id: 1027/posX: 8073/posY: 18644
[20:16:24] [Client/GameBox/updateTarget/INFO]: receive Package 000C(角色目标)
[20:16:24] [Client/GameBox/updateTarget/INFO]: targetX: 8073/targetY 18644
[20:16:24] [Client/GameBox/updateTarget/INFO]: receive Package 000C(角色目标)
[20:16:24] [Client/GameBox/updateTarget/INFO]: targetX: 8070/targetY 18652
[20:16:24] [SendingModule/sendTargetPos/DEBUG]: package 000B(角色移动意图) send!
[20:16:24] [AioModule/Write/Completed/DEBUG]: Sent 26 bytes to session/192.168.1.100:8438
[20:16:24] [SendingModule/sendTargetPos/DEBUG]: targetX: 8070/targetY: 18652
[20:16:24] [AioModule/Write/Completed/DEBUG]: Sent contents(26bytes): ff ff 00 00 00 1a 00 0b 00 00 1f 86 00 00 48 dc 00 00 01 4d f7 26 28 8e c1 f0 
[20:16:24] [AioModule/Read/Completed/DEBUG]: Received 30 bytes from session/192.168.1.100:8438
[20:16:24] [AioModule/Read/Completed/DEBUG]: Received contents(30bytes): ff ff 00 00 00 1e 00 0c 00 00 04 03 00 00 1f 86 00 00 48 dc 00 00 01 4d f7 26 28 8e 69 f7 
[20:16:24] [ClientServer/ClientDecoder/INFO]: Receive a package 000C(所有玩家目标坐标更新)
[20:16:24] [ClientServer/ClientDecoder/INFO]: package 000C: /id: 1027/posX: 8070/posY: 18652
[20:16:24] [Client/GameBox/updateTarget/INFO]: receive Package 000C(角色目标)
[20:16:24] [Client/GameBox/updateTarget/INFO]: targetX: 8070/targetY 18652
[20:16:25] [Client/GameBox/updateTarget/INFO]: receive Package 000C(角色目标)
[20:16:25] [Client/GameBox/updateTarget/INFO]: targetX: 8067/targetY 18660
[20:16:25] [SendingModule/sendTargetPos/DEBUG]: package 000B(角色移动意图) send!
[20:16:25] [AioModule/Write/Completed/DEBUG]: Sent 26 bytes to session/192.168.1.100:8438
[20:16:25] [SendingModule/sendTargetPos/DEBUG]: targetX: 8067/targetY: 18660
[20:16:25] [AioModule/Write/Completed/DEBUG]: Sent contents(26bytes): ff ff 00 00 00 1a 00 0b 00 00 1f 83 00 00 48 e4 00 00 01 4d f7 26 29 20 58 0b 
[20:16:25] [AioModule/Read/Completed/DEBUG]: Received 30 bytes from session/192.168.1.100:8438
[20:16:25] [AioModule/Read/Completed/DEBUG]: Received contents(30bytes): ff ff 00 00 00 1e 00 0c 00 00 04 03 00 00 1f 83 00 00 48 e4 00 00 01 4d f7 26 29 20 47 df 
[20:16:25] [ClientServer/ClientDecoder/INFO]: Receive a package 000C(所有玩家目标坐标更新)
[20:16:25] [ClientServer/ClientDecoder/INFO]: package 000C: /id: 1027/posX: 8067/posY: 18660
[20:16:25] [Client/GameBox/updateTarget/INFO]: receive Package 000C(角色目标)
[20:16:25] [Client/GameBox/updateTarget/INFO]: targetX: 8067/targetY 18660
[20:16:25] [Client/GameBox/updateTarget/INFO]: receive Package 000C(角色目标)
[20:16:25] [Client/GameBox/updateTarget/INFO]: targetX: 8064/targetY 18667
[20:16:25] [SendingModule/sendTargetPos/DEBUG]: package 000B(角色移动意图) send!
[20:16:25] [AioModule/Write/Completed/DEBUG]: Sent 26 bytes to session/192.168.1.100:8438
[20:16:25] [SendingModule/sendTargetPos/DEBUG]: targetX: 8064/targetY: 18667
[20:16:25] [AioModule/Write/Completed/DEBUG]: Sent contents(26bytes): ff ff 00 00 00 1a 00 0b 00 00 1f 80 00 00 48 eb 00 00 01 4d f7 26 29 c7 62 52 
[20:16:25] [AioModule/Read/Completed/DEBUG]: Received 30 bytes from session/192.168.1.100:8438
[20:16:25] [AioModule/Read/Completed/DEBUG]: Received contents(30bytes): ff ff 00 00 00 1e 00 0c 00 00 04 03 00 00 1f 80 00 00 48 eb 00 00 01 4d f7 26 29 c7 53 31 
[20:16:25] [ClientServer/ClientDecoder/INFO]: Receive a package 000C(所有玩家目标坐标更新)
[20:16:25] [ClientServer/ClientDecoder/INFO]: package 000C: /id: 1027/posX: 8064/posY: 18667
[20:16:25] [Client/GameBox/updateTarget/INFO]: receive Package 000C(角色目标)
[20:16:25] [Client/GameBox/updateTarget/INFO]: targetX: 8064/targetY 18667
[20:16:25] [Client/GameBox/updateTarget/INFO]: receive Package 000C(角色目标)
[20:16:25] [Client/GameBox/updateTarget/INFO]: targetX: 8061/targetY 18673
[20:16:25] [SendingModule/sendTargetPos/DEBUG]: package 000B(角色移动意图) send!
[20:16:25] [AioModule/Write/Completed/DEBUG]: Sent 26 bytes to session/192.168.1.100:8438
[20:16:25] [SendingModule/sendTargetPos/DEBUG]: targetX: 8061/targetY: 18673
[20:16:25] [AioModule/Write/Completed/DEBUG]: Sent contents(26bytes): ff ff 00 00 00 1a 00 0b 00 00 1f 7d 00 00 48 f1 00 00 01 4d f7 26 2a 80 af 87 
[20:16:25] [AioModule/Read/Completed/DEBUG]: Received 30 bytes from session/192.168.1.100:8438
[20:16:25] [AioModule/Read/Completed/DEBUG]: Received contents(30bytes): ff ff 00 00 00 1e 00 0c 00 00 04 03 00 00 1f 7d 00 00 48 f1 00 00 01 4d f7 26 2a 80 6d b8 
[20:16:25] [ClientServer/ClientDecoder/INFO]: Receive a package 000C(所有玩家目标坐标更新)
[20:16:25] [ClientServer/ClientDecoder/INFO]: package 000C: /id: 1027/posX: 8061/posY: 18673
[20:16:25] [Client/GameBox/updateTarget/INFO]: receive Package 000C(角色目标)
[20:16:25] [Client/GameBox/updateTarget/INFO]: targetX: 8061/targetY 18673
[20:16:25] [Client/GameBox/updateTarget/INFO]: receive Package 000C(角色目标)
[20:16:25] [Client/GameBox/updateTarget/INFO]: targetX: 8059/targetY 18676
[20:16:25] [SendingModule/sendTargetPos/DEBUG]: package 000B(角色移动意图) send!
[20:16:25] [AioModule/Write/Completed/DEBUG]: Sent 26 bytes to session/192.168.1.100:8438
[20:16:25] [SendingModule/sendTargetPos/DEBUG]: targetX: 8059/targetY: 18676
[20:16:25] [AioModule/Write/Completed/DEBUG]: Sent contents(26bytes): ff ff 00 00 00 1a 00 0b 00 00 1f 7b 00 00 48 f4 00 00 01 4d f7 26 2b 39 76 f5 
[20:16:25] [AioModule/Read/Completed/DEBUG]: Received 30 bytes from session/192.168.1.100:8438
[20:16:25] [AioModule/Read/Completed/DEBUG]: Received contents(30bytes): ff ff 00 00 00 1e 00 0c 00 00 04 03 00 00 1f 7b 00 00 48 f4 00 00 01 4d f7 26 2b 39 41 d8 
[20:16:25] [ClientServer/ClientDecoder/INFO]: Receive a package 000C(所有玩家目标坐标更新)
[20:16:25] [ClientServer/ClientDecoder/INFO]: package 000C: /id: 1027/posX: 8059/posY: 18676
[20:16:25] [Client/GameBox/updateTarget/INFO]: receive Package 000C(角色目标)
[20:16:25] [Client/GameBox/updateTarget/INFO]: targetX: 8059/targetY 18676
[20:16:25] [Client/GameBox/updateTarget/INFO]: receive Package 000C(角色目标)
[20:16:25] [Client/GameBox/updateTarget/INFO]: targetX: 8058/targetY 18682
[20:16:25] [SendingModule/sendTargetPos/DEBUG]: package 000B(角色移动意图) send!
[20:16:25] [SendingModule/sendTargetPos/DEBUG]: targetX: 8058/targetY: 18682
[20:16:25] [AioModule/Write/Completed/DEBUG]: Sent 26 bytes to session/192.168.1.100:8438
[20:16:25] [AioModule/Write/Completed/DEBUG]: Sent contents(26bytes): ff ff 00 00 00 1a 00 0b 00 00 1f 7a 00 00 48 fa 00 00 01 4d f7 26 2b c8 92 fe 
[20:16:25] [AioModule/Read/Completed/DEBUG]: Received 30 bytes from session/192.168.1.100:8438
[20:16:25] [AioModule/Read/Completed/DEBUG]: Received contents(30bytes): ff ff 00 00 00 1e 00 0c 00 00 04 03 00 00 1f 7a 00 00 48 fa 00 00 01 4d f7 26 2b c8 1c e5 
[20:16:25] [ClientServer/ClientDecoder/INFO]: Receive a package 000C(所有玩家目标坐标更新)
[20:16:25] [ClientServer/ClientDecoder/INFO]: package 000C: /id: 1027/posX: 8058/posY: 18682
[20:16:25] [Client/GameBox/updateTarget/INFO]: receive Package 000C(角色目标)
[20:16:25] [Client/GameBox/updateTarget/INFO]: targetX: 8058/targetY 18682
[20:16:25] [Client/GameBox/updateTarget/INFO]: receive Package 000C(角色目标)
[20:16:25] [Client/GameBox/updateTarget/INFO]: targetX: 8058/targetY 18690
[20:16:25] [SendingModule/sendTargetPos/DEBUG]: package 000B(角色移动意图) send!
[20:16:25] [AioModule/Write/Completed/DEBUG]: Sent 26 bytes to session/192.168.1.100:8438
[20:16:25] [SendingModule/sendTargetPos/DEBUG]: targetX: 8058/targetY: 18690
[20:16:25] [AioModule/Write/Completed/DEBUG]: Sent contents(26bytes): ff ff 00 00 00 1a 00 0b 00 00 1f 7a 00 00 49 02 00 00 01 4d f7 26 2c 6a 3e f6 
[20:16:25] [AioModule/Read/Completed/DEBUG]: Received 30 bytes from session/192.168.1.100:8438
[20:16:25] [AioModule/Read/Completed/DEBUG]: Received contents(30bytes): ff ff 00 00 00 1e 00 0c 00 00 04 03 00 00 1f 7a 00 00 49 02 00 00 01 4d f7 26 2c 6a 5d 1a 
[20:16:26] [ClientServer/ClientDecoder/INFO]: Receive a package 000C(所有玩家目标坐标更新)
[20:16:26] [ClientServer/ClientDecoder/INFO]: package 000C: /id: 1027/posX: 8058/posY: 18690
[20:16:26] [Client/GameBox/updateTarget/INFO]: receive Package 000C(角色目标)
[20:16:26] [Client/GameBox/updateTarget/INFO]: targetX: 8058/targetY 18690
[20:16:26] [Client/GameBox/updateTarget/INFO]: receive Package 000C(角色目标)
[20:16:26] [Client/GameBox/updateTarget/INFO]: targetX: 8059/targetY 18698
[20:16:26] [SendingModule/sendTargetPos/DEBUG]: package 000B(角色移动意图) send!
[20:16:26] [AioModule/Write/Completed/DEBUG]: Sent 26 bytes to session/192.168.1.100:8438
[20:16:26] [SendingModule/sendTargetPos/DEBUG]: targetX: 8059/targetY: 18698
[20:16:26] [AioModule/Write/Completed/DEBUG]: Sent contents(26bytes): ff ff 00 00 00 1a 00 0b 00 00 1f 7b 00 00 49 0a 00 00 01 4d f7 26 2d 22 93 37 
[20:16:26] [AioModule/Read/Completed/DEBUG]: Received 30 bytes from session/192.168.1.100:8438
[20:16:26] [AioModule/Read/Completed/DEBUG]: Received contents(30bytes): ff ff 00 00 00 1e 00 0c 00 00 04 03 00 00 1f 7b 00 00 49 0a 00 00 01 4d f7 26 2d 22 3f c1 
[20:16:26] [ClientServer/ClientDecoder/INFO]: Receive a package 000C(所有玩家目标坐标更新)
[20:16:26] [ClientServer/ClientDecoder/INFO]: package 000C: /id: 1027/posX: 8059/posY: 18698
[20:16:26] [Client/GameBox/updateTarget/INFO]: receive Package 000C(角色目标)
[20:16:26] [Client/GameBox/updateTarget/INFO]: targetX: 8059/targetY 18698
[20:16:26] [Client/GameBox/updateTarget/INFO]: receive Package 000C(角色目标)
[20:16:26] [Client/GameBox/updateTarget/INFO]: targetX: 8060/targetY 18706
[20:16:26] [SendingModule/sendTargetPos/DEBUG]: package 000B(角色移动意图) send!
[20:16:26] [AioModule/Write/Completed/DEBUG]: Sent 26 bytes to session/192.168.1.100:8438
[20:16:26] [SendingModule/sendTargetPos/DEBUG]: targetX: 8060/targetY: 18706
[20:16:26] [AioModule/Write/Completed/DEBUG]: Sent contents(26bytes): ff ff 00 00 00 1a 00 0b 00 00 1f 7c 00 00 49 12 00 00 01 4d f7 26 2d b2 24 63 
[20:16:26] [AioModule/Read/Completed/DEBUG]: Received 30 bytes from session/192.168.1.100:8438
[20:16:26] [AioModule/Read/Completed/DEBUG]: Received contents(30bytes): ff ff 00 00 00 1e 00 0c 00 00 04 03 00 00 1f 7c 00 00 49 12 00 00 01 4d f7 26 2d b2 22 24 
[20:16:26] [ClientServer/ClientDecoder/INFO]: Receive a package 000C(所有玩家目标坐标更新)
[20:16:26] [ClientServer/ClientDecoder/INFO]: package 000C: /id: 1027/posX: 8060/posY: 18706
[20:16:26] [Client/GameBox/updateTarget/INFO]: receive Package 000C(角色目标)
[20:16:26] [Client/GameBox/updateTarget/INFO]: targetX: 8060/targetY 18706
[20:16:26] [Client/GameBox/updateTarget/INFO]: receive Package 000C(角色目标)
[20:16:26] [Client/GameBox/updateTarget/INFO]: targetX: 8064/targetY 18703
[20:16:26] [SendingModule/sendTargetPos/DEBUG]: package 000B(角色移动意图) send!
[20:16:26] [SendingModule/sendTargetPos/DEBUG]: targetX: 8064/targetY: 18703
[20:16:26] [AioModule/Write/Completed/DEBUG]: Sent 26 bytes to session/192.168.1.100:8438
[20:16:26] [AioModule/Write/Completed/DEBUG]: Sent contents(26bytes): ff ff 00 00 00 1a 00 0b 00 00 1f 80 00 00 49 0f 00 00 01 4d f7 26 2e 6b 2d ad 
[20:16:26] [AioModule/Read/Completed/DEBUG]: Received 30 bytes from session/192.168.1.100:8438
[20:16:26] [AioModule/Read/Completed/DEBUG]: Received contents(30bytes): ff ff 00 00 00 1e 00 0c 00 00 04 03 00 00 1f 80 00 00 49 0f 00 00 01 4d f7 26 2e 6b 10 7a 
[20:16:26] [ClientServer/ClientDecoder/INFO]: Receive a package 000C(所有玩家目标坐标更新)
[20:16:26] [ClientServer/ClientDecoder/INFO]: package 000C: /id: 1027/posX: 8064/posY: 18703
[20:16:26] [Client/GameBox/updateTarget/INFO]: receive Package 000C(角色目标)
[20:16:26] [Client/GameBox/updateTarget/INFO]: targetX: 8064/targetY 18703
[20:16:26] [Client/GameBox/updateTarget/INFO]: receive Package 000C(角色目标)
[20:16:26] [Client/GameBox/updateTarget/INFO]: targetX: 8059/targetY 18705
[20:16:26] [SendingModule/sendTargetPos/DEBUG]: package 000B(角色移动意图) send!
[20:16:26] [SendingModule/sendTargetPos/DEBUG]: targetX: 8059/targetY: 18705
[20:16:26] [AioModule/Write/Completed/DEBUG]: Sent 26 bytes to session/192.168.1.100:8438
[20:16:26] [AioModule/Write/Completed/DEBUG]: Sent contents(26bytes): ff ff 00 00 00 1a 00 0b 00 00 1f 7b 00 00 49 11 00 00 01 4d f7 26 2f 0f 6a 5f 
[20:16:26] [AioModule/Read/Completed/DEBUG]: Received 30 bytes from session/192.168.1.100:8438
[20:16:26] [AioModule/Read/Completed/DEBUG]: Received contents(30bytes): ff ff 00 00 00 1e 00 0c 00 00 04 03 00 00 1f 7b 00 00 49 11 00 00 01 4d f7 26 2f 0f 80 79 
[20:16:26] [ClientServer/ClientDecoder/INFO]: Receive a package 000C(所有玩家目标坐标更新)
[20:16:26] [ClientServer/ClientDecoder/INFO]: package 000C: /id: 1027/posX: 8059/posY: 18705
[20:16:26] [Client/GameBox/updateTarget/INFO]: receive Package 000C(角色目标)
[20:16:26] [Client/GameBox/updateTarget/INFO]: targetX: 8059/targetY 18705
[20:16:26] [Client/GameBox/updateTarget/INFO]: receive Package 000C(角色目标)
[20:16:26] [Client/GameBox/updateTarget/INFO]: targetX: 8046/targetY 18702
[20:16:26] [SendingModule/sendTargetPos/DEBUG]: package 000B(角色移动意图) send!
[20:16:26] [AioModule/Write/Completed/DEBUG]: Sent 26 bytes to session/192.168.1.100:8438
[20:16:26] [SendingModule/sendTargetPos/DEBUG]: targetX: 8046/targetY: 18702
[20:16:26] [AioModule/Write/Completed/DEBUG]: Sent contents(26bytes): ff ff 00 00 00 1a 00 0b 00 00 1f 6e 00 00 49 0e 00 00 01 4d f7 26 2f b4 1f a6 
[20:16:26] [AioModule/Read/Completed/DEBUG]: Received 30 bytes from session/192.168.1.100:8438
[20:16:26] [AioModule/Read/Completed/DEBUG]: Received contents(30bytes): ff ff 00 00 00 1e 00 0c 00 00 04 03 00 00 1f 6e 00 00 49 0e 00 00 01 4d f7 26 2f b4 67 20 
[20:16:26] [ClientServer/ClientDecoder/INFO]: Receive a package 000C(所有玩家目标坐标更新)
[20:16:26] [ClientServer/ClientDecoder/INFO]: package 000C: /id: 1027/posX: 8046/posY: 18702
[20:16:26] [Client/GameBox/updateTarget/INFO]: receive Package 000C(角色目标)
[20:16:26] [Client/GameBox/updateTarget/INFO]: targetX: 8046/targetY 18702
[20:16:26] [Client/GameBox/updateTarget/INFO]: receive Package 000C(角色目标)
[20:16:26] [Client/GameBox/updateTarget/INFO]: targetX: 8047/targetY 18702
[20:16:26] [SendingModule/sendTargetPos/DEBUG]: package 000B(角色移动意图) send!
[20:16:26] [AioModule/Write/Completed/DEBUG]: Sent 26 bytes to session/192.168.1.100:8438
[20:16:26] [SendingModule/sendTargetPos/DEBUG]: targetX: 8047/targetY: 18702
[20:16:26] [AioModule/Write/Completed/DEBUG]: Sent contents(26bytes): ff ff 00 00 00 1a 00 0b 00 00 1f 6f 00 00 49 0e 00 00 01 4d f7 26 30 47 50 11 
[20:16:26] [AioModule/Read/Completed/DEBUG]: Received 30 bytes from session/192.168.1.100:8438
[20:16:26] [AioModule/Read/Completed/DEBUG]: Received contents(30bytes): ff ff 00 00 00 1e 00 0c 00 00 04 03 00 00 1f 6f 00 00 49 0e 00 00 01 4d f7 26 30 47 38 80 
[20:16:26] [ClientServer/ClientDecoder/INFO]: Receive a package 000C(所有玩家目标坐标更新)
[20:16:26] [ClientServer/ClientDecoder/INFO]: package 000C: /id: 1027/posX: 8047/posY: 18702
[20:16:26] [Client/GameBox/updateTarget/INFO]: receive Package 000C(角色目标)
[20:16:26] [Client/GameBox/updateTarget/INFO]: targetX: 8047/targetY 18702
[20:16:27] [Client/GameBox/updateTarget/INFO]: receive Package 000C(角色目标)
[20:16:27] [Client/GameBox/updateTarget/INFO]: targetX: 8048/targetY 18706
[20:16:27] [SendingModule/sendTargetPos/DEBUG]: package 000B(角色移动意图) send!
[20:16:27] [SendingModule/sendTargetPos/DEBUG]: targetX: 8048/targetY: 18706
[20:16:27] [AioModule/Write/Completed/DEBUG]: Sent 26 bytes to session/192.168.1.100:8438
[20:16:27] [AioModule/Write/Completed/DEBUG]: Sent contents(26bytes): ff ff 00 00 00 1a 00 0b 00 00 1f 70 00 00 49 12 00 00 01 4d f7 26 30 e9 30 61 
[20:16:27] [AioModule/Read/Completed/DEBUG]: Received 30 bytes from session/192.168.1.100:8438
[20:16:27] [AioModule/Read/Completed/DEBUG]: Received contents(30bytes): ff ff 00 00 00 1e 00 0c 00 00 04 03 00 00 1f 70 00 00 49 12 00 00 01 4d f7 26 30 e9 11 e4 
[20:16:27] [ClientServer/ClientDecoder/INFO]: Receive a package 000C(所有玩家目标坐标更新)
[20:16:27] [ClientServer/ClientDecoder/INFO]: package 000C: /id: 1027/posX: 8048/posY: 18706
[20:16:27] [Client/GameBox/updateTarget/INFO]: receive Package 000C(角色目标)
[20:16:27] [Client/GameBox/updateTarget/INFO]: targetX: 8048/targetY 18706
[20:16:27] [Client/GameBox/updateTarget/INFO]: receive Package 000C(角色目标)
[20:16:27] [Client/GameBox/updateTarget/INFO]: targetX: 8049/targetY 18713
[20:16:27] [SendingModule/sendTargetPos/DEBUG]: package 000B(角色移动意图) send!
[20:16:27] [SendingModule/sendTargetPos/DEBUG]: targetX: 8049/targetY: 18713
[20:16:27] [AioModule/Write/Completed/DEBUG]: Sent 26 bytes to session/192.168.1.100:8438
[20:16:27] [AioModule/Write/Completed/DEBUG]: Sent contents(26bytes): ff ff 00 00 00 1a 00 0b 00 00 1f 71 00 00 49 19 00 00 01 4d f7 26 31 81 36 dc 
[20:16:27] [AioModule/Read/Completed/DEBUG]: Received 30 bytes from session/192.168.1.100:8438
[20:16:27] [AioModule/Read/Completed/DEBUG]: Received contents(30bytes): ff ff 00 00 00 1e 00 0c 00 00 04 03 00 00 1f 71 00 00 49 19 00 00 01 4d f7 26 31 81 22 dc 
[20:16:27] [ClientServer/ClientDecoder/INFO]: Receive a package 000C(所有玩家目标坐标更新)
[20:16:27] [ClientServer/ClientDecoder/INFO]: package 000C: /id: 1027/posX: 8049/posY: 18713
[20:16:27] [Client/GameBox/updateTarget/INFO]: receive Package 000C(角色目标)
[20:16:27] [Client/GameBox/updateTarget/INFO]: targetX: 8049/targetY 18713
[20:16:27] [Client/GameBox/updateTarget/INFO]: receive Package 000C(角色目标)
[20:16:27] [Client/GameBox/updateTarget/INFO]: targetX: 8051/targetY 18719
[20:16:27] [SendingModule/sendTargetPos/DEBUG]: package 000B(角色移动意图) send!
[20:16:27] [SendingModule/sendTargetPos/DEBUG]: targetX: 8051/targetY: 18719
[20:16:27] [AioModule/Write/Completed/DEBUG]: Sent 26 bytes to session/192.168.1.100:8438
[20:16:27] [AioModule/Write/Completed/DEBUG]: Sent contents(26bytes): ff ff 00 00 00 1a 00 0b 00 00 1f 73 00 00 49 1f 00 00 01 4d f7 26 32 19 20 71 
[20:16:27] [AioModule/Read/Completed/DEBUG]: Received 30 bytes from session/192.168.1.100:8438
[20:16:27] [AioModule/Read/Completed/DEBUG]: Received contents(30bytes): ff ff 00 00 00 1e 00 0c 00 00 04 03 00 00 1f 73 00 00 49 1f 00 00 01 4d f7 26 32 19 33 f6 
[20:16:27] [ClientServer/ClientDecoder/INFO]: Receive a package 000C(所有玩家目标坐标更新)
[20:16:27] [ClientServer/ClientDecoder/INFO]: package 000C: /id: 1027/posX: 8051/posY: 18719
[20:16:27] [Client/GameBox/updateTarget/INFO]: receive Package 000C(角色目标)
[20:16:27] [Client/GameBox/updateTarget/INFO]: targetX: 8051/targetY 18719
[20:16:27] [Client/GameBox/updateTarget/INFO]: receive Package 000C(角色目标)
[20:16:27] [Client/GameBox/updateTarget/INFO]: targetX: 8053/targetY 18721
[20:16:27] [SendingModule/sendTargetPos/DEBUG]: package 000B(角色移动意图) send!
[20:16:27] [AioModule/Write/Completed/DEBUG]: Sent 26 bytes to session/192.168.1.100:8438
[20:16:27] [SendingModule/sendTargetPos/DEBUG]: targetX: 8053/targetY: 18721
[20:16:27] [AioModule/Write/Completed/DEBUG]: Sent contents(26bytes): ff ff 00 00 00 1a 00 0b 00 00 1f 75 00 00 49 21 00 00 01 4d f7 26 32 b0 57 ff 
[20:16:27] [AioModule/Read/Completed/DEBUG]: Received 30 bytes from session/192.168.1.100:8438
[20:16:27] [AioModule/Read/Completed/DEBUG]: Received contents(30bytes): ff ff 00 00 00 1e 00 0c 00 00 04 03 00 00 1f 75 00 00 49 21 00 00 01 4d f7 26 32 b0 3a e2 
[20:16:27] [ClientServer/ClientDecoder/INFO]: Receive a package 000C(所有玩家目标坐标更新)
[20:16:27] [ClientServer/ClientDecoder/INFO]: package 000C: /id: 1027/posX: 8053/posY: 18721
[20:16:27] [Client/GameBox/updateTarget/INFO]: receive Package 000C(角色目标)
[20:16:27] [Client/GameBox/updateTarget/INFO]: targetX: 8053/targetY 18721
[20:16:27] [Client/GameBox/updateTarget/INFO]: receive Package 000C(角色目标)
[20:16:27] [Client/GameBox/updateTarget/INFO]: targetX: 8049/targetY 18723
[20:16:27] [SendingModule/sendTargetPos/DEBUG]: package 000B(角色移动意图) send!
[20:16:27] [AioModule/Write/Completed/DEBUG]: Sent 26 bytes to session/192.168.1.100:8438
[20:16:27] [SendingModule/sendTargetPos/DEBUG]: targetX: 8049/targetY: 18723
[20:16:27] [AioModule/Write/Completed/DEBUG]: Sent contents(26bytes): ff ff 00 00 00 1a 00 0b 00 00 1f 71 00 00 49 23 00 00 01 4d f7 26 33 68 35 1b 
[20:16:27] [AioModule/Read/Completed/DEBUG]: Received 30 bytes from session/192.168.1.100:8438
[20:16:27] [AioModule/Read/Completed/DEBUG]: Received contents(30bytes): ff ff 00 00 00 1e 00 0c 00 00 04 03 00 00 1f 71 00 00 49 23 00 00 01 4d f7 26 33 68 9c 10 
[20:16:27] [ClientServer/ClientDecoder/INFO]: Receive a package 000C(所有玩家目标坐标更新)
[20:16:27] [ClientServer/ClientDecoder/INFO]: package 000C: /id: 1027/posX: 8049/posY: 18723
[20:16:27] [Client/GameBox/updateTarget/INFO]: receive Package 000C(角色目标)
[20:16:27] [Client/GameBox/updateTarget/INFO]: targetX: 8049/targetY 18723
[20:16:27] [Client/GameBox/updateTarget/INFO]: receive Package 000C(角色目标)
[20:16:27] [Client/GameBox/updateTarget/INFO]: targetX: 8043/targetY 18725
[20:16:27] [SendingModule/sendTargetPos/DEBUG]: package 000B(角色移动意图) send!
[20:16:27] [AioModule/Write/Completed/DEBUG]: Sent 26 bytes to session/192.168.1.100:8438
[20:16:27] [SendingModule/sendTargetPos/DEBUG]: targetX: 8043/targetY: 18725
[20:16:27] [AioModule/Write/Completed/DEBUG]: Sent contents(26bytes): ff ff 00 00 00 1a 00 0b 00 00 1f 6b 00 00 49 25 00 00 01 4d f7 26 34 08 74 74 
[20:16:27] [AioModule/Read/Completed/DEBUG]: Received 30 bytes from session/192.168.1.100:8438
[20:16:27] [AioModule/Read/Completed/DEBUG]: Received contents(30bytes): ff ff 00 00 00 1e 00 0c 00 00 04 03 00 00 1f 6b 00 00 49 25 00 00 01 4d f7 26 34 08 97 ef 
[20:16:27] [ClientServer/ClientDecoder/INFO]: Receive a package 000C(所有玩家目标坐标更新)
[20:16:27] [ClientServer/ClientDecoder/INFO]: package 000C: /id: 1027/posX: 8043/posY: 18725
[20:16:27] [Client/GameBox/updateTarget/INFO]: receive Package 000C(角色目标)
[20:16:27] [Client/GameBox/updateTarget/INFO]: targetX: 8043/targetY 18725
[20:16:28] [Client/GameBox/updateTarget/INFO]: receive Package 000C(角色目标)
[20:16:28] [Client/GameBox/updateTarget/INFO]: targetX: 8040/targetY 18730
[20:16:28] [SendingModule/sendTargetPos/DEBUG]: package 000B(角色移动意图) send!
[20:16:28] [SendingModule/sendTargetPos/DEBUG]: targetX: 8040/targetY: 18730
[20:16:28] [AioModule/Write/Completed/DEBUG]: Sent 26 bytes to session/192.168.1.100:8438
[20:16:28] [AioModule/Write/Completed/DEBUG]: Sent contents(26bytes): ff ff 00 00 00 1a 00 0b 00 00 1f 68 00 00 49 2a 00 00 01 4d f7 26 34 a0 a6 35 
[20:16:28] [AioModule/Read/Completed/DEBUG]: Received 30 bytes from session/192.168.1.100:8438
[20:16:28] [AioModule/Read/Completed/DEBUG]: Received contents(30bytes): ff ff 00 00 00 1e 00 0c 00 00 04 03 00 00 1f 68 00 00 49 2a 00 00 01 4d f7 26 34 a0 3d 3f 
[20:16:28] [ClientServer/ClientDecoder/INFO]: Receive a package 000C(所有玩家目标坐标更新)
[20:16:28] [ClientServer/ClientDecoder/INFO]: package 000C: /id: 1027/posX: 8040/posY: 18730
[20:16:28] [Client/GameBox/updateTarget/INFO]: receive Package 000C(角色目标)
[20:16:28] [Client/GameBox/updateTarget/INFO]: targetX: 8040/targetY 18730
[20:16:28] [Client/GameBox/updateTarget/INFO]: receive Package 000C(角色目标)
[20:16:28] [Client/GameBox/updateTarget/INFO]: targetX: 8038/targetY 18736
[20:16:28] [SendingModule/sendTargetPos/DEBUG]: package 000B(角色移动意图) send!
[20:16:28] [SendingModule/sendTargetPos/DEBUG]: targetX: 8038/targetY: 18736
[20:16:28] [AioModule/Write/Completed/DEBUG]: Sent 26 bytes to session/192.168.1.100:8438
[20:16:28] [AioModule/Write/Completed/DEBUG]: Sent contents(26bytes): ff ff 00 00 00 1a 00 0b 00 00 1f 66 00 00 49 30 00 00 01 4d f7 26 35 3e 93 a5 
[20:16:28] [AioModule/Read/Completed/DEBUG]: Received 30 bytes from session/192.168.1.100:8438
[20:16:28] [AioModule/Read/Completed/DEBUG]: Received contents(30bytes): ff ff 00 00 00 1e 00 0c 00 00 04 03 00 00 1f 66 00 00 49 30 00 00 01 4d f7 26 35 3e 48 c6 
[20:16:28] [ClientServer/ClientDecoder/INFO]: Receive a package 000C(所有玩家目标坐标更新)
[20:16:28] [ClientServer/ClientDecoder/INFO]: package 000C: /id: 1027/posX: 8038/posY: 18736
[20:16:28] [Client/GameBox/updateTarget/INFO]: receive Package 000C(角色目标)
[20:16:28] [Client/GameBox/updateTarget/INFO]: targetX: 8038/targetY 18736
[20:16:28] [Client/GameBox/updateTarget/INFO]: receive Package 000C(角色目标)
[20:16:28] [Client/GameBox/updateTarget/INFO]: targetX: 8036/targetY 18741
[20:16:28] [SendingModule/sendTargetPos/DEBUG]: package 000B(角色移动意图) send!
[20:16:28] [AioModule/Write/Completed/DEBUG]: Sent 26 bytes to session/192.168.1.100:8438
[20:16:28] [SendingModule/sendTargetPos/DEBUG]: targetX: 8036/targetY: 18741
[20:16:28] [AioModule/Write/Completed/DEBUG]: Sent contents(26bytes): ff ff 00 00 00 1a 00 0b 00 00 1f 64 00 00 49 35 00 00 01 4d f7 26 35 e3 32 5e 
[20:16:28] [AioModule/Read/Completed/DEBUG]: Received 30 bytes from session/192.168.1.100:8438
[20:16:28] [AioModule/Read/Completed/DEBUG]: Received contents(30bytes): ff ff 00 00 00 1e 00 0c 00 00 04 03 00 00 1f 64 00 00 49 35 00 00 01 4d f7 26 35 e3 81 a9 
[20:16:28] [ClientServer/ClientDecoder/INFO]: Receive a package 000C(所有玩家目标坐标更新)
[20:16:28] [ClientServer/ClientDecoder/INFO]: package 000C: /id: 1027/posX: 8036/posY: 18741
[20:16:28] [Client/GameBox/updateTarget/INFO]: receive Package 000C(角色目标)
[20:16:28] [Client/GameBox/updateTarget/INFO]: targetX: 8036/targetY 18741
[20:16:28] [Client/GameBox/updateTarget/INFO]: receive Package 000C(角色目标)
[20:16:28] [Client/GameBox/updateTarget/INFO]: targetX: 8034/targetY 18739
[20:16:28] [SendingModule/sendTargetPos/DEBUG]: package 000B(角色移动意图) send!
[20:16:28] [SendingModule/sendTargetPos/DEBUG]: targetX: 8034/targetY: 18739
[20:16:28] [AioModule/Write/Completed/DEBUG]: Sent 26 bytes to session/192.168.1.100:8438
[20:16:28] [AioModule/Write/Completed/DEBUG]: Sent contents(26bytes): ff ff 00 00 00 1a 00 0b 00 00 1f 62 00 00 49 33 00 00 01 4d f7 26 36 9f bd 10 
[20:16:28] [AioModule/Read/Completed/DEBUG]: Received 30 bytes from session/192.168.1.100:8438
[20:16:28] [AioModule/Read/Completed/DEBUG]: Received contents(30bytes): ff ff 00 00 00 1e 00 0c 00 00 04 03 00 00 1f 62 00 00 49 33 00 00 01 4d f7 26 36 9f 7a 2c 
[20:16:28] [ClientServer/ClientDecoder/INFO]: Receive a package 000C(所有玩家目标坐标更新)
[20:16:28] [ClientServer/ClientDecoder/INFO]: package 000C: /id: 1027/posX: 8034/posY: 18739
[20:16:28] [Client/GameBox/updateTarget/INFO]: receive Package 000C(角色目标)
[20:16:28] [Client/GameBox/updateTarget/INFO]: targetX: 8034/targetY 18739
[20:16:28] [Client/GameBox/updateTarget/INFO]: receive Package 000C(角色目标)
[20:16:28] [Client/GameBox/updateTarget/INFO]: targetX: 8032/targetY 18741
[20:16:28] [SendingModule/sendTargetPos/DEBUG]: package 000B(角色移动意图) send!
[20:16:28] [SendingModule/sendTargetPos/DEBUG]: targetX: 8032/targetY: 18741
[20:16:28] [AioModule/Write/Completed/DEBUG]: Sent 26 bytes to session/192.168.1.100:8438
[20:16:28] [AioModule/Write/Completed/DEBUG]: Sent contents(26bytes): ff ff 00 00 00 1a 00 0b 00 00 1f 60 00 00 49 35 00 00 01 4d f7 26 37 2f 36 af 
[20:16:28] [AioModule/Read/Completed/DEBUG]: Received 30 bytes from session/192.168.1.100:8438
[20:16:28] [AioModule/Read/Completed/DEBUG]: Received contents(30bytes): ff ff 00 00 00 1e 00 0c 00 00 04 03 00 00 1f 60 00 00 49 35 00 00 01 4d f7 26 37 2f 7c 94 
[20:16:28] [ClientServer/ClientDecoder/INFO]: Receive a package 000C(所有玩家目标坐标更新)
[20:16:28] [ClientServer/ClientDecoder/INFO]: package 000C: /id: 1027/posX: 8032/posY: 18741
[20:16:28] [Client/GameBox/updateTarget/INFO]: receive Package 000C(角色目标)
[20:16:28] [Client/GameBox/updateTarget/INFO]: targetX: 8032/targetY 18741
[20:16:28] [Client/GameBox/updateTarget/INFO]: receive Package 000C(角色目标)
[20:16:28] [Client/GameBox/updateTarget/INFO]: targetX: 8030/targetY 18743
[20:16:28] [SendingModule/sendTargetPos/DEBUG]: package 000B(角色移动意图) send!
[20:16:28] [SendingModule/sendTargetPos/DEBUG]: targetX: 8030/targetY: 18743
[20:16:28] [AioModule/Write/Completed/DEBUG]: Sent 26 bytes to session/192.168.1.100:8438
[20:16:28] [AioModule/Write/Completed/DEBUG]: Sent contents(26bytes): ff ff 00 00 00 1a 00 0b 00 00 1f 5e 00 00 49 37 00 00 01 4d f7 26 37 cd 72 19 
[20:16:28] [AioModule/Read/Completed/DEBUG]: Received 30 bytes from session/192.168.1.100:8438
[20:16:28] [AioModule/Read/Completed/DEBUG]: Received contents(30bytes): ff ff 00 00 00 1e 00 0c 00 00 04 03 00 00 1f 5e 00 00 49 37 00 00 01 4d f7 26 37 cd 7d ee 
[20:16:28] [ClientServer/ClientDecoder/INFO]: Receive a package 000C(所有玩家目标坐标更新)
[20:16:28] [ClientServer/ClientDecoder/INFO]: package 000C: /id: 1027/posX: 8030/posY: 18743
[20:16:28] [Client/GameBox/updateTarget/INFO]: receive Package 000C(角色目标)
[20:16:28] [Client/GameBox/updateTarget/INFO]: targetX: 8030/targetY 18743
[20:16:29] [Client/GameBox/updateTarget/INFO]: receive Package 000C(角色目标)
[20:16:29] [Client/GameBox/updateTarget/INFO]: targetX: 8028/targetY 18745
[20:16:29] [SendingModule/sendTargetPos/DEBUG]: package 000B(角色移动意图) send!
[20:16:29] [AioModule/Write/Completed/DEBUG]: Sent 26 bytes to session/192.168.1.100:8438
[20:16:29] [SendingModule/sendTargetPos/DEBUG]: targetX: 8028/targetY: 18745
[20:16:29] [AioModule/Write/Completed/DEBUG]: Sent contents(26bytes): ff ff 00 00 00 1a 00 0b 00 00 1f 5c 00 00 49 39 00 00 01 4d f7 26 38 58 ae 88 
[20:16:29] [AioModule/Read/Completed/DEBUG]: Received 30 bytes from session/192.168.1.100:8438
[20:16:29] [AioModule/Read/Completed/DEBUG]: Received contents(30bytes): ff ff 00 00 00 1e 00 0c 00 00 04 03 00 00 1f 5c 00 00 49 39 00 00 01 4d f7 26 38 58 80 51 
[20:16:29] [ClientServer/ClientDecoder/INFO]: Receive a package 000C(所有玩家目标坐标更新)
[20:16:29] [ClientServer/ClientDecoder/INFO]: package 000C: /id: 1027/posX: 8028/posY: 18745
[20:16:29] [Client/GameBox/updateTarget/INFO]: receive Package 000C(角色目标)
[20:16:29] [Client/GameBox/updateTarget/INFO]: targetX: 8028/targetY 18745
[20:16:29] [Client/GameBox/updateTarget/INFO]: receive Package 000C(角色目标)
[20:16:29] [Client/GameBox/updateTarget/INFO]: targetX: 8026/targetY 18747
[20:16:29] [SendingModule/sendTargetPos/DEBUG]: package 000B(角色移动意图) send!
[20:16:29] [SendingModule/sendTargetPos/DEBUG]: targetX: 8026/targetY: 18747
[20:16:29] [AioModule/Write/Completed/DEBUG]: Sent 26 bytes to session/192.168.1.100:8438
[20:16:29] [AioModule/Write/Completed/DEBUG]: Sent contents(26bytes): ff ff 00 00 00 1a 00 0b 00 00 1f 5a 00 00 49 3b 00 00 01 4d f7 26 38 e9 27 10 
[20:16:29] [AioModule/Read/Completed/DEBUG]: Received 30 bytes from session/192.168.1.100:8438
[20:16:29] [AioModule/Read/Completed/DEBUG]: Received contents(30bytes): ff ff 00 00 00 1e 00 0c 00 00 04 03 00 00 1f 5a 00 00 49 3b 00 00 01 4d f7 26 38 e9 81 9e 
[20:16:29] [ClientServer/ClientDecoder/INFO]: Receive a package 000C(所有玩家目标坐标更新)
[20:16:29] [ClientServer/ClientDecoder/INFO]: package 000C: /id: 1027/posX: 8026/posY: 18747
[20:16:29] [Client/GameBox/updateTarget/INFO]: receive Package 000C(角色目标)
[20:16:29] [Client/GameBox/updateTarget/INFO]: targetX: 8026/targetY 18747
[20:16:29] [Client/GameBox/updateTarget/INFO]: receive Package 000C(角色目标)
[20:16:29] [Client/GameBox/updateTarget/INFO]: targetX: 8024/targetY 18749
[20:16:29] [SendingModule/sendTargetPos/DEBUG]: package 000B(角色移动意图) send!
[20:16:29] [SendingModule/sendTargetPos/DEBUG]: targetX: 8024/targetY: 18749
[20:16:29] [AioModule/Write/Completed/DEBUG]: Sent 26 bytes to session/192.168.1.100:8438
[20:16:29] [AioModule/Write/Completed/DEBUG]: Sent contents(26bytes): ff ff 00 00 00 1a 00 0b 00 00 1f 58 00 00 49 3d 00 00 01 4d f7 26 39 7f 63 8a 
[20:16:29] [AioModule/Read/Completed/DEBUG]: Received 30 bytes from session/192.168.1.100:8438
[20:16:29] [AioModule/Read/Completed/DEBUG]: Received contents(30bytes): ff ff 00 00 00 1e 00 0c 00 00 04 03 00 00 1f 58 00 00 49 3d 00 00 01 4d f7 26 39 7f 84 0c 
[20:16:29] [ClientServer/ClientDecoder/INFO]: Receive a package 000C(所有玩家目标坐标更新)
[20:16:29] [ClientServer/ClientDecoder/INFO]: package 000C: /id: 1027/posX: 8024/posY: 18749
[20:16:29] [Client/GameBox/updateTarget/INFO]: receive Package 000C(角色目标)
[20:16:29] [Client/GameBox/updateTarget/INFO]: targetX: 8024/targetY 18749
[20:16:29] [Client/GameBox/updateTarget/INFO]: receive Package 000C(角色目标)
[20:16:29] [Client/GameBox/updateTarget/INFO]: targetX: 8022/targetY 18749
[20:16:29] [SendingModule/sendTargetPos/DEBUG]: package 000B(角色移动意图) send!
[20:16:29] [SendingModule/sendTargetPos/DEBUG]: targetX: 8022/targetY: 18749
[20:16:29] [AioModule/Write/Completed/DEBUG]: Sent 26 bytes to session/192.168.1.100:8438
[20:16:29] [AioModule/Write/Completed/DEBUG]: Sent contents(26bytes): ff ff 00 00 00 1a 00 0b 00 00 1f 56 00 00 49 3d 00 00 01 4d f7 26 3a 1c 03 bf 
[20:16:29] [AioModule/Read/Completed/DEBUG]: Received 30 bytes from session/192.168.1.100:8438
[20:16:29] [AioModule/Read/Completed/DEBUG]: Received contents(30bytes): ff ff 00 00 00 1e 00 0c 00 00 04 03 00 00 1f 56 00 00 49 3d 00 00 01 4d f7 26 3a 1c 1f 8e 
[20:16:29] [ClientServer/ClientDecoder/INFO]: Receive a package 000C(所有玩家目标坐标更新)
[20:16:29] [ClientServer/ClientDecoder/INFO]: package 000C: /id: 1027/posX: 8022/posY: 18749
[20:16:29] [Client/GameBox/updateTarget/INFO]: receive Package 000C(角色目标)
[20:16:29] [Client/GameBox/updateTarget/INFO]: targetX: 8022/targetY 18749
[20:16:29] [Client/GameBox/updateTarget/INFO]: receive Package 000C(角色目标)
[20:16:29] [Client/GameBox/updateTarget/INFO]: targetX: 8020/targetY 18749
[20:16:29] [SendingModule/sendTargetPos/DEBUG]: package 000B(角色移动意图) send!
[20:16:29] [SendingModule/sendTargetPos/DEBUG]: targetX: 8020/targetY: 18749
[20:16:29] [AioModule/Write/Completed/DEBUG]: Sent 26 bytes to session/192.168.1.100:8438
[20:16:29] [AioModule/Write/Completed/DEBUG]: Sent contents(26bytes): ff ff 00 00 00 1a 00 0b 00 00 1f 54 00 00 49 3d 00 00 01 4d f7 26 3a ac 66 a4 
[20:16:29] [AioModule/Read/Completed/DEBUG]: Received 30 bytes from session/192.168.1.100:8438
[20:16:29] [AioModule/Read/Completed/DEBUG]: Received contents(30bytes): ff ff 00 00 00 1e 00 0c 00 00 04 03 00 00 1f 54 00 00 49 3d 00 00 01 4d f7 26 3a ac 7d bc 
[20:16:29] [ClientServer/ClientDecoder/INFO]: Receive a package 000C(所有玩家目标坐标更新)
[20:16:29] [ClientServer/ClientDecoder/INFO]: package 000C: /id: 1027/posX: 8020/posY: 18749
[20:16:29] [Client/GameBox/updateTarget/INFO]: receive Package 000C(角色目标)
[20:16:29] [Client/GameBox/updateTarget/INFO]: targetX: 8020/targetY 18749
[20:16:29] [Client/GameBox/updateTarget/INFO]: receive Package 000C(角色目标)
[20:16:29] [Client/GameBox/updateTarget/INFO]: targetX: 8018/targetY 18749
[20:16:29] [SendingModule/sendTargetPos/DEBUG]: package 000B(角色移动意图) send!
[20:16:29] [SendingModule/sendTargetPos/DEBUG]: targetX: 8018/targetY: 18749
[20:16:29] [AioModule/Write/Completed/DEBUG]: Sent 26 bytes to session/192.168.1.100:8438
[20:16:29] [AioModule/Write/Completed/DEBUG]: Sent contents(26bytes): ff ff 00 00 00 1a 00 0b 00 00 1f 52 00 00 49 3d 00 00 01 4d f7 26 3b 31 07 c1 
[20:16:29] [AioModule/Read/Completed/DEBUG]: Received 30 bytes from session/192.168.1.100:8438
[20:16:29] [AioModule/Read/Completed/DEBUG]: Received contents(30bytes): ff ff 00 00 00 1e 00 0c 00 00 04 03 00 00 1f 52 00 00 49 3d 00 00 01 4d f7 26 3b 31 1a 26 
[20:16:29] [ClientServer/ClientDecoder/INFO]: Receive a package 000C(所有玩家目标坐标更新)
[20:16:29] [ClientServer/ClientDecoder/INFO]: package 000C: /id: 1027/posX: 8018/posY: 18749
[20:16:29] [Client/GameBox/updateTarget/INFO]: receive Package 000C(角色目标)
[20:16:29] [Client/GameBox/updateTarget/INFO]: targetX: 8018/targetY 18749
[20:16:29] [Client/GameBox/updateTarget/INFO]: receive Package 000C(角色目标)
[20:16:29] [Client/GameBox/updateTarget/INFO]: targetX: 8016/targetY 18749
[20:16:29] [SendingModule/sendTargetPos/DEBUG]: package 000B(角色移动意图) send!
[20:16:29] [SendingModule/sendTargetPos/DEBUG]: targetX: 8016/targetY: 18749
[20:16:29] [AioModule/Write/Completed/DEBUG]: Sent 26 bytes to session/192.168.1.100:8438
[20:16:29] [AioModule/Write/Completed/DEBUG]: Sent contents(26bytes): ff ff 00 00 00 1a 00 0b 00 00 1f 50 00 00 49 3d 00 00 01 4d f7 26 3b e7 6a cc 
[20:16:29] [AioModule/Read/Completed/DEBUG]: Received 30 bytes from session/192.168.1.100:8438
[20:16:29] [AioModule/Read/Completed/DEBUG]: Received contents(30bytes): ff ff 00 00 00 1e 00 0c 00 00 04 03 00 00 1f 50 00 00 49 3d 00 00 01 4d f7 26 3b e7 78 7a 
[20:16:29] [ClientServer/ClientDecoder/INFO]: Receive a package 000C(所有玩家目标坐标更新)
[20:16:29] [ClientServer/ClientDecoder/INFO]: package 000C: /id: 1027/posX: 8016/posY: 18749
[20:16:29] [Client/GameBox/updateTarget/INFO]: receive Package 000C(角色目标)
[20:16:29] [Client/GameBox/updateTarget/INFO]: targetX: 8016/targetY 18749
[20:16:30] [Client/GameBox/updateTarget/INFO]: receive Package 000C(角色目标)
[20:16:30] [Client/GameBox/updateTarget/INFO]: targetX: 8014/targetY 18749
[20:16:30] [SendingModule/sendTargetPos/DEBUG]: package 000B(角色移动意图) send!
[20:16:30] [SendingModule/sendTargetPos/DEBUG]: targetX: 8014/targetY: 18749
[20:16:30] [AioModule/Write/Completed/DEBUG]: Sent 26 bytes to session/192.168.1.100:8438
[20:16:30] [AioModule/Write/Completed/DEBUG]: Sent contents(26bytes): ff ff 00 00 00 1a 00 0b 00 00 1f 4e 00 00 49 3d 00 00 01 4d f7 26 3c 82 0a ff 
[20:16:30] [AioModule/Read/Completed/DEBUG]: Received 30 bytes from session/192.168.1.100:8438
[20:16:30] [AioModule/Read/Completed/DEBUG]: Received contents(30bytes): ff ff 00 00 00 1e 00 0c 00 00 04 03 00 00 1f 4e 00 00 49 3d 00 00 01 4d f7 26 3c 82 13 fa 
[20:16:30] [ClientServer/ClientDecoder/INFO]: Receive a package 000C(所有玩家目标坐标更新)
[20:16:30] [ClientServer/ClientDecoder/INFO]: package 000C: /id: 1027/posX: 8014/posY: 18749
[20:16:30] [Client/GameBox/updateTarget/INFO]: receive Package 000C(角色目标)
[20:16:30] [Client/GameBox/updateTarget/INFO]: targetX: 8014/targetY 18749
[20:16:30] [Client/GameBox/updateTarget/INFO]: receive Package 000C(角色目标)
[20:16:30] [Client/GameBox/updateTarget/INFO]: targetX: 8012/targetY 18749
[20:16:30] [SendingModule/sendTargetPos/DEBUG]: package 000B(角色移动意图) send!
[20:16:30] [SendingModule/sendTargetPos/DEBUG]: targetX: 8012/targetY: 18749
[20:16:30] [AioModule/Write/Completed/DEBUG]: Sent 26 bytes to session/192.168.1.100:8438
[20:16:30] [AioModule/Write/Completed/DEBUG]: Sent contents(26bytes): ff ff 00 00 00 1a 00 0b 00 00 1f 4c 00 00 49 3d 00 00 01 4d f7 26 3d 12 6e fc 
[20:16:30] [AioModule/Read/Completed/DEBUG]: Received 30 bytes from session/192.168.1.100:8438
[20:16:30] [AioModule/Read/Completed/DEBUG]: Received contents(30bytes): ff ff 00 00 00 1e 00 0c 00 00 04 03 00 00 1f 4c 00 00 49 3d 00 00 01 4d f7 26 3d 12 73 44 
[20:16:30] [ClientServer/ClientDecoder/INFO]: Receive a package 000C(所有玩家目标坐标更新)
[20:16:30] [ClientServer/ClientDecoder/INFO]: package 000C: /id: 1027/posX: 8012/posY: 18749
[20:16:30] [Client/GameBox/updateTarget/INFO]: receive Package 000C(角色目标)
[20:16:30] [Client/GameBox/updateTarget/INFO]: targetX: 8012/targetY 18749
[20:16:30] [Client/GameBox/updateTarget/INFO]: receive Package 000C(角色目标)
[20:16:30] [Client/GameBox/updateTarget/INFO]: targetX: 8010/targetY 18749
[20:16:30] [SendingModule/sendTargetPos/DEBUG]: package 000B(角色移动意图) send!
[20:16:30] [SendingModule/sendTargetPos/DEBUG]: targetX: 8010/targetY: 18749
[20:16:30] [AioModule/Write/Completed/DEBUG]: Sent 26 bytes to session/192.168.1.100:8438
[20:16:30] [AioModule/Write/Completed/DEBUG]: Sent contents(26bytes): ff ff 00 00 00 1a 00 0b 00 00 1f 4a 00 00 49 3d 00 00 01 4d f7 26 3d 92 0e fc 
[20:16:30] [AioModule/Read/Completed/DEBUG]: Received 30 bytes from session/192.168.1.100:8438
[20:16:30] [AioModule/Read/Completed/DEBUG]: Received contents(30bytes): ff ff 00 00 00 1e 00 0c 00 00 04 03 00 00 1f 4a 00 00 49 3d 00 00 01 4d f7 26 3d 92 0e 8d 
[20:16:30] [ClientServer/ClientDecoder/INFO]: Receive a package 000C(所有玩家目标坐标更新)
[20:16:30] [ClientServer/ClientDecoder/INFO]: package 000C: /id: 1027/posX: 8010/posY: 18749
[20:16:30] [Client/GameBox/updateTarget/INFO]: receive Package 000C(角色目标)
[20:16:30] [Client/GameBox/updateTarget/INFO]: targetX: 8010/targetY 18749
[20:16:31] [ClientServer/ClientMain/KERNEL]: 7.游戏结束，退出主程序
[20:16:31] [SendingModule/sendLogout/INFO]: logout send!
[20:16:31] [AioModule/Write/Completed/DEBUG]: Sent 14 bytes to session/192.168.1.100:8438
[20:16:31] [AioModule/Write/Completed/DEBUG]: Sent contents(14bytes): ff ff 00 00 00 0e 00 13 00 00 00 00 84 c6 
[20:16:31] [AioModule/Read/Completed/DEBUG]: Received 18 bytes from session/192.168.1.100:8438
[20:16:31] [AioModule/Read/Completed/DEBUG]: Received contents(18bytes): ff ff 00 00 00 12 00 1e 00 00 04 03 00 00 00 00 6d f2 
[20:16:31] [ClientServer/ClientDecoder/INFO]: Receive a package 001E(下线包)
