[16:41:29] [ClientServer/ClientMain/init/DEBUG]: address: 192.168.1.100:8438
[16:41:29] [ClientServer/ClientMain/init/DEBUG]: 图片加载成功
[16:41:29] [ClientServer/ClientMain/init/DEBUG]: GIF动画加载成功
[16:41:29] [ClientServer/ClientMain/init/DEBUG]: 物品预加载成功
[16:41:30] [ClientServer/ClientMain/init/DEBUG]: init over
[16:41:30] [ClientServer/ClientMain/KERNEL]: 0.开始建立网络连接…………
[16:41:30] [ClientServer/ClientMain/setUpConnection/DEBUG]: setUpConnection over
[16:41:30] [AioModule/Read/Completed/DEBUG]: Received 18 bytes from session/192.168.1.100:8438
[16:41:30] [ClientServer/ClientMain/KERNEL]: 1.网络连接成功!
[16:41:30] [ClientServer/ClientMain/KERNEL]: 2.发送0000包，确认对方是否为服务器Gate端
[16:41:30] [AioModule/Read/Completed/DEBUG]: Received contents(18bytes): ff ff 00 00 00 12 00 14 00 00 01 4d f6 61 66 ac 09 ac 
[16:41:30] [ClientServer/ClientDecoder/INFO]: Receive a package 0014(PING)1434357687980
[16:41:30] [SendingModule/send00Package/INFO]: send00Package over
[16:41:30] [SendingModule/PINGResponse/DEBUG]: package 0015(PING回应包) send!
[16:41:30] [AioModule/Write/Completed/DEBUG]: Sent 14 bytes to session/192.168.1.100:8438
[16:41:30] [AioModule/Write/Completed/DEBUG]: Sent contents(14bytes): ff ff 00 00 00 0e 00 00 00 00 30 39 20 db 
[16:41:30] [AioModule/Write/Completed/DEBUG]: Sent 18 bytes to session/192.168.1.100:8438
[16:41:30] [AioModule/Write/Completed/DEBUG]: Sent contents(18bytes): ff ff 00 00 00 12 00 15 00 00 01 4d f6 61 66 ac 02 38 
[16:41:30] [AioModule/Read/Completed/DEBUG]: Received 11 bytes from session/192.168.1.100:8438
[16:41:30] [AioModule/Read/Completed/DEBUG]: Received contents(11bytes): ff ff 00 00 00 0b 00 01 01 2a 46 
[16:41:30] [ClientServer/ClientDecoder/INFO]: Receive a package 0001(回应连接请求)
[16:41:30] [ClientServer/ClientDecoder/INFO]: package 0001: 1
[16:41:30] [ClientSever/LoginBox/serverState/INFO]: Receive a package 0001(回应连接请求)
[16:41:30] [ClientSever/LoginBox/serverState/INFO]: package 0001: 1
[16:41:30] [AioModule/Read/Completed/DEBUG]: Received 18 bytes from session/192.168.1.100:8438
[16:41:30] [AioModule/Read/Completed/DEBUG]: Received contents(18bytes): ff ff 00 00 00 12 00 16 00 00 00 00 00 00 00 07 28 55 
[16:41:30] [ClientServer/ClientDecoder/INFO]: Receive a package 0016(时间同步)2157
[16:41:30] [ClientServer/ClientMain/KERNEL]: 3.收到0001包，确认对方为服务器Gate端
[16:41:30] [ClientServer/ClientMain/KERNEL]: 4.初始化loginBox登陆界面
[16:41:35] [SendingModule/sendLogin/INFO]: package 0002(登陆信息) send!
[16:41:35] [AioModule/Write/Completed/DEBUG]: Sent 47 bytes to session/192.168.1.100:8438
[16:41:35] [AioModule/Write/Completed/DEBUG]: Sent contents(47bytes): ff ff 00 00 00 2f 00 02 78 79 6c 00 43 37 30 43 44 30 34 33 31 33 46 46 32 36 30 41 38 33 44 36 44 37 39 39 30 38 32 32 43 30 33 32 00 6a be 
[16:41:36] [AioModule/Read/Completed/DEBUG]: Received 11 bytes from session/192.168.1.100:8438
[16:41:36] [AioModule/Read/Completed/DEBUG]: Received contents(11bytes): ff ff 00 00 00 0b 00 03 01 2a 58 
[16:41:36] [ClientServer/ClientDecoder/INFO]: Receive a package 0003(登陆反馈)
[16:41:36] [ClientServer/ClientDecoder/INFO]: package 0003: true
[16:41:36] [ClientServer/LoginBox/onLoginResponse/INFO]: Receive a package 0003(登陆反馈)
[16:41:36] [ClientServer/LoginBox/onLoginResponse/INFO]: package 0003: true
[16:41:36] [AioModule/Read/Completed/DEBUG]: Received 39 bytes from session/192.168.1.100:8438
[16:41:36] [AioModule/Read/Completed/DEBUG]: Received contents(39bytes): ff ff 00 00 00 1d 00 06 00 00 04 03 bb c3 cf eb bc d2 d8 bc 00 01 00 00 00 00 0c 7a 9f ff ff 00 00 00 0a 00 06 45 71 
[16:41:36] [ClientServer/ClientDecoder/INFO]: Receive a package 0006(角色预加载)
[16:41:36] [ClientServer/ClientDecoder/INFO]: package 0006: /id: 1027/name: 幻想家丶/level: 1/gender: 0
[16:41:36] [ClientSever/LoginBox/addCharacter/INFO]: Receive a package 0006(角色预加载)
[16:41:37] [ClientServer/ClientDecoder/INFO]: Receive a package 0006(角色预加载――空包)
[16:41:37] [ClientServer/LoginBox/noMorePackage/INFO]: Receive a package 0006(角色预加载: 这是最后一个空包
[16:41:40] [AioModule/Write/Completed/DEBUG]: Sent 14 bytes to session/192.168.1.100:8438
[16:41:40] [SendingModule/sendCharacter/INFO]: package 0007(角色选择) send!
[16:41:40] [AioModule/Write/Completed/DEBUG]: Sent contents(14bytes): ff ff 00 00 00 0e 00 07 00 00 04 03 a0 98 
[16:41:40] [AioModule/Read/Completed/DEBUG]: Received 81 bytes from session/192.168.1.100:8438
[16:41:40] [AioModule/Read/Completed/DEBUG]: Received contents(81bytes): ff ff 00 00 00 51 00 0a 00 00 04 04 00 74 68 69 73 20 69 73 20 46 65 6e 67 73 20 70 6c 61 6e 65 00 01 01 00 00 00 64 00 00 00 00 00 00 00 64 00 00 00 64 00 00 00 14 00 00 00 14 00 00 00 01 00 00 00 c8 00 00 43 c8 00 00 11 2d 00 00 00 0b 3e 11 
[16:41:40] [ClientServer/ClientDecoder/INFO]: Receive a package 000A(游戏中所有玩家信息)
[16:41:40] [ClientServer/ClientDecoder/INFO]: package 000A: /id: 1028/name: /level: 1/gender: 1/posX: 17352/posY: 4397
[16:41:40] [ClientServer/GameBox/addCharacter/DEBUG]: Receive a package 000A(游戏中所有玩家信息)
[16:41:40] [ClientServer/GameBox/addCharacter/DEBUG]: 000A:加入一个非主角玩家:
[16:41:40] [AioModule/Read/Completed/DEBUG]: Received 87 bytes from session/192.168.1.100:8438
[16:41:40] [AioModule/Read/Completed/DEBUG]: Received contents(87bytes): ff ff 00 00 00 57 00 0a 00 00 04 03 bb c3 cf eb bc d2 d8 bc 00 74 68 69 73 20 69 73 20 58 75 73 20 70 6c 61 6e 65 00 01 00 00 00 00 64 00 00 00 00 00 00 00 64 00 00 00 64 00 00 00 14 00 00 00 14 00 00 00 01 00 00 00 c8 00 00 23 16 00 00 1e 55 00 00 00 0c 5b b7 
[16:41:40] [ClientServer/ClientDecoder/INFO]: Receive a package 000A(游戏中所有玩家信息)
[16:41:40] [ClientServer/ClientDecoder/INFO]: package 000A: /id: 1027/name: 幻想家丶/level: 1/gender: 0/posX: 8982/posY: 7765
[16:41:40] [ClientServer/GameBox/addCharacter/DEBUG]: Receive a package 000A(游戏中所有玩家信息)
[16:41:40] [ClientServer/GameBox/addCharacter/DEBUG]: 000A:加入一个主角玩家:幻想家丶
[16:41:40] [AioModule/Read/Completed/DEBUG]: Received 270 bytes from session/192.168.1.100:8438
[16:41:40] [AioModule/Read/Completed/DEBUG]: Received contents(270bytes): ff ff 00 00 01 0e 00 19 00 00 00 20 00 00 00 20 00 00 00 00 00 00 00 21 00 00 00 00 00 00 00 22 00 00 00 00 00 00 00 23 00 00 00 00 00 00 00 24 00 00 00 00 00 00 00 25 00 00 00 00 00 00 00 26 00 00 00 00 00 00 00 27 00 00 00 00 00 00 00 28 00 00 00 00 00 00 00 29 00 00 00 00 00 00 00 2a 00 00 00 00 00 00 00 2b 00 00 00 00 00 00 00 2c 00 00 00 00 00 00 00 2d 00 00 00 00 00 00 00 2e 00 00 00 00 00 00 00 2f 00 00 00 00 00 00 00 30 00 00 00 00 00 00 00 31 00 00 00 00 00 00 00 32 00 00 00 00 00 00 00 33 00 00 00 00 00 00 00 34 00 00 00 00 00 00 00 35 00 00 00 00 00 00 00 36 00 00 00 00 00 00 00 37 00 00 00 00 00 00 00 38 00 00 00 00 00 00 00 39 00 00 00 00 00 00 00 3a 00 00 00 00 00 00 00 3b 00 00 00 00 00 00 00 3c 00 00 00 00 00 00 00 3d 00 00 00 00 00 00 00 3e 00 00 00 00 00 00 00 3f 00 00 00 00 ae 8c 
[16:41:40] [ClientServer/ClientDecoder/INFO]: Receive a package 0019(背包信息)
[16:41:40] [ClientServer/ClientMain/KERNEL]: 5.登陆结束
[16:41:40] [ClientServer/ClientMain/KERNEL]: 6.开始游戏，启动gameBox
[16:41:40] [AioModule/Read/Completed/DEBUG]: Received 14 bytes from session/192.168.1.100:8438
[16:41:40] [AioModule/Read/Completed/DEBUG]: Received contents(14bytes): ff ff 00 00 00 0e 00 1b 00 00 00 00 72 5c 
[16:41:40] [AioModule/Read/Completed/DEBUG]: Received 50 bytes from session/192.168.1.100:8438
[16:41:40] [AioModule/Read/Completed/DEBUG]: Received contents(50bytes): ff ff 00 00 00 32 00 1a 00 00 00 03 00 00 00 03 3b 9a ca 01 00 00 00 01 00 00 00 04 3b 9a ca 02 00 00 00 01 00 00 00 05 3b 9a ca 03 00 00 00 01 18 6d 
[16:41:40] [ClientServer/ClientDecoder/INFO]: Receive a package 001A(技能信息)
[16:41:40] [ClientServer/GameBox/startGame/KERNEL]: 接收主角详细信息(000A):关闭加载窗口,开始游戏!
[16:41:42] [Client/GameBox/updateTarget/INFO]: receive Package 000C(角色目标)
[16:41:42] [Client/GameBox/updateTarget/INFO]: targetX: 9403/targetY 7959
[16:41:42] [SendingModule/sendTargetPos/DEBUG]: package 000B(角色移动意图) send!
[16:41:42] [AioModule/Write/Completed/DEBUG]: Sent 26 bytes to session/192.168.1.100:8438
[16:41:42] [SendingModule/sendTargetPos/DEBUG]: targetX: 9403/targetY: 7959
[16:41:42] [AioModule/Write/Completed/DEBUG]: Sent contents(26bytes): ff ff 00 00 00 1a 00 0b 00 00 24 bb 00 00 1f 17 00 00 01 4d f6 61 96 4d 14 4e 
[16:41:42] [AioModule/Read/Completed/DEBUG]: Received 30 bytes from session/192.168.1.100:8438
[16:41:42] [AioModule/Read/Completed/DEBUG]: Received contents(30bytes): ff ff 00 00 00 1e 00 0c 00 00 04 03 00 00 24 bb 00 00 1f 17 00 00 01 4d f6 61 96 4d 0d 42 
[16:41:42] [ClientServer/ClientDecoder/INFO]: Receive a package 000C(所有玩家目标坐标更新)
[16:41:42] [ClientServer/ClientDecoder/INFO]: package 000C: /id: 1027/posX: 9403/posY: 7959
[16:41:44] [Client/GameBox/updateTarget/INFO]: receive Package 000C(角色目标)
[16:41:44] [Client/GameBox/updateTarget/INFO]: targetX: 9824/targetY 8153
[16:41:44] [SendingModule/sendTargetPos/DEBUG]: package 000B(角色移动意图) send!
[16:41:44] [AioModule/Write/Completed/DEBUG]: Sent 26 bytes to session/192.168.1.100:8438
[16:41:44] [SendingModule/sendTargetPos/DEBUG]: targetX: 9824/targetY: 8153
[16:41:44] [AioModule/Write/Completed/DEBUG]: Sent contents(26bytes): ff ff 00 00 00 1a 00 0b 00 00 26 60 00 00 1f d9 00 00 01 4d f6 61 9f 92 8b 7e 
[16:41:44] [AioModule/Read/Completed/DEBUG]: Received 30 bytes from session/192.168.1.100:8438
[16:41:44] [AioModule/Read/Completed/DEBUG]: Received contents(30bytes): ff ff 00 00 00 1e 00 0c 00 00 04 03 00 00 26 60 00 00 1f d9 00 00 01 4d f6 61 9f 92 02 8b 
[16:41:44] [ClientServer/ClientDecoder/INFO]: Receive a package 000C(所有玩家目标坐标更新)
[16:41:44] [ClientServer/ClientDecoder/INFO]: package 000C: /id: 1027/posX: 9824/posY: 8153
[16:41:47] [Client/GameBox/updateTarget/INFO]: receive Package 000C(角色目标)
[16:41:47] [Client/GameBox/updateTarget/INFO]: targetX: 10487/targetY 8175
[16:41:47] [SendingModule/sendTargetPos/DEBUG]: package 000B(角色移动意图) send!
[16:41:47] [AioModule/Write/Completed/DEBUG]: Sent 26 bytes to session/192.168.1.100:8438
[16:41:47] [SendingModule/sendTargetPos/DEBUG]: targetX: 10487/targetY: 8175
[16:41:47] [AioModule/Write/Completed/DEBUG]: Sent contents(26bytes): ff ff 00 00 00 1a 00 0b 00 00 28 f7 00 00 1f ef 00 00 01 4d f6 61 aa 18 7c b7 
[16:41:47] [AioModule/Read/Completed/DEBUG]: Received 30 bytes from session/192.168.1.100:8438
[16:41:47] [AioModule/Read/Completed/DEBUG]: Received contents(30bytes): ff ff 00 00 00 1e 00 0c 00 00 04 03 00 00 28 f7 00 00 1f ef 00 00 01 4d f6 61 aa 18 62 1a 
[16:41:47] [ClientServer/ClientDecoder/INFO]: Receive a package 000C(所有玩家目标坐标更新)
[16:41:47] [ClientServer/ClientDecoder/INFO]: package 000C: /id: 1027/posX: 10487/posY: 8175
[16:41:50] [Client/GameBox/updateTarget/INFO]: receive Package 000C(角色目标)
[16:41:50] [Client/GameBox/updateTarget/INFO]: targetX: 10864/targetY 8595
[16:41:50] [SendingModule/sendTargetPos/DEBUG]: package 000B(角色移动意图) send!
[16:41:50] [AioModule/Write/Completed/DEBUG]: Sent 26 bytes to session/192.168.1.100:8438
[16:41:50] [SendingModule/sendTargetPos/DEBUG]: targetX: 10864/targetY: 8595
[16:41:50] [AioModule/Write/Completed/DEBUG]: Sent contents(26bytes): ff ff 00 00 00 1a 00 0b 00 00 2a 70 00 00 21 93 00 00 01 4d f6 61 b5 59 34 dc 
[16:41:50] [AioModule/Read/Completed/DEBUG]: Received 30 bytes from session/192.168.1.100:8438
[16:41:50] [AioModule/Read/Completed/DEBUG]: Received contents(30bytes): ff ff 00 00 00 1e 00 0c 00 00 04 03 00 00 2a 70 00 00 21 93 00 00 01 4d f6 61 b5 59 93 19 
[16:41:50] [ClientServer/ClientDecoder/INFO]: Receive a package 000C(所有玩家目标坐标更新)
[16:41:50] [ClientServer/ClientDecoder/INFO]: package 000C: /id: 1027/posX: 10864/posY: 8595
[16:41:52] [Client/GameBox/updateTarget/INFO]: receive Package 000C(角色目标)
[16:41:52] [Client/GameBox/updateTarget/INFO]: targetX: 11287/targetY 8409
[16:41:52] [SendingModule/sendTargetPos/DEBUG]: package 000B(角色移动意图) send!
[16:41:52] [AioModule/Write/Completed/DEBUG]: Sent 26 bytes to session/192.168.1.100:8438
[16:41:52] [SendingModule/sendTargetPos/DEBUG]: targetX: 11287/targetY: 8409
[16:41:52] [AioModule/Write/Completed/DEBUG]: Sent contents(26bytes): ff ff 00 00 00 1a 00 0b 00 00 2c 17 00 00 20 d9 00 00 01 4d f6 61 bd 5a a8 b8 
[16:41:52] [AioModule/Read/Completed/DEBUG]: Received 30 bytes from session/192.168.1.100:8438
[16:41:52] [AioModule/Read/Completed/DEBUG]: Received contents(30bytes): ff ff 00 00 00 1e 00 0c 00 00 04 03 00 00 2c 17 00 00 20 d9 00 00 01 4d f6 61 bd 5a 84 d5 
[16:41:52] [ClientServer/ClientDecoder/INFO]: Receive a package 000C(所有玩家目标坐标更新)
[16:41:52] [ClientServer/ClientDecoder/INFO]: package 000C: /id: 1027/posX: 11287/posY: 8409
[16:41:54] [Client/GameBox/updateTarget/INFO]: receive Package 000C(角色目标)
[16:41:54] [Client/GameBox/updateTarget/INFO]: targetX: 11460/targetY 8807
[16:41:54] [SendingModule/sendTargetPos/DEBUG]: package 000B(角色移动意图) send!
[16:41:54] [AioModule/Write/Completed/DEBUG]: Sent 26 bytes to session/192.168.1.100:8438
[16:41:54] [SendingModule/sendTargetPos/DEBUG]: targetX: 11460/targetY: 8807
[16:41:54] [AioModule/Write/Completed/DEBUG]: Sent contents(26bytes): ff ff 00 00 00 1a 00 0b 00 00 2c c4 00 00 22 67 00 00 01 4d f6 61 c5 23 aa 10 
[16:41:54] [AioModule/Read/Completed/DEBUG]: Received 30 bytes from session/192.168.1.100:8438
[16:41:54] [AioModule/Read/Completed/DEBUG]: Received contents(30bytes): ff ff 00 00 00 1e 00 0c 00 00 04 03 00 00 2c c4 00 00 22 67 00 00 01 4d f6 61 c5 23 58 e8 
[16:41:54] [ClientServer/ClientDecoder/INFO]: Receive a package 000C(所有玩家目标坐标更新)
[16:41:54] [ClientServer/ClientDecoder/INFO]: package 000C: /id: 1027/posX: 11460/posY: 8807
[16:41:56] [Client/GameBox/updateTarget/INFO]: receive Package 000C(角色目标)
[16:41:56] [Client/GameBox/updateTarget/INFO]: targetX: 10663/targetY 8846
[16:41:56] [SendingModule/sendTargetPos/DEBUG]: package 000B(角色移动意图) send!
[16:41:56] [AioModule/Write/Completed/DEBUG]: Sent 26 bytes to session/192.168.1.100:8438
[16:41:56] [SendingModule/sendTargetPos/DEBUG]: targetX: 10663/targetY: 8846
[16:41:56] [AioModule/Write/Completed/DEBUG]: Sent contents(26bytes): ff ff 00 00 00 1a 00 0b 00 00 29 a7 00 00 22 8e 00 00 01 4d f6 61 cc 23 5a 20 
[16:41:56] [AioModule/Read/Completed/DEBUG]: Received 30 bytes from session/192.168.1.100:8438
[16:41:56] [AioModule/Read/Completed/DEBUG]: Received contents(30bytes): ff ff 00 00 00 1e 00 0c 00 00 04 03 00 00 29 a7 00 00 22 8e 00 00 01 4d f6 61 cc 23 ab fa 
[16:41:56] [ClientServer/ClientDecoder/INFO]: Receive a package 000C(所有玩家目标坐标更新)
[16:41:56] [ClientServer/ClientDecoder/INFO]: package 000C: /id: 1027/posX: 10663/posY: 8846
[16:42:31] [Client/GameBox/updateTarget/INFO]: receive Package 000C(角色目标)
[16:42:31] [Client/GameBox/updateTarget/INFO]: targetX: 10877/targetY 8772
[16:42:31] [SendingModule/sendTargetPos/DEBUG]: package 000B(角色移动意图) send!
[16:42:31] [AioModule/Write/Completed/DEBUG]: Sent 26 bytes to session/192.168.1.100:8438
[16:42:31] [SendingModule/sendTargetPos/DEBUG]: targetX: 10877/targetY: 8772
[16:42:31] [AioModule/Write/Completed/DEBUG]: Sent contents(26bytes): ff ff 00 00 00 1a 00 0b 00 00 2a 7d 00 00 22 44 00 00 01 4d f6 62 56 36 5a 4f 
[16:42:31] [AioModule/Read/Completed/DEBUG]: Received 30 bytes from session/192.168.1.100:8438
[16:42:31] [AioModule/Read/Completed/DEBUG]: Received contents(30bytes): ff ff 00 00 00 1e 00 0c 00 00 04 03 00 00 2a 7d 00 00 22 44 00 00 01 4d f6 62 56 36 91 28 
[16:42:31] [ClientServer/ClientDecoder/INFO]: Receive a package 000C(所有玩家目标坐标更新)
[16:42:31] [ClientServer/ClientDecoder/INFO]: package 000C: /id: 1027/posX: 10877/posY: 8772
[16:42:32] [Client/GameBox/updateTarget/INFO]: receive Package 000C(角色目标)
[16:42:32] [Client/GameBox/updateTarget/INFO]: targetX: 11067/targetY 8492
[16:42:32] [SendingModule/sendTargetPos/DEBUG]: package 000B(角色移动意图) send!
[16:42:32] [AioModule/Write/Completed/DEBUG]: Sent 26 bytes to session/192.168.1.100:8438
[16:42:32] [SendingModule/sendTargetPos/DEBUG]: targetX: 11067/targetY: 8492
[16:42:32] [AioModule/Write/Completed/DEBUG]: Sent contents(26bytes): ff ff 00 00 00 1a 00 0b 00 00 2b 3b 00 00 21 2c 00 00 01 4d f6 62 5a 63 38 8d 
[16:42:33] [AioModule/Read/Completed/DEBUG]: Received 30 bytes from session/192.168.1.100:8438
[16:42:33] [AioModule/Read/Completed/DEBUG]: Received contents(30bytes): ff ff 00 00 00 1e 00 0c 00 00 04 03 00 00 2b 3b 00 00 21 2c 00 00 01 4d f6 62 5a 63 49 7c 
[16:42:33] [ClientServer/ClientDecoder/INFO]: Receive a package 000C(所有玩家目标坐标更新)
[16:42:33] [ClientServer/ClientDecoder/INFO]: package 000C: /id: 1027/posX: 11067/posY: 8492
[16:42:33] [Client/GameBox/updateTarget/INFO]: receive Package 000C(角色目标)
[16:42:33] [Client/GameBox/updateTarget/INFO]: targetX: 10535/targetY 8423
[16:42:33] [SendingModule/sendTargetPos/DEBUG]: package 000B(角色移动意图) send!
[16:42:33] [AioModule/Write/Completed/DEBUG]: Sent 26 bytes to session/192.168.1.100:8438
[16:42:33] [SendingModule/sendTargetPos/DEBUG]: targetX: 10535/targetY: 8423
[16:42:33] [AioModule/Write/Completed/DEBUG]: Sent contents(26bytes): ff ff 00 00 00 1a 00 0b 00 00 29 27 00 00 20 e7 00 00 01 4d f6 62 5e 35 7b 12 
[16:42:33] [AioModule/Read/Completed/DEBUG]: Received 30 bytes from session/192.168.1.100:8438
[16:42:33] [AioModule/Read/Completed/DEBUG]: Received contents(30bytes): ff ff 00 00 00 1e 00 0c 00 00 04 03 00 00 29 27 00 00 20 e7 00 00 01 4d f6 62 5e 35 2a c9 
[16:42:33] [ClientServer/ClientDecoder/INFO]: Receive a package 000C(所有玩家目标坐标更新)
[16:42:33] [ClientServer/ClientDecoder/INFO]: package 000C: /id: 1027/posX: 10535/posY: 8423
[16:42:34] [Client/GameBox/updateTarget/INFO]: receive Package 000C(角色目标)
[16:42:34] [Client/GameBox/updateTarget/INFO]: targetX: 10391/targetY 8536
[16:42:34] [SendingModule/sendTargetPos/DEBUG]: package 000B(角色移动意图) send!
[16:42:34] [AioModule/Write/Completed/DEBUG]: Sent 26 bytes to session/192.168.1.100:8438
[16:42:34] [SendingModule/sendTargetPos/DEBUG]: targetX: 10391/targetY: 8536
[16:42:34] [AioModule/Write/Completed/DEBUG]: Sent contents(26bytes): ff ff 00 00 00 1a 00 0b 00 00 28 97 00 00 21 58 00 00 01 4d f6 62 60 f4 9d d6 
[16:42:34] [AioModule/Read/Completed/DEBUG]: Received 30 bytes from session/192.168.1.100:8438
[16:42:34] [AioModule/Read/Completed/DEBUG]: Received contents(30bytes): ff ff 00 00 00 1e 00 0c 00 00 04 03 00 00 28 97 00 00 21 58 00 00 01 4d f6 62 60 f4 47 98 
[16:42:34] [ClientServer/ClientDecoder/INFO]: Receive a package 000C(所有玩家目标坐标更新)
[16:42:34] [ClientServer/ClientDecoder/INFO]: package 000C: /id: 1027/posX: 10391/posY: 8536
[16:42:34] [Client/GameBox/updateTarget/INFO]: receive Package 000C(角色目标)
[16:42:34] [Client/GameBox/updateTarget/INFO]: targetX: 10279/targetY 8706
[16:42:34] [SendingModule/sendTargetPos/DEBUG]: package 000B(角色移动意图) send!
[16:42:34] [AioModule/Write/Completed/DEBUG]: Sent 26 bytes to session/192.168.1.100:8438
[16:42:34] [SendingModule/sendTargetPos/DEBUG]: targetX: 10279/targetY: 8706
[16:42:34] [AioModule/Write/Completed/DEBUG]: Sent contents(26bytes): ff ff 00 00 00 1a 00 0b 00 00 28 27 00 00 22 02 00 00 01 4d f6 62 63 63 28 81 
[16:42:34] [AioModule/Read/Completed/DEBUG]: Received 30 bytes from session/192.168.1.100:8438
[16:42:34] [AioModule/Read/Completed/DEBUG]: Received contents(30bytes): ff ff 00 00 00 1e 00 0c 00 00 04 03 00 00 28 27 00 00 22 02 00 00 01 4d f6 62 63 63 1a dc 
[16:42:34] [ClientServer/ClientDecoder/INFO]: Receive a package 000C(所有玩家目标坐标更新)
[16:42:34] [ClientServer/ClientDecoder/INFO]: package 000C: /id: 1027/posX: 10279/posY: 8706
[16:42:35] [Client/GameBox/updateTarget/INFO]: receive Package 000C(角色目标)
[16:42:35] [Client/GameBox/updateTarget/INFO]: targetX: 10625/targetY 8842
[16:42:35] [SendingModule/sendTargetPos/DEBUG]: package 000B(角色移动意图) send!
[16:42:35] [AioModule/Write/Completed/DEBUG]: Sent 26 bytes to session/192.168.1.100:8438
[16:42:35] [SendingModule/sendTargetPos/DEBUG]: targetX: 10625/targetY: 8842
[16:42:35] [AioModule/Write/Completed/DEBUG]: Sent contents(26bytes): ff ff 00 00 00 1a 00 0b 00 00 29 81 00 00 22 8a 00 00 01 4d f6 62 66 4d 7c f1 
[16:42:35] [AioModule/Read/Completed/DEBUG]: Received 30 bytes from session/192.168.1.100:8438
[16:42:35] [AioModule/Read/Completed/DEBUG]: Received contents(30bytes): ff ff 00 00 00 1e 00 0c 00 00 04 03 00 00 29 81 00 00 22 8a 00 00 01 4d f6 62 66 4d 20 47 
[16:42:35] [ClientServer/ClientDecoder/INFO]: Receive a package 000C(所有玩家目标坐标更新)
[16:42:35] [ClientServer/ClientDecoder/INFO]: package 000C: /id: 1027/posX: 10625/posY: 8842
[16:42:36] [Client/GameBox/updateTarget/INFO]: receive Package 000C(角色目标)
[16:42:36] [Client/GameBox/updateTarget/INFO]: targetX: 11239/targetY 8990
[16:42:36] [SendingModule/sendTargetPos/DEBUG]: package 000B(角色移动意图) send!
[16:42:36] [AioModule/Write/Completed/DEBUG]: Sent 26 bytes to session/192.168.1.100:8438
[16:42:36] [SendingModule/sendTargetPos/DEBUG]: targetX: 11239/targetY: 8990
[16:42:36] [AioModule/Write/Completed/DEBUG]: Sent contents(26bytes): ff ff 00 00 00 1a 00 0b 00 00 2b e7 00 00 23 1e 00 00 01 4d f6 62 69 75 ac 59 
[16:42:36] [AioModule/Read/Completed/DEBUG]: Received 30 bytes from session/192.168.1.100:8438
[16:42:36] [AioModule/Read/Completed/DEBUG]: Received contents(30bytes): ff ff 00 00 00 1e 00 0c 00 00 04 03 00 00 2b e7 00 00 23 1e 00 00 01 4d f6 62 69 75 71 fe 
[16:42:36] [ClientServer/ClientDecoder/INFO]: Receive a package 000C(所有玩家目标坐标更新)
[16:42:36] [ClientServer/ClientDecoder/INFO]: package 000C: /id: 1027/posX: 11239/posY: 8990
[16:42:37] [Client/GameBox/updateTarget/INFO]: receive Package 000C(角色目标)
[16:42:37] [Client/GameBox/updateTarget/INFO]: targetX: 10882/targetY 9145
[16:42:37] [SendingModule/sendTargetPos/DEBUG]: package 000B(角色移动意图) send!
[16:42:37] [AioModule/Write/Completed/DEBUG]: Sent 26 bytes to session/192.168.1.100:8438
[16:42:37] [SendingModule/sendTargetPos/DEBUG]: targetX: 10882/targetY: 9145
[16:42:37] [AioModule/Write/Completed/DEBUG]: Sent contents(26bytes): ff ff 00 00 00 1a 00 0b 00 00 2a 82 00 00 23 b9 00 00 01 4d f6 62 6c 8e b6 10 
[16:42:37] [AioModule/Read/Completed/DEBUG]: Received 30 bytes from session/192.168.1.100:8438
[16:42:37] [AioModule/Read/Completed/DEBUG]: Received contents(30bytes): ff ff 00 00 00 1e 00 0c 00 00 04 03 00 00 2a 82 00 00 23 b9 00 00 01 4d f6 62 6c 8e 0d 02 
[16:42:37] [ClientServer/ClientDecoder/INFO]: Receive a package 000C(所有玩家目标坐标更新)
[16:42:37] [ClientServer/ClientDecoder/INFO]: package 000C: /id: 1027/posX: 10882/posY: 9145
[16:42:37] [Client/GameBox/updateTarget/INFO]: receive Package 000C(角色目标)
[16:42:37] [Client/GameBox/updateTarget/INFO]: targetX: 10577/targetY 9228
[16:42:37] [SendingModule/sendTargetPos/DEBUG]: package 000B(角色移动意图) send!
[16:42:37] [AioModule/Write/Completed/DEBUG]: Sent 26 bytes to session/192.168.1.100:8438
[16:42:37] [SendingModule/sendTargetPos/DEBUG]: targetX: 10577/targetY: 9228
[16:42:37] [AioModule/Write/Completed/DEBUG]: Sent contents(26bytes): ff ff 00 00 00 1a 00 0b 00 00 29 51 00 00 24 0c 00 00 01 4d f6 62 6f 64 24 68 
[16:42:37] [AioModule/Read/Completed/DEBUG]: Received 30 bytes from session/192.168.1.100:8438
[16:42:37] [AioModule/Read/Completed/DEBUG]: Received contents(30bytes): ff ff 00 00 00 1e 00 0c 00 00 04 03 00 00 29 51 00 00 24 0c 00 00 01 4d f6 62 6f 64 1b d7 
[16:42:37] [ClientServer/ClientDecoder/INFO]: Receive a package 000C(所有玩家目标坐标更新)
[16:42:37] [ClientServer/ClientDecoder/INFO]: package 000C: /id: 1027/posX: 10577/posY: 9228
[16:42:38] [Client/GameBox/updateTarget/INFO]: receive Package 000C(角色目标)
[16:42:38] [Client/GameBox/updateTarget/INFO]: targetX: 10228/targetY 9151
[16:42:38] [SendingModule/sendTargetPos/DEBUG]: package 000B(角色移动意图) send!
[16:42:38] [AioModule/Write/Completed/DEBUG]: Sent 26 bytes to session/192.168.1.100:8438
[16:42:38] [SendingModule/sendTargetPos/DEBUG]: targetX: 10228/targetY: 9151
[16:42:38] [AioModule/Write/Completed/DEBUG]: Sent contents(26bytes): ff ff 00 00 00 1a 00 0b 00 00 27 f4 00 00 23 bf 00 00 01 4d f6 62 72 21 57 49 
[16:42:38] [AioModule/Read/Completed/DEBUG]: Received 30 bytes from session/192.168.1.100:8438
[16:42:38] [AioModule/Read/Completed/DEBUG]: Received contents(30bytes): ff ff 00 00 00 1e 00 0c 00 00 04 03 00 00 27 f4 00 00 23 bf 00 00 01 4d f6 62 72 21 78 33 
[16:42:38] [ClientServer/ClientDecoder/INFO]: Receive a package 000C(所有玩家目标坐标更新)
[16:42:38] [ClientServer/ClientDecoder/INFO]: package 000C: /id: 1027/posX: 10228/posY: 9151
[16:42:39] [Client/GameBox/updateTarget/INFO]: receive Package 000C(角色目标)
[16:42:39] [Client/GameBox/updateTarget/INFO]: targetX: 9949/targetY 9105
[16:42:39] [SendingModule/sendTargetPos/DEBUG]: package 000B(角色移动意图) send!
[16:42:39] [AioModule/Write/Completed/DEBUG]: Sent 26 bytes to session/192.168.1.100:8438
[16:42:39] [SendingModule/sendTargetPos/DEBUG]: targetX: 9949/targetY: 9105
[16:42:39] [AioModule/Write/Completed/DEBUG]: Sent contents(26bytes): ff ff 00 00 00 1a 00 0b 00 00 26 dd 00 00 23 91 00 00 01 4d f6 62 75 3c 69 0f 
[16:42:39] [AioModule/Read/Completed/DEBUG]: Received 30 bytes from session/192.168.1.100:8438
[16:42:39] [AioModule/Read/Completed/DEBUG]: Received contents(30bytes): ff ff 00 00 00 1e 00 0c 00 00 04 03 00 00 26 dd 00 00 23 91 00 00 01 4d f6 62 75 3c 0a 80 
[16:42:39] [ClientServer/ClientDecoder/INFO]: Receive a package 000C(所有玩家目标坐标更新)
[16:42:39] [ClientServer/ClientDecoder/INFO]: package 000C: /id: 1027/posX: 9949/posY: 9105
[16:42:40] [Client/GameBox/updateTarget/INFO]: receive Package 000C(角色目标)
[16:42:40] [Client/GameBox/updateTarget/INFO]: targetX: 9955/targetY 8914
[16:42:40] [SendingModule/sendTargetPos/DEBUG]: package 000B(角色移动意图) send!
[16:42:40] [AioModule/Write/Completed/DEBUG]: Sent 26 bytes to session/192.168.1.100:8438
[16:42:40] [SendingModule/sendTargetPos/DEBUG]: targetX: 9955/targetY: 8914
[16:42:40] [AioModule/Write/Completed/DEBUG]: Sent contents(26bytes): ff ff 00 00 00 1a 00 0b 00 00 26 e3 00 00 22 d2 00 00 01 4d f6 62 78 4e 69 36 
[16:42:40] [AioModule/Read/Completed/DEBUG]: Received 30 bytes from session/192.168.1.100:8438
[16:42:40] [AioModule/Read/Completed/DEBUG]: Received contents(30bytes): ff ff 00 00 00 1e 00 0c 00 00 04 03 00 00 26 e3 00 00 22 d2 00 00 01 4d f6 62 78 4e aa 00 
[16:42:40] [ClientServer/ClientDecoder/INFO]: Receive a package 000C(所有玩家目标坐标更新)
[16:42:40] [ClientServer/ClientDecoder/INFO]: package 000C: /id: 1027/posX: 9955/posY: 8914
[16:42:41] [Client/GameBox/updateTarget/INFO]: receive Package 000C(角色目标)
[16:42:41] [Client/GameBox/updateTarget/INFO]: targetX: 10485/targetY 8747
[16:42:41] [SendingModule/sendTargetPos/DEBUG]: package 000B(角色移动意图) send!
[16:42:41] [AioModule/Write/Completed/DEBUG]: Sent 26 bytes to session/192.168.1.100:8438
[16:42:41] [SendingModule/sendTargetPos/DEBUG]: targetX: 10485/targetY: 8747
[16:42:41] [AioModule/Write/Completed/DEBUG]: Sent contents(26bytes): ff ff 00 00 00 1a 00 0b 00 00 28 f5 00 00 22 2b 00 00 01 4d f6 62 7b b9 3a d9 
[16:42:41] [AioModule/Read/Completed/DEBUG]: Received 30 bytes from session/192.168.1.100:8438
[16:42:41] [AioModule/Read/Completed/DEBUG]: Received contents(30bytes): ff ff 00 00 00 1e 00 0c 00 00 04 03 00 00 28 f5 00 00 22 2b 00 00 01 4d f6 62 7b b9 64 7d 
[16:42:41] [ClientServer/ClientDecoder/INFO]: Receive a package 000C(所有玩家目标坐标更新)
[16:42:41] [ClientServer/ClientDecoder/INFO]: package 000C: /id: 1027/posX: 10485/posY: 8747
[16:42:41] [Client/GameBox/updateTarget/INFO]: receive Package 000C(角色目标)
[16:42:41] [Client/GameBox/updateTarget/INFO]: targetX: 10730/targetY 8925
[16:42:41] [SendingModule/sendTargetPos/DEBUG]: package 000B(角色移动意图) send!
[16:42:41] [AioModule/Write/Completed/DEBUG]: Sent 26 bytes to session/192.168.1.100:8438
[16:42:41] [SendingModule/sendTargetPos/DEBUG]: targetX: 10730/targetY: 8925
[16:42:41] [AioModule/Write/Completed/DEBUG]: Sent contents(26bytes): ff ff 00 00 00 1a 00 0b 00 00 29 ea 00 00 22 dd 00 00 01 4d f6 62 7e f2 5a 51 
[16:42:41] [AioModule/Read/Completed/DEBUG]: Received 30 bytes from session/192.168.1.100:8438
[16:42:41] [AioModule/Read/Completed/DEBUG]: Received contents(30bytes): ff ff 00 00 00 1e 00 0c 00 00 04 03 00 00 29 ea 00 00 22 dd 00 00 01 4d f6 62 7e f2 ae c8 
[16:42:41] [ClientServer/ClientDecoder/INFO]: Receive a package 000C(所有玩家目标坐标更新)
[16:42:41] [ClientServer/ClientDecoder/INFO]: package 000C: /id: 1027/posX: 10730/posY: 8925
[16:42:43] [Client/GameBox/updateTarget/INFO]: receive Package 000C(角色目标)
[16:42:43] [Client/GameBox/updateTarget/INFO]: targetX: 10844/targetY 9149
[16:42:43] [SendingModule/sendTargetPos/DEBUG]: package 000B(角色移动意图) send!
[16:42:43] [AioModule/Write/Completed/DEBUG]: Sent 26 bytes to session/192.168.1.100:8438
[16:42:43] [SendingModule/sendTargetPos/DEBUG]: targetX: 10844/targetY: 9149
[16:42:43] [AioModule/Write/Completed/DEBUG]: Sent contents(26bytes): ff ff 00 00 00 1a 00 0b 00 00 2a 5c 00 00 23 bd 00 00 01 4d f6 62 85 73 a5 a2 
[16:42:43] [AioModule/Read/Completed/DEBUG]: Received 30 bytes from session/192.168.1.100:8438
[16:42:43] [AioModule/Read/Completed/DEBUG]: Received contents(30bytes): ff ff 00 00 00 1e 00 0c 00 00 04 03 00 00 2a 5c 00 00 23 bd 00 00 01 4d f6 62 85 73 0a 87 
[16:42:43] [ClientServer/ClientDecoder/INFO]: Receive a package 000C(所有玩家目标坐标更新)
[16:42:43] [ClientServer/ClientDecoder/INFO]: package 000C: /id: 1027/posX: 10844/posY: 9149
[16:42:44] [Client/GameBox/updateTarget/INFO]: receive Package 000C(角色目标)
[16:42:44] [Client/GameBox/updateTarget/INFO]: targetX: 10630/targetY 9390
[16:42:44] [SendingModule/sendTargetPos/DEBUG]: package 000B(角色移动意图) send!
[16:42:44] [AioModule/Write/Completed/DEBUG]: Sent 26 bytes to session/192.168.1.100:8438
[16:42:44] [SendingModule/sendTargetPos/DEBUG]: targetX: 10630/targetY: 9390
[16:42:44] [AioModule/Write/Completed/DEBUG]: Sent contents(26bytes): ff ff 00 00 00 1a 00 0b 00 00 29 86 00 00 24 ae 00 00 01 4d f6 62 89 f8 a7 70 
[16:42:44] [AioModule/Read/Completed/DEBUG]: Received 30 bytes from session/192.168.1.100:8438
[16:42:44] [AioModule/Read/Completed/DEBUG]: Received contents(30bytes): ff ff 00 00 00 1e 00 0c 00 00 04 03 00 00 29 86 00 00 24 ae 00 00 01 4d f6 62 89 f8 8a 53 
[16:42:44] [ClientServer/ClientDecoder/INFO]: Receive a package 000C(所有玩家目标坐标更新)
[16:42:44] [ClientServer/ClientDecoder/INFO]: package 000C: /id: 1027/posX: 10630/posY: 9390
[16:42:45] [Client/GameBox/updateTarget/INFO]: receive Package 000C(角色目标)
[16:42:45] [Client/GameBox/updateTarget/INFO]: targetX: 10288/targetY 9290
[16:42:45] [SendingModule/sendTargetPos/DEBUG]: package 000B(角色移动意图) send!
[16:42:45] [AioModule/Write/Completed/DEBUG]: Sent 26 bytes to session/192.168.1.100:8438
[16:42:45] [SendingModule/sendTargetPos/DEBUG]: targetX: 10288/targetY: 9290
[16:42:45] [AioModule/Write/Completed/DEBUG]: Sent contents(26bytes): ff ff 00 00 00 1a 00 0b 00 00 28 30 00 00 24 4a 00 00 01 4d f6 62 8d 59 93 d0 
[16:42:45] [AioModule/Read/Completed/DEBUG]: Received 30 bytes from session/192.168.1.100:8438
[16:42:45] [AioModule/Read/Completed/DEBUG]: Received contents(30bytes): ff ff 00 00 00 1e 00 0c 00 00 04 03 00 00 28 30 00 00 24 4a 00 00 01 4d f6 62 8d 59 1a 54 
[16:42:45] [ClientServer/ClientDecoder/INFO]: Receive a package 000C(所有玩家目标坐标更新)
[16:42:45] [ClientServer/ClientDecoder/INFO]: package 000C: /id: 1027/posX: 10288/posY: 9290
[16:42:46] [AioModule/Read/Completed/DEBUG]: Received 30 bytes from session/192.168.1.100:8438
[16:42:46] [AioModule/Read/Completed/DEBUG]: Received contents(30bytes): ff ff 00 00 00 1e 00 0c 00 00 04 04 00 00 45 12 00 00 11 22 00 00 01 4d f6 62 8f 73 76 40 
[16:42:46] [ClientServer/ClientDecoder/INFO]: Receive a package 000C(所有玩家目标坐标更新)
[16:42:46] [ClientServer/ClientDecoder/INFO]: package 000C: /id: 1028/posX: 17682/posY: 4386
[16:42:46] [Client/GameBox/updateTarget/INFO]: receive Package 000C(角色目标)
[16:42:46] [Client/GameBox/updateTarget/INFO]: targetX: 17682/targetY 4386
[16:42:47] [AioModule/Read/Completed/DEBUG]: Received 30 bytes from session/192.168.1.100:8438
[16:42:47] [AioModule/Read/Completed/DEBUG]: Received contents(30bytes): ff ff 00 00 00 1e 00 0c 00 00 04 04 00 00 46 f7 00 00 11 a1 00 00 01 4d f6 62 96 7a 06 17 
[16:42:47] [ClientServer/ClientDecoder/INFO]: Receive a package 000C(所有玩家目标坐标更新)
[16:42:47] [ClientServer/ClientDecoder/INFO]: package 000C: /id: 1028/posX: 18167/posY: 4513
[16:42:47] [Client/GameBox/updateTarget/INFO]: receive Package 000C(角色目标)
[16:42:47] [Client/GameBox/updateTarget/INFO]: targetX: 18167/targetY 4513
[16:42:48] [Client/GameBox/updateTarget/INFO]: receive Package 000C(角色目标)
[16:42:48] [Client/GameBox/updateTarget/INFO]: targetX: 9611/targetY 9364
[16:42:48] [SendingModule/sendTargetPos/DEBUG]: package 000B(角色移动意图) send!
[16:42:48] [AioModule/Write/Completed/DEBUG]: Sent 26 bytes to session/192.168.1.100:8438
[16:42:48] [SendingModule/sendTargetPos/DEBUG]: targetX: 9611/targetY: 9364
[16:42:48] [AioModule/Write/Completed/DEBUG]: Sent contents(26bytes): ff ff 00 00 00 1a 00 0b 00 00 25 8b 00 00 24 94 00 00 01 4d f6 62 98 45 bc 82 
[16:42:48] [AioModule/Read/Completed/DEBUG]: Received 30 bytes from session/192.168.1.100:8438
[16:42:48] [AioModule/Read/Completed/DEBUG]: Received contents(30bytes): ff ff 00 00 00 1e 00 0c 00 00 04 03 00 00 25 8b 00 00 24 94 00 00 01 4d f6 62 98 45 2f 7a 
[16:42:48] [ClientServer/ClientDecoder/INFO]: Receive a package 000C(所有玩家目标坐标更新)
[16:42:48] [ClientServer/ClientDecoder/INFO]: package 000C: /id: 1027/posX: 9611/posY: 9364
[16:42:49] [AioModule/Read/Completed/DEBUG]: Received 30 bytes from session/192.168.1.100:8438
[16:42:49] [AioModule/Read/Completed/DEBUG]: Received contents(30bytes): ff ff 00 00 00 1e 00 0c 00 00 04 04 00 00 46 b3 00 00 12 d1 00 00 01 4d f6 62 9c 67 41 a4 
[16:42:49] [ClientServer/ClientDecoder/INFO]: Receive a package 000C(所有玩家目标坐标更新)
[16:42:49] [ClientServer/ClientDecoder/INFO]: package 000C: /id: 1028/posX: 18099/posY: 4817
[16:42:49] [Client/GameBox/updateTarget/INFO]: receive Package 000C(角色目标)
[16:42:49] [Client/GameBox/updateTarget/INFO]: targetX: 18099/targetY 4817
[16:42:50] [Client/GameBox/updateTarget/INFO]: receive Package 000C(角色目标)
[16:42:50] [Client/GameBox/updateTarget/INFO]: targetX: 10183/targetY 9843
[16:42:50] [SendingModule/sendTargetPos/DEBUG]: package 000B(角色移动意图) send!
[16:42:50] [AioModule/Write/Completed/DEBUG]: Sent 26 bytes to session/192.168.1.100:8438
[16:42:50] [SendingModule/sendTargetPos/DEBUG]: targetX: 10183/targetY: 9843
[16:42:50] [AioModule/Write/Completed/DEBUG]: Sent contents(26bytes): ff ff 00 00 00 1a 00 0b 00 00 27 c7 00 00 26 73 00 00 01 4d f6 62 9f 37 24 1f 
[16:42:50] [AioModule/Read/Completed/DEBUG]: Received 30 bytes from session/192.168.1.100:8438
[16:42:50] [AioModule/Read/Completed/DEBUG]: Received contents(30bytes): ff ff 00 00 00 1e 00 0c 00 00 04 04 00 00 45 37 00 00 13 3d 00 00 01 4d f6 62 a1 b7 80 4b 
[16:42:50] [ClientServer/ClientDecoder/INFO]: Receive a package 000C(所有玩家目标坐标更新)
[16:42:50] [ClientServer/ClientDecoder/INFO]: package 000C: /id: 1028/posX: 17719/posY: 4925
[16:42:50] [Client/GameBox/updateTarget/INFO]: receive Package 000C(角色目标)
[16:42:50] [Client/GameBox/updateTarget/INFO]: targetX: 17719/targetY 4925
[16:42:51] [AioModule/Read/Completed/DEBUG]: Received 30 bytes from session/192.168.1.100:8438
[16:42:51] [AioModule/Read/Completed/DEBUG]: Received contents(30bytes): ff ff 00 00 00 1e 00 0c 00 00 04 03 00 00 27 c7 00 00 26 73 00 00 01 4d f6 62 9f 37 2a 6e 
[16:42:51] [ClientServer/ClientDecoder/INFO]: Receive a package 000C(所有玩家目标坐标更新)
[16:42:51] [ClientServer/ClientDecoder/INFO]: package 000C: /id: 1027/posX: 10183/posY: 9843
[16:42:51] [Client/GameBox/updateTarget/INFO]: receive Package 000C(角色目标)
[16:42:51] [Client/GameBox/updateTarget/INFO]: targetX: 10685/targetY 9152
[16:42:51] [SendingModule/sendTargetPos/DEBUG]: package 000B(角色移动意图) send!
[16:42:51] [AioModule/Write/Completed/DEBUG]: Sent 26 bytes to session/192.168.1.100:8438
[16:42:51] [SendingModule/sendTargetPos/DEBUG]: targetX: 10685/targetY: 9152
[16:42:51] [AioModule/Write/Completed/DEBUG]: Sent contents(26bytes): ff ff 00 00 00 1a 00 0b 00 00 29 bd 00 00 23 c0 00 00 01 4d f6 62 a3 98 1c 91 
[16:42:52] [Client/GameBox/updateTarget/INFO]: receive Package 000C(角色目标)
[16:42:52] [Client/GameBox/updateTarget/INFO]: targetX: 9800/targetY 8986
[16:42:52] [SendingModule/sendTargetPos/DEBUG]: package 000B(角色移动意图) send!
[16:42:52] [AioModule/Write/Completed/DEBUG]: Sent 26 bytes to session/192.168.1.100:8438
[16:42:52] [SendingModule/sendTargetPos/DEBUG]: targetX: 9800/targetY: 8986
[16:42:52] [AioModule/Write/Completed/DEBUG]: Sent contents(26bytes): ff ff 00 00 00 1a 00 0b 00 00 26 48 00 00 23 1a 00 00 01 4d f6 62 a8 7b 33 c7 
[16:42:52] [AioModule/Read/Completed/DEBUG]: Received 60 bytes from session/192.168.1.100:8438
[16:42:52] [AioModule/Read/Completed/DEBUG]: Received contents(60bytes): ff ff 00 00 00 1e 00 0c 00 00 04 04 00 00 48 c6 00 00 12 ad 00 00 01 4d f6 62 a4 ed 68 85 ff ff 00 00 00 1e 00 0c 00 00 04 04 00 00 48 9d 00 00 11 a0 00 00 01 4d f6 62 a7 3f 46 69 
[16:42:52] [ClientServer/ClientDecoder/INFO]: Receive a package 000C(所有玩家目标坐标更新)
[16:42:52] [ClientServer/ClientDecoder/INFO]: package 000C: /id: 1028/posX: 18630/posY: 4781
[16:42:52] [Client/GameBox/updateTarget/INFO]: receive Package 000C(角色目标)
[16:42:52] [Client/GameBox/updateTarget/INFO]: targetX: 18630/targetY 4781
[16:42:52] [ClientServer/ClientDecoder/INFO]: Receive a package 000C(所有玩家目标坐标更新)
[16:42:52] [ClientServer/ClientDecoder/INFO]: package 000C: /id: 1028/posX: 18589/posY: 4512
[16:42:52] [Client/GameBox/updateTarget/INFO]: receive Package 000C(角色目标)
[16:42:52] [Client/GameBox/updateTarget/INFO]: targetX: 18589/targetY 4512
[16:42:52] [AioModule/Read/Completed/DEBUG]: Received 30 bytes from session/192.168.1.100:8438
[16:42:52] [AioModule/Read/Completed/DEBUG]: Received contents(30bytes): ff ff 00 00 00 1e 00 0c 00 00 04 04 00 00 49 9c 00 00 13 00 00 00 01 4d f6 62 a9 30 3a dd 
[16:42:52] [ClientServer/ClientDecoder/INFO]: Receive a package 000C(所有玩家目标坐标更新)
[16:42:52] [ClientServer/ClientDecoder/INFO]: package 000C: /id: 1028/posX: 18844/posY: 4864
[16:42:52] [Client/GameBox/updateTarget/INFO]: receive Package 000C(角色目标)
[16:42:52] [Client/GameBox/updateTarget/INFO]: targetX: 18844/targetY 4864
[16:42:53] [AioModule/Read/Completed/DEBUG]: Received 30 bytes from session/192.168.1.100:8438
[16:42:53] [AioModule/Read/Completed/DEBUG]: Received contents(30bytes): ff ff 00 00 00 1e 00 0c 00 00 04 04 00 00 49 4d 00 00 13 a5 00 00 01 4d f6 62 ab 38 03 22 
[16:42:53] [ClientServer/ClientDecoder/INFO]: Receive a package 000C(所有玩家目标坐标更新)
[16:42:53] [ClientServer/ClientDecoder/INFO]: package 000C: /id: 1028/posX: 18765/posY: 5029
[16:42:53] [Client/GameBox/updateTarget/INFO]: receive Package 000C(角色目标)
[16:42:53] [Client/GameBox/updateTarget/INFO]: targetX: 18765/targetY 5029
[16:42:53] [AioModule/Read/Completed/DEBUG]: Received 30 bytes from session/192.168.1.100:8438
[16:42:53] [AioModule/Read/Completed/DEBUG]: Received contents(30bytes): ff ff 00 00 00 1e 00 0c 00 00 04 03 00 00 29 bd 00 00 23 c0 00 00 01 4d f6 62 a3 98 a4 85 
[16:42:53] [ClientServer/ClientDecoder/INFO]: Receive a package 000C(所有玩家目标坐标更新)
[16:42:53] [ClientServer/ClientDecoder/INFO]: package 000C: /id: 1027/posX: 10685/posY: 9152
[16:42:53] [AioModule/Read/Completed/DEBUG]: Received 30 bytes from session/192.168.1.100:8438
[16:42:53] [AioModule/Read/Completed/DEBUG]: Received contents(30bytes): ff ff 00 00 00 1e 00 0c 00 00 04 03 00 00 26 48 00 00 23 1a 00 00 01 4d f6 62 a8 7b 3a ec 
[16:42:53] [ClientServer/ClientDecoder/INFO]: Receive a package 000C(所有玩家目标坐标更新)
[16:42:53] [ClientServer/ClientDecoder/INFO]: package 000C: /id: 1027/posX: 9800/posY: 8986
[16:42:53] [AioModule/Read/Completed/DEBUG]: Received 30 bytes from session/192.168.1.100:8438
[16:42:53] [AioModule/Read/Completed/DEBUG]: Received contents(30bytes): ff ff 00 00 00 1e 00 0c 00 00 04 04 00 00 46 3f 00 00 13 60 00 00 01 4d f6 62 ac f1 60 84 
[16:42:53] [ClientServer/ClientDecoder/INFO]: Receive a package 000C(所有玩家目标坐标更新)
[16:42:53] [ClientServer/ClientDecoder/INFO]: package 000C: /id: 1028/posX: 17983/posY: 4960
[16:42:53] [Client/GameBox/updateTarget/INFO]: receive Package 000C(角色目标)
[16:42:53] [Client/GameBox/updateTarget/INFO]: targetX: 17983/targetY 4960
[16:42:53] [Client/GameBox/updateTarget/INFO]: receive Package 000C(角色目标)
[16:42:53] [Client/GameBox/updateTarget/INFO]: targetX: 9532/targetY 9505
[16:42:53] [SendingModule/sendTargetPos/DEBUG]: package 000B(角色移动意图) send!
[16:42:53] [AioModule/Write/Completed/DEBUG]: Sent 26 bytes to session/192.168.1.100:8438
[16:42:53] [SendingModule/sendTargetPos/DEBUG]: targetX: 9532/targetY: 9505
[16:42:53] [AioModule/Write/Completed/DEBUG]: Sent contents(26bytes): ff ff 00 00 00 1a 00 0b 00 00 25 3c 00 00 25 21 00 00 01 4d f6 62 ad 1c b4 ad 
[16:42:53] [AioModule/Read/Completed/DEBUG]: Received 30 bytes from session/192.168.1.100:8438
[16:42:53] [AioModule/Read/Completed/DEBUG]: Received contents(30bytes): ff ff 00 00 00 1e 00 0c 00 00 04 03 00 00 25 3c 00 00 25 21 00 00 01 4d f6 62 ad 1c af 27 
[16:42:53] [ClientServer/ClientDecoder/INFO]: Receive a package 000C(所有玩家目标坐标更新)
[16:42:53] [ClientServer/ClientDecoder/INFO]: package 000C: /id: 1027/posX: 9532/posY: 9505
[16:42:54] [AioModule/Read/Completed/DEBUG]: Received 30 bytes from session/192.168.1.100:8438
[16:42:54] [AioModule/Read/Completed/DEBUG]: Received contents(30bytes): ff ff 00 00 00 1e 00 0c 00 00 04 04 00 00 47 af 00 00 14 3e 00 00 01 4d f6 62 ae f4 b2 23 
[16:42:54] [ClientServer/ClientDecoder/INFO]: Receive a package 000C(所有玩家目标坐标更新)
[16:42:54] [ClientServer/ClientDecoder/INFO]: package 000C: /id: 1028/posX: 18351/posY: 5182
[16:42:54] [Client/GameBox/updateTarget/INFO]: receive Package 000C(角色目标)
[16:42:54] [Client/GameBox/updateTarget/INFO]: targetX: 18351/targetY 5182
[16:42:54] [AioModule/Read/Completed/DEBUG]: Received 30 bytes from session/192.168.1.100:8438
[16:42:54] [AioModule/Read/Completed/DEBUG]: Received contents(30bytes): ff ff 00 00 00 1e 00 0c 00 00 04 04 00 00 49 cf 00 00 12 d4 00 00 01 4d f6 62 b0 c6 22 3b 
[16:42:54] [ClientServer/ClientDecoder/INFO]: Receive a package 000C(所有玩家目标坐标更新)
[16:42:54] [ClientServer/ClientDecoder/INFO]: package 000C: /id: 1028/posX: 18895/posY: 4820
[16:42:54] [Client/GameBox/updateTarget/INFO]: receive Package 000C(角色目标)
[16:42:54] [Client/GameBox/updateTarget/INFO]: targetX: 18895/targetY 4820
[16:42:55] [ClientServer/ClientMain/KERNEL]: 7.游戏结束，退出主程序
[16:42:55] [SendingModule/sendLogout/INFO]: logout send!
[16:42:55] [AioModule/Write/Completed/DEBUG]: Sent 14 bytes to session/192.168.1.100:8438
[16:42:55] [AioModule/Write/Completed/DEBUG]: Sent contents(14bytes): ff ff 00 00 00 0e 00 13 00 00 00 00 84 c6 
[16:42:55] [AioModule/Read/Completed/DEBUG]: Received 18 bytes from session/192.168.1.100:8438
[16:42:55] [AioModule/Read/Completed/DEBUG]: Received contents(18bytes): ff ff 00 00 00 12 00 1e 00 00 04 03 00 00 00 00 6d f2 
[16:42:55] [ClientServer/ClientDecoder/INFO]: Receive a package 001E(下线包)
