[16:01:54] [ClientServer/ClientMain/init/DEBUG]: address: 192.168.1.104:8438
[16:01:54] [ClientServer/ClientMain/init/DEBUG]: 图片加载成功
[16:01:54] [ClientServer/ClientMain/init/DEBUG]: GIF动画加载成功
[16:01:54] [ClientServer/ClientMain/init/DEBUG]: 物品预加载成功
[16:01:55] [ClientServer/ClientMain/init/DEBUG]: init over
[16:01:55] [ClientServer/ClientMain/KERNEL]: 0.开始建立网络连接…………
[16:01:55] [ClientServer/ClientMain/setUpConnection/DEBUG]: setUpConnection over
[16:01:55] [ClientServer/ClientMain/KERNEL]: 1.网络连接成功!
[16:01:55] [AioModule/Read/Completed/DEBUG]: Received 18 bytes from session/192.168.1.104:8438
[16:01:55] [ClientServer/ClientMain/KERNEL]: 2.发送0000包，确认对方是否为服务器Gate端
[16:01:55] [AioModule/Read/Completed/DEBUG]: Received contents(18bytes): ff ff 00 00 00 12 00 14 00 00 01 4d f1 17 ca 4c 3c 61 
[16:01:55] [ClientServer/ClientDecoder/INFO]: Receive a package 0014(PING)
[16:01:55] [SendingModule/send00Package/INFO]: send00Package over
[16:01:55] [SendingModule/PINGResponse/DEBUG]: package 0015(PING回应包) send!
[16:01:55] [AioModule/Write/Completed/DEBUG]: Sent 14 bytes to session/192.168.1.104:8438
[16:01:55] [AioModule/Write/Completed/DEBUG]: Sent 18 bytes to session/192.168.1.104:8438
[16:01:55] [AioModule/Write/Completed/DEBUG]: Sent contents(14bytes): ff ff 00 00 00 0e 00 00 00 00 30 39 20 db 
[16:01:55] [AioModule/Write/Completed/DEBUG]: Sent contents(18bytes): ff ff 00 00 00 12 00 15 00 00 01 4d f1 17 ca 4c 34 ed 
[16:01:55] [AioModule/Read/Completed/DEBUG]: Received 11 bytes from session/192.168.1.104:8438
[16:01:55] [AioModule/Read/Completed/DEBUG]: Received contents(11bytes): ff ff 00 00 00 0b 00 01 01 2a 46 
[16:01:55] [ClientServer/ClientDecoder/INFO]: Receive a package 0001(回应连接请求)
[16:01:55] [ClientServer/ClientDecoder/INFO]: package 0001: 1
[16:01:55] [ClientSever/LoginBox/serverState/INFO]: Receive a package 0001(回应连接请求)
[16:01:55] [ClientSever/LoginBox/serverState/INFO]: package 0001: 1
[16:01:55] [AioModule/Read/Completed/DEBUG]: Received 18 bytes from session/192.168.1.104:8438
[16:01:55] [AioModule/Read/Completed/DEBUG]: Received contents(18bytes): ff ff 00 00 00 12 00 16 00 00 01 4d f1 17 cb 90 2c cd 
[16:01:55] [ClientServer/ClientDecoder/INFO]: Receive a package 0016(时间同步)
[16:01:55] [ClientServer/ClientMain/KERNEL]: 3.收到0001包，确认对方为服务器Gate端
[16:01:55] [ClientServer/ClientMain/KERNEL]: 4.初始化loginBox登陆界面
[16:02:00] [AioModule/Write/Completed/DEBUG]: Sent 48 bytes to session/192.168.1.104:8438
[16:02:00] [SendingModule/sendLogin/INFO]: package 0002(登陆信息) send!
[16:02:00] [AioModule/Write/Completed/DEBUG]: Sent contents(48bytes): ff ff 00 00 00 30 00 02 31 32 33 34 00 38 31 44 43 39 42 44 42 35 32 44 30 34 44 43 32 30 30 33 36 44 42 44 38 33 31 33 45 44 30 35 35 00 79 71 
[16:02:01] [AioModule/Read/Completed/DEBUG]: Received 11 bytes from session/192.168.1.104:8438
[16:02:01] [AioModule/Read/Completed/DEBUG]: Received contents(11bytes): ff ff 00 00 00 0b 00 03 01 2a 58 
[16:02:01] [ClientServer/ClientDecoder/INFO]: Receive a package 0003(登陆反馈)
[16:02:01] [ClientServer/ClientDecoder/INFO]: package 0003: true
[16:02:01] [ClientServer/LoginBox/onLoginResponse/INFO]: Receive a package 0003(登陆反馈)
[16:02:01] [ClientServer/LoginBox/onLoginResponse/INFO]: package 0003: true
[16:02:01] [AioModule/Read/Completed/DEBUG]: Received 48 bytes from session/192.168.1.104:8438
[16:02:01] [AioModule/Read/Completed/DEBUG]: Received contents(48bytes): ff ff 00 00 00 18 00 06 00 00 00 0a 31 32 33 00 01 01 00 00 00 0b 36 32 ff ff 00 00 00 18 00 06 00 00 00 0b 34 35 36 00 01 01 00 00 00 0b 64 a6 
[16:02:01] [ClientServer/ClientDecoder/INFO]: Receive a package 0006(角色预加载)
[16:02:01] [ClientServer/ClientDecoder/INFO]: package 0006: /id: 10/name: 123/level: 1/gender: 1
[16:02:01] [ClientSever/LoginBox/addCharacter/INFO]: Receive a package 0006(角色预加载)
[16:02:01] [ClientServer/ClientDecoder/INFO]: Receive a package 0006(角色预加载)
[16:02:01] [ClientServer/ClientDecoder/INFO]: package 0006: /id: 11/name: 456/level: 1/gender: 1
[16:02:01] [ClientSever/LoginBox/addCharacter/INFO]: Receive a package 0006(角色预加载)
[16:04:17] [ClientServer/ClientMain/KERNEL]: 5.登陆结束
[16:04:17] [ClientServer/ClientMain/KERNEL]: 登陆失败，退出主程序
[16:04:17] [SendingModule/sendLogout/INFO]: logout send!
[16:04:17] [AioModule/Write/Completed/DEBUG]: Sent 14 bytes to session/192.168.1.104:8438
[16:04:17] [AioModule/Write/Completed/DEBUG]: Sent contents(14bytes): ff ff 00 00 00 0e 00 13 00 00 00 00 84 c6 
