[17:28:29] [ClientServer/ClientMain/init/DEBUG]: address: baidu.com:80
[17:28:29] [ClientServer/ClientMain/init/DEBUG]: 图片加载成功
[17:28:29] [ClientServer/ClientMain/init/DEBUG]: GIF动画加载成功
[17:28:29] [ClientServer/ClientMain/init/DEBUG]: 物品预加载成功
[17:28:30] [ClientServer/ClientMain/init/DEBUG]: init over
[17:28:30] [ClientServer/ClientMain/KERNEL]: 0.开始建立网络连接…………
[17:28:30] [ClientServer/ClientMain/setUpConnection/DEBUG]: setUpConnection over
[17:28:30] [ClientServer/ClientMain/KERNEL]: 1.网络连接成功!
[17:28:30] [ClientServer/ClientMain/KERNEL]: 2.发送0000包，确认对方是否为服务器Gate端
[17:28:30] [SendingModule/send00Package/INFO]: send00Package over
[17:28:30] [ClientSever/LoginBox/serverState/INFO]: Receive a package 0001(回应连接请求)
[17:28:30] [AioModule/Write/Completed/DEBUG]: Sent 14 bytes to sessionbaidu.com/180.149.132.47:80
[17:28:30] [ClientSever/LoginBox/serverState/INFO]: package 0001: 1
[17:28:30] [ClientServer/ClientMain/KERNEL]: 3.收到0001包，确认对方为服务器Gate端
[17:28:30] [AioModule/Write/Completed/DEBUG]: Sent contents(14bytes): ff ff 00 00 00 0e 00 00 00 00 30 39 20 db 
[17:28:30] [ClientServer/ClientMain/KERNEL]: 4.初始化loginBox登陆界面
[17:28:30] [ClientServer/LoginBox/onLoginResponse/INFO]: Receive a package 0003(登陆反馈)
[17:28:30] [ClientServer/LoginBox/onLoginResponse/INFO]: package 0003: true
[17:28:31] [ClientSever/LoginBox/addCharacter/INFO]: Receive a package 0006(角色预加载)
[17:28:31] [ClientSever/LoginBox/addCharacter/INFO]: Receive a package 0006(角色预加载)
[17:28:31] [ClientServer/LoginBox/noMorePackage/INFO]: Receive a package 0006(角色预加载: 这是最后一个空包
[17:28:31] [SendingModule/sendCreateCharacter/INFO]: package 0008(创建角色) send!
[17:28:31] [AioModule/Write/Completed/DEBUG]: Sent 25 bytes to sessionbaidu.com/180.149.132.47:80
[17:28:31] [ClientServer/LoginBox/onCreatResponse/INFO]: Receive a package 0009(角色创建结果)
[17:28:31] [AioModule/Write/Completed/DEBUG]: Sent contents(25bytes): ff ff 00 00 00 19 00 08 6e 75 6c 6c 00 64 64 64 64 00 01 00 00 00 01 38 47 
[17:28:34] [ClientServer/GameBox/addCharacter/DEBUG]: Receive a package 000A(游戏中所有玩家信息)
[17:28:34] [ClientServer/GameBox/addCharacter/DEBUG]: 000A:加入一个非主角玩家:dddd
[17:28:34] [ClientServer/GameBox/addCharacter/DEBUG]: Receive a package 000A(游戏中所有玩家信息)
[17:28:34] [ClientServer/GameBox/addCharacter/DEBUG]: 000A:加入一个非主角玩家:dddd
[17:28:34] [ClientServer/GameBox/addCharacter/DEBUG]: Receive a package 000A(游戏中所有玩家信息)
[17:28:34] [ClientServer/GameBox/addCharacter/DEBUG]: 000A:加入一个主角玩家:dddd
[17:28:34] [ClientServer/ClientMain/KERNEL]: 5.登陆结束
[17:28:34] [ClientServer/ClientMain/KERNEL]: 6.开始游戏，启动gameBox
[17:28:34] [ClientServer/GameBox/startGame/KERNEL]: 接收主角详细信息(000A):关闭加载窗口,开始游戏!
[17:28:34] [Client/GameBox/updateTarget/INFO]: receive Package 000C(角色目标)
[17:28:34] [Client/GameBox/updateTarget/INFO]: targetX: 5000/targetY 2000
[17:28:34] [Client/GameBox/updateTarget/INFO]: receive Package 000C(角色目标)
[17:28:34] [Client/GameBox/updateTarget/INFO]: targetX: 1000/targetY 3000
[17:28:36] [Client/GameBox/updateTarget/INFO]: receive Package 000C(角色目标)
[17:28:36] [Client/GameBox/updateTarget/INFO]: targetX: -213/targetY 3
[17:28:36] [SendingModule/sendTargetPos/DEBUG]: package 000B(角色移动意图) send!
[17:28:36] [AioModule/Write/Completed/DEBUG]: Sent 26 bytes to sessionbaidu.com/180.149.132.47:80
[17:28:36] [SendingModule/sendTargetPos/DEBUG]: targetX: -213/targetY: 3
[17:28:36] [AioModule/Write/Completed/DEBUG]: Sent contents(26bytes): ff ff 00 00 00 1a 00 0b ff ff ff 2b 00 00 00 03 00 00 01 4d f6 8c 8e 3a a9 19 
[17:28:37] [Client/GameBox/updateTarget/INFO]: receive Package 000C(角色目标)
[17:28:37] [Client/GameBox/updateTarget/INFO]: targetX: 376/targetY 81
[17:28:37] [SendingModule/sendTargetPos/DEBUG]: package 000B(角色移动意图) send!
[17:28:37] [AioModule/Write/Completed/DEBUG]: Sent 26 bytes to sessionbaidu.com/180.149.132.47:80
[17:28:37] [SendingModule/sendTargetPos/DEBUG]: targetX: 376/targetY: 81
[17:28:37] [AioModule/Write/Completed/DEBUG]: Sent contents(26bytes): ff ff 00 00 00 1a 00 0b 00 00 01 78 00 00 00 51 00 00 01 4d f6 8c 92 a5 6e 6c 
[17:28:38] [Client/GameBox/updateTarget/INFO]: receive Package 000C(角色目标)
[17:28:38] [Client/GameBox/updateTarget/INFO]: targetX: 701/targetY 124
[17:28:38] [SendingModule/sendTargetPos/DEBUG]: package 000B(角色移动意图) send!
[17:28:38] [AioModule/Write/Completed/DEBUG]: Sent 26 bytes to sessionbaidu.com/180.149.132.47:80
[17:28:38] [SendingModule/sendTargetPos/DEBUG]: targetX: 701/targetY: 124
[17:28:38] [AioModule/Write/Completed/DEBUG]: Sent contents(26bytes): ff ff 00 00 00 1a 00 0b 00 00 02 bd 00 00 00 7c 00 00 01 4d f6 8c 99 1d 9f d0 
[17:28:41] [Client/GameBox/updateTarget/INFO]: receive Package 000C(角色目标)
[17:28:41] [Client/GameBox/updateTarget/INFO]: targetX: 900/targetY 339
[17:28:41] [SendingModule/sendTargetPos/DEBUG]: package 000B(角色移动意图) send!
[17:28:41] [SendingModule/sendTargetPos/DEBUG]: targetX: 900/targetY: 339
[17:28:41] [AioModule/Write/Failed/WARNING]: Failed to send to sessionnull. java.nio.channels.ClosedChannelException
[17:28:43] [Client/GameBox/updateTarget/INFO]: receive Package 000C(角色目标)
[17:28:43] [Client/GameBox/updateTarget/INFO]: targetX: 669/targetY 447
[17:28:43] [SendingModule/sendTargetPos/DEBUG]: package 000B(角色移动意图) send!
[17:28:43] [SendingModule/sendTargetPos/DEBUG]: targetX: 669/targetY: 447
[17:28:44] [Client/GameBox/updateTarget/INFO]: receive Package 000C(角色目标)
[17:28:44] [Client/GameBox/updateTarget/INFO]: targetX: 741/targetY 789
[17:28:44] [SendingModule/sendTargetPos/DEBUG]: package 000B(角色移动意图) send!
[17:28:44] [SendingModule/sendTargetPos/DEBUG]: targetX: 741/targetY: 789
[17:28:45] [Client/GameBox/updateTarget/INFO]: receive Package 000C(角色目标)
[17:28:45] [Client/GameBox/updateTarget/INFO]: targetX: 770/targetY 995
[17:28:45] [SendingModule/sendTargetPos/DEBUG]: package 000B(角色移动意图) send!
[17:28:45] [SendingModule/sendTargetPos/DEBUG]: targetX: 770/targetY: 995
[17:28:46] [Client/GameBox/updateTarget/INFO]: receive Package 000C(角色目标)
[17:28:46] [Client/GameBox/updateTarget/INFO]: targetX: 723/targetY 1214
[17:28:46] [SendingModule/sendTargetPos/DEBUG]: package 000B(角色移动意图) send!
[17:28:46] [SendingModule/sendTargetPos/DEBUG]: targetX: 723/targetY: 1214
[17:28:47] [Client/GameBox/updateTarget/INFO]: receive Package 000C(角色目标)
[17:28:47] [Client/GameBox/updateTarget/INFO]: targetX: 702/targetY 1433
[17:28:47] [SendingModule/sendTargetPos/DEBUG]: package 000B(角色移动意图) send!
[17:28:47] [SendingModule/sendTargetPos/DEBUG]: targetX: 702/targetY: 1433
[17:28:48] [Client/GameBox/updateTarget/INFO]: receive Package 000C(角色目标)
[17:28:48] [Client/GameBox/updateTarget/INFO]: targetX: 594/targetY 873
[17:28:48] [SendingModule/sendTargetPos/DEBUG]: package 000B(角色移动意图) send!
[17:28:48] [SendingModule/sendTargetPos/DEBUG]: targetX: 594/targetY: 873
[17:28:53] [Client/GameBox/updateTarget/INFO]: receive Package 000C(角色目标)
[17:28:53] [Client/GameBox/updateTarget/INFO]: targetX: 466/targetY 743
[17:28:53] [SendingModule/sendTargetPos/DEBUG]: package 000B(角色移动意图) send!
[17:28:53] [SendingModule/sendTargetPos/DEBUG]: targetX: 466/targetY: 743
[17:28:54] [Client/GameBox/updateTarget/INFO]: receive Package 000C(角色目标)
[17:28:54] [Client/GameBox/updateTarget/INFO]: targetX: 572/targetY 971
[17:28:54] [SendingModule/sendTargetPos/DEBUG]: package 000B(角色移动意图) send!
[17:28:54] [SendingModule/sendTargetPos/DEBUG]: targetX: 572/targetY: 971
[17:28:55] [Client/GameBox/updateTarget/INFO]: receive Package 000C(角色目标)
[17:28:55] [Client/GameBox/updateTarget/INFO]: targetX: 659/targetY 1159
[17:28:55] [SendingModule/sendTargetPos/DEBUG]: package 000B(角色移动意图) send!
[17:28:55] [SendingModule/sendTargetPos/DEBUG]: targetX: 659/targetY: 1159
[17:28:56] [Client/GameBox/updateTarget/INFO]: receive Package 000C(角色目标)
[17:28:56] [Client/GameBox/updateTarget/INFO]: targetX: 504/targetY 1347
[17:28:56] [SendingModule/sendTargetPos/DEBUG]: package 000B(角色移动意图) send!
[17:28:56] [SendingModule/sendTargetPos/DEBUG]: targetX: 504/targetY: 1347
[17:28:57] [Client/GameBox/updateTarget/INFO]: receive Package 000C(角色目标)
[17:28:57] [Client/GameBox/updateTarget/INFO]: targetX: 567/targetY 1658
[17:28:57] [SendingModule/sendTargetPos/DEBUG]: package 000B(角色移动意图) send!
[17:28:57] [SendingModule/sendTargetPos/DEBUG]: targetX: 567/targetY: 1658
[17:28:59] [Client/GameBox/updateTarget/INFO]: receive Package 000C(角色目标)
[17:28:59] [Client/GameBox/updateTarget/INFO]: targetX: 422/targetY 1819
[17:28:59] [SendingModule/sendTargetPos/DEBUG]: package 000B(角色移动意图) send!
[17:28:59] [SendingModule/sendTargetPos/DEBUG]: targetX: 422/targetY: 1819
[17:29:01] [Client/GameBox/updateTarget/INFO]: receive Package 000C(角色目标)
[17:29:01] [Client/GameBox/updateTarget/INFO]: targetX: 273/targetY 1686
[17:29:01] [SendingModule/sendTargetPos/DEBUG]: package 000B(角色移动意图) send!
[17:29:01] [SendingModule/sendTargetPos/DEBUG]: targetX: 273/targetY: 1686
[17:29:02] [Client/GameBox/updateTarget/INFO]: receive Package 000C(角色目标)
[17:29:02] [Client/GameBox/updateTarget/INFO]: targetX: 347/targetY 1315
[17:29:02] [SendingModule/sendTargetPos/DEBUG]: package 000B(角色移动意图) send!
[17:29:02] [SendingModule/sendTargetPos/DEBUG]: targetX: 347/targetY: 1315
[17:29:03] [Client/GameBox/updateTarget/INFO]: receive Package 000C(角色目标)
[17:29:03] [Client/GameBox/updateTarget/INFO]: targetX: 536/targetY 1310
[17:29:03] [SendingModule/sendTargetPos/DEBUG]: package 000B(角色移动意图) send!
[17:29:03] [SendingModule/sendTargetPos/DEBUG]: targetX: 536/targetY: 1310
[17:29:04] [Client/GameBox/updateTarget/INFO]: receive Package 000C(角色目标)
[17:29:04] [Client/GameBox/updateTarget/INFO]: targetX: 673/targetY 1181
[17:29:04] [SendingModule/sendTargetPos/DEBUG]: package 000B(角色移动意图) send!
[17:29:04] [SendingModule/sendTargetPos/DEBUG]: targetX: 673/targetY: 1181
[17:29:05] [Client/GameBox/updateTarget/INFO]: receive Package 000C(角色目标)
[17:29:05] [Client/GameBox/updateTarget/INFO]: targetX: 781/targetY 1407
[17:29:05] [SendingModule/sendTargetPos/DEBUG]: package 000B(角色移动意图) send!
[17:29:05] [SendingModule/sendTargetPos/DEBUG]: targetX: 781/targetY: 1407
[17:29:06] [Client/GameBox/updateTarget/INFO]: receive Package 000C(角色目标)
[17:29:06] [Client/GameBox/updateTarget/INFO]: targetX: 787/targetY 1757
[17:29:06] [SendingModule/sendTargetPos/DEBUG]: package 000B(角色移动意图) send!
[17:29:06] [SendingModule/sendTargetPos/DEBUG]: targetX: 787/targetY: 1757
[17:29:07] [Client/GameBox/updateTarget/INFO]: receive Package 000C(角色目标)
[17:29:07] [Client/GameBox/updateTarget/INFO]: targetX: 554/targetY 1932
[17:29:07] [SendingModule/sendTargetPos/DEBUG]: package 000B(角色移动意图) send!
[17:29:07] [SendingModule/sendTargetPos/DEBUG]: targetX: 554/targetY: 1932
[17:29:08] [Client/GameBox/updateTarget/INFO]: receive Package 000C(角色目标)
[17:29:08] [Client/GameBox/updateTarget/INFO]: targetX: 698/targetY 2215
[17:29:08] [SendingModule/sendTargetPos/DEBUG]: package 000B(角色移动意图) send!
[17:29:08] [SendingModule/sendTargetPos/DEBUG]: targetX: 698/targetY: 2215
[17:29:27] [ClientServer/ClientMain/KERNEL]: 7.游戏结束，退出主程序
[17:29:27] [SendingModule/sendLogout/INFO]: logout send!
