[20:19:06] [ClientServer/ClientMain/init/DEBUG]: address: 192.168.1.104:8438
[20:19:06] [ClientServer/ClientMain/init/DEBUG]: 图片加载成功
[20:19:06] [ClientServer/ClientMain/init/DEBUG]: GIF动画加载成功
[20:19:06] [ClientServer/ClientMain/init/DEBUG]: 物品预加载成功
[20:19:06] [ClientServer/ClientMain/init/DEBUG]: init over
[20:19:06] [ClientServer/ClientMain/KERNEL]: 0.开始建立网络连接…………
[20:19:07] [ClientServer/ClientMain/setUpConnection/DEBUG]: setUpConnection over
[20:19:07] [ClientServer/ClientMain/KERNEL]: 1.网络连接成功!
[20:19:07] [AioModule/Read/Completed/DEBUG]: Received 18 bytes from session/192.168.1.104:8438
[20:19:07] [AioModule/Read/Completed/DEBUG]: Received contents(18bytes): ff ff 00 00 00 12 00 14 00 00 01 4d f2 03 42 8e 3d 83 
[20:19:07] [ClientServer/ClientMain/KERNEL]: 2.发送0000包，确认对方是否为服务器Gate端
[20:19:07] [ClientServer/ClientDecoder/INFO]: Receive a package 0014(PING)1434284409486
[20:19:07] [SendingModule/send00Package/INFO]: send00Package over
[20:19:07] [AioModule/Write/Completed/DEBUG]: Sent 14 bytes to session/192.168.1.104:8438
[20:19:07] [SendingModule/PINGResponse/DEBUG]: package 0015(PING回应包) send!
[20:19:07] [AioModule/Write/Completed/DEBUG]: Sent contents(14bytes): ff ff 00 00 00 0e 00 00 00 00 30 39 20 db 
[20:19:07] [AioModule/Write/Completed/DEBUG]: Sent 18 bytes to session/192.168.1.104:8438
[20:19:07] [AioModule/Write/Completed/DEBUG]: Sent contents(18bytes): ff ff 00 00 00 12 00 15 00 00 01 4d f2 03 42 8e 36 0f 
[20:19:07] [AioModule/Read/Completed/DEBUG]: Received 11 bytes from session/192.168.1.104:8438
[20:19:07] [AioModule/Read/Completed/DEBUG]: Received contents(11bytes): ff ff 00 00 00 0b 00 01 01 2a 46 
[20:19:07] [ClientServer/ClientDecoder/INFO]: Receive a package 0001(回应连接请求)
[20:19:07] [ClientServer/ClientDecoder/INFO]: package 0001: 1
[20:19:07] [ClientSever/LoginBox/serverState/INFO]: Receive a package 0001(回应连接请求)
[20:19:07] [ClientSever/LoginBox/serverState/INFO]: package 0001: 1
[20:19:07] [AioModule/Read/Completed/DEBUG]: Received 18 bytes from session/192.168.1.104:8438
[20:19:07] [AioModule/Read/Completed/DEBUG]: Received contents(18bytes): ff ff 00 00 00 12 00 16 00 00 01 4d f2 03 43 15 2f 32 
[20:19:07] [ClientServer/ClientDecoder/INFO]: Receive a package 0016(时间同步)-62572
[20:19:07] [ClientServer/ClientMain/KERNEL]: 3.收到0001包，确认对方为服务器Gate端
[20:19:07] [ClientServer/ClientMain/KERNEL]: 4.初始化loginBox登陆界面
[20:19:12] [AioModule/Write/Completed/DEBUG]: Sent 48 bytes to session/192.168.1.104:8438
[20:19:12] [SendingModule/sendLogin/INFO]: package 0002(登陆信息) send!
[20:19:12] [AioModule/Write/Completed/DEBUG]: Sent contents(48bytes): ff ff 00 00 00 30 00 02 31 32 33 34 00 38 31 44 43 39 42 44 42 35 32 44 30 34 44 43 32 30 30 33 36 44 42 44 38 33 31 33 45 44 30 35 35 00 79 71 
[20:19:13] [AioModule/Read/Completed/DEBUG]: Received 11 bytes from session/192.168.1.104:8438
[20:19:13] [AioModule/Read/Completed/DEBUG]: Received contents(11bytes): ff ff 00 00 00 0b 00 03 01 2a 58 
[20:19:13] [ClientServer/ClientDecoder/INFO]: Receive a package 0003(登陆反馈)
[20:19:13] [ClientServer/ClientDecoder/INFO]: package 0003: true
[20:19:13] [ClientServer/LoginBox/onLoginResponse/INFO]: Receive a package 0003(登陆反馈)
[20:19:13] [ClientServer/LoginBox/onLoginResponse/INFO]: package 0003: true
[20:19:13] [AioModule/Read/Completed/DEBUG]: Received 82 bytes from session/192.168.1.104:8438
[20:19:13] [AioModule/Read/Completed/DEBUG]: Received contents(82bytes): ff ff 00 00 00 18 00 06 00 00 00 0a 31 32 33 00 01 01 00 00 00 0b 36 32 ff ff 00 00 00 18 00 06 00 00 00 0b 34 35 36 00 01 01 00 00 00 0b 64 a6 ff ff 00 00 00 18 00 06 00 00 00 0c 37 38 39 00 01 01 00 00 00 0b 93 1a ff ff 00 00 00 0a 00 06 45 71 
[20:19:13] [ClientServer/ClientDecoder/INFO]: Receive a package 0006(角色预加载)
[20:19:13] [ClientServer/ClientDecoder/INFO]: package 0006: /id: 10/name: 123/level: 1/gender: 1
[20:19:13] [ClientSever/LoginBox/addCharacter/INFO]: Receive a package 0006(角色预加载)
[20:19:14] [ClientServer/ClientDecoder/INFO]: Receive a package 0006(角色预加载)
[20:19:14] [ClientServer/ClientDecoder/INFO]: package 0006: /id: 11/name: 456/level: 1/gender: 1
[20:19:14] [ClientSever/LoginBox/addCharacter/INFO]: Receive a package 0006(角色预加载)
[20:19:14] [ClientServer/ClientDecoder/INFO]: Receive a package 0006(角色预加载)
[20:19:14] [ClientServer/ClientDecoder/INFO]: package 0006: /id: 12/name: 789/level: 1/gender: 1
[20:19:14] [ClientSever/LoginBox/addCharacter/INFO]: Receive a package 0006(角色预加载)
[20:19:14] [ClientServer/ClientDecoder/INFO]: Receive a package 0006(角色预加载――空包)
[20:19:14] [ClientServer/LoginBox/noMorePackage/INFO]: Receive a package 0006(角色预加载: 这是最后一个空包
[20:19:16] [SendingModule/sendCharacter/INFO]: package 0007(角色选择) send!
[20:19:16] [AioModule/Write/Completed/DEBUG]: Sent 14 bytes to session/192.168.1.104:8438
[20:19:16] [AioModule/Write/Completed/DEBUG]: Sent contents(14bytes): ff ff 00 00 00 0e 00 07 00 00 00 0b a0 70 
[20:19:17] [ClientServer/ClientMain/KERNEL]: 5.登陆结束
[20:19:17] [ClientServer/ClientMain/KERNEL]: 6.开始游戏，启动gameBox
