[17:32:33] [ClientServer/ClientMain/init/DEBUG]: address: baidu.com:80
[17:32:33] [ClientServer/ClientMain/init/DEBUG]: 图片加载成功
[17:32:33] [ClientServer/ClientMain/init/DEBUG]: GIF动画加载成功
[17:32:33] [ClientServer/ClientMain/init/DEBUG]: 物品预加载成功
[17:32:33] [ClientServer/ClientMain/init/DEBUG]: init over
[17:32:33] [ClientServer/ClientMain/KERNEL]: 0.开始建立网络连接…………
[17:32:33] [ClientServer/ClientMain/setUpConnection/DEBUG]: setUpConnection over
[17:32:33] [ClientServer/ClientMain/KERNEL]: 1.网络连接成功!
[17:32:33] [ClientServer/ClientMain/KERNEL]: 2.发送0000包，确认对方是否为服务器Gate端
[17:32:33] [SendingModule/send00Package/INFO]: send00Package over
[17:32:33] [ClientSever/LoginBox/serverState/INFO]: Receive a package 0001(回应连接请求)
[17:32:33] [AioModule/Write/Completed/DEBUG]: Sent 14 bytes to sessionbaidu.com/180.149.132.47:80
[17:32:33] [ClientSever/LoginBox/serverState/INFO]: package 0001: 1
[17:32:33] [ClientServer/ClientMain/KERNEL]: 3.收到0001包，确认对方为服务器Gate端
[17:32:33] [AioModule/Write/Completed/DEBUG]: Sent contents(14bytes): ff ff 00 00 00 0e 00 00 00 00 30 39 20 db 
[17:32:33] [ClientServer/ClientMain/KERNEL]: 4.初始化loginBox登陆界面
[17:32:33] [ClientServer/LoginBox/onLoginResponse/INFO]: Receive a package 0003(登陆反馈)
[17:32:33] [ClientServer/LoginBox/onLoginResponse/INFO]: package 0003: true
[17:32:34] [ClientSever/LoginBox/addCharacter/INFO]: Receive a package 0006(角色预加载)
[17:32:34] [ClientSever/LoginBox/addCharacter/INFO]: Receive a package 0006(角色预加载)
[17:32:34] [ClientServer/LoginBox/noMorePackage/INFO]: Receive a package 0006(角色预加载: 这是最后一个空包
[17:32:35] [SendingModule/sendCreateCharacter/INFO]: package 0008(创建角色) send!
[17:32:35] [AioModule/Write/Completed/DEBUG]: Sent 25 bytes to sessionbaidu.com/180.149.132.47:80
[17:32:35] [ClientServer/LoginBox/onCreatResponse/INFO]: Receive a package 0009(角色创建结果)
[17:32:35] [AioModule/Write/Completed/DEBUG]: Sent contents(25bytes): ff ff 00 00 00 19 00 08 6e 75 6c 6c 00 64 64 64 64 00 01 00 00 00 01 38 47 
[17:32:36] [ClientServer/GameBox/addCharacter/DEBUG]: Receive a package 000A(游戏中所有玩家信息)
[17:32:36] [ClientServer/GameBox/addCharacter/DEBUG]: 000A:加入一个非主角玩家:dddd
[17:32:36] [ClientServer/GameBox/addCharacter/DEBUG]: Receive a package 000A(游戏中所有玩家信息)
[17:32:36] [ClientServer/GameBox/addCharacter/DEBUG]: 000A:加入一个非主角玩家:dddd
[17:32:36] [ClientServer/GameBox/addCharacter/DEBUG]: Receive a package 000A(游戏中所有玩家信息)
[17:32:36] [ClientServer/GameBox/addCharacter/DEBUG]: 000A:加入一个主角玩家:dddd
[17:32:36] [ClientServer/ClientMain/KERNEL]: 5.登陆结束
[17:32:36] [ClientServer/ClientMain/KERNEL]: 6.开始游戏，启动gameBox
[17:32:36] [ClientServer/GameBox/startGame/KERNEL]: 接收主角详细信息(000A):关闭加载窗口,开始游戏!
[17:32:36] [Client/GameBox/updateTarget/INFO]: receive Package 000C(角色目标)
[17:32:36] [Client/GameBox/updateTarget/INFO]: targetX: 5000/targetY 2000
[17:32:36] [Client/GameBox/updateTarget/INFO]: receive Package 000C(角色目标)
[17:32:36] [Client/GameBox/updateTarget/INFO]: targetX: 1000/targetY 3000
[17:32:38] [Client/GameBox/updateTarget/INFO]: receive Package 000C(角色目标)
[17:32:38] [Client/GameBox/updateTarget/INFO]: targetX: 253/targetY 232
[17:32:38] [AioModule/Write/Completed/DEBUG]: Sent 26 bytes to sessionbaidu.com/180.149.132.47:80
[17:32:38] [SendingModule/sendTargetPos/DEBUG]: package 000B(角色移动意图) send!
[17:32:38] [SendingModule/sendTargetPos/DEBUG]: targetX: 253/targetY: 232
[17:32:38] [AioModule/Write/Completed/DEBUG]: Sent contents(26bytes): ff ff 00 00 00 1a 00 0b 00 00 00 fd 00 00 00 e8 00 00 01 4d f6 90 41 50 95 30 
[17:32:42] [Client/GameBox/updateTarget/INFO]: receive Package 000C(角色目标)
[17:32:42] [Client/GameBox/updateTarget/INFO]: targetX: 590/targetY 543
[17:32:42] [SendingModule/sendTargetPos/DEBUG]: package 000B(角色移动意图) send!
[17:32:42] [AioModule/Write/Completed/DEBUG]: Sent 26 bytes to sessionbaidu.com/180.149.132.47:80
[17:32:42] [SendingModule/sendTargetPos/DEBUG]: targetX: 590/targetY: 543
[17:32:42] [AioModule/Write/Completed/DEBUG]: Sent contents(26bytes): ff ff 00 00 00 1a 00 0b 00 00 02 4e 00 00 02 1f 00 00 01 4d f6 90 4f 85 22 1e 
[17:32:43] [Client/GameBox/updateTarget/INFO]: receive Package 000C(角色目标)
[17:32:43] [Client/GameBox/updateTarget/INFO]: targetX: 434/targetY 712
[17:32:43] [SendingModule/sendTargetPos/DEBUG]: package 000B(角色移动意图) send!
[17:32:43] [SendingModule/sendTargetPos/DEBUG]: targetX: 434/targetY: 712
[17:32:43] [AioModule/Write/Failed/WARNING]: Failed to send to sessionnull. java.nio.channels.ClosedChannelException
[17:32:44] [Client/GameBox/updateTarget/INFO]: receive Package 000C(角色目标)
[17:32:44] [Client/GameBox/updateTarget/INFO]: targetX: 662/targetY 826
[17:32:44] [SendingModule/sendTargetPos/DEBUG]: package 000B(角色移动意图) send!
[17:32:44] [SendingModule/sendTargetPos/DEBUG]: targetX: 662/targetY: 826
[17:32:45] [Client/GameBox/updateTarget/INFO]: receive Package 000C(角色目标)
[17:32:45] [Client/GameBox/updateTarget/INFO]: targetX: 603/targetY 1134
[17:32:45] [SendingModule/sendTargetPos/DEBUG]: package 000B(角色移动意图) send!
[17:32:45] [SendingModule/sendTargetPos/DEBUG]: targetX: 603/targetY: 1134
[17:32:46] [Client/GameBox/updateTarget/INFO]: receive Package 000C(角色目标)
[17:32:46] [Client/GameBox/updateTarget/INFO]: targetX: 391/targetY 1199
[17:32:46] [SendingModule/sendTargetPos/DEBUG]: package 000B(角色移动意图) send!
[17:32:46] [SendingModule/sendTargetPos/DEBUG]: targetX: 391/targetY: 1199
[17:32:56] [ClientServer/ClientMain/KERNEL]: 7.游戏结束，退出主程序
[17:32:56] [SendingModule/sendLogout/INFO]: logout send!
