[18:36:37] [ClientServer/ClientMain/init/DEBUG]: address: 192.168.1.104:8438
[18:36:37] [ClientServer/ClientMain/init/DEBUG]: 图片加载成功
[18:36:37] [ClientServer/ClientMain/init/DEBUG]: GIF动画加载成功
[18:36:37] [ClientServer/ClientMain/init/DEBUG]: 物品预加载成功
[18:36:38] [ClientServer/ClientMain/init/DEBUG]: init over
[18:36:38] [ClientServer/ClientMain/KERNEL]: 0.开始建立网络连接…………
[18:36:38] [ClientServer/ClientMain/setUpConnection/DEBUG]: setUpConnection over
[18:36:38] [ClientServer/ClientMain/KERNEL]: 1.网络连接成功!
[18:36:38] [ClientServer/ClientMain/KERNEL]: 2.发送0000包，确认对方是否为服务器Gate端
[18:36:38] [SendingModule/send00Package/INFO]: send00Package over
[18:36:38] [AioModule/Write/Completed/DEBUG]: Sent 14 bytes to session/192.168.1.104:8438
[18:36:38] [AioModule/Write/Completed/DEBUG]: Sent contents(14bytes): ff ff 00 00 00 0e 00 00 00 00 30 39 20 db 
[18:36:38] [AioModule/Read/Completed/DEBUG]: Received 18 bytes from session/192.168.1.104:8438
[18:36:38] [AioModule/Read/Completed/DEBUG]: Received contents(18bytes): ff ff 00 00 00 12 00 14 00 00 01 4d f1 a5 70 46 9e b0 
[18:36:38] [ClientServer/ClientDecoder/INFO]: Receive a package 0014(PING)
[18:36:38] [SendingModule/PINGResponse/DEBUG]: package 0015(PING回应包) send!
[18:36:38] [AioModule/Write/Completed/DEBUG]: Sent 18 bytes to session/192.168.1.104:8438
[18:36:38] [AioModule/Read/Completed/DEBUG]: Received 11 bytes from session/192.168.1.104:8438
[18:36:38] [AioModule/Write/Completed/DEBUG]: Sent contents(18bytes): ff ff 00 00 00 12 00 15 00 00 01 4d f1 a5 70 46 97 3c 
[18:36:38] [AioModule/Read/Completed/DEBUG]: Received contents(11bytes): ff ff 00 00 00 0b 00 01 01 2a 46 
[18:36:38] [ClientServer/ClientDecoder/INFO]: Receive a package 0001(回应连接请求)
[18:36:38] [ClientServer/ClientDecoder/INFO]: package 0001: 1
[18:36:38] [ClientSever/LoginBox/serverState/INFO]: Receive a package 0001(回应连接请求)
[18:36:38] [ClientSever/LoginBox/serverState/INFO]: package 0001: 1
[18:36:38] [AioModule/Read/Completed/DEBUG]: Received 18 bytes from session/192.168.1.104:8438
[18:36:38] [AioModule/Read/Completed/DEBUG]: Received contents(18bytes): ff ff 00 00 00 12 00 16 00 00 01 4d f1 a5 71 bd 8f 4f 
[18:36:38] [ClientServer/ClientDecoder/INFO]: Receive a package 0016(时间同步)
[18:36:38] [ClientServer/ClientMain/KERNEL]: 3.收到0001包，确认对方为服务器Gate端
[18:36:38] [ClientServer/ClientMain/KERNEL]: 4.初始化loginBox登陆界面
[18:36:45] [AioModule/Write/Completed/DEBUG]: Sent 48 bytes to session/192.168.1.104:8438
[18:36:45] [SendingModule/sendLogin/INFO]: package 0002(登陆信息) send!
[18:36:45] [AioModule/Write/Completed/DEBUG]: Sent contents(48bytes): ff ff 00 00 00 30 00 02 31 32 33 34 00 38 31 44 43 39 42 44 42 35 32 44 30 34 44 43 32 30 30 33 36 44 42 44 38 33 31 33 45 44 30 35 35 00 79 71 
[18:36:45] [AioModule/Read/Completed/DEBUG]: Received 11 bytes from session/192.168.1.104:8438
[18:36:45] [AioModule/Read/Completed/DEBUG]: Received contents(11bytes): ff ff 00 00 00 0b 00 03 01 2a 58 
[18:36:45] [ClientServer/ClientDecoder/INFO]: Receive a package 0003(登陆反馈)
[18:36:45] [ClientServer/ClientDecoder/INFO]: package 0003: true
[18:36:45] [ClientServer/LoginBox/onLoginResponse/INFO]: Receive a package 0003(登陆反馈)
[18:36:45] [ClientServer/LoginBox/onLoginResponse/INFO]: package 0003: true
[18:36:46] [AioModule/Read/Completed/DEBUG]: Received 82 bytes from session/192.168.1.104:8438
[18:36:46] [AioModule/Read/Completed/DEBUG]: Received contents(82bytes): ff ff 00 00 00 18 00 06 00 00 00 0a 31 32 33 00 01 01 00 00 00 0b 36 32 ff ff 00 00 00 18 00 06 00 00 00 0b 34 35 36 00 01 01 00 00 00 0b 64 a6 ff ff 00 00 00 18 00 06 00 00 00 0c 37 38 39 00 01 01 00 00 00 0b 93 1a ff ff 00 00 00 0a 00 06 45 71 
[18:36:46] [ClientServer/ClientDecoder/INFO]: Receive a package 0006(角色预加载)
[18:36:46] [ClientServer/ClientDecoder/INFO]: package 0006: /id: 10/name: 123/level: 1/gender: 1
[18:36:46] [ClientSever/LoginBox/addCharacter/INFO]: Receive a package 0006(角色预加载)
[18:36:46] [ClientServer/ClientDecoder/INFO]: Receive a package 0006(角色预加载)
[18:36:46] [ClientServer/ClientDecoder/INFO]: package 0006: /id: 11/name: 456/level: 1/gender: 1
[18:36:46] [ClientSever/LoginBox/addCharacter/INFO]: Receive a package 0006(角色预加载)
[18:36:46] [ClientServer/ClientDecoder/INFO]: Receive a package 0006(角色预加载)
[18:36:46] [ClientServer/ClientDecoder/INFO]: package 0006: /id: 12/name: 789/level: 1/gender: 1
[18:36:46] [ClientSever/LoginBox/addCharacter/INFO]: Receive a package 0006(角色预加载)
[18:36:46] [ClientServer/ClientDecoder/INFO]: Receive a package 0006(角色预加载――空包)
[18:36:46] [ClientServer/LoginBox/noMorePackage/INFO]: Receive a package 0006(角色预加载: 这是最后一个空包
[18:36:55] [SendingModule/sendCharacter/INFO]: package 0007(角色选择) send!
[18:36:55] [AioModule/Write/Completed/DEBUG]: Sent 14 bytes to session/192.168.1.104:8438
[18:36:55] [AioModule/Write/Completed/DEBUG]: Sent contents(14bytes): ff ff 00 00 00 0e 00 07 00 00 00 0a a0 6f 
[18:36:56] [ClientServer/ClientMain/KERNEL]: 5.登陆结束
[18:36:56] [ClientServer/ClientMain/KERNEL]: 6.开始游戏，启动gameBox
[18:36:56] [AioModule/Read/Completed/DEBUG]: Received 80 bytes from session/192.168.1.104:8438
[18:36:56] [AioModule/Read/Completed/DEBUG]: Received contents(80bytes): ff ff 00 00 00 50 00 0a 00 00 00 0a 31 32 33 00 74 68 69 73 20 69 73 20 61 20 70 6c 61 6e 65 00 01 01 00 00 00 64 00 00 00 64 00 00 00 64 00 00 00 64 00 00 00 14 00 00 00 14 00 00 00 01 00 00 00 c8 00 00 00 c8 00 00 00 c8 00 00 00 0b 72 cc 
[18:36:56] [ClientServer/ClientDecoder/INFO]: Receive a package 000A(游戏中所有玩家信息)
[18:36:56] [ClientServer/ClientDecoder/INFO]: package 000A: /id: 10/name: 123/level: 1/gender: 1/posX: 200/posY: 200
[18:36:56] [ClientServer/GameBox/addCharacter/DEBUG]: Receive a package 000A(游戏中所有玩家信息)
[18:36:56] [ClientServer/GameBox/addCharacter/DEBUG]: 000A:加入一个主角玩家:123
[18:36:56] [AioModule/Read/Completed/DEBUG]: Received 270 bytes from session/192.168.1.104:8438
[18:36:56] [AioModule/Read/Completed/DEBUG]: Received contents(270bytes): ff ff 00 00 01 0e 00 19 00 00 00 20 ff ff ff ff 00 00 00 00 ff ff ff ff 00 00 00 00 ff ff ff ff 00 00 00 00 ff ff ff ff 00 00 00 00 ff ff ff ff 00 00 00 00 ff ff ff ff 00 00 00 00 ff ff ff ff 00 00 00 00 ff ff ff ff 00 00 00 00 ff ff ff ff 00 00 00 00 ff ff ff ff 00 00 00 00 ff ff ff ff 00 00 00 00 ff ff ff ff 00 00 00 00 ff ff ff ff 00 00 00 00 ff ff ff ff 00 00 00 00 ff ff ff ff 00 00 00 00 ff ff ff ff 00 00 00 00 ff ff ff ff 00 00 00 00 ff ff ff ff 00 00 00 00 ff ff ff ff 00 00 00 00 ff ff ff ff 00 00 00 00 ff ff ff ff 00 00 00 00 ff ff ff ff 00 00 00 00 ff ff ff ff 00 00 00 00 ff ff ff ff 00 00 00 00 ff ff ff ff 00 00 00 00 ff ff ff ff 00 00 00 00 ff ff ff ff 00 00 00 00 ff ff ff ff 00 00 00 00 ff ff ff ff 00 00 00 00 ff ff ff ff 00 00 00 00 ff ff ff ff 00 00 00 00 ff ff ff ff 00 00 00 00 71 7e 
[18:36:56] [ClientServer/ClientDecoder/INFO]: Receive a package 0019(背包信息)
[18:36:56] [AioModule/Read/Completed/DEBUG]: Received 14 bytes from session/192.168.1.104:8438
[18:36:56] [AioModule/Read/Completed/DEBUG]: Received contents(14bytes): ff ff 00 00 00 0e 00 1b 00 00 00 00 72 5c 
[18:36:56] [AioModule/Read/Completed/DEBUG]: Received 38 bytes from session/192.168.1.104:8438
[18:36:56] [AioModule/Read/Completed/DEBUG]: Received contents(38bytes): ff ff 00 00 00 26 00 1a 00 00 00 02 00 00 00 00 3b 9a ca 01 00 00 00 01 00 00 00 01 3b 9a ca 02 00 00 00 01 75 ab 
[18:36:56] [ClientServer/ClientDecoder/INFO]: Receive a package 001A(技能信息)
[18:36:56] [ClientServer/GameBox/startGame/KERNEL]: 接收主角详细信息(000A):关闭加载窗口,开始游戏!
[18:36:58] [Client/GameBox/updateTarget/INFO]: receive Package 000C(角色目标)
[18:36:58] [Client/GameBox/updateTarget/INFO]: targetX: 193/targetY 323
[18:36:58] [SendingModule/sendTargetPos/DEBUG]: package 000B(角色移动意图) send!
[18:36:58] [AioModule/Write/Completed/DEBUG]: Sent 30 bytes to session/192.168.1.104:8438
[18:36:58] [SendingModule/sendTargetPos/DEBUG]: targetX: 193/targetY: 323
[18:36:58] [AioModule/Write/Completed/DEBUG]: Sent contents(30bytes): ff ff 00 00 00 1e 00 0b 00 00 00 0a 00 00 00 c1 00 00 01 43 00 00 01 4d f1 a4 c9 a1 75 25 
[18:36:58] [AioModule/Read/Completed/DEBUG]: Received 30 bytes from session/192.168.1.104:8438
[18:36:58] [AioModule/Read/Completed/DEBUG]: Received contents(30bytes): ff ff 00 00 00 1e 00 0c 00 00 00 0a 00 00 00 0a 00 00 00 c1 00 00 01 4d f1 a5 bc ba b6 0c 
[18:36:58] [ClientServer/ClientDecoder/INFO]: Receive a package 000C(所有玩家目标坐标更新)
[18:36:58] [ClientServer/ClientDecoder/INFO]: package 000C: /id: 10/posX: 10/posY: 193
[18:36:58] [Client/GameBox/updateTarget/INFO]: receive Package 000C(角色目标)
[18:36:58] [Client/GameBox/updateTarget/INFO]: targetX: 10/targetY 193
[18:37:09] [Client/GameBox/updateTarget/INFO]: receive Package 000C(角色目标)
[18:37:09] [Client/GameBox/updateTarget/INFO]: targetX: 183/targetY 634
[18:37:09] [SendingModule/sendTargetPos/DEBUG]: package 000B(角色移动意图) send!
[18:37:09] [AioModule/Write/Completed/DEBUG]: Sent 30 bytes to session/192.168.1.104:8438
[18:37:09] [SendingModule/sendTargetPos/DEBUG]: targetX: 183/targetY: 634
[18:37:09] [AioModule/Write/Completed/DEBUG]: Sent contents(30bytes): ff ff 00 00 00 1e 00 0b 00 00 00 0a 00 00 00 b7 00 00 02 7a 00 00 01 4d f1 a4 f4 af 22 5d 
[18:37:09] [AioModule/Read/Completed/DEBUG]: Received 30 bytes from session/192.168.1.104:8438
[18:37:09] [AioModule/Read/Completed/DEBUG]: Received contents(30bytes): ff ff 00 00 00 1e 00 0c 00 00 00 0a 00 00 00 0a 00 00 00 b7 00 00 01 4d f1 a5 e7 b5 42 a6 
[18:37:09] [ClientServer/ClientDecoder/INFO]: Receive a package 000C(所有玩家目标坐标更新)
[18:37:09] [ClientServer/ClientDecoder/INFO]: package 000C: /id: 10/posX: 10/posY: 183
[18:37:09] [Client/GameBox/updateTarget/INFO]: receive Package 000C(角色目标)
[18:37:09] [Client/GameBox/updateTarget/INFO]: targetX: 10/targetY 183
[18:40:49] [Client/GameBox/updateTarget/INFO]: receive Package 000C(角色目标)
[18:40:49] [Client/GameBox/updateTarget/INFO]: targetX: 120/targetY 371
[18:40:49] [SendingModule/sendTargetPos/DEBUG]: package 000B(角色移动意图) send!
[18:40:49] [SendingModule/sendTargetPos/DEBUG]: targetX: 120/targetY: 371
[18:40:49] [AioModule/Write/Completed/DEBUG]: Sent 30 bytes to session/192.168.1.104:8438
[18:40:49] [AioModule/Write/Completed/DEBUG]: Sent contents(30bytes): ff ff 00 00 00 1e 00 0b 00 00 00 0a 00 00 00 78 00 00 01 73 00 00 01 4d f1 a8 51 22 a8 45 
[18:40:50] [Client/GameBox/updateTarget/INFO]: receive Package 000C(角色目标)
[18:40:50] [Client/GameBox/updateTarget/INFO]: targetX: 268/targetY 687
[18:40:50] [SendingModule/sendTargetPos/DEBUG]: package 000B(角色移动意图) send!
[18:40:50] [AioModule/Write/Completed/DEBUG]: Sent 30 bytes to session/192.168.1.104:8438
[18:40:50] [SendingModule/sendTargetPos/DEBUG]: targetX: 268/targetY: 687
[18:40:50] [AioModule/Write/Completed/DEBUG]: Sent contents(30bytes): ff ff 00 00 00 1e 00 0b 00 00 00 0a 00 00 01 0c 00 00 02 af 00 00 01 4d f1 a8 54 0b 1e 81 
[18:40:50] [Client/GameBox/updateTarget/INFO]: receive Package 000C(角色目标)
[18:40:50] [Client/GameBox/updateTarget/INFO]: targetX: 404/targetY 884
[18:40:50] [SendingModule/sendTargetPos/DEBUG]: package 000B(角色移动意图) send!
[18:40:50] [AioModule/Write/Completed/DEBUG]: Sent 30 bytes to session/192.168.1.104:8438
[18:40:50] [SendingModule/sendTargetPos/DEBUG]: targetX: 404/targetY: 884
[18:40:50] [AioModule/Write/Completed/DEBUG]: Sent contents(30bytes): ff ff 00 00 00 1e 00 0b 00 00 00 0a 00 00 01 94 00 00 03 74 00 00 01 4d f1 a8 56 2d 6f 3d 
[18:40:51] [Client/GameBox/updateTarget/INFO]: receive Package 000C(角色目标)
[18:40:51] [Client/GameBox/updateTarget/INFO]: targetX: 550/targetY 1036
[18:40:51] [SendingModule/sendTargetPos/DEBUG]: package 000B(角色移动意图) send!
[18:40:51] [AioModule/Write/Completed/DEBUG]: Sent 30 bytes to session/192.168.1.104:8438
[18:40:51] [SendingModule/sendTargetPos/DEBUG]: targetX: 550/targetY: 1036
[18:40:51] [AioModule/Write/Completed/DEBUG]: Sent contents(30bytes): ff ff 00 00 00 1e 00 0b 00 00 00 0a 00 00 02 26 00 00 04 0c 00 00 01 4d f1 a8 58 40 32 6d 
[18:40:53] [ClientServer/ClientMain/KERNEL]: 7.游戏结束，退出主程序
[18:40:53] [SendingModule/sendLogout/INFO]: logout send!
[18:40:53] [AioModule/Write/Completed/DEBUG]: Sent 14 bytes to session/192.168.1.104:8438
[18:40:53] [AioModule/Write/Completed/DEBUG]: Sent contents(14bytes): ff ff 00 00 00 0e 00 13 00 00 00 00 84 c6 
