[18:43:38] [ClientServer/ClientMain/init/DEBUG]: address: 192.168.1.100:8438
[18:43:38] [ClientServer/ClientMain/init/DEBUG]: 图片加载成功
[18:43:38] [ClientServer/ClientMain/init/DEBUG]: GIF动画加载成功
[18:43:38] [ClientServer/ClientMain/init/DEBUG]: 物品预加载成功
[18:43:38] [ClientServer/ClientMain/init/DEBUG]: init over
[18:43:38] [ClientServer/ClientMain/KERNEL]: 0.开始建立网络连接…………
[18:43:47] [ClientServer/ClientMain/setUpConnection/DEBUG]: setUpConnection over
[18:43:47] [ClientServer/ClientMain/KERNEL]: 1.网络连接成功!
[18:43:47] [ClientServer/ClientMain/KERNEL]: 2.发送0000包，确认对方是否为服务器Gate端
[18:43:47] [SendingModule/send00Package/INFO]: send00Package over
[18:43:47] [AioModule/Write/Completed/DEBUG]: Sent 14 bytes to session/192.168.1.100:8438
[18:43:47] [AioModule/Read/Completed/DEBUG]: Received 18 bytes from session/192.168.1.100:8438
[18:43:47] [AioModule/Write/Completed/DEBUG]: Sent contents(14bytes): ff ff 00 00 00 0e 00 00 00 00 30 39 20 db 
[18:43:47] [AioModule/Read/Completed/DEBUG]: Received contents(18bytes): ff ff 00 00 00 12 00 14 00 00 01 4d f6 d1 5d dd 45 22 
[18:43:47] [ClientServer/ClientDecoder/INFO]: Receive a package 0014(PING)1434365025757
[18:43:47] [AioModule/Write/Completed/DEBUG]: Sent 18 bytes to session/192.168.1.100:8438
[18:43:47] [SendingModule/PINGResponse/DEBUG]: package 0015(PING回应包) send!
[18:43:47] [AioModule/Read/Completed/DEBUG]: Received 11 bytes from session/192.168.1.100:8438
[18:43:47] [AioModule/Write/Completed/DEBUG]: Sent contents(18bytes): ff ff 00 00 00 12 00 15 00 00 01 4d f6 d1 5d dd 3d ae 
[18:43:47] [AioModule/Read/Completed/DEBUG]: Received contents(11bytes): ff ff 00 00 00 0b 00 01 01 2a 46 
[18:43:47] [ClientServer/ClientDecoder/INFO]: Receive a package 0001(回应连接请求)
[18:43:47] [ClientServer/ClientDecoder/INFO]: package 0001: 1
[18:43:47] [ClientSever/LoginBox/serverState/INFO]: Receive a package 0001(回应连接请求)
[18:43:47] [ClientSever/LoginBox/serverState/INFO]: package 0001: 1
[18:43:47] [AioModule/Read/Completed/DEBUG]: Received 18 bytes from session/192.168.1.100:8438
[18:43:47] [AioModule/Read/Completed/DEBUG]: Received contents(18bytes): ff ff 00 00 00 12 00 16 00 00 00 00 00 00 00 04 28 52 
[18:43:47] [ClientServer/ClientDecoder/INFO]: Receive a package 0016(时间同步)2211
[18:43:48] [ClientServer/ClientMain/KERNEL]: 3.收到0001包，确认对方为服务器Gate端
[18:43:48] [ClientServer/ClientMain/KERNEL]: 4.初始化loginBox登陆界面
[18:43:54] [SendingModule/sendLogin/INFO]: package 0002(登陆信息) send!
[18:43:54] [AioModule/Write/Completed/DEBUG]: Sent 47 bytes to session/192.168.1.100:8438
[18:43:54] [AioModule/Write/Completed/DEBUG]: Sent contents(47bytes): ff ff 00 00 00 2f 00 02 78 79 6c 00 43 37 30 43 44 30 34 33 31 33 46 46 32 36 30 41 38 33 44 36 44 37 39 39 30 38 32 32 43 30 33 32 00 6a be 
[18:43:54] [AioModule/Read/Completed/DEBUG]: Received 11 bytes from session/192.168.1.100:8438
[18:43:54] [AioModule/Read/Completed/DEBUG]: Received contents(11bytes): ff ff 00 00 00 0b 00 03 01 2a 58 
[18:43:54] [ClientServer/ClientDecoder/INFO]: Receive a package 0003(登陆反馈)
[18:43:54] [ClientServer/ClientDecoder/INFO]: package 0003: true
[18:43:54] [ClientServer/LoginBox/onLoginResponse/INFO]: Receive a package 0003(登陆反馈)
[18:43:54] [ClientServer/LoginBox/onLoginResponse/INFO]: package 0003: true
[18:43:54] [AioModule/Read/Completed/DEBUG]: Received 29 bytes from session/192.168.1.100:8438
[18:43:54] [AioModule/Read/Completed/DEBUG]: Received contents(29bytes): ff ff 00 00 00 1d 00 06 00 00 04 03 bb c3 cf eb bc d2 d8 bc 00 01 00 00 00 00 0c 7a 9f 
[18:43:54] [ClientServer/ClientDecoder/INFO]: Receive a package 0006(角色预加载)
[18:43:54] [ClientServer/ClientDecoder/INFO]: package 0006: /id: 1027/name: 幻想家丶/level: 1/gender: 0
[18:43:54] [ClientSever/LoginBox/addCharacter/INFO]: Receive a package 0006(角色预加载)
[18:43:55] [AioModule/Read/Completed/DEBUG]: Received 10 bytes from session/192.168.1.100:8438
[18:43:55] [AioModule/Read/Completed/DEBUG]: Received contents(10bytes): ff ff 00 00 00 0a 00 06 45 71 
[18:43:55] [ClientServer/ClientDecoder/INFO]: Receive a package 0006(角色预加载――空包)
[18:43:55] [ClientServer/LoginBox/noMorePackage/INFO]: Receive a package 0006(角色预加载: 这是最后一个空包
[18:43:57] [AioModule/Write/Completed/DEBUG]: Sent 14 bytes to session/192.168.1.100:8438
[18:43:57] [SendingModule/sendCharacter/INFO]: package 0007(角色选择) send!
[18:43:57] [AioModule/Write/Completed/DEBUG]: Sent contents(14bytes): ff ff 00 00 00 0e 00 07 00 00 04 03 a0 98 
[18:43:57] [ClientServer/ClientMain/KERNEL]: 5.登陆结束
[18:43:57] [ClientServer/ClientMain/KERNEL]: 6.开始游戏，启动gameBox
[18:43:57] [AioModule/Read/Completed/DEBUG]: Received 85 bytes from session/192.168.1.100:8438
[18:43:57] [AioModule/Read/Completed/DEBUG]: Received contents(85bytes): ff ff 00 00 00 55 00 0a 00 00 04 05 6d 6f 63 61 6e 6f 72 79 00 74 68 69 73 20 69 73 20 61 20 70 6c 61 6e 65 00 01 01 00 00 00 64 00 00 00 00 00 00 00 64 00 00 00 64 00 00 00 14 00 00 00 14 00 00 00 01 00 00 00 c8 00 00 09 92 00 00 1f 6d 00 00 00 0b 22 d8 
[18:43:57] [ClientServer/ClientDecoder/INFO]: Receive a package 000A(游戏中所有玩家信息)
[18:43:57] [ClientServer/ClientDecoder/INFO]: package 000A: /id: 1029/name: mocanory/level: 1/gender: 1/posX: 2450/posY: 8045
[18:43:57] [ClientServer/GameBox/addCharacter/DEBUG]: Receive a package 000A(游戏中所有玩家信息)
[18:43:57] [ClientServer/GameBox/addCharacter/DEBUG]: 000A:加入一个非主角玩家:mocanory
[18:43:57] [AioModule/Read/Completed/DEBUG]: Received 87 bytes from session/192.168.1.100:8438
[18:43:57] [AioModule/Read/Completed/DEBUG]: Received contents(87bytes): ff ff 00 00 00 57 00 0a 00 00 04 03 bb c3 cf eb bc d2 d8 bc 00 74 68 69 73 20 69 73 20 58 75 73 20 70 6c 61 6e 65 00 01 00 00 00 00 64 00 00 00 64 00 00 00 64 00 00 00 64 00 00 00 14 00 00 00 14 00 00 00 01 00 00 00 c8 00 00 0a 0f 00 00 1e 6e 00 00 00 0c 02 65 
[18:43:57] [ClientServer/ClientDecoder/INFO]: Receive a package 000A(游戏中所有玩家信息)
[18:43:57] [ClientServer/ClientDecoder/INFO]: package 000A: /id: 1027/name: 幻想家丶/level: 1/gender: 0/posX: 2575/posY: 7790
[18:43:57] [ClientServer/GameBox/addCharacter/DEBUG]: Receive a package 000A(游戏中所有玩家信息)
[18:43:57] [ClientServer/GameBox/addCharacter/DEBUG]: 000A:加入一个主角玩家:幻想家丶
[18:43:57] [AioModule/Read/Completed/DEBUG]: Received 270 bytes from session/192.168.1.100:8438
[18:43:57] [AioModule/Read/Completed/DEBUG]: Received contents(270bytes): ff ff 00 00 01 0e 00 19 00 00 00 20 00 00 00 20 00 00 01 5e 00 00 00 21 00 00 00 00 00 00 00 22 00 00 00 00 00 00 00 23 00 00 00 00 00 00 00 24 00 00 00 00 00 00 00 25 00 00 00 00 00 00 00 26 00 00 00 00 00 00 00 27 00 00 00 00 00 00 00 28 00 00 00 00 00 00 00 29 00 00 00 00 00 00 00 2a 00 00 00 00 00 00 00 2b 00 00 00 00 00 00 00 2c 00 00 00 00 00 00 00 2d 00 00 00 00 00 00 00 2e 00 00 00 00 00 00 00 2f 00 00 00 00 00 00 00 30 00 00 00 00 00 00 00 31 00 00 00 00 00 00 00 32 00 00 00 00 00 00 00 33 00 00 00 00 00 00 00 34 00 00 00 00 00 00 00 35 00 00 00 00 00 00 00 36 00 00 00 00 00 00 00 37 00 00 00 00 00 00 00 38 00 00 00 00 00 00 00 39 00 00 00 00 00 00 00 3a 00 00 00 00 00 00 00 3b 00 00 00 00 00 00 00 3c 00 00 00 00 00 00 00 3d 00 00 00 00 00 00 00 3e 00 00 00 00 00 00 00 3f 00 00 00 00 ac 1b 
[18:43:57] [ClientServer/ClientDecoder/INFO]: Receive a package 0019(背包信息)
[18:43:57] [AioModule/Read/Completed/DEBUG]: Received 14 bytes from session/192.168.1.100:8438
[18:43:57] [AioModule/Read/Completed/DEBUG]: Received contents(14bytes): ff ff 00 00 00 0e 00 1b 00 00 00 00 72 5c 
[18:43:57] [AioModule/Read/Completed/DEBUG]: Received 50 bytes from session/192.168.1.100:8438
[18:43:57] [AioModule/Read/Completed/DEBUG]: Received contents(50bytes): ff ff 00 00 00 32 00 1a 00 00 00 03 00 00 00 03 3b 9a ca 01 00 00 00 01 00 00 00 04 3b 9a ca 02 00 00 00 01 00 00 00 05 3b 9a ca 03 00 00 00 01 18 6d 
[18:43:57] [ClientServer/ClientDecoder/INFO]: Receive a package 001A(技能信息)
[18:43:58] [ClientServer/GameBox/startGame/KERNEL]: 接收主角详细信息(000A):关闭加载窗口,开始游戏!
[18:44:00] [Client/GameBox/updateTarget/INFO]: receive Package 000C(角色目标)
[18:44:00] [Client/GameBox/updateTarget/INFO]: targetX: 2659/targetY 7969
[18:44:00] [SendingModule/sendTargetPos/DEBUG]: package 000B(角色移动意图) send!
[18:44:00] [AioModule/Write/Completed/DEBUG]: Sent 26 bytes to session/192.168.1.100:8438
[18:44:00] [SendingModule/sendTargetPos/DEBUG]: targetX: 2659/targetY: 7969
[18:44:00] [AioModule/Write/Completed/DEBUG]: Sent contents(26bytes): ff ff 00 00 00 1a 00 0b 00 00 0a 63 00 00 1f 21 00 00 01 4d f6 d1 8e 50 27 02 
[18:44:00] [AioModule/Read/Completed/DEBUG]: Received 30 bytes from session/192.168.1.100:8438
[18:44:00] [AioModule/Read/Completed/DEBUG]: Received contents(30bytes): ff ff 00 00 00 1e 00 0c 00 00 04 03 00 00 0a 63 00 00 1f 21 00 00 01 4d f6 d1 8e 50 8b 80 
[18:44:00] [ClientServer/ClientDecoder/INFO]: Receive a package 000C(所有玩家目标坐标更新)
[18:44:00] [ClientServer/ClientDecoder/INFO]: package 000C: /id: 1027/posX: 2659/posY: 7969
[18:44:00] [Client/GameBox/updateTarget/INFO]: receive Package 000C(角色目标)
[18:44:00] [Client/GameBox/updateTarget/INFO]: targetX: 2659/targetY 7969
[18:44:01] [Client/GameBox/updateTarget/INFO]: receive Package 000C(角色目标)
[18:44:01] [Client/GameBox/updateTarget/INFO]: targetX: 2645/targetY 8146
[18:44:01] [SendingModule/sendTargetPos/DEBUG]: package 000B(角色移动意图) send!
[18:44:01] [SendingModule/sendTargetPos/DEBUG]: targetX: 2645/targetY: 8146
[18:44:01] [AioModule/Write/Completed/DEBUG]: Sent 26 bytes to session/192.168.1.100:8438
[18:44:01] [AioModule/Write/Completed/DEBUG]: Sent contents(26bytes): ff ff 00 00 00 1a 00 0b 00 00 0a 55 00 00 1f d2 00 00 01 4d f6 d1 91 37 37 96 
[18:44:01] [AioModule/Read/Completed/DEBUG]: Received 30 bytes from session/192.168.1.100:8438
[18:44:01] [AioModule/Read/Completed/DEBUG]: Received contents(30bytes): ff ff 00 00 00 1e 00 0c 00 00 04 03 00 00 0a 55 00 00 1f d2 00 00 01 4d f6 d1 91 37 b8 9e 
[18:44:01] [ClientServer/ClientDecoder/INFO]: Receive a package 000C(所有玩家目标坐标更新)
[18:44:01] [ClientServer/ClientDecoder/INFO]: package 000C: /id: 1027/posX: 2645/posY: 8146
[18:44:01] [Client/GameBox/updateTarget/INFO]: receive Package 000C(角色目标)
[18:44:01] [Client/GameBox/updateTarget/INFO]: targetX: 2645/targetY 8146
[18:44:01] [Client/GameBox/updateTarget/INFO]: receive Package 000C(角色目标)
[18:44:01] [Client/GameBox/updateTarget/INFO]: targetX: 2409/targetY 8203
[18:44:01] [SendingModule/sendTargetPos/DEBUG]: package 000B(角色移动意图) send!
[18:44:01] [SendingModule/sendTargetPos/DEBUG]: targetX: 2409/targetY: 8203
[18:44:01] [AioModule/Write/Completed/DEBUG]: Sent 26 bytes to session/192.168.1.100:8438
[18:44:01] [AioModule/Write/Completed/DEBUG]: Sent contents(26bytes): ff ff 00 00 00 1a 00 0b 00 00 09 69 00 00 20 0b 00 00 01 4d f6 d1 92 d6 41 d8 
[18:44:01] [AioModule/Read/Completed/DEBUG]: Received 30 bytes from session/192.168.1.100:8438
[18:44:01] [AioModule/Read/Completed/DEBUG]: Received contents(30bytes): ff ff 00 00 00 1e 00 0c 00 00 04 03 00 00 09 69 00 00 20 0b 00 00 01 4d f6 d1 92 d6 78 ef 
[18:44:01] [ClientServer/ClientDecoder/INFO]: Receive a package 000C(所有玩家目标坐标更新)
[18:44:01] [ClientServer/ClientDecoder/INFO]: package 000C: /id: 1027/posX: 2409/posY: 8203
[18:44:01] [Client/GameBox/updateTarget/INFO]: receive Package 000C(角色目标)
[18:44:01] [Client/GameBox/updateTarget/INFO]: targetX: 2409/targetY 8203
[18:44:02] [Client/GameBox/updateTarget/INFO]: receive Package 000C(角色目标)
[18:44:02] [Client/GameBox/updateTarget/INFO]: targetX: 2390/targetY 8002
[18:44:02] [SendingModule/sendTargetPos/DEBUG]: package 000B(角色移动意图) send!
[18:44:02] [SendingModule/sendTargetPos/DEBUG]: targetX: 2390/targetY: 8002
[18:44:02] [AioModule/Write/Completed/DEBUG]: Sent 26 bytes to session/192.168.1.100:8438
[18:44:02] [AioModule/Write/Completed/DEBUG]: Sent contents(26bytes): ff ff 00 00 00 1a 00 0b 00 00 09 56 00 00 1f 42 00 00 01 4d f6 d1 97 36 2c 93 
[18:44:02] [AioModule/Read/Completed/DEBUG]: Received 30 bytes from session/192.168.1.100:8438
[18:44:02] [AioModule/Read/Completed/DEBUG]: Received contents(30bytes): ff ff 00 00 00 1e 00 0c 00 00 04 03 00 00 09 56 00 00 1f 42 00 00 01 4d f6 d1 97 36 ae 99 
[18:44:02] [ClientServer/ClientDecoder/INFO]: Receive a package 000C(所有玩家目标坐标更新)
[18:44:02] [ClientServer/ClientDecoder/INFO]: package 000C: /id: 1027/posX: 2390/posY: 8002
[18:44:02] [Client/GameBox/updateTarget/INFO]: receive Package 000C(角色目标)
[18:44:02] [Client/GameBox/updateTarget/INFO]: targetX: 2390/targetY 8002
[18:44:03] [Client/GameBox/updateTarget/INFO]: receive Package 000C(角色目标)
[18:44:03] [Client/GameBox/updateTarget/INFO]: targetX: 2598/targetY 7982
[18:44:03] [SendingModule/sendTargetPos/DEBUG]: package 000B(角色移动意图) send!
[18:44:03] [SendingModule/sendTargetPos/DEBUG]: targetX: 2598/targetY: 7982
[18:44:03] [AioModule/Write/Completed/DEBUG]: Sent 26 bytes to session/192.168.1.100:8438
[18:44:03] [AioModule/Write/Completed/DEBUG]: Sent contents(26bytes): ff ff 00 00 00 1a 00 0b 00 00 0a 26 00 00 1f 2e 00 00 01 4d f6 d1 9b 35 55 1f 
[18:44:03] [AioModule/Read/Completed/DEBUG]: Received 30 bytes from session/192.168.1.100:8438
[18:44:03] [AioModule/Read/Completed/DEBUG]: Received contents(30bytes): ff ff 00 00 00 1e 00 0c 00 00 04 03 00 00 0a 26 00 00 1f 2e 00 00 01 4d f6 d1 9b 35 54 eb 
[18:44:03] [ClientServer/ClientDecoder/INFO]: Receive a package 000C(所有玩家目标坐标更新)
[18:44:03] [ClientServer/ClientDecoder/INFO]: package 000C: /id: 1027/posX: 2598/posY: 7982
[18:44:03] [Client/GameBox/updateTarget/INFO]: receive Package 000C(角色目标)
[18:44:03] [Client/GameBox/updateTarget/INFO]: targetX: 2598/targetY 7982
[18:44:04] [Client/GameBox/updateTarget/INFO]: receive Package 000C(角色目标)
[18:44:04] [Client/GameBox/updateTarget/INFO]: targetX: 2575/targetY 8077
[18:44:04] [SendingModule/sendTargetPos/DEBUG]: package 000B(角色移动意图) send!
[18:44:04] [SendingModule/sendTargetPos/DEBUG]: targetX: 2575/targetY: 8077
[18:44:04] [AioModule/Write/Completed/DEBUG]: Sent 26 bytes to session/192.168.1.100:8438
[18:44:04] [AioModule/Write/Completed/DEBUG]: Sent contents(26bytes): ff ff 00 00 00 1a 00 0b 00 00 0a 0f 00 00 1f 8d 00 00 01 4d f6 d1 9c f5 7b 8f 
[18:44:04] [AioModule/Read/Completed/DEBUG]: Received 30 bytes from session/192.168.1.100:8438
[18:44:04] [AioModule/Read/Completed/DEBUG]: Received contents(30bytes): ff ff 00 00 00 1e 00 0c 00 00 04 03 00 00 0a 0f 00 00 1f 8d 00 00 01 4d f6 d1 9c f5 4d 55 
[18:44:04] [ClientServer/ClientDecoder/INFO]: Receive a package 000C(所有玩家目标坐标更新)
[18:44:04] [ClientServer/ClientDecoder/INFO]: package 000C: /id: 1027/posX: 2575/posY: 8077
[18:44:04] [Client/GameBox/updateTarget/INFO]: receive Package 000C(角色目标)
[18:44:04] [Client/GameBox/updateTarget/INFO]: targetX: 2575/targetY 8077
[18:44:04] [Client/GameBox/updateTarget/INFO]: receive Package 000C(角色目标)
[18:44:04] [Client/GameBox/updateTarget/INFO]: targetX: 2302/targetY 8129
[18:44:04] [SendingModule/sendTargetPos/DEBUG]: package 000B(角色移动意图) send!
[18:44:04] [SendingModule/sendTargetPos/DEBUG]: targetX: 2302/targetY: 8129
[18:44:04] [AioModule/Write/Completed/DEBUG]: Sent 26 bytes to session/192.168.1.100:8438
[18:44:04] [AioModule/Write/Completed/DEBUG]: Sent contents(26bytes): ff ff 00 00 00 1a 00 0b 00 00 08 fe 00 00 1f c1 00 00 01 4d f6 d1 9e 50 3c eb 
[18:44:04] [Client/GameBox/updateTarget/INFO]: receive Package 000C(角色目标)
[18:44:04] [Client/GameBox/updateTarget/INFO]: targetX: 2191/targetY 8079
[18:44:04] [SendingModule/sendTargetPos/DEBUG]: package 000B(角色移动意图) send!
[18:44:04] [AioModule/Write/Completed/DEBUG]: Sent 26 bytes to session/192.168.1.100:8438
[18:44:04] [SendingModule/sendTargetPos/DEBUG]: targetX: 2191/targetY: 8079
[18:44:04] [AioModule/Write/Completed/DEBUG]: Sent contents(26bytes): ff ff 00 00 00 1a 00 0b 00 00 08 8f 00 00 1f 8f 00 00 01 4d f6 d1 9f d1 22 f3 
[18:44:05] [AioModule/Read/Completed/DEBUG]: Received 30 bytes from session/192.168.1.100:8438
[18:44:05] [AioModule/Read/Completed/DEBUG]: Received contents(30bytes): ff ff 00 00 00 1e 00 0c 00 00 04 03 00 00 08 fe 00 00 1f c1 00 00 01 4d f6 d1 9e 50 af e8 
[18:44:05] [ClientServer/ClientDecoder/INFO]: Receive a package 000C(所有玩家目标坐标更新)
[18:44:05] [ClientServer/ClientDecoder/INFO]: package 000C: /id: 1027/posX: 2302/posY: 8129
[18:44:05] [Client/GameBox/updateTarget/INFO]: receive Package 000C(角色目标)
[18:44:05] [Client/GameBox/updateTarget/INFO]: targetX: 2302/targetY 8129
[18:44:05] [AioModule/Read/Completed/DEBUG]: Received 30 bytes from session/192.168.1.100:8438
[18:44:05] [AioModule/Read/Completed/DEBUG]: Received contents(30bytes): ff ff 00 00 00 1e 00 0c 00 00 04 03 00 00 08 8f 00 00 1f 8f 00 00 01 4d f6 d1 9f d1 96 65 
[18:44:05] [ClientServer/ClientDecoder/INFO]: Receive a package 000C(所有玩家目标坐标更新)
[18:44:05] [ClientServer/ClientDecoder/INFO]: package 000C: /id: 1027/posX: 2191/posY: 8079
[18:44:05] [Client/GameBox/updateTarget/INFO]: receive Package 000C(角色目标)
[18:44:05] [Client/GameBox/updateTarget/INFO]: targetX: 2191/targetY 8079
[18:44:05] [Client/GameBox/updateTarget/INFO]: receive Package 000C(角色目标)
[18:44:05] [Client/GameBox/updateTarget/INFO]: targetX: 2530/targetY 8086
[18:44:05] [SendingModule/sendTargetPos/DEBUG]: package 000B(角色移动意图) send!
[18:44:05] [AioModule/Write/Completed/DEBUG]: Sent 26 bytes to session/192.168.1.100:8438
[18:44:05] [SendingModule/sendTargetPos/DEBUG]: targetX: 2530/targetY: 8086
[18:44:05] [AioModule/Write/Completed/DEBUG]: Sent contents(26bytes): ff ff 00 00 00 1a 00 0b 00 00 09 e2 00 00 1f 96 00 00 01 4d f6 d1 a3 0b 31 b5 
[18:44:05] [AioModule/Read/Completed/DEBUG]: Received 30 bytes from session/192.168.1.100:8438
[18:44:05] [AioModule/Read/Completed/DEBUG]: Received contents(30bytes): ff ff 00 00 00 1e 00 0c 00 00 04 03 00 00 09 e2 00 00 1f 96 00 00 01 4d f6 d1 a3 0b 0d 38 
[18:44:05] [ClientServer/ClientDecoder/INFO]: Receive a package 000C(所有玩家目标坐标更新)
[18:44:05] [ClientServer/ClientDecoder/INFO]: package 000C: /id: 1027/posX: 2530/posY: 8086
[18:44:05] [Client/GameBox/updateTarget/INFO]: receive Package 000C(角色目标)
[18:44:05] [Client/GameBox/updateTarget/INFO]: targetX: 2530/targetY 8086
[18:44:06] [Client/GameBox/updateTarget/INFO]: receive Package 000C(角色目标)
[18:44:06] [Client/GameBox/updateTarget/INFO]: targetX: 2736/targetY 8096
[18:44:06] [SendingModule/sendTargetPos/DEBUG]: package 000B(角色移动意图) send!
[18:44:06] [AioModule/Write/Completed/DEBUG]: Sent 26 bytes to session/192.168.1.100:8438
[18:44:06] [SendingModule/sendTargetPos/DEBUG]: targetX: 2736/targetY: 8096
[18:44:06] [AioModule/Write/Completed/DEBUG]: Sent contents(26bytes): ff ff 00 00 00 1a 00 0b 00 00 0a b0 00 00 1f a0 00 00 01 4d f6 d1 a4 5f b5 1b 
[18:44:06] [AioModule/Read/Completed/DEBUG]: Received 30 bytes from session/192.168.1.100:8438
[18:44:06] [AioModule/Read/Completed/DEBUG]: Received contents(30bytes): ff ff 00 00 00 1e 00 0c 00 00 04 03 00 00 0a b0 00 00 1f a0 00 00 01 4d f6 d1 a4 5f b7 93 
[18:44:06] [ClientServer/ClientDecoder/INFO]: Receive a package 000C(所有玩家目标坐标更新)
[18:44:06] [ClientServer/ClientDecoder/INFO]: package 000C: /id: 1027/posX: 2736/posY: 8096
[18:44:06] [Client/GameBox/updateTarget/INFO]: receive Package 000C(角色目标)
[18:44:06] [Client/GameBox/updateTarget/INFO]: targetX: 2736/targetY 8096
[18:44:06] [Client/GameBox/updateTarget/INFO]: receive Package 000C(角色目标)
[18:44:06] [Client/GameBox/updateTarget/INFO]: targetX: 2425/targetY 8193
[18:44:06] [SendingModule/sendTargetPos/DEBUG]: package 000B(角色移动意图) send!
[18:44:06] [AioModule/Write/Completed/DEBUG]: Sent 26 bytes to session/192.168.1.100:8438
[18:44:06] [SendingModule/sendTargetPos/DEBUG]: targetX: 2425/targetY: 8193
[18:44:06] [AioModule/Write/Completed/DEBUG]: Sent contents(26bytes): ff ff 00 00 00 1a 00 0b 00 00 09 79 00 00 20 01 00 00 01 4d f6 d1 a6 a7 37 0d 
[18:44:06] [AioModule/Read/Completed/DEBUG]: Received 30 bytes from session/192.168.1.100:8438
[18:44:06] [AioModule/Read/Completed/DEBUG]: Received contents(30bytes): ff ff 00 00 00 1e 00 0c 00 00 04 03 00 00 09 79 00 00 20 01 00 00 01 4d f6 d1 a6 a7 19 3f 
[18:44:06] [ClientServer/ClientDecoder/INFO]: Receive a package 000C(所有玩家目标坐标更新)
[18:44:06] [ClientServer/ClientDecoder/INFO]: package 000C: /id: 1027/posX: 2425/posY: 8193
[18:44:06] [Client/GameBox/updateTarget/INFO]: receive Package 000C(角色目标)
[18:44:06] [Client/GameBox/updateTarget/INFO]: targetX: 2425/targetY 8193
[18:44:07] [Client/GameBox/updateTarget/INFO]: receive Package 000C(角色目标)
[18:44:07] [Client/GameBox/updateTarget/INFO]: targetX: 2242/targetY 8032
[18:44:07] [SendingModule/sendTargetPos/DEBUG]: package 000B(角色移动意图) send!
[18:44:07] [AioModule/Write/Completed/DEBUG]: Sent 26 bytes to session/192.168.1.100:8438
[18:44:07] [SendingModule/sendTargetPos/DEBUG]: targetX: 2242/targetY: 8032
[18:44:07] [AioModule/Write/Completed/DEBUG]: Sent contents(26bytes): ff ff 00 00 00 1a 00 0b 00 00 08 c2 00 00 1f 60 00 00 01 4d f6 d1 a8 6e bf 23 
[18:44:07] [AioModule/Read/Completed/DEBUG]: Received 30 bytes from session/192.168.1.100:8438
[18:44:07] [AioModule/Read/Completed/DEBUG]: Received contents(30bytes): ff ff 00 00 00 1e 00 0c 00 00 04 03 00 00 08 c2 00 00 1f 60 00 00 01 4d f6 d1 a8 6e 70 96 
[18:44:07] [ClientServer/ClientDecoder/INFO]: Receive a package 000C(所有玩家目标坐标更新)
[18:44:07] [ClientServer/ClientDecoder/INFO]: package 000C: /id: 1027/posX: 2242/posY: 8032
[18:44:07] [Client/GameBox/updateTarget/INFO]: receive Package 000C(角色目标)
[18:44:07] [Client/GameBox/updateTarget/INFO]: targetX: 2242/targetY 8032
[18:44:07] [Client/GameBox/updateTarget/INFO]: receive Package 000C(角色目标)
[18:44:07] [Client/GameBox/updateTarget/INFO]: targetX: 2548/targetY 7899
[18:44:07] [SendingModule/sendTargetPos/DEBUG]: package 000B(角色移动意图) send!
[18:44:07] [AioModule/Write/Completed/DEBUG]: Sent 26 bytes to session/192.168.1.100:8438
[18:44:07] [SendingModule/sendTargetPos/DEBUG]: targetX: 2548/targetY: 7899
[18:44:07] [AioModule/Write/Completed/DEBUG]: Sent contents(26bytes): ff ff 00 00 00 1a 00 0b 00 00 09 f4 00 00 1e db 00 00 01 4d f6 d1 aa 8c 99 ef 
[18:44:07] [AioModule/Read/Completed/DEBUG]: Received 30 bytes from session/192.168.1.100:8438
[18:44:07] [AioModule/Read/Completed/DEBUG]: Received contents(30bytes): ff ff 00 00 00 1e 00 0c 00 00 04 03 00 00 09 f4 00 00 1e db 00 00 01 4d f6 d1 aa 8c 03 9e 
[18:44:07] [ClientServer/ClientDecoder/INFO]: Receive a package 000C(所有玩家目标坐标更新)
[18:44:07] [ClientServer/ClientDecoder/INFO]: package 000C: /id: 1027/posX: 2548/posY: 7899
[18:44:07] [Client/GameBox/updateTarget/INFO]: receive Package 000C(角色目标)
[18:44:07] [Client/GameBox/updateTarget/INFO]: targetX: 2548/targetY 7899
[18:44:08] [Client/GameBox/updateTarget/INFO]: receive Package 000C(角色目标)
[18:44:08] [Client/GameBox/updateTarget/INFO]: targetX: 2611/targetY 8158
[18:44:08] [SendingModule/sendTargetPos/DEBUG]: package 000B(角色移动意图) send!
[18:44:08] [SendingModule/sendTargetPos/DEBUG]: targetX: 2611/targetY: 8158
[18:44:08] [AioModule/Write/Completed/DEBUG]: Sent 26 bytes to session/192.168.1.100:8438
[18:44:08] [AioModule/Write/Completed/DEBUG]: Sent contents(26bytes): ff ff 00 00 00 1a 00 0b 00 00 0a 33 00 00 1f de 00 00 01 4d f6 d1 ac ff 91 82 
[18:44:08] [AioModule/Read/Completed/DEBUG]: Received 30 bytes from session/192.168.1.100:8438
[18:44:08] [AioModule/Read/Completed/DEBUG]: Received contents(30bytes): ff ff 00 00 00 1e 00 0c 00 00 04 03 00 00 0a 33 00 00 1f de 00 00 01 4d f6 d1 ac ff 45 8e 
[18:44:08] [ClientServer/ClientDecoder/INFO]: Receive a package 000C(所有玩家目标坐标更新)
[18:44:08] [ClientServer/ClientDecoder/INFO]: package 000C: /id: 1027/posX: 2611/posY: 8158
[18:44:08] [Client/GameBox/updateTarget/INFO]: receive Package 000C(角色目标)
[18:44:08] [Client/GameBox/updateTarget/INFO]: targetX: 2611/targetY 8158
[18:44:10] [AioModule/Read/Completed/DEBUG]: Received 30 bytes from session/192.168.1.100:8438
[18:44:10] [AioModule/Read/Completed/DEBUG]: Received contents(30bytes): ff ff 00 00 00 1e 00 0c 00 00 04 05 00 00 0a 6f 00 00 1f 05 00 00 01 4d f6 d1 b6 af bd b4 
[18:44:10] [ClientServer/ClientDecoder/INFO]: Receive a package 000C(所有玩家目标坐标更新)
[18:44:10] [ClientServer/ClientDecoder/INFO]: package 000C: /id: 1029/posX: 2671/posY: 7941
[18:44:10] [Client/GameBox/updateTarget/INFO]: receive Package 000C(角色目标)
[18:44:10] [Client/GameBox/updateTarget/INFO]: targetX: 2671/targetY 7941
[18:44:11] [AioModule/Read/Completed/DEBUG]: Received 30 bytes from session/192.168.1.100:8438
[18:44:11] [AioModule/Read/Completed/DEBUG]: Received contents(30bytes): ff ff 00 00 00 1e 00 0c 00 00 04 05 00 00 0a d3 00 00 1f 3b 00 00 01 4d f6 d1 ba 01 bf f7 
[18:44:11] [ClientServer/ClientDecoder/INFO]: Receive a package 000C(所有玩家目标坐标更新)
[18:44:11] [ClientServer/ClientDecoder/INFO]: package 000C: /id: 1029/posX: 2771/posY: 7995
[18:44:11] [Client/GameBox/updateTarget/INFO]: receive Package 000C(角色目标)
[18:44:11] [Client/GameBox/updateTarget/INFO]: targetX: 2771/targetY 7995
[18:44:12] [AioModule/Read/Completed/DEBUG]: Received 30 bytes from session/192.168.1.100:8438
[18:44:12] [AioModule/Read/Completed/DEBUG]: Received contents(30bytes): ff ff 00 00 00 1e 00 0c 00 00 04 05 00 00 0b 19 00 00 1f 74 00 00 01 4d f6 d1 bb e8 64 91 
[18:44:12] [ClientServer/ClientDecoder/INFO]: Receive a package 000C(所有玩家目标坐标更新)
[18:44:12] [ClientServer/ClientDecoder/INFO]: package 000C: /id: 1029/posX: 2841/posY: 8052
[18:44:12] [Client/GameBox/updateTarget/INFO]: receive Package 000C(角色目标)
[18:44:12] [Client/GameBox/updateTarget/INFO]: targetX: 2841/targetY 8052
[18:44:12] [AioModule/Read/Completed/DEBUG]: Received 30 bytes from session/192.168.1.100:8438
[18:44:12] [AioModule/Read/Completed/DEBUG]: Received contents(30bytes): ff ff 00 00 00 1e 00 0c 00 00 04 05 00 00 0b 22 00 00 1f f1 00 00 01 4d f6 d1 bd 33 6c ff 
[18:44:12] [ClientServer/ClientDecoder/INFO]: Receive a package 000C(所有玩家目标坐标更新)
[18:44:12] [ClientServer/ClientDecoder/INFO]: package 000C: /id: 1029/posX: 2850/posY: 8177
[18:44:12] [Client/GameBox/updateTarget/INFO]: receive Package 000C(角色目标)
[18:44:12] [Client/GameBox/updateTarget/INFO]: targetX: 2850/targetY 8177
[18:44:12] [SendingModule/sendUseItem/DEBUG]: 发送物品逻辑包:技能实例ID:5
[18:44:12] [AioModule/Write/Completed/DEBUG]: Sent 22 bytes to session/192.168.1.100:8438
[18:44:12] [AioModule/Write/Completed/DEBUG]: Sent contents(22bytes): ff ff 00 00 00 16 00 18 00 00 00 05 00 00 00 00 00 00 04 05 bb 22 
[18:44:13] [Client/GameBox/updateTarget/INFO]: receive Package 000C(角色目标)
[18:44:13] [Client/GameBox/updateTarget/INFO]: targetX: 2757/targetY 8369
[18:44:13] [SendingModule/sendTargetPos/DEBUG]: package 000B(角色移动意图) send!
[18:44:13] [AioModule/Write/Completed/DEBUG]: Sent 26 bytes to session/192.168.1.100:8438
[18:44:13] [SendingModule/sendTargetPos/DEBUG]: targetX: 2757/targetY: 8369
[18:44:13] [AioModule/Write/Completed/DEBUG]: Sent contents(26bytes): ff ff 00 00 00 1a 00 0b 00 00 0a c5 00 00 20 b1 00 00 01 4d f6 d1 c2 30 2f 13 
[18:44:13] [AioModule/Read/Completed/DEBUG]: Received 30 bytes from session/192.168.1.100:8438
[18:44:13] [AioModule/Read/Completed/DEBUG]: Received contents(30bytes): ff ff 00 00 00 1e 00 0c 00 00 04 03 00 00 0a c5 00 00 20 b1 00 00 01 4d f6 d1 c2 30 07 ad 
[18:44:13] [ClientServer/ClientDecoder/INFO]: Receive a package 000C(所有玩家目标坐标更新)
[18:44:13] [ClientServer/ClientDecoder/INFO]: package 000C: /id: 1027/posX: 2757/posY: 8369
[18:44:13] [Client/GameBox/updateTarget/INFO]: receive Package 000C(角色目标)
[18:44:13] [Client/GameBox/updateTarget/INFO]: targetX: 2757/targetY 8369
[18:44:14] [AioModule/Read/Completed/DEBUG]: Received 30 bytes from session/192.168.1.100:8438
[18:44:14] [AioModule/Read/Completed/DEBUG]: Received contents(30bytes): ff ff 00 00 00 1e 00 0c 00 00 04 05 00 00 0b 18 00 00 20 5c 00 00 01 4d f6 d1 c3 95 8b 5c 
[18:44:14] [ClientServer/ClientDecoder/INFO]: Receive a package 000C(所有玩家目标坐标更新)
[18:44:14] [ClientServer/ClientDecoder/INFO]: package 000C: /id: 1029/posX: 2840/posY: 8284
[18:44:14] [Client/GameBox/updateTarget/INFO]: receive Package 000C(角色目标)
[18:44:14] [Client/GameBox/updateTarget/INFO]: targetX: 2840/targetY 8284
[18:44:14] [SendingModule/sendUseItem/DEBUG]: 发送物品逻辑包:技能实例ID:5
[18:44:14] [AioModule/Write/Completed/DEBUG]: Sent 22 bytes to session/192.168.1.100:8438
[18:44:14] [AioModule/Write/Completed/DEBUG]: Sent contents(22bytes): ff ff 00 00 00 16 00 18 00 00 00 05 00 00 00 00 00 00 04 05 bb 22 
[18:44:14] [AioModule/Read/Completed/DEBUG]: Received 30 bytes from session/192.168.1.100:8438
[18:44:14] [AioModule/Read/Completed/DEBUG]: Received contents(30bytes): ff ff 00 00 00 1e 00 0c 00 00 04 05 00 00 0b 49 00 00 20 a6 00 00 01 4d f6 d1 c6 ad 27 5f 
[18:44:14] [ClientServer/ClientDecoder/INFO]: Receive a package 000C(所有玩家目标坐标更新)
[18:44:14] [ClientServer/ClientDecoder/INFO]: package 000C: /id: 1029/posX: 2889/posY: 8358
[18:44:14] [Client/GameBox/updateTarget/INFO]: receive Package 000C(角色目标)
[18:44:14] [Client/GameBox/updateTarget/INFO]: targetX: 2889/targetY 8358
[18:44:14] [Client/GameBox/updateTarget/INFO]: receive Package 000C(角色目标)
[18:44:14] [Client/GameBox/updateTarget/INFO]: targetX: 2979/targetY 8422
[18:44:14] [SendingModule/sendTargetPos/DEBUG]: package 000B(角色移动意图) send!
[18:44:14] [SendingModule/sendTargetPos/DEBUG]: targetX: 2979/targetY: 8422
[18:44:14] [AioModule/Write/Completed/DEBUG]: Sent 26 bytes to session/192.168.1.100:8438
[18:44:14] [AioModule/Write/Completed/DEBUG]: Sent contents(26bytes): ff ff 00 00 00 1a 00 0b 00 00 0b a3 00 00 20 e6 00 00 01 4d f6 d1 c6 c9 bd 6f 
[18:44:14] [AioModule/Read/Completed/DEBUG]: Received 30 bytes from session/192.168.1.100:8438
[18:44:14] [AioModule/Read/Completed/DEBUG]: Received contents(30bytes): ff ff 00 00 00 1e 00 0c 00 00 04 03 00 00 0b a3 00 00 20 e6 00 00 01 4d f6 d1 c6 c9 97 5c 
[18:44:14] [ClientServer/ClientDecoder/INFO]: Receive a package 000C(所有玩家目标坐标更新)
[18:44:14] [ClientServer/ClientDecoder/INFO]: package 000C: /id: 1027/posX: 2979/posY: 8422
[18:44:14] [Client/GameBox/updateTarget/INFO]: receive Package 000C(角色目标)
[18:44:14] [Client/GameBox/updateTarget/INFO]: targetX: 2979/targetY 8422
[18:44:15] [AioModule/Write/Completed/DEBUG]: Sent 22 bytes to session/192.168.1.100:8438
[18:44:15] [SendingModule/sendUseItem/DEBUG]: 发送物品逻辑包:技能实例ID:5
[18:44:15] [AioModule/Write/Completed/DEBUG]: Sent contents(22bytes): ff ff 00 00 00 16 00 18 00 00 00 05 00 00 00 00 00 00 04 05 bb 22 
[18:44:15] [SendingModule/sendUseItem/DEBUG]: 发送物品逻辑包:技能实例ID:5
[18:44:15] [AioModule/Write/Completed/DEBUG]: Sent 22 bytes to session/192.168.1.100:8438
[18:44:15] [AioModule/Write/Completed/DEBUG]: Sent contents(22bytes): ff ff 00 00 00 16 00 18 00 00 00 05 00 00 00 00 00 00 04 05 bb 22 
[18:44:15] [Client/GameBox/updateTarget/INFO]: receive Package 000C(角色目标)
[18:44:15] [Client/GameBox/updateTarget/INFO]: targetX: 3230/targetY 8481
[18:44:15] [SendingModule/sendTargetPos/DEBUG]: package 000B(角色移动意图) send!
[18:44:15] [SendingModule/sendTargetPos/DEBUG]: targetX: 3230/targetY: 8481
[18:44:15] [AioModule/Write/Completed/DEBUG]: Sent 26 bytes to session/192.168.1.100:8438
[18:44:15] [AioModule/Write/Completed/DEBUG]: Sent contents(26bytes): ff ff 00 00 00 1a 00 0b 00 00 0c 9e 00 00 21 21 00 00 01 4d f6 d1 cb 43 71 a3 
[18:44:15] [AioModule/Read/Completed/DEBUG]: Received 30 bytes from session/192.168.1.100:8438
[18:44:15] [AioModule/Read/Completed/DEBUG]: Received contents(30bytes): ff ff 00 00 00 1e 00 0c 00 00 04 03 00 00 0c 9e 00 00 21 21 00 00 01 4d f6 d1 cb 43 36 97 
[18:44:15] [ClientServer/ClientDecoder/INFO]: Receive a package 000C(所有玩家目标坐标更新)
[18:44:15] [ClientServer/ClientDecoder/INFO]: package 000C: /id: 1027/posX: 3230/posY: 8481
[18:44:15] [Client/GameBox/updateTarget/INFO]: receive Package 000C(角色目标)
[18:44:15] [Client/GameBox/updateTarget/INFO]: targetX: 3230/targetY 8481
[18:44:16] [AioModule/Read/Completed/DEBUG]: Received 30 bytes from session/192.168.1.100:8438
[18:44:16] [AioModule/Read/Completed/DEBUG]: Received contents(30bytes): ff ff 00 00 00 1e 00 0c 00 00 04 05 00 00 0a ec 00 00 21 3f 00 00 01 4d f6 d1 cc 9e 54 b9 
[18:44:16] [ClientServer/ClientDecoder/INFO]: Receive a package 000C(所有玩家目标坐标更新)
[18:44:16] [ClientServer/ClientDecoder/INFO]: package 000C: /id: 1029/posX: 2796/posY: 8511
[18:44:16] [Client/GameBox/updateTarget/INFO]: receive Package 000C(角色目标)
[18:44:16] [Client/GameBox/updateTarget/INFO]: targetX: 2796/targetY 8511
[18:44:16] [Client/GameBox/updateTarget/INFO]: receive Package 000C(角色目标)
[18:44:16] [Client/GameBox/updateTarget/INFO]: targetX: 3123/targetY 8217
[18:44:16] [SendingModule/sendTargetPos/DEBUG]: package 000B(角色移动意图) send!
[18:44:16] [SendingModule/sendTargetPos/DEBUG]: targetX: 3123/targetY: 8217
[18:44:16] [AioModule/Write/Completed/DEBUG]: Sent 26 bytes to session/192.168.1.100:8438
[18:44:16] [AioModule/Write/Completed/DEBUG]: Sent contents(26bytes): ff ff 00 00 00 1a 00 0b 00 00 0c 33 00 00 20 19 00 00 01 4d f6 d1 cd ef 68 38 
[18:44:16] [AioModule/Read/Completed/DEBUG]: Received 30 bytes from session/192.168.1.100:8438
[18:44:16] [AioModule/Read/Completed/DEBUG]: Received contents(30bytes): ff ff 00 00 00 1e 00 0c 00 00 04 03 00 00 0c 33 00 00 20 19 00 00 01 4d f6 d1 cd ef 96 d2 
[18:44:16] [ClientServer/ClientDecoder/INFO]: Receive a package 000C(所有玩家目标坐标更新)
[18:44:16] [ClientServer/ClientDecoder/INFO]: package 000C: /id: 1027/posX: 3123/posY: 8217
[18:44:16] [Client/GameBox/updateTarget/INFO]: receive Package 000C(角色目标)
[18:44:16] [Client/GameBox/updateTarget/INFO]: targetX: 3123/targetY 8217
[18:44:17] [Client/GameBox/updateTarget/INFO]: receive Package 000C(角色目标)
[18:44:17] [Client/GameBox/updateTarget/INFO]: targetX: 2942/targetY 8436
[18:44:17] [SendingModule/sendTargetPos/DEBUG]: package 000B(角色移动意图) send!
[18:44:17] [SendingModule/sendTargetPos/DEBUG]: targetX: 2942/targetY: 8436
[18:44:17] [AioModule/Write/Completed/DEBUG]: Sent 26 bytes to session/192.168.1.100:8438
[18:44:17] [AioModule/Write/Completed/DEBUG]: Sent contents(26bytes): ff ff 00 00 00 1a 00 0b 00 00 0b 7e 00 00 20 f4 00 00 01 4d f6 d1 d0 c9 2c c7 
[18:44:17] [AioModule/Read/Completed/DEBUG]: Received 30 bytes from session/192.168.1.100:8438
[18:44:17] [AioModule/Read/Completed/DEBUG]: Received contents(30bytes): ff ff 00 00 00 1e 00 0c 00 00 04 03 00 00 0b 7e 00 00 20 f4 00 00 01 4d f6 d1 d0 c9 34 49 
[18:44:17] [ClientServer/ClientDecoder/INFO]: Receive a package 000C(所有玩家目标坐标更新)
[18:44:17] [ClientServer/ClientDecoder/INFO]: package 000C: /id: 1027/posX: 2942/posY: 8436
[18:44:17] [Client/GameBox/updateTarget/INFO]: receive Package 000C(角色目标)
[18:44:17] [Client/GameBox/updateTarget/INFO]: targetX: 2942/targetY 8436
[18:44:17] [AioModule/Read/Completed/DEBUG]: Received 30 bytes from session/192.168.1.100:8438
[18:44:17] [AioModule/Read/Completed/DEBUG]: Received contents(30bytes): ff ff 00 00 00 1e 00 0c 00 00 04 05 00 00 0a 79 00 00 20 cb 00 00 01 4d f6 d1 d1 e0 78 b6 
[18:44:17] [ClientServer/ClientDecoder/INFO]: Receive a package 000C(所有玩家目标坐标更新)
[18:44:17] [ClientServer/ClientDecoder/INFO]: package 000C: /id: 1029/posX: 2681/posY: 8395
[18:44:17] [Client/GameBox/updateTarget/INFO]: receive Package 000C(角色目标)
[18:44:17] [Client/GameBox/updateTarget/INFO]: targetX: 2681/targetY 8395
[18:44:18] [AioModule/Read/Completed/DEBUG]: Received 30 bytes from session/192.168.1.100:8438
[18:44:18] [AioModule/Read/Completed/DEBUG]: Received contents(30bytes): ff ff 00 00 00 1e 00 0c 00 00 04 05 00 00 0a 37 00 00 20 d8 00 00 01 4d f6 d1 d6 34 6b 66 
[18:44:18] [ClientServer/ClientDecoder/INFO]: Receive a package 000C(所有玩家目标坐标更新)
[18:44:18] [ClientServer/ClientDecoder/INFO]: package 000C: /id: 1029/posX: 2615/posY: 8408
[18:44:18] [Client/GameBox/updateTarget/INFO]: receive Package 000C(角色目标)
[18:44:18] [Client/GameBox/updateTarget/INFO]: targetX: 2615/targetY 8408
[18:44:19] [AioModule/Read/Completed/DEBUG]: Received 30 bytes from session/192.168.1.100:8438
[18:44:19] [AioModule/Read/Completed/DEBUG]: Received contents(30bytes): ff ff 00 00 00 1e 00 0c 00 00 04 05 00 00 0a 5c 00 00 21 2f 00 00 01 4d f6 d1 d9 17 0c 41 
[18:44:19] [ClientServer/ClientDecoder/INFO]: Receive a package 000C(所有玩家目标坐标更新)
[18:44:19] [ClientServer/ClientDecoder/INFO]: package 000C: /id: 1029/posX: 2652/posY: 8495
[18:44:19] [Client/GameBox/updateTarget/INFO]: receive Package 000C(角色目标)
[18:44:19] [Client/GameBox/updateTarget/INFO]: targetX: 2652/targetY 8495
[18:44:42] [AioModule/Read/Completed/DEBUG]: Received 18 bytes from session/192.168.1.100:8438
[18:44:42] [AioModule/Read/Completed/DEBUG]: Received contents(18bytes): ff ff 00 00 00 12 00 1e 00 00 04 05 00 00 00 00 3d 88 
[18:44:42] [ClientServer/ClientDecoder/INFO]: Receive a package 001E(下线包)
[18:45:17] [SendingModule/sendUseItem/DEBUG]: 发送物品逻辑包:技能实例ID:5
[18:45:17] [AioModule/Write/Failed/WARNING]: Failed to send to sessionnull. java.nio.channels.ClosedChannelException
[18:45:18] [ClientServer/ClientMain/KERNEL]: 7.游戏结束，退出主程序
[18:45:18] [SendingModule/sendLogout/INFO]: logout send!
