[20:15:40] [ClientServer/ClientMain/init/DEBUG]: address: 192.168.1.100:8438
[20:15:40] [ClientServer/ClientMain/init/DEBUG]: 图片加载成功
[20:15:40] [ClientServer/ClientMain/init/DEBUG]: GIF动画加载成功
[20:15:40] [ClientServer/ClientMain/init/DEBUG]: 物品预加载成功
[20:15:40] [ClientServer/ClientMain/init/DEBUG]: init over
[20:15:40] [ClientServer/ClientMain/KERNEL]: 0.开始建立网络连接…………
[20:15:40] [ClientServer/ClientMain/setUpConnection/DEBUG]: setUpConnection over
[20:15:40] [ClientServer/ClientMain/KERNEL]: 1.网络连接成功!
[20:15:40] [AioModule/Read/Completed/DEBUG]: Received 18 bytes from session/192.168.1.100:8438
[20:15:40] [ClientServer/ClientMain/KERNEL]: 2.发送0000包，确认对方是否为服务器Gate端
[20:15:40] [AioModule/Read/Completed/DEBUG]: Received contents(18bytes): ff ff 00 00 00 12 00 14 00 00 01 4d f7 25 7c e8 a2 fd 
[20:15:40] [ClientServer/ClientDecoder/INFO]: Receive a package 0014(PING)1434370538728
[20:15:40] [SendingModule/send00Package/INFO]: send00Package over
[20:15:40] [SendingModule/PINGResponse/DEBUG]: package 0015(PING回应包) send!
[20:15:40] [AioModule/Write/Completed/DEBUG]: Sent 18 bytes to session/192.168.1.100:8438
[20:15:40] [AioModule/Write/Completed/DEBUG]: Sent 14 bytes to session/192.168.1.100:8438
[20:15:40] [AioModule/Write/Completed/DEBUG]: Sent contents(14bytes): ff ff 00 00 00 0e 00 00 00 00 30 39 20 db 
[20:15:40] [AioModule/Write/Completed/DEBUG]: Sent contents(18bytes): ff ff 00 00 00 12 00 15 00 00 01 4d f7 25 7c e8 9b 89 
[20:15:40] [AioModule/Read/Completed/DEBUG]: Received 11 bytes from session/192.168.1.100:8438
[20:15:40] [AioModule/Read/Completed/DEBUG]: Received contents(11bytes): ff ff 00 00 00 0b 00 01 01 2a 46 
[20:15:40] [ClientServer/ClientDecoder/INFO]: Receive a package 0001(回应连接请求)
[20:15:40] [ClientServer/ClientDecoder/INFO]: package 0001: 1
[20:15:40] [ClientSever/LoginBox/serverState/INFO]: Receive a package 0001(回应连接请求)
[20:15:40] [ClientSever/LoginBox/serverState/INFO]: package 0001: 1
[20:15:40] [AioModule/Read/Completed/DEBUG]: Received 18 bytes from session/192.168.1.100:8438
[20:15:40] [AioModule/Read/Completed/DEBUG]: Received contents(18bytes): ff ff 00 00 00 12 00 16 00 00 00 00 00 00 00 04 28 52 
[20:15:40] [ClientServer/ClientDecoder/INFO]: Receive a package 0016(时间同步)2250
[20:15:41] [ClientServer/ClientMain/KERNEL]: 3.收到0001包，确认对方为服务器Gate端
[20:15:41] [ClientServer/ClientMain/KERNEL]: 4.初始化loginBox登陆界面
[20:15:46] [AioModule/Write/Completed/DEBUG]: Sent 47 bytes to session/192.168.1.100:8438
[20:15:46] [SendingModule/sendLogin/INFO]: package 0002(登陆信息) send!
[20:15:46] [AioModule/Write/Completed/DEBUG]: Sent contents(47bytes): ff ff 00 00 00 2f 00 02 78 79 6c 00 43 37 30 43 44 30 34 33 31 33 46 46 32 36 30 41 38 33 44 36 44 37 39 39 30 38 32 32 43 30 33 32 00 6a be 
[20:15:46] [AioModule/Read/Completed/DEBUG]: Received 11 bytes from session/192.168.1.100:8438
[20:15:46] [AioModule/Read/Completed/DEBUG]: Received contents(11bytes): ff ff 00 00 00 0b 00 03 01 2a 58 
[20:15:46] [ClientServer/ClientDecoder/INFO]: Receive a package 0003(登陆反馈)
[20:15:46] [ClientServer/ClientDecoder/INFO]: package 0003: true
[20:15:46] [ClientServer/LoginBox/onLoginResponse/INFO]: Receive a package 0003(登陆反馈)
[20:15:46] [ClientServer/LoginBox/onLoginResponse/INFO]: package 0003: true
[20:15:47] [AioModule/Read/Completed/DEBUG]: Received 39 bytes from session/192.168.1.100:8438
[20:15:47] [AioModule/Read/Completed/DEBUG]: Received contents(39bytes): ff ff 00 00 00 1d 00 06 00 00 04 03 bb c3 cf eb bc d2 d8 bc 00 01 00 00 00 00 0c 7a 9f ff ff 00 00 00 0a 00 06 45 71 
[20:15:47] [ClientServer/ClientDecoder/INFO]: Receive a package 0006(角色预加载)
[20:15:47] [ClientServer/ClientDecoder/INFO]: package 0006: /id: 1027/name: 幻想家丶/level: 1/gender: 0
[20:15:47] [ClientSever/LoginBox/addCharacter/INFO]: Receive a package 0006(角色预加载)
[20:15:47] [ClientServer/ClientDecoder/INFO]: Receive a package 0006(角色预加载――空包)
[20:15:47] [ClientServer/LoginBox/noMorePackage/INFO]: Receive a package 0006(角色预加载: 这是最后一个空包
[20:15:51] [AioModule/Write/Completed/DEBUG]: Sent 14 bytes to session/192.168.1.100:8438
[20:15:51] [SendingModule/sendCharacter/INFO]: package 0007(角色选择) send!
[20:15:51] [AioModule/Write/Completed/DEBUG]: Sent contents(14bytes): ff ff 00 00 00 0e 00 07 00 00 04 03 a0 98 
[20:15:51] [AioModule/Read/Completed/DEBUG]: Received 87 bytes from session/192.168.1.100:8438
[20:15:51] [AioModule/Read/Completed/DEBUG]: Received contents(87bytes): ff ff 00 00 00 57 00 0a 00 00 04 03 bb c3 cf eb bc d2 d8 bc 00 74 68 69 73 20 69 73 20 58 75 73 20 70 6c 61 6e 65 00 01 00 00 00 00 64 00 00 00 00 00 00 00 64 00 00 00 64 00 00 00 14 00 00 00 14 00 00 00 01 00 00 00 c8 00 00 1f 4e 00 00 48 58 00 00 00 0c 00 60 
[20:15:51] [ClientServer/ClientDecoder/INFO]: Receive a package 000A(游戏中所有玩家信息)
[20:15:51] [ClientServer/ClientDecoder/INFO]: package 000A: /id: 1027/name: 幻想家丶/level: 1/gender: 0/posX: 8014/posY: 18520
[20:15:51] [ClientServer/GameBox/addCharacter/DEBUG]: Receive a package 000A(游戏中所有玩家信息)
[20:15:51] [ClientServer/GameBox/addCharacter/DEBUG]: 000A:加入一个主角玩家:幻想家丶
[20:15:51] [AioModule/Read/Completed/DEBUG]: Received 334 bytes from session/192.168.1.100:8438
[20:15:51] [AioModule/Read/Completed/DEBUG]: Received contents(334bytes): ff ff 00 00 01 0e 00 19 00 00 00 20 00 00 00 82 00 00 01 05 00 00 00 01 00 00 00 00 00 00 00 02 00 00 00 00 00 00 00 03 00 00 00 00 00 00 00 04 00 00 00 00 00 00 00 05 00 00 00 00 00 00 00 06 00 00 00 00 00 00 00 07 00 00 00 00 00 00 00 08 00 00 00 00 00 00 00 09 00 00 00 00 00 00 00 0a 00 00 00 00 00 00 00 0b 00 00 00 00 00 00 00 0c 00 00 00 00 00 00 00 0d 00 00 00 00 00 00 00 0e 00 00 00 00 00 00 00 0f 00 00 00 00 00 00 00 10 00 00 00 00 00 00 00 11 00 00 00 00 00 00 00 12 00 00 00 00 00 00 00 13 00 00 00 00 00 00 00 14 00 00 00 00 00 00 00 15 00 00 00 00 00 00 00 16 00 00 00 00 00 00 00 17 00 00 00 00 00 00 00 18 00 00 00 00 00 00 00 19 00 00 00 00 00 00 00 1a 00 00 00 00 00 00 00 1b 00 00 00 00 00 00 00 1c 00 00 00 00 00 00 00 1d 00 00 00 00 00 00 00 1e 00 00 00 00 00 00 00 1f 00 00 00 00 54 dd ff ff 00 00 00 32 00 1a 00 00 00 03 00 00 00 00 3b 9a ca 01 00 00 00 01 00 00 00 01 3b 9a ca 02 00 00 00 01 00 00 00 02 3b 9a ca 03 00 00 00 01 63 4d ff ff 00 00 00 0e 00 1b 00 00 00 00 72 5c 
[20:15:51] [ClientServer/ClientDecoder/INFO]: Receive a package 0019(背包信息)
[20:15:51] [ClientServer/ClientDecoder/INFO]: Receive a package 001A(技能信息)
[20:15:51] [ClientServer/ClientMain/KERNEL]: 5.登陆结束
[20:15:51] [ClientServer/ClientMain/KERNEL]: 6.开始游戏，启动gameBox
[20:15:51] [ClientServer/GameBox/startGame/KERNEL]: 接收主角详细信息(000A):关闭加载窗口,开始游戏!
[20:15:52] [Client/GameBox/updateTarget/INFO]: receive Package 000C(角色目标)
[20:15:52] [Client/GameBox/updateTarget/INFO]: targetX: 8085/targetY 18627
[20:15:52] [SendingModule/sendTargetPos/DEBUG]: package 000B(角色移动意图) send!
[20:15:52] [AioModule/Write/Completed/DEBUG]: Sent 26 bytes to session/192.168.1.100:8438
[20:15:52] [SendingModule/sendTargetPos/DEBUG]: targetX: 8085/targetY: 18627
[20:15:52] [AioModule/Write/Completed/DEBUG]: Sent contents(26bytes): ff ff 00 00 00 1a 00 0b 00 00 1f 95 00 00 48 c3 00 00 01 4d f7 25 a9 86 7b e0 
[20:15:52] [AioModule/Read/Completed/DEBUG]: Received 30 bytes from session/192.168.1.100:8438
[20:15:52] [AioModule/Read/Completed/DEBUG]: Received contents(30bytes): ff ff 00 00 00 1e 00 0c 00 00 04 03 00 00 1f 95 00 00 48 c3 00 00 01 4d f7 25 a9 86 96 d5 
[20:15:52] [ClientServer/ClientDecoder/INFO]: Receive a package 000C(所有玩家目标坐标更新)
[20:15:52] [ClientServer/ClientDecoder/INFO]: package 000C: /id: 1027/posX: 8085/posY: 18627
[20:15:52] [Client/GameBox/updateTarget/INFO]: receive Package 000C(角色目标)
[20:15:52] [Client/GameBox/updateTarget/INFO]: targetX: 8085/targetY 18627
[20:15:53] [Client/GameBox/updateTarget/INFO]: receive Package 000C(角色目标)
[20:15:53] [Client/GameBox/updateTarget/INFO]: targetX: 8084/targetY 18627
[20:15:53] [SendingModule/sendTargetPos/DEBUG]: package 000B(角色移动意图) send!
[20:15:53] [AioModule/Write/Completed/DEBUG]: Sent 26 bytes to session/192.168.1.100:8438
[20:15:53] [SendingModule/sendTargetPos/DEBUG]: targetX: 8084/targetY: 18627
[20:15:53] [AioModule/Write/Completed/DEBUG]: Sent contents(26bytes): ff ff 00 00 00 1a 00 0b 00 00 1f 94 00 00 48 c3 00 00 01 4d f7 25 ae e6 4c f8 
[20:15:53] [AioModule/Read/Completed/DEBUG]: Received 30 bytes from session/192.168.1.100:8438
[20:15:53] [AioModule/Read/Completed/DEBUG]: Received contents(30bytes): ff ff 00 00 00 1e 00 0c 00 00 04 03 00 00 1f 94 00 00 48 c3 00 00 01 4d f7 25 ae e6 04 3b 
[20:15:53] [ClientServer/ClientDecoder/INFO]: Receive a package 000C(所有玩家目标坐标更新)
[20:15:53] [ClientServer/ClientDecoder/INFO]: package 000C: /id: 1027/posX: 8084/posY: 18627
[20:15:53] [Client/GameBox/updateTarget/INFO]: receive Package 000C(角色目标)
[20:15:53] [Client/GameBox/updateTarget/INFO]: targetX: 8084/targetY 18627
[20:15:53] [Client/GameBox/updateTarget/INFO]: receive Package 000C(角色目标)
[20:15:53] [Client/GameBox/updateTarget/INFO]: targetX: -1/targetY 0
[20:15:53] [SendingModule/sendTargetPos/DEBUG]: package 000B(角色移动意图) send!
[20:15:53] [SendingModule/sendTargetPos/DEBUG]: targetX: -1/targetY: 0
[20:15:53] [AioModule/Write/Completed/DEBUG]: Sent 26 bytes to session/192.168.1.100:8438
[20:15:53] [AioModule/Write/Completed/DEBUG]: Sent contents(26bytes): ff ff 00 00 00 1a 00 0b ff ff ff ff 00 00 00 00 00 00 01 4d f7 25 af 82 a3 31 
[20:15:54] [Client/GameBox/updateTarget/INFO]: receive Package 000C(角色目标)
[20:15:54] [Client/GameBox/updateTarget/INFO]: targetX: -1/targetY 0
[20:15:54] [SendingModule/sendTargetPos/DEBUG]: package 000B(角色移动意图) send!
[20:15:54] [AioModule/Write/Completed/DEBUG]: Sent 26 bytes to session/192.168.1.100:8438
[20:15:54] [SendingModule/sendTargetPos/DEBUG]: targetX: -1/targetY: 0
[20:15:54] [AioModule/Write/Completed/DEBUG]: Sent contents(26bytes): ff ff 00 00 00 1a 00 0b ff ff ff ff 00 00 00 00 00 00 01 4d f7 25 b0 26 a3 ed 
[20:15:58] [ClientServer/ClientMain/KERNEL]: 7.游戏结束，退出主程序
[20:15:58] [SendingModule/sendLogout/INFO]: logout send!
[20:15:58] [AioModule/Write/Completed/DEBUG]: Sent 14 bytes to session/192.168.1.100:8438
[20:15:58] [AioModule/Write/Completed/DEBUG]: Sent contents(14bytes): ff ff 00 00 00 0e 00 13 00 00 00 00 84 c6 
[20:15:58] [AioModule/Read/Completed/DEBUG]: Received 18 bytes from session/192.168.1.100:8438
[20:15:58] [AioModule/Read/Completed/DEBUG]: Received contents(18bytes): ff ff 00 00 00 12 00 1e 00 00 04 03 00 00 00 00 6d f2 
[20:15:58] [ClientServer/ClientDecoder/INFO]: Receive a package 001E(下线包)
