[23:30:43] [ClientServer/ClientMain/init/DEBUG]: address: 192.168.1.100:8438
[23:30:43] [ClientServer/ClientMain/init/DEBUG]: 图片加载成功
[23:30:43] [ClientServer/ClientMain/init/DEBUG]: GIF动画加载成功
[23:30:43] [ClientServer/ClientMain/init/DEBUG]: 物品预加载成功
[23:30:43] [ClientServer/ClientMain/init/DEBUG]: init over
[23:30:43] [ClientServer/ClientMain/KERNEL]: 0.开始建立网络连接…………
[23:30:44] [ClientServer/ClientMain/setUpConnection/DEBUG]: setUpConnection over
[23:30:44] [ClientServer/ClientMain/KERNEL]: 1.网络连接成功!
[23:30:44] [ClientServer/ClientMain/KERNEL]: 2.发送0000包，确认对方是否为服务器Gate端
[23:30:44] [SendingModule/send00Package/INFO]: send00Package over
[23:30:44] [AioModule/Read/Completed/DEBUG]: Received 18 bytes from session/192.168.1.100:8438
[23:30:44] [ClientSever/LoginBox/serverState/INFO]: Receive a package 0001(回应连接请求)
[23:30:44] [AioModule/Write/Completed/DEBUG]: Sent 14 bytes to session/192.168.1.100:8438
[23:30:44] [ClientSever/LoginBox/serverState/INFO]: package 0001: 1
[23:30:44] [AioModule/Read/Completed/DEBUG]: Received contents(18bytes): ff ff 00 00 00 12 00 14 00 00 01 4d f2 b2 b8 f1 ac 2b 
[23:30:44] [ClientServer/ClientMain/KERNEL]: 3.收到0001包，确认对方为服务器Gate端
[23:30:44] [AioModule/Write/Completed/DEBUG]: Sent contents(14bytes): ff ff 00 00 00 0e 00 00 00 00 30 39 20 db 
[23:30:44] [ClientServer/ClientMain/KERNEL]: 4.初始化loginBox登陆界面
[23:30:44] [ClientServer/ClientDecoder/INFO]: Receive a package 0014(PING)1434295908593
[23:30:44] [SendingModule/PINGResponse/DEBUG]: package 0015(PING回应包) send!
[23:30:44] [AioModule/Write/Completed/DEBUG]: Sent 18 bytes to session/192.168.1.100:8438
[23:30:44] [AioModule/Write/Completed/DEBUG]: Sent contents(18bytes): ff ff 00 00 00 12 00 15 00 00 01 4d f2 b2 b8 f1 a4 b7 
[23:30:44] [AioModule/Read/Completed/DEBUG]: Received 11 bytes from session/192.168.1.100:8438
[23:30:44] [AioModule/Read/Completed/DEBUG]: Received contents(11bytes): ff ff 00 00 00 0b 00 01 01 2a 46 
[23:30:44] [ClientServer/ClientDecoder/INFO]: Receive a package 0001(回应连接请求)
[23:30:44] [ClientServer/ClientDecoder/INFO]: package 0001: 1
[23:30:44] [ClientSever/LoginBox/serverState/INFO]: Receive a package 0001(回应连接请求)
[23:30:44] [ClientSever/LoginBox/serverState/INFO]: package 0001: 1
[23:30:44] [AioModule/Read/Completed/DEBUG]: Received 18 bytes from session/192.168.1.100:8438
[23:30:44] [AioModule/Read/Completed/DEBUG]: Received contents(18bytes): ff ff 00 00 00 12 00 16 00 00 00 00 00 00 00 13 28 61 
[23:30:44] [ClientServer/ClientDecoder/INFO]: Receive a package 0016(时间同步)-63937
[23:30:44] [ClientServer/LoginBox/onLoginResponse/INFO]: Receive a package 0003(登陆反馈)
[23:30:44] [ClientServer/LoginBox/onLoginResponse/INFO]: package 0003: true
[23:30:45] [ClientSever/LoginBox/addCharacter/INFO]: Receive a package 0006(角色预加载)
[23:30:46] [ClientSever/LoginBox/addCharacter/INFO]: Receive a package 0006(角色预加载)
[23:30:46] [ClientServer/LoginBox/noMorePackage/INFO]: Receive a package 0006(角色预加载: 这是最后一个空包
