[22:52:46] [ClientServer/ClientMain/init/DEBUG]: address: 192.168.1.100:8438
[22:52:46] [ClientServer/ClientMain/init/DEBUG]: 图片加载成功
[22:52:46] [ClientServer/ClientMain/init/DEBUG]: GIF动画加载成功
[22:52:46] [ClientServer/ClientMain/init/DEBUG]: 物品预加载成功
[22:52:46] [ClientServer/ClientMain/init/DEBUG]: init over
[22:52:46] [ClientServer/ClientMain/KERNEL]: 0.开始建立网络连接…………
[22:52:46] [ClientServer/ClientMain/setUpConnection/DEBUG]: setUpConnection over
[22:52:46] [ClientServer/ClientMain/KERNEL]: 1.网络连接成功!
[22:52:46] [ClientServer/ClientMain/KERNEL]: 2.发送0000包，确认对方是否为服务器Gate端
[22:52:46] [AioModule/Read/Completed/DEBUG]: Received 18 bytes from session/192.168.1.100:8438
[22:52:46] [AioModule/Read/Completed/DEBUG]: Received contents(18bytes): ff ff 00 00 00 12 00 14 00 00 01 4d f2 8f f6 b1 8e fb 
[22:52:46] [SendingModule/send00Package/INFO]: send00Package over
[22:52:46] [AioModule/Write/Completed/DEBUG]: Sent 14 bytes to session/192.168.1.100:8438
[22:52:46] [ClientServer/ClientDecoder/INFO]: Receive a package 0014(PING)1434293630641
[22:52:46] [AioModule/Write/Completed/DEBUG]: Sent contents(14bytes): ff ff 00 00 00 0e 00 00 00 00 30 39 20 db 
[22:52:46] [SendingModule/PINGResponse/DEBUG]: package 0015(PING回应包) send!
[22:52:46] [AioModule/Write/Completed/DEBUG]: Sent 18 bytes to session/192.168.1.100:8438
[22:52:46] [AioModule/Write/Completed/DEBUG]: Sent contents(18bytes): ff ff 00 00 00 12 00 15 00 00 01 4d f2 8f f6 b1 87 87 
[22:52:46] [AioModule/Read/Completed/DEBUG]: Received 11 bytes from session/192.168.1.100:8438
[22:52:46] [AioModule/Read/Completed/DEBUG]: Received contents(11bytes): ff ff 00 00 00 0b 00 01 01 2a 46 
[22:52:46] [ClientServer/ClientDecoder/INFO]: Receive a package 0001(回应连接请求)
[22:52:46] [ClientServer/ClientDecoder/INFO]: package 0001: 1
[22:52:46] [ClientSever/LoginBox/serverState/INFO]: Receive a package 0001(回应连接请求)
[22:52:46] [ClientSever/LoginBox/serverState/INFO]: package 0001: 1
[22:52:46] [AioModule/Read/Completed/DEBUG]: Received 18 bytes from session/192.168.1.100:8438
[22:52:46] [AioModule/Read/Completed/DEBUG]: Received contents(18bytes): ff ff 00 00 00 12 00 16 00 00 00 00 00 00 00 07 28 55 
[22:52:46] [ClientServer/ClientDecoder/INFO]: Receive a package 0016(时间同步)-63960
[22:52:46] [ClientServer/ClientMain/KERNEL]: 3.收到0001包，确认对方为服务器Gate端
[22:52:46] [ClientServer/ClientMain/KERNEL]: 4.初始化loginBox登陆界面
[22:52:53] [SendingModule/sendLogin/INFO]: package 0002(登陆信息) send!
[22:52:53] [AioModule/Write/Completed/DEBUG]: Sent 47 bytes to session/192.168.1.100:8438
[22:52:53] [AioModule/Write/Completed/DEBUG]: Sent contents(47bytes): ff ff 00 00 00 2f 00 02 31 32 33 00 32 30 32 43 42 39 36 32 41 43 35 39 30 37 35 42 39 36 34 42 30 37 31 35 32 44 32 33 34 42 37 30 00 03 ee 
[22:52:54] [AioModule/Read/Completed/DEBUG]: Received 45 bytes from session/192.168.1.100:8438
[22:52:54] [AioModule/Read/Completed/DEBUG]: Received contents(45bytes): ff ff 00 00 00 0b 00 03 01 2a 58 ff ff 00 00 00 18 00 06 00 00 00 0e 74 74 74 00 01 01 00 00 00 0b 14 3a ff ff 00 00 00 0a 00 06 45 71 
[22:52:54] [ClientServer/ClientDecoder/INFO]: Receive a package 0003(登陆反馈)
[22:52:54] [ClientServer/ClientDecoder/INFO]: package 0003: true
[22:52:54] [ClientServer/LoginBox/onLoginResponse/INFO]: Receive a package 0003(登陆反馈)
[22:52:54] [ClientServer/LoginBox/onLoginResponse/INFO]: package 0003: true
[22:52:55] [ClientServer/ClientDecoder/INFO]: Receive a package 0006(角色预加载)
[22:52:55] [ClientServer/ClientDecoder/INFO]: package 0006: /id: 14/name: ttt/level: 1/gender: 1
[22:52:55] [ClientSever/LoginBox/addCharacter/INFO]: Receive a package 0006(角色预加载)
[22:52:55] [ClientServer/ClientDecoder/INFO]: Receive a package 0006(角色预加载――空包)
[22:52:55] [ClientServer/LoginBox/noMorePackage/INFO]: Receive a package 0006(角色预加载: 这是最后一个空包
[22:52:59] [SendingModule/sendCharacter/INFO]: package 0007(角色选择) send!
[22:52:59] [AioModule/Write/Completed/DEBUG]: Sent 14 bytes to session/192.168.1.100:8438
[22:52:59] [AioModule/Write/Completed/DEBUG]: Sent contents(14bytes): ff ff 00 00 00 0e 00 07 00 00 00 0e a0 73 
[22:52:59] [ClientServer/ClientMain/KERNEL]: 5.登陆结束
[22:52:59] [ClientServer/ClientMain/KERNEL]: 6.开始游戏，启动gameBox
[22:53:03] [AioModule/Read/Completed/DEBUG]: Received 80 bytes from session/192.168.1.100:8438
[22:53:03] [AioModule/Read/Completed/DEBUG]: Received contents(80bytes): ff ff 00 00 00 50 00 0a 00 00 00 0e 74 74 74 00 74 68 69 73 20 69 73 20 61 20 70 6c 61 6e 65 00 01 01 00 00 00 64 00 00 00 64 00 00 00 64 00 00 00 64 00 00 00 14 00 00 00 14 00 00 00 01 00 00 00 c8 00 00 06 4b 00 00 0a f5 00 00 00 0b 21 30 
[22:53:03] [ClientServer/ClientDecoder/INFO]: Receive a package 000A(游戏中所有玩家信息)
[22:53:03] [ClientServer/ClientDecoder/INFO]: package 000A: /id: 14/name: ttt/level: 1/gender: 1/posX: 1611/posY: 2805
[22:53:03] [ClientServer/GameBox/addCharacter/DEBUG]: Receive a package 000A(游戏中所有玩家信息)
[22:53:03] [ClientServer/GameBox/addCharacter/DEBUG]: 000A:加入一个主角玩家:ttt
[22:53:04] [ClientServer/GameBox/startGame/KERNEL]: 接收主角详细信息(000A):关闭加载窗口,开始游戏!
[22:53:20] [AioModule/Read/Completed/DEBUG]: Received 270 bytes from session/192.168.1.100:8438
[22:53:20] [AioModule/Read/Completed/DEBUG]: Received contents(270bytes): ff ff 00 00 01 0e 00 19 00 00 00 20 00 00 00 00 00 00 00 00 00 00 00 01 00 00 00 00 00 00 00 02 00 00 00 00 00 00 00 03 00 00 00 00 00 00 00 04 00 00 00 00 00 00 00 05 00 00 00 00 00 00 00 06 00 00 00 00 00 00 00 07 00 00 00 00 00 00 00 08 00 00 00 00 00 00 00 09 00 00 00 00 00 00 00 0a 00 00 00 00 00 00 00 0b 00 00 00 00 00 00 00 0c 00 00 00 00 00 00 00 0d 00 00 00 00 00 00 00 0e 00 00 00 00 00 00 00 0f 00 00 00 00 00 00 00 10 00 00 00 00 00 00 00 11 00 00 00 00 00 00 00 12 00 00 00 00 00 00 00 13 00 00 00 00 00 00 00 14 00 00 00 00 00 00 00 15 00 00 00 00 00 00 00 16 00 00 00 00 00 00 00 17 00 00 00 00 00 00 00 18 00 00 00 00 00 00 00 19 00 00 00 00 00 00 00 1a 00 00 00 00 00 00 00 1b 00 00 00 00 00 00 00 1c 00 00 00 00 00 00 00 1d 00 00 00 00 00 00 00 1e 00 00 00 00 00 00 00 1f 00 00 00 00 26 2a 
[22:53:20] [ClientServer/ClientDecoder/INFO]: Receive a package 0019(背包信息)
[22:54:27] [ClientServer/ClientMain/KERNEL]: 7.游戏结束，退出主程序
[22:54:27] [SendingModule/sendLogout/INFO]: logout send!
[22:54:27] [AioModule/Write/Completed/DEBUG]: Sent 14 bytes to session/192.168.1.100:8438
[22:54:27] [AioModule/Write/Completed/DEBUG]: Sent contents(14bytes): ff ff 00 00 00 0e 00 13 00 00 00 00 84 c6 
