[18:18:28] [ClientServer/ClientMain/init/DEBUG]: address: 192.168.1.100:8438
[18:18:28] [ClientServer/ClientMain/init/DEBUG]: 图片加载成功
[18:18:28] [ClientServer/ClientMain/init/DEBUG]: GIF动画加载成功
[18:18:28] [ClientServer/ClientMain/init/DEBUG]: 物品预加载成功
[18:18:29] [ClientServer/ClientMain/init/DEBUG]: init over
[18:18:29] [ClientServer/ClientMain/KERNEL]: 0.开始建立网络连接…………
[18:18:29] [ClientServer/ClientMain/setUpConnection/DEBUG]: setUpConnection over
[18:18:29] [ClientServer/ClientMain/KERNEL]: 1.网络连接成功!
[18:18:29] [ClientServer/ClientMain/KERNEL]: 2.发送0000包，确认对方是否为服务器Gate端
[18:18:29] [SendingModule/send00Package/INFO]: send00Package over
[18:18:29] [AioModule/Write/Completed/DEBUG]: Sent 14 bytes to session/192.168.1.100:8438
[18:18:29] [AioModule/Read/Completed/DEBUG]: Received 18 bytes from session/192.168.1.100:8438
[18:18:29] [AioModule/Read/Completed/DEBUG]: Received contents(18bytes): ff ff 00 00 00 12 00 14 00 00 01 4d f6 ba 31 1e 2d 13 
[18:18:29] [AioModule/Write/Completed/DEBUG]: Sent contents(14bytes): ff ff 00 00 00 0e 00 00 00 00 30 39 20 db 
[18:18:29] [ClientServer/ClientDecoder/INFO]: Receive a package 0014(PING)1434363506974
[18:18:29] [SendingModule/PINGResponse/DEBUG]: package 0015(PING回应包) send!
[18:18:29] [AioModule/Write/Completed/DEBUG]: Sent 18 bytes to session/192.168.1.100:8438
[18:18:29] [AioModule/Write/Completed/DEBUG]: Sent contents(18bytes): ff ff 00 00 00 12 00 15 00 00 01 4d f6 ba 31 1e 25 9f 
[18:18:29] [AioModule/Read/Completed/DEBUG]: Received 11 bytes from session/192.168.1.100:8438
[18:18:29] [AioModule/Read/Completed/DEBUG]: Received contents(11bytes): ff ff 00 00 00 0b 00 01 01 2a 46 
[18:18:29] [ClientServer/ClientDecoder/INFO]: Receive a package 0001(回应连接请求)
[18:18:29] [ClientServer/ClientDecoder/INFO]: package 0001: 1
[18:18:29] [ClientSever/LoginBox/serverState/INFO]: Receive a package 0001(回应连接请求)
[18:18:29] [ClientSever/LoginBox/serverState/INFO]: package 0001: 1
[18:18:29] [AioModule/Read/Completed/DEBUG]: Received 18 bytes from session/192.168.1.100:8438
[18:18:29] [AioModule/Read/Completed/DEBUG]: Received contents(18bytes): ff ff 00 00 00 12 00 16 00 00 00 00 00 00 00 05 28 53 
[18:18:29] [ClientServer/ClientDecoder/INFO]: Receive a package 0016(时间同步)2195
[18:18:29] [ClientServer/ClientMain/KERNEL]: 3.收到0001包，确认对方为服务器Gate端
[18:18:29] [ClientServer/ClientMain/KERNEL]: 4.初始化loginBox登陆界面
[18:18:35] [SendingModule/sendLogin/INFO]: package 0002(登陆信息) send!
[18:18:35] [AioModule/Write/Completed/DEBUG]: Sent 47 bytes to session/192.168.1.100:8438
[18:18:35] [AioModule/Write/Completed/DEBUG]: Sent contents(47bytes): ff ff 00 00 00 2f 00 02 78 79 6c 00 43 37 30 43 44 30 34 33 31 33 46 46 32 36 30 41 38 33 44 36 44 37 39 39 30 38 32 32 43 30 33 32 00 6a be 
[18:18:35] [AioModule/Read/Completed/DEBUG]: Received 11 bytes from session/192.168.1.100:8438
[18:18:35] [AioModule/Read/Completed/DEBUG]: Received contents(11bytes): ff ff 00 00 00 0b 00 03 01 2a 58 
[18:18:35] [ClientServer/ClientDecoder/INFO]: Receive a package 0003(登陆反馈)
[18:18:35] [ClientServer/ClientDecoder/INFO]: package 0003: true
[18:18:35] [ClientServer/LoginBox/onLoginResponse/INFO]: Receive a package 0003(登陆反馈)
[18:18:35] [ClientServer/LoginBox/onLoginResponse/INFO]: package 0003: true
[18:18:36] [AioModule/Read/Completed/DEBUG]: Received 39 bytes from session/192.168.1.100:8438
[18:18:36] [AioModule/Read/Completed/DEBUG]: Received contents(39bytes): ff ff 00 00 00 1d 00 06 00 00 04 03 bb c3 cf eb bc d2 d8 bc 00 01 00 00 00 00 0c 7a 9f ff ff 00 00 00 0a 00 06 45 71 
[18:18:36] [ClientServer/ClientDecoder/INFO]: Receive a package 0006(角色预加载)
[18:18:36] [ClientServer/ClientDecoder/INFO]: package 0006: /id: 1027/name: 幻想家丶/level: 1/gender: 0
[18:18:36] [ClientSever/LoginBox/addCharacter/INFO]: Receive a package 0006(角色预加载)
[18:18:36] [ClientServer/ClientDecoder/INFO]: Receive a package 0006(角色预加载――空包)
[18:18:36] [ClientServer/LoginBox/noMorePackage/INFO]: Receive a package 0006(角色预加载: 这是最后一个空包
[18:18:39] [AioModule/Write/Completed/DEBUG]: Sent 14 bytes to session/192.168.1.100:8438
[18:18:39] [SendingModule/sendCharacter/INFO]: package 0007(角色选择) send!
[18:18:39] [AioModule/Write/Completed/DEBUG]: Sent contents(14bytes): ff ff 00 00 00 0e 00 07 00 00 04 03 a0 98 
[18:18:39] [ClientServer/ClientMain/KERNEL]: 5.登陆结束
[18:18:39] [ClientServer/ClientMain/KERNEL]: 6.开始游戏，启动gameBox
[18:18:39] [AioModule/Read/Completed/DEBUG]: Received 87 bytes from session/192.168.1.100:8438
[18:18:39] [AioModule/Read/Completed/DEBUG]: Received contents(87bytes): ff ff 00 00 00 57 00 0a 00 00 04 03 bb c3 cf eb bc d2 d8 bc 00 74 68 69 73 20 69 73 20 58 75 73 20 70 6c 61 6e 65 00 01 00 00 00 00 64 00 00 00 64 00 00 00 64 00 00 00 64 00 00 00 14 00 00 00 14 00 00 00 01 00 00 00 c8 00 00 0b 8b 00 00 18 03 00 00 00 0c a5 ff 
[18:18:39] [ClientServer/ClientDecoder/INFO]: Receive a package 000A(游戏中所有玩家信息)
[18:18:39] [ClientServer/ClientDecoder/INFO]: package 000A: /id: 1027/name: 幻想家丶/level: 1/gender: 0/posX: 2955/posY: 6147
[18:18:39] [ClientServer/GameBox/addCharacter/DEBUG]: Receive a package 000A(游戏中所有玩家信息)
[18:18:39] [ClientServer/GameBox/addCharacter/DEBUG]: 000A:加入一个主角玩家:幻想家丶
[18:18:39] [AioModule/Read/Completed/DEBUG]: Received 14 bytes from session/192.168.1.100:8438
[18:18:39] [AioModule/Read/Completed/DEBUG]: Received contents(14bytes): ff ff 00 00 00 0e 00 1b 00 00 00 00 72 5c 
[18:18:39] [AioModule/Read/Completed/DEBUG]: Received 50 bytes from session/192.168.1.100:8438
[18:18:39] [AioModule/Read/Completed/DEBUG]: Received contents(50bytes): ff ff 00 00 00 32 00 1a 00 00 00 03 00 00 00 00 3b 9a ca 01 00 00 00 01 00 00 00 01 3b 9a ca 02 00 00 00 01 00 00 00 02 3b 9a ca 03 00 00 00 01 63 4d 
[18:18:39] [ClientServer/ClientDecoder/INFO]: Receive a package 001A(技能信息)
[18:18:40] [ClientServer/GameBox/startGame/KERNEL]: 接收主角详细信息(000A):关闭加载窗口,开始游戏!
[18:18:47] [Client/GameBox/updateTarget/INFO]: receive Package 000C(角色目标)
[18:18:47] [Client/GameBox/updateTarget/INFO]: targetX: 2973/targetY 6434
[18:18:47] [SendingModule/sendTargetPos/DEBUG]: package 000B(角色移动意图) send!
[18:18:47] [AioModule/Write/Completed/DEBUG]: Sent 26 bytes to session/192.168.1.100:8438
[18:18:47] [SendingModule/sendTargetPos/DEBUG]: targetX: 2973/targetY: 6434
[18:18:47] [AioModule/Write/Completed/DEBUG]: Sent contents(26bytes): ff ff 00 00 00 1a 00 0b 00 00 0b 9d 00 00 19 22 00 00 01 4d f6 ba 78 fb 76 cf 
[18:18:47] [AioModule/Read/Completed/DEBUG]: Received 30 bytes from session/192.168.1.100:8438
[18:18:47] [AioModule/Read/Completed/DEBUG]: Received contents(30bytes): ff ff 00 00 00 1e 00 0c 00 00 04 03 00 00 0b 9d 00 00 19 22 00 00 01 4d f6 ba 78 fb 0a cb 
[18:18:47] [ClientServer/ClientDecoder/INFO]: Receive a package 000C(所有玩家目标坐标更新)
[18:18:47] [ClientServer/ClientDecoder/INFO]: package 000C: /id: 1027/posX: 2973/posY: 6434
[18:18:47] [Client/GameBox/updateTarget/INFO]: receive Package 000C(角色目标)
[18:18:47] [Client/GameBox/updateTarget/INFO]: targetX: 2973/targetY 6434
[18:18:51] [Client/GameBox/updateTarget/INFO]: receive Package 000C(角色目标)
[18:18:51] [Client/GameBox/updateTarget/INFO]: targetX: 3710/targetY 6555
[18:18:51] [SendingModule/sendTargetPos/DEBUG]: package 000B(角色移动意图) send!
[18:18:51] [AioModule/Write/Completed/DEBUG]: Sent 26 bytes to session/192.168.1.100:8438
[18:18:51] [SendingModule/sendTargetPos/DEBUG]: targetX: 3710/targetY: 6555
[18:18:51] [AioModule/Write/Completed/DEBUG]: Sent contents(26bytes): ff ff 00 00 00 1a 00 0b 00 00 0e 7e 00 00 19 9b 00 00 01 4d f6 ba 87 33 80 53 
[18:18:51] [AioModule/Read/Completed/DEBUG]: Received 30 bytes from session/192.168.1.100:8438
[18:18:51] [AioModule/Read/Completed/DEBUG]: Received contents(30bytes): ff ff 00 00 00 1e 00 0c 00 00 04 03 00 00 0e 7e 00 00 19 9b 00 00 01 4d f6 ba 87 33 9e 1e 
[18:18:51] [ClientServer/ClientDecoder/INFO]: Receive a package 000C(所有玩家目标坐标更新)
[18:18:51] [ClientServer/ClientDecoder/INFO]: package 000C: /id: 1027/posX: 3710/posY: 6555
[18:18:51] [Client/GameBox/updateTarget/INFO]: receive Package 000C(角色目标)
[18:18:51] [Client/GameBox/updateTarget/INFO]: targetX: 3710/targetY 6555
[18:18:55] [Client/GameBox/updateTarget/INFO]: receive Package 000C(角色目标)
[18:18:55] [Client/GameBox/updateTarget/INFO]: targetX: 3499/targetY 6204
[18:18:55] [SendingModule/sendTargetPos/DEBUG]: package 000B(角色移动意图) send!
[18:18:55] [SendingModule/sendTargetPos/DEBUG]: targetX: 3499/targetY: 6204
[18:18:55] [AioModule/Write/Completed/DEBUG]: Sent 26 bytes to session/192.168.1.100:8438
[18:18:55] [AioModule/Write/Completed/DEBUG]: Sent contents(26bytes): ff ff 00 00 00 1a 00 0b 00 00 0d ab 00 00 18 3c 00 00 01 4d f6 ba 98 7b 9c 7a 
[18:18:58] [Client/GameBox/updateTarget/INFO]: receive Package 000C(角色目标)
[18:18:58] [Client/GameBox/updateTarget/INFO]: targetX: 2905/targetY 6377
[18:18:58] [SendingModule/sendTargetPos/DEBUG]: package 000B(角色移动意图) send!
[18:18:58] [AioModule/Write/Completed/DEBUG]: Sent 26 bytes to session/192.168.1.100:8438
[18:18:58] [SendingModule/sendTargetPos/DEBUG]: targetX: 2905/targetY: 6377
[18:18:58] [AioModule/Write/Completed/DEBUG]: Sent contents(26bytes): ff ff 00 00 00 1a 00 0b 00 00 0b 59 00 00 18 e9 00 00 01 4d f6 ba a5 7d 60 0e 
[18:19:01] [Client/GameBox/updateTarget/INFO]: receive Package 000C(角色目标)
[18:19:01] [Client/GameBox/updateTarget/INFO]: targetX: 3315/targetY 6827
[18:19:01] [SendingModule/sendTargetPos/DEBUG]: package 000B(角色移动意图) send!
[18:19:01] [AioModule/Write/Completed/DEBUG]: Sent 26 bytes to session/192.168.1.100:8438
[18:19:01] [SendingModule/sendTargetPos/DEBUG]: targetX: 3315/targetY: 6827
[18:19:01] [AioModule/Write/Completed/DEBUG]: Sent contents(26bytes): ff ff 00 00 00 1a 00 0b 00 00 0c f3 00 00 1a ab 00 00 01 4d f6 ba b0 ad 5d 9c 
[18:19:05] [Client/GameBox/updateTarget/INFO]: receive Package 000C(角色目标)
[18:19:05] [Client/GameBox/updateTarget/INFO]: targetX: 4160/targetY 6577
[18:19:05] [SendingModule/sendTargetPos/DEBUG]: package 000B(角色移动意图) send!
[18:19:05] [AioModule/Write/Completed/DEBUG]: Sent 26 bytes to session/192.168.1.100:8438
[18:19:05] [SendingModule/sendTargetPos/DEBUG]: targetX: 4160/targetY: 6577
[18:19:05] [AioModule/Write/Completed/DEBUG]: Sent contents(26bytes): ff ff 00 00 00 1a 00 0b 00 00 10 40 00 00 19 b1 00 00 01 4d f6 ba be 07 1b 13 
[18:19:10] [Client/GameBox/updateTarget/INFO]: receive Package 000C(角色目标)
[18:19:10] [Client/GameBox/updateTarget/INFO]: targetX: 3778/targetY 6381
[18:19:10] [SendingModule/sendTargetPos/DEBUG]: package 000B(角色移动意图) send!
[18:19:10] [AioModule/Write/Completed/DEBUG]: Sent 26 bytes to session/192.168.1.100:8438
[18:19:10] [SendingModule/sendTargetPos/DEBUG]: targetX: 3778/targetY: 6381
[18:19:10] [AioModule/Write/Completed/DEBUG]: Sent contents(26bytes): ff ff 00 00 00 1a 00 0b 00 00 0e c2 00 00 18 ed 00 00 01 4d f6 ba d1 c2 b3 42 
[18:19:13] [Client/GameBox/updateTarget/INFO]: receive Package 000C(角色目标)
[18:19:13] [Client/GameBox/updateTarget/INFO]: targetX: 3203/targetY 6589
[18:19:13] [SendingModule/sendTargetPos/DEBUG]: package 000B(角色移动意图) send!
[18:19:13] [AioModule/Write/Completed/DEBUG]: Sent 26 bytes to session/192.168.1.100:8438
[18:19:13] [SendingModule/sendTargetPos/DEBUG]: targetX: 3203/targetY: 6589
[18:19:13] [AioModule/Write/Completed/DEBUG]: Sent contents(26bytes): ff ff 00 00 00 1a 00 0b 00 00 0c 83 00 00 19 bd 00 00 01 4d f6 ba df df a5 f9 
[18:19:23] [ClientServer/ClientMain/KERNEL]: 7.游戏结束，退出主程序
[18:19:23] [SendingModule/sendLogout/INFO]: logout send!
[18:19:23] [AioModule/Write/Completed/DEBUG]: Sent 14 bytes to session/192.168.1.100:8438
[18:19:23] [AioModule/Write/Completed/DEBUG]: Sent contents(14bytes): ff ff 00 00 00 0e 00 13 00 00 00 00 84 c6 
[18:19:23] [AioModule/Read/Completed/DEBUG]: Received 18 bytes from session/192.168.1.100:8438
[18:19:23] [AioModule/Read/Completed/DEBUG]: Received contents(18bytes): ff ff 00 00 00 12 00 1e 00 00 04 03 00 00 00 00 6d f2 
[18:19:23] [ClientServer/ClientDecoder/INFO]: Receive a package 001E(下线包)
