[17:16:41] [ClientServer/ClientMain/init/DEBUG]: address: baidu.com:80
[17:16:41] [ClientServer/ClientMain/init/DEBUG]: 图片加载成功
[17:16:41] [ClientServer/ClientMain/init/DEBUG]: GIF动画加载成功
[17:16:41] [ClientServer/ClientMain/init/DEBUG]: 物品预加载成功
[17:16:42] [ClientServer/ClientMain/init/DEBUG]: init over
[17:16:42] [ClientServer/ClientMain/KERNEL]: 0.开始建立网络连接…………
[17:16:42] [ClientServer/ClientMain/setUpConnection/DEBUG]: setUpConnection over
[17:16:42] [ClientServer/ClientMain/KERNEL]: 1.网络连接成功!
[17:16:42] [ClientServer/ClientMain/KERNEL]: 2.发送0000包，确认对方是否为服务器Gate端
[17:16:42] [SendingModule/send00Package/INFO]: send00Package over
[17:16:42] [ClientSever/LoginBox/serverState/INFO]: Receive a package 0001(回应连接请求)
[17:16:42] [AioModule/Write/Completed/DEBUG]: Sent 14 bytes to sessionbaidu.com/220.181.57.217:80
[17:16:42] [ClientSever/LoginBox/serverState/INFO]: package 0001: 1
[17:16:42] [ClientServer/ClientMain/KERNEL]: 3.收到0001包，确认对方为服务器Gate端
[17:16:42] [AioModule/Write/Completed/DEBUG]: Sent contents(14bytes): ff ff 00 00 00 0e 00 00 00 00 30 39 20 db 
[17:16:42] [ClientServer/ClientMain/KERNEL]: 4.初始化loginBox登陆界面
[17:16:42] [ClientServer/LoginBox/onLoginResponse/INFO]: Receive a package 0003(登陆反馈)
[17:16:42] [ClientServer/LoginBox/onLoginResponse/INFO]: package 0003: true
[17:16:43] [ClientSever/LoginBox/addCharacter/INFO]: Receive a package 0006(角色预加载)
[17:16:43] [ClientSever/LoginBox/addCharacter/INFO]: Receive a package 0006(角色预加载)
[17:16:43] [ClientServer/LoginBox/noMorePackage/INFO]: Receive a package 0006(角色预加载: 这是最后一个空包
