[01:28:14] [ClientServer/ClientMain/init/DEBUG]: address: 192.168.1.100:8438
[01:28:14] [ClientServer/ClientMain/init/DEBUG]: 图片加载成功
[01:28:14] [ClientServer/ClientMain/init/DEBUG]: GIF动画加载成功
[01:28:14] [ClientServer/ClientMain/init/DEBUG]: 物品预加载成功
[01:28:15] [ClientServer/ClientMain/init/DEBUG]: init over
[01:28:15] [ClientServer/ClientMain/KERNEL]: 0.开始建立网络连接…………
[01:28:15] [ClientServer/ClientMain/setUpConnection/DEBUG]: setUpConnection over
[01:28:15] [AioModule/Read/Completed/DEBUG]: Received 18 bytes from session/192.168.1.100:8438
[01:28:15] [ClientServer/ClientMain/KERNEL]: 1.网络连接成功!
[01:28:15] [ClientServer/ClientMain/KERNEL]: 2.发送0000包，确认对方是否为服务器Gate端
[01:28:15] [AioModule/Read/Completed/DEBUG]: Received contents(18bytes): ff ff 00 00 00 12 00 14 00 00 01 4d f3 1e 4e 9d 64 c2 
[01:28:15] [ClientServer/ClientDecoder/INFO]: Receive a package 0014(PING)1434302959261
[01:28:15] [SendingModule/PINGResponse/DEBUG]: package 0015(PING回应包) send!
[01:28:15] [SendingModule/send00Package/INFO]: send00Package over
[01:28:15] [AioModule/Write/Completed/DEBUG]: Sent 14 bytes to session/192.168.1.100:8438
[01:28:15] [ClientSever/LoginBox/serverState/INFO]: Receive a package 0001(回应连接请求)
[01:28:15] [ClientSever/LoginBox/serverState/INFO]: package 0001: 1
[01:28:15] [ClientServer/ClientMain/KERNEL]: 3.收到0001包，确认对方为服务器Gate端
[01:28:15] [AioModule/Write/Completed/DEBUG]: Sent contents(14bytes): ff ff 00 00 00 0e 00 00 00 00 30 39 20 db 
[01:28:15] [ClientServer/ClientMain/KERNEL]: 4.初始化loginBox登陆界面
[01:28:15] [AioModule/Write/Completed/DEBUG]: Sent 18 bytes to session/192.168.1.100:8438
[01:28:15] [AioModule/Write/Completed/DEBUG]: Sent contents(18bytes): ff ff 00 00 00 12 00 15 00 00 01 4d f3 1e 4e 9d 5d 4e 
[01:28:15] [AioModule/Read/Completed/DEBUG]: Received 11 bytes from session/192.168.1.100:8438
[01:28:15] [AioModule/Read/Completed/DEBUG]: Received contents(11bytes): ff ff 00 00 00 0b 00 01 01 2a 46 
[01:28:15] [ClientServer/ClientDecoder/INFO]: Receive a package 0001(回应连接请求)
[01:28:15] [ClientServer/ClientDecoder/INFO]: package 0001: 1
[01:28:15] [ClientSever/LoginBox/serverState/INFO]: Receive a package 0001(回应连接请求)
[01:28:15] [ClientSever/LoginBox/serverState/INFO]: package 0001: 1
[01:28:15] [AioModule/Read/Completed/DEBUG]: Received 18 bytes from session/192.168.1.100:8438
[01:28:15] [AioModule/Read/Completed/DEBUG]: Received contents(18bytes): ff ff 00 00 00 12 00 16 00 00 00 00 00 00 00 15 28 63 
[01:28:15] [ClientServer/ClientDecoder/INFO]: Receive a package 0016(时间同步)-64028
[01:28:15] [ClientServer/LoginBox/onLoginResponse/INFO]: Receive a package 0003(登陆反馈)
[01:28:15] [ClientServer/LoginBox/onLoginResponse/INFO]: package 0003: true
[01:28:16] [ClientSever/LoginBox/addCharacter/INFO]: Receive a package 0006(角色预加载)
[01:28:16] [ClientSever/LoginBox/addCharacter/INFO]: Receive a package 0006(角色预加载)
[01:28:16] [ClientServer/LoginBox/noMorePackage/INFO]: Receive a package 0006(角色预加载: 这是最后一个空包
[01:28:16] [SendingModule/sendCreateCharacter/INFO]: package 0008(创建角色) send!
[01:28:16] [AioModule/Write/Completed/DEBUG]: Sent 25 bytes to session/192.168.1.100:8438
[01:28:16] [ClientServer/LoginBox/onCreatResponse/INFO]: Receive a package 0009(角色创建结果)
[01:28:16] [AioModule/Write/Completed/DEBUG]: Sent contents(25bytes): ff ff 00 00 00 19 00 08 6e 75 6c 6c 00 64 64 64 64 00 01 00 00 00 01 38 47 
[01:28:17] [ClientServer/GameBox/addCharacter/DEBUG]: Receive a package 000A(游戏中所有玩家信息)
[01:28:17] [ClientServer/GameBox/addCharacter/DEBUG]: 000A:加入一个主角玩家:dddd
[01:28:17] [ClientServer/ClientMain/KERNEL]: 5.登陆结束
[01:28:17] [ClientServer/ClientMain/KERNEL]: 6.开始游戏，启动gameBox
[01:28:18] [ClientServer/GameBox/startGame/KERNEL]: 接收主角详细信息(000A):关闭加载窗口,开始游戏!
[01:28:33] [SendingModule/sendTargetPos/DEBUG]: package 000B(角色移动意图) send!
[01:28:33] [AioModule/Write/Failed/WARNING]: Failed to send to sessionnull. java.nio.channels.ClosedChannelException
[01:28:33] [SendingModule/sendTargetPos/DEBUG]: targetX: 182/targetY: 222
[01:28:37] [ClientServer/ClientMain/KERNEL]: 7.游戏结束，退出主程序
[01:28:37] [SendingModule/sendLogout/INFO]: logout send!
