[18:48:59] [ClientServer/ClientMain/init/DEBUG]: address: 192.168.1.104:8438
[18:48:59] [ClientServer/ClientMain/init/DEBUG]: 图片加载成功
[18:48:59] [ClientServer/ClientMain/init/DEBUG]: GIF动画加载成功
[18:48:59] [ClientServer/ClientMain/init/DEBUG]: 物品预加载成功
[18:48:59] [ClientServer/ClientMain/init/DEBUG]: init over
[18:48:59] [ClientServer/ClientMain/KERNEL]: 0.开始建立网络连接…………
[18:48:59] [ClientServer/ClientMain/setUpConnection/DEBUG]: setUpConnection over
[18:48:59] [ClientServer/ClientMain/KERNEL]: 1.网络连接成功!
[18:48:59] [AioModule/Read/Completed/DEBUG]: Received 18 bytes from session/192.168.1.104:8438
[18:48:59] [ClientServer/ClientMain/KERNEL]: 2.发送0000包，确认对方是否为服务器Gate端
[18:48:59] [AioModule/Read/Completed/DEBUG]: Received contents(18bytes): ff ff 00 00 00 12 00 14 00 00 01 4d f1 b0 c1 41 9e 0b 
[18:48:59] [ClientServer/ClientDecoder/INFO]: Receive a package 0014(PING)
[18:48:59] [SendingModule/send00Package/INFO]: send00Package over
[18:48:59] [SendingModule/PINGResponse/DEBUG]: package 0015(PING回应包) send!
[18:48:59] [AioModule/Write/Completed/DEBUG]: Sent 14 bytes to session/192.168.1.104:8438
[18:48:59] [AioModule/Write/Completed/DEBUG]: Sent contents(14bytes): ff ff 00 00 00 0e 00 00 00 00 30 39 20 db 
[18:48:59] [AioModule/Write/Completed/DEBUG]: Sent 18 bytes to session/192.168.1.104:8438
[18:48:59] [AioModule/Write/Completed/DEBUG]: Sent contents(18bytes): ff ff 00 00 00 12 00 15 00 00 01 4d f1 b0 c1 41 96 97 
[18:48:59] [AioModule/Read/Completed/DEBUG]: Received 11 bytes from session/192.168.1.104:8438
[18:48:59] [AioModule/Read/Completed/DEBUG]: Received contents(11bytes): ff ff 00 00 00 0b 00 01 01 2a 46 
[18:48:59] [ClientServer/ClientDecoder/INFO]: Receive a package 0001(回应连接请求)
[18:48:59] [ClientServer/ClientDecoder/INFO]: package 0001: 1
[18:48:59] [ClientSever/LoginBox/serverState/INFO]: Receive a package 0001(回应连接请求)
[18:48:59] [ClientSever/LoginBox/serverState/INFO]: package 0001: 1
[18:48:59] [AioModule/Read/Completed/DEBUG]: Received 18 bytes from session/192.168.1.104:8438
[18:48:59] [AioModule/Read/Completed/DEBUG]: Received contents(18bytes): ff ff 00 00 00 12 00 16 00 00 01 4d f1 b0 c2 87 8e 79 
[18:48:59] [ClientServer/ClientDecoder/INFO]: Receive a package 0016(时间同步)
[18:49:00] [ClientServer/ClientMain/KERNEL]: 3.收到0001包，确认对方为服务器Gate端
[18:49:00] [ClientServer/ClientMain/KERNEL]: 4.初始化loginBox登陆界面
[18:49:04] [AioModule/Write/Completed/DEBUG]: Sent 48 bytes to session/192.168.1.104:8438
[18:49:04] [SendingModule/sendLogin/INFO]: package 0002(登陆信息) send!
[18:49:04] [AioModule/Write/Completed/DEBUG]: Sent contents(48bytes): ff ff 00 00 00 30 00 02 31 32 33 34 00 38 31 44 43 39 42 44 42 35 32 44 30 34 44 43 32 30 30 33 36 44 42 44 38 33 31 33 45 44 30 35 35 00 79 71 
[18:49:05] [AioModule/Read/Completed/DEBUG]: Received 11 bytes from session/192.168.1.104:8438
[18:49:05] [AioModule/Read/Completed/DEBUG]: Received contents(11bytes): ff ff 00 00 00 0b 00 03 01 2a 58 
[18:49:05] [ClientServer/ClientDecoder/INFO]: Receive a package 0003(登陆反馈)
[18:49:05] [ClientServer/ClientDecoder/INFO]: package 0003: true
[18:49:05] [ClientServer/LoginBox/onLoginResponse/INFO]: Receive a package 0003(登陆反馈)
[18:49:05] [ClientServer/LoginBox/onLoginResponse/INFO]: package 0003: true
[18:49:05] [AioModule/Read/Completed/DEBUG]: Received 82 bytes from session/192.168.1.104:8438
[18:49:05] [AioModule/Read/Completed/DEBUG]: Received contents(82bytes): ff ff 00 00 00 18 00 06 00 00 00 0a 31 32 33 00 01 01 00 00 00 0b 36 32 ff ff 00 00 00 18 00 06 00 00 00 0b 34 35 36 00 01 01 00 00 00 0b 64 a6 ff ff 00 00 00 18 00 06 00 00 00 0c 37 38 39 00 01 01 00 00 00 0b 93 1a ff ff 00 00 00 0a 00 06 45 71 
[18:49:05] [ClientServer/ClientDecoder/INFO]: Receive a package 0006(角色预加载)
[18:49:05] [ClientServer/ClientDecoder/INFO]: package 0006: /id: 10/name: 123/level: 1/gender: 1
[18:49:05] [ClientSever/LoginBox/addCharacter/INFO]: Receive a package 0006(角色预加载)
[18:49:06] [ClientServer/ClientDecoder/INFO]: Receive a package 0006(角色预加载)
[18:49:06] [ClientServer/ClientDecoder/INFO]: package 0006: /id: 11/name: 456/level: 1/gender: 1
[18:49:06] [ClientSever/LoginBox/addCharacter/INFO]: Receive a package 0006(角色预加载)
[18:49:06] [ClientServer/ClientDecoder/INFO]: Receive a package 0006(角色预加载)
[18:49:06] [ClientServer/ClientDecoder/INFO]: package 0006: /id: 12/name: 789/level: 1/gender: 1
[18:49:06] [ClientSever/LoginBox/addCharacter/INFO]: Receive a package 0006(角色预加载)
[18:49:06] [ClientServer/ClientDecoder/INFO]: Receive a package 0006(角色预加载――空包)
[18:49:06] [ClientServer/LoginBox/noMorePackage/INFO]: Receive a package 0006(角色预加载: 这是最后一个空包
[18:49:12] [AioModule/Write/Completed/DEBUG]: Sent 14 bytes to session/192.168.1.104:8438
[18:49:12] [SendingModule/sendCharacter/INFO]: package 0007(角色选择) send!
[18:49:12] [AioModule/Write/Completed/DEBUG]: Sent contents(14bytes): ff ff 00 00 00 0e 00 07 00 00 00 0c a0 71 
[18:49:12] [ClientServer/ClientMain/KERNEL]: 5.登陆结束
[18:49:12] [ClientServer/ClientMain/KERNEL]: 6.开始游戏，启动gameBox
[18:49:12] [AioModule/Read/Completed/DEBUG]: Received 80 bytes from session/192.168.1.104:8438
[18:49:12] [AioModule/Read/Completed/DEBUG]: Received contents(80bytes): ff ff 00 00 00 50 00 0a 00 00 00 0c 37 38 39 00 74 68 69 73 20 69 73 20 61 20 70 6c 61 6e 65 00 01 01 00 00 00 64 00 00 00 64 00 00 00 64 00 00 00 64 00 00 00 14 00 00 00 14 00 00 00 01 00 00 00 c8 00 00 00 c8 00 00 00 c8 00 00 00 0b 52 8d 
[18:49:12] [ClientServer/ClientDecoder/INFO]: Receive a package 000A(游戏中所有玩家信息)
[18:49:12] [ClientServer/ClientDecoder/INFO]: package 000A: /id: 12/name: 789/level: 1/gender: 1/posX: 200/posY: 200
[18:49:12] [ClientServer/GameBox/addCharacter/DEBUG]: Receive a package 000A(游戏中所有玩家信息)
[18:49:12] [ClientServer/GameBox/addCharacter/DEBUG]: 000A:加入一个主角玩家:789
[18:49:12] [AioModule/Read/Completed/DEBUG]: Received 270 bytes from session/192.168.1.104:8438
[18:49:12] [AioModule/Read/Completed/DEBUG]: Received contents(270bytes): ff ff 00 00 01 0e 00 19 00 00 00 20 00 00 00 00 00 00 00 00 00 00 00 01 00 00 00 00 00 00 00 02 00 00 00 00 00 00 00 03 00 00 00 00 00 00 00 04 00 00 00 00 00 00 00 05 00 00 00 00 00 00 00 06 00 00 00 00 00 00 00 07 00 00 00 00 00 00 00 08 00 00 00 00 00 00 00 09 00 00 00 00 00 00 00 0a 00 00 00 00 00 00 00 0b 00 00 00 00 00 00 00 0c 00 00 00 00 00 00 00 0d 00 00 00 00 00 00 00 0e 00 00 00 00 00 00 00 0f 00 00 00 00 00 00 00 10 00 00 00 00 00 00 00 11 00 00 00 00 00 00 00 12 00 00 00 00 00 00 00 13 00 00 00 00 00 00 00 14 00 00 00 00 00 00 00 15 00 00 00 00 00 00 00 16 00 00 00 00 00 00 00 17 00 00 00 00 00 00 00 18 00 00 00 00 00 00 00 19 00 00 00 00 00 00 00 1a 00 00 00 00 00 00 00 1b 00 00 00 00 00 00 00 1c 00 00 00 00 00 00 00 1d 00 00 00 00 00 00 00 1e 00 00 00 00 00 00 00 1f 00 00 00 00 26 2a 
[18:49:12] [ClientServer/ClientDecoder/INFO]: Receive a package 0019(背包信息)
[18:49:13] [ClientServer/GameBox/startGame/KERNEL]: 接收主角详细信息(000A):关闭加载窗口,开始游戏!
[18:49:15] [AioModule/Write/Completed/DEBUG]: Sent 30 bytes to session/192.168.1.104:8438
[18:49:15] [SendingModule/sendTargetPos/DEBUG]: package 000B(角色移动意图) send!
[18:49:15] [SendingModule/sendTargetPos/DEBUG]: targetX: 0/targetY: 0
[18:49:15] [AioModule/Write/Completed/DEBUG]: Sent contents(30bytes): ff ff 00 00 00 1e 00 0b 00 00 00 0c 00 00 00 00 00 00 00 00 00 00 01 4d f1 b0 fe 01 8e da 
[18:49:15] [AioModule/Read/Completed/DEBUG]: Received 30 bytes from session/192.168.1.104:8438
[18:49:15] [AioModule/Read/Completed/DEBUG]: Received contents(30bytes): ff ff 00 00 00 1e 00 0c 00 00 00 0c 00 00 00 00 00 00 00 00 00 00 01 4d f1 b0 fe 01 05 96 
[18:49:15] [ClientServer/ClientDecoder/INFO]: Receive a package 000C(所有玩家目标坐标更新)
[18:49:15] [ClientServer/ClientDecoder/INFO]: package 000C: /id: 12/posX: 0/posY: 0
[18:49:15] [Client/GameBox/updateTarget/INFO]: receive Package 000C(角色目标)
[18:49:15] [Client/GameBox/updateTarget/INFO]: targetX: 0/targetY 0
[18:49:21] [SendingModule/sendTargetPos/DEBUG]: package 000B(角色移动意图) send!
[18:49:21] [AioModule/Write/Completed/DEBUG]: Sent 30 bytes to session/192.168.1.104:8438
[18:49:21] [SendingModule/sendTargetPos/DEBUG]: targetX: 0/targetY: 0
[18:49:21] [AioModule/Write/Completed/DEBUG]: Sent contents(30bytes): ff ff 00 00 00 1e 00 0b 00 00 00 0c 00 00 00 00 00 00 00 00 00 00 01 4d f1 b1 18 00 94 a5 
[18:49:21] [AioModule/Read/Completed/DEBUG]: Received 30 bytes from session/192.168.1.104:8438
[18:49:21] [AioModule/Read/Completed/DEBUG]: Received contents(30bytes): ff ff 00 00 00 1e 00 0c 00 00 00 0c 00 00 00 00 00 00 00 00 00 00 01 4d f1 b1 18 00 0b 61 
[18:49:21] [ClientServer/ClientDecoder/INFO]: Receive a package 000C(所有玩家目标坐标更新)
[18:49:21] [ClientServer/ClientDecoder/INFO]: package 000C: /id: 12/posX: 0/posY: 0
[18:49:21] [Client/GameBox/updateTarget/INFO]: receive Package 000C(角色目标)
[18:49:21] [Client/GameBox/updateTarget/INFO]: targetX: 0/targetY 0
[18:49:24] [AioModule/Write/Completed/DEBUG]: Sent 30 bytes to session/192.168.1.104:8438
[18:49:24] [SendingModule/sendTargetPos/DEBUG]: package 000B(角色移动意图) send!
[18:49:24] [SendingModule/sendTargetPos/DEBUG]: targetX: 0/targetY: 0
[18:49:24] [AioModule/Write/Completed/DEBUG]: Sent contents(30bytes): ff ff 00 00 00 1e 00 0b 00 00 00 0c 00 00 00 00 00 00 00 00 00 00 01 4d f1 b1 22 06 95 c3 
[18:49:24] [AioModule/Read/Completed/DEBUG]: Received 30 bytes from session/192.168.1.104:8438
[18:49:24] [AioModule/Read/Completed/DEBUG]: Received contents(30bytes): ff ff 00 00 00 1e 00 0c 00 00 00 0c 00 00 00 00 00 00 00 00 00 00 01 4d f1 b1 22 06 0c 7f 
[18:49:24] [ClientServer/ClientDecoder/INFO]: Receive a package 000C(所有玩家目标坐标更新)
[18:49:24] [ClientServer/ClientDecoder/INFO]: package 000C: /id: 12/posX: 0/posY: 0
[18:49:24] [Client/GameBox/updateTarget/INFO]: receive Package 000C(角色目标)
[18:49:24] [Client/GameBox/updateTarget/INFO]: targetX: 0/targetY 0
[18:49:25] [SendingModule/sendTargetPos/DEBUG]: package 000B(角色移动意图) send!
[18:49:25] [AioModule/Write/Completed/DEBUG]: Sent 30 bytes to session/192.168.1.104:8438
[18:49:25] [SendingModule/sendTargetPos/DEBUG]: targetX: 0/targetY: 0
[18:49:25] [AioModule/Write/Completed/DEBUG]: Sent contents(30bytes): ff ff 00 00 00 1e 00 0b 00 00 00 0c 00 00 00 00 00 00 00 00 00 00 01 4d f1 b1 26 b0 95 dd 
[18:49:25] [AioModule/Read/Completed/DEBUG]: Received 30 bytes from session/192.168.1.104:8438
[18:49:25] [AioModule/Read/Completed/DEBUG]: Received contents(30bytes): ff ff 00 00 00 1e 00 0c 00 00 00 0c 00 00 00 00 00 00 00 00 00 00 01 4d f1 b1 26 b0 0c 99 
[18:49:25] [ClientServer/ClientDecoder/INFO]: Receive a package 000C(所有玩家目标坐标更新)
[18:49:25] [ClientServer/ClientDecoder/INFO]: package 000C: /id: 12/posX: 0/posY: 0
[18:49:25] [Client/GameBox/updateTarget/INFO]: receive Package 000C(角色目标)
[18:49:25] [Client/GameBox/updateTarget/INFO]: targetX: 0/targetY 0
[18:49:26] [AioModule/Write/Completed/DEBUG]: Sent 30 bytes to session/192.168.1.104:8438
[18:49:26] [SendingModule/sendTargetPos/DEBUG]: package 000B(角色移动意图) send!
[18:49:26] [SendingModule/sendTargetPos/DEBUG]: targetX: 0/targetY: 0
[18:49:26] [AioModule/Write/Completed/DEBUG]: Sent contents(30bytes): ff ff 00 00 00 1e 00 0b 00 00 00 0c 00 00 00 00 00 00 00 00 00 00 01 4d f1 b1 2b 7a 97 33 
[18:49:26] [AioModule/Read/Completed/DEBUG]: Received 30 bytes from session/192.168.1.104:8438
[18:49:26] [AioModule/Read/Completed/DEBUG]: Received contents(30bytes): ff ff 00 00 00 1e 00 0c 00 00 00 0c 00 00 00 00 00 00 00 00 00 00 01 4d f1 b1 2b 7a 0d ef 
[18:49:26] [ClientServer/ClientDecoder/INFO]: Receive a package 000C(所有玩家目标坐标更新)
[18:49:26] [ClientServer/ClientDecoder/INFO]: package 000C: /id: 12/posX: 0/posY: 0
[18:49:26] [Client/GameBox/updateTarget/INFO]: receive Package 000C(角色目标)
[18:49:26] [Client/GameBox/updateTarget/INFO]: targetX: 0/targetY 0
[18:49:27] [AioModule/Write/Completed/DEBUG]: Sent 30 bytes to session/192.168.1.104:8438
[18:49:27] [SendingModule/sendTargetPos/DEBUG]: package 000B(角色移动意图) send!
[18:49:27] [AioModule/Write/Completed/DEBUG]: Sent contents(30bytes): ff ff 00 00 00 1e 00 0b 00 00 00 0c 00 00 00 00 00 00 00 00 00 00 01 4d f1 b1 2f 30 97 59 
[18:49:27] [SendingModule/sendTargetPos/DEBUG]: targetX: 0/targetY: 0
[18:49:27] [AioModule/Read/Completed/DEBUG]: Received 30 bytes from session/192.168.1.104:8438
[18:49:27] [AioModule/Read/Completed/DEBUG]: Received contents(30bytes): ff ff 00 00 00 1e 00 0c 00 00 00 0c 00 00 00 00 00 00 00 00 00 00 01 4d f1 b1 2f 30 0e 15 
[18:49:27] [ClientServer/ClientDecoder/INFO]: Receive a package 000C(所有玩家目标坐标更新)
[18:49:27] [ClientServer/ClientDecoder/INFO]: package 000C: /id: 12/posX: 0/posY: 0
[18:49:27] [Client/GameBox/updateTarget/INFO]: receive Package 000C(角色目标)
[18:49:27] [Client/GameBox/updateTarget/INFO]: targetX: 0/targetY 0
[18:49:51] [SendingModule/sendTargetPos/DEBUG]: package 000B(角色移动意图) send!
[18:49:51] [AioModule/Write/Completed/DEBUG]: Sent 30 bytes to session/192.168.1.104:8438
[18:49:51] [SendingModule/sendTargetPos/DEBUG]: targetX: 0/targetY: 0
[18:49:51] [AioModule/Write/Completed/DEBUG]: Sent contents(30bytes): ff ff 00 00 00 1e 00 0b 00 00 00 0c 00 00 00 00 00 00 00 00 00 00 01 4d f1 b1 8b fb 85 34 
[18:49:51] [AioModule/Read/Completed/DEBUG]: Received 30 bytes from session/192.168.1.104:8438
[18:49:51] [AioModule/Read/Completed/DEBUG]: Received contents(30bytes): ff ff 00 00 00 1e 00 0c 00 00 00 0c 00 00 00 00 00 00 00 00 00 00 01 4d f1 b1 8b fb be c5 
[18:49:51] [ClientServer/ClientDecoder/INFO]: Receive a package 000C(所有玩家目标坐标更新)
[18:49:51] [ClientServer/ClientDecoder/INFO]: package 000C: /id: 12/posX: 0/posY: 0
[18:49:51] [Client/GameBox/updateTarget/INFO]: receive Package 000C(角色目标)
[18:49:51] [Client/GameBox/updateTarget/INFO]: targetX: 0/targetY 0
[18:52:15] [ClientServer/ClientMain/KERNEL]: 7.游戏结束，退出主程序
[18:52:15] [SendingModule/sendLogout/INFO]: logout send!
[18:52:15] [AioModule/Write/Completed/DEBUG]: Sent 14 bytes to session/192.168.1.104:8438
[18:52:15] [AioModule/Write/Completed/DEBUG]: Sent contents(14bytes): ff ff 00 00 00 0e 00 13 00 00 00 00 84 c6 
