[18:28:10] [ClientServer/ClientMain/init/DEBUG]: address: baidu.com:80
[18:28:10] [ClientServer/ClientMain/init/DEBUG]: 图片加载成功
[18:28:10] [ClientServer/ClientMain/init/DEBUG]: GIF动画加载成功
[18:28:10] [ClientServer/ClientMain/init/DEBUG]: 物品预加载成功
[18:28:10] [ClientServer/ClientMain/init/DEBUG]: init over
[18:28:10] [ClientServer/ClientMain/KERNEL]: 0.开始建立网络连接…………
[18:28:11] [ClientServer/ClientMain/setUpConnection/DEBUG]: setUpConnection over
[18:28:11] [ClientServer/ClientMain/KERNEL]: 1.网络连接成功!
[18:28:11] [ClientServer/ClientMain/KERNEL]: 2.发送0000包，确认对方是否为服务器Gate端
[18:28:11] [SendingModule/send00Package/INFO]: send00Package over
[18:28:11] [ClientSever/LoginBox/serverState/INFO]: Receive a package 0001(回应连接请求)
[18:28:11] [AioModule/Write/Completed/DEBUG]: Sent 14 bytes to sessionbaidu.com/180.149.132.47:80
[18:28:11] [ClientSever/LoginBox/serverState/INFO]: package 0001: 1
[18:28:11] [ClientServer/ClientMain/KERNEL]: 3.收到0001包，确认对方为服务器Gate端
[18:28:11] [AioModule/Write/Completed/DEBUG]: Sent contents(14bytes): ff ff 00 00 00 0e 00 00 00 00 30 39 20 db 
[18:28:11] [ClientServer/ClientMain/KERNEL]: 4.初始化loginBox登陆界面
[18:28:11] [ClientServer/LoginBox/onLoginResponse/INFO]: Receive a package 0003(登陆反馈)
[18:28:11] [ClientServer/LoginBox/onLoginResponse/INFO]: package 0003: true
[18:28:11] [ClientSever/LoginBox/addCharacter/INFO]: Receive a package 0006(角色预加载)
[18:28:11] [ClientSever/LoginBox/addCharacter/INFO]: Receive a package 0006(角色预加载)
[18:28:11] [ClientSever/LoginBox/addCharacter/INFO]: Receive a package 0006(角色预加载)
[18:28:11] [ClientServer/LoginBox/noMorePackage/INFO]: Receive a package 0006(角色预加载: 这是最后一个空包
[18:44:52] [SendingModule/sendCreateCharacter/INFO]: package 0008(创建角色) send!
[18:44:52] [ClientServer/LoginBox/onCreatResponse/INFO]: Receive a package 0009(角色创建结果)
[18:44:52] [AioModule/Write/Failed/WARNING]: Failed to send to sessionnull. java.nio.channels.ClosedChannelException
[18:44:54] [ClientServer/ClientMain/KERNEL]: 5.登陆结束
[18:44:54] [ClientServer/ClientMain/KERNEL]: 6.开始游戏，启动gameBox
