[20:34:29] [ClientServer/ClientMain/init/DEBUG]: address: 192.168.1.104:8438
[20:34:29] [ClientServer/ClientMain/init/DEBUG]: 图片加载成功
[20:34:29] [ClientServer/ClientMain/init/DEBUG]: GIF动画加载成功
[20:34:29] [ClientServer/ClientMain/init/DEBUG]: 物品预加载成功
[20:34:30] [ClientServer/ClientMain/init/DEBUG]: init over
[20:34:30] [ClientServer/ClientMain/KERNEL]: 0.开始建立网络连接…………
[20:34:30] [ClientServer/ClientMain/setUpConnection/DEBUG]: setUpConnection over
[20:34:30] [ClientServer/ClientMain/KERNEL]: 1.网络连接成功!
[20:34:30] [AioModule/Read/Completed/DEBUG]: Received 18 bytes from session/192.168.1.104:8438
[20:34:30] [ClientServer/ClientMain/KERNEL]: 2.发送0000包，确认对方是否为服务器Gate端
[20:34:30] [AioModule/Read/Completed/DEBUG]: Received contents(18bytes): ff ff 00 00 00 12 00 14 00 00 01 4d f2 11 59 45 4c ca 
[20:34:30] [ClientServer/ClientDecoder/INFO]: Receive a package 0014(PING)1434285332805
[20:34:30] [SendingModule/send00Package/INFO]: send00Package over
[20:34:30] [SendingModule/PINGResponse/DEBUG]: package 0015(PING回应包) send!
[20:34:30] [AioModule/Write/Completed/DEBUG]: Sent 14 bytes to session/192.168.1.104:8438
[20:34:30] [AioModule/Write/Completed/DEBUG]: Sent 18 bytes to session/192.168.1.104:8438
[20:34:30] [AioModule/Write/Completed/DEBUG]: Sent contents(14bytes): ff ff 00 00 00 0e 00 00 00 00 30 39 20 db 
[20:34:30] [AioModule/Write/Completed/DEBUG]: Sent contents(18bytes): ff ff 00 00 00 12 00 15 00 00 01 4d f2 11 59 45 45 56 
[20:34:30] [AioModule/Read/Completed/DEBUG]: Received 11 bytes from session/192.168.1.104:8438
[20:34:30] [AioModule/Read/Completed/DEBUG]: Received contents(11bytes): ff ff 00 00 00 0b 00 01 01 2a 46 
[20:34:30] [ClientServer/ClientDecoder/INFO]: Receive a package 0001(回应连接请求)
[20:34:30] [ClientServer/ClientDecoder/INFO]: package 0001: 1
[20:34:30] [ClientSever/LoginBox/serverState/INFO]: Receive a package 0001(回应连接请求)
[20:34:30] [ClientSever/LoginBox/serverState/INFO]: package 0001: 1
[20:34:30] [AioModule/Read/Completed/DEBUG]: Received 18 bytes from session/192.168.1.104:8438
[20:34:30] [AioModule/Read/Completed/DEBUG]: Received contents(18bytes): ff ff 00 00 00 12 00 16 00 00 01 4d f2 11 5a 05 3d b2 
[20:34:30] [ClientServer/ClientDecoder/INFO]: Receive a package 0016(时间同步)-62616
[20:34:30] [ClientServer/ClientMain/KERNEL]: 3.收到0001包，确认对方为服务器Gate端
[20:34:30] [ClientServer/ClientMain/KERNEL]: 4.初始化loginBox登陆界面
[20:34:35] [SendingModule/sendLogin/INFO]: package 0002(登陆信息) send!
[20:34:35] [AioModule/Write/Failed/WARNING]: Failed to send to sessionnull. java.nio.channels.ClosedChannelException
