[01:56:56] [ClientServer/ClientMain/init/DEBUG]: address: 192.168.1.100:8438
[01:56:56] [ClientServer/ClientMain/init/DEBUG]: 图片加载成功
[01:56:56] [ClientServer/ClientMain/init/DEBUG]: GIF动画加载成功
[01:56:56] [ClientServer/ClientMain/init/DEBUG]: 物品预加载成功
[01:56:56] [ClientServer/ClientMain/init/DEBUG]: init over
[01:56:56] [ClientServer/ClientMain/KERNEL]: 0.开始建立网络连接…………
[01:56:56] [ClientServer/ClientMain/setUpConnection/DEBUG]: setUpConnection over
[01:56:56] [ClientServer/ClientMain/KERNEL]: 1.网络连接成功!
[01:56:56] [AioModule/Read/Completed/DEBUG]: Received 18 bytes from session/192.168.1.100:8438
[01:56:56] [ClientServer/ClientMain/KERNEL]: 2.发送0000包，确认对方是否为服务器Gate端
[01:56:56] [AioModule/Read/Completed/DEBUG]: Received contents(18bytes): ff ff 00 00 00 12 00 14 00 00 01 4d f3 38 93 47 72 1c 
[01:56:56] [ClientServer/ClientDecoder/INFO]: Receive a package 0014(PING)1434304680775
[01:56:56] [SendingModule/PINGResponse/DEBUG]: package 0015(PING回应包) send!
[01:56:56] [SendingModule/send00Package/INFO]: send00Package over
[01:56:56] [AioModule/Write/Completed/DEBUG]: Sent 18 bytes to session/192.168.1.100:8438
[01:56:56] [AioModule/Write/Completed/DEBUG]: Sent 14 bytes to session/192.168.1.100:8438
[01:56:56] [AioModule/Write/Completed/DEBUG]: Sent contents(14bytes): ff ff 00 00 00 0e 00 00 00 00 30 39 20 db 
[01:56:56] [AioModule/Write/Completed/DEBUG]: Sent contents(18bytes): ff ff 00 00 00 12 00 15 00 00 01 4d f3 38 93 47 6a a8 
[01:56:56] [AioModule/Read/Completed/DEBUG]: Received 11 bytes from session/192.168.1.100:8438
[01:56:56] [AioModule/Read/Completed/DEBUG]: Received contents(11bytes): ff ff 00 00 00 0b 00 01 01 2a 46 
[01:56:56] [ClientServer/ClientDecoder/INFO]: Receive a package 0001(回应连接请求)
[01:56:56] [ClientServer/ClientDecoder/INFO]: package 0001: 1
[01:56:56] [ClientSever/LoginBox/serverState/INFO]: Receive a package 0001(回应连接请求)
[01:56:56] [ClientSever/LoginBox/serverState/INFO]: package 0001: 1
[01:56:56] [AioModule/Read/Completed/DEBUG]: Received 18 bytes from session/192.168.1.100:8438
[01:56:56] [AioModule/Read/Completed/DEBUG]: Received contents(18bytes): ff ff 00 00 00 12 00 16 00 00 00 00 00 00 00 10 28 5e 
[01:56:56] [ClientServer/ClientDecoder/INFO]: Receive a package 0016(时间同步)-64011
[01:56:56] [ClientServer/ClientMain/KERNEL]: 3.收到0001包，确认对方为服务器Gate端
[01:56:56] [ClientServer/ClientMain/KERNEL]: 4.初始化loginBox登陆界面
[01:57:01] [SendingModule/sendLogin/INFO]: package 0002(登陆信息) send!
[01:57:01] [AioModule/Write/Completed/DEBUG]: Sent 47 bytes to session/192.168.1.100:8438
[01:57:01] [AioModule/Write/Completed/DEBUG]: Sent contents(47bytes): ff ff 00 00 00 2f 00 02 31 32 33 00 32 30 32 43 42 39 36 32 41 43 35 39 30 37 35 42 39 36 34 42 30 37 31 35 32 44 32 33 34 42 37 30 00 03 ee 
[01:57:01] [AioModule/Read/Completed/DEBUG]: Received 11 bytes from session/192.168.1.100:8438
[01:57:01] [AioModule/Read/Completed/DEBUG]: Received contents(11bytes): ff ff 00 00 00 0b 00 03 01 2a 58 
[01:57:01] [ClientServer/ClientDecoder/INFO]: Receive a package 0003(登陆反馈)
[01:57:01] [ClientServer/ClientDecoder/INFO]: package 0003: true
[01:57:01] [ClientServer/LoginBox/onLoginResponse/INFO]: Receive a package 0003(登陆反馈)
[01:57:01] [ClientServer/LoginBox/onLoginResponse/INFO]: package 0003: true
[01:57:02] [AioModule/Read/Completed/DEBUG]: Received 59 bytes from session/192.168.1.100:8438
[01:57:02] [AioModule/Read/Completed/DEBUG]: Received contents(59bytes): ff ff 00 00 00 18 00 06 00 00 00 0e 74 74 74 00 01 01 00 00 00 0b 14 3a ff ff 00 00 00 19 00 06 00 00 00 10 b9 fe b9 fe 00 01 01 00 00 00 0b 66 12 ff ff 00 00 00 0a 00 06 45 71 
[01:57:02] [ClientServer/ClientDecoder/INFO]: Receive a package 0006(角色预加载)
[01:57:02] [ClientServer/ClientDecoder/INFO]: package 0006: /id: 14/name: ttt/level: 1/gender: 1
[01:57:02] [ClientSever/LoginBox/addCharacter/INFO]: Receive a package 0006(角色预加载)
[01:57:02] [ClientServer/ClientDecoder/INFO]: Receive a package 0006(角色预加载)
[01:57:02] [ClientServer/ClientDecoder/INFO]: package 0006: /id: 16/name: 哈哈/level: 1/gender: 1
[01:57:02] [ClientSever/LoginBox/addCharacter/INFO]: Receive a package 0006(角色预加载)
[01:57:02] [ClientServer/ClientDecoder/INFO]: Receive a package 0006(角色预加载――空包)
[01:57:02] [ClientServer/LoginBox/noMorePackage/INFO]: Receive a package 0006(角色预加载: 这是最后一个空包
[01:57:05] [AioModule/Write/Completed/DEBUG]: Sent 14 bytes to session/192.168.1.100:8438
[01:57:05] [SendingModule/sendCharacter/INFO]: package 0007(角色选择) send!
[01:57:05] [AioModule/Write/Completed/DEBUG]: Sent contents(14bytes): ff ff 00 00 00 0e 00 07 00 00 00 10 a0 75 
[01:57:05] [AioModule/Read/Completed/DEBUG]: Received 85 bytes from session/192.168.1.100:8438
[01:57:05] [AioModule/Read/Completed/DEBUG]: Received contents(85bytes): ff ff 00 00 00 55 00 0a 00 00 00 11 6d 6f 63 61 6e 6f 72 79 00 74 68 69 73 20 69 73 20 61 20 70 6c 61 6e 65 00 01 01 00 00 00 64 00 00 00 5a 00 00 00 64 00 00 00 64 00 00 00 14 00 00 00 14 00 00 00 01 00 00 00 c8 00 00 0f 65 00 00 0b c7 00 00 00 0b 4a e9 
[01:57:05] [ClientServer/ClientDecoder/INFO]: Receive a package 000A(游戏中所有玩家信息)
[01:57:05] [ClientServer/ClientDecoder/INFO]: package 000A: /id: 17/name: mocanory/level: 1/gender: 1/posX: 3941/posY: 3015
[01:57:05] [ClientServer/GameBox/addCharacter/DEBUG]: Receive a package 000A(游戏中所有玩家信息)
[01:57:05] [ClientServer/GameBox/addCharacter/DEBUG]: 000A:加入一个非主角玩家:mocanory
[01:57:05] [AioModule/Read/Completed/DEBUG]: Received 81 bytes from session/192.168.1.100:8438
[01:57:05] [AioModule/Read/Completed/DEBUG]: Received contents(81bytes): ff ff 00 00 00 51 00 0a 00 00 00 10 b9 fe b9 fe 00 74 68 69 73 20 69 73 20 61 20 70 6c 61 6e 65 00 01 01 00 00 00 64 00 00 00 64 00 00 00 64 00 00 00 64 00 00 00 14 00 00 00 14 00 00 00 01 00 00 00 c8 00 00 0b 4e 00 00 0c 6d 00 00 00 0b 20 b1 
[01:57:05] [ClientServer/ClientDecoder/INFO]: Receive a package 000A(游戏中所有玩家信息)
[01:57:05] [ClientServer/ClientDecoder/INFO]: package 000A: /id: 16/name: 哈哈/level: 1/gender: 1/posX: 2894/posY: 3181
[01:57:05] [ClientServer/GameBox/addCharacter/DEBUG]: Receive a package 000A(游戏中所有玩家信息)
[01:57:05] [ClientServer/GameBox/addCharacter/DEBUG]: 000A:加入一个主角玩家:哈哈
[01:57:05] [AioModule/Read/Completed/DEBUG]: Received 270 bytes from session/192.168.1.100:8438
[01:57:05] [AioModule/Read/Completed/DEBUG]: Received contents(270bytes): ff ff 00 00 01 0e 00 19 00 00 00 20 00 00 00 20 00 00 00 00 00 00 00 21 00 00 00 00 00 00 00 22 00 00 00 00 00 00 00 23 00 00 00 00 00 00 00 24 00 00 00 00 00 00 00 25 00 00 00 00 00 00 00 26 00 00 00 00 00 00 00 27 00 00 00 00 00 00 00 28 00 00 00 00 00 00 00 29 00 00 00 00 00 00 00 2a 00 00 00 00 00 00 00 2b 00 00 00 00 00 00 00 2c 00 00 00 00 00 00 00 2d 00 00 00 00 00 00 00 2e 00 00 00 00 00 00 00 2f 00 00 00 00 00 00 00 30 00 00 00 00 00 00 00 31 00 00 00 00 00 00 00 32 00 00 00 00 00 00 00 33 00 00 00 00 00 00 00 34 00 00 00 00 00 00 00 35 00 00 00 00 00 00 00 36 00 00 00 00 00 00 00 37 00 00 00 00 00 00 00 38 00 00 00 00 00 00 00 39 00 00 00 00 00 00 00 3a 00 00 00 00 00 00 00 3b 00 00 00 00 00 00 00 3c 00 00 00 00 00 00 00 3d 00 00 00 00 00 00 00 3e 00 00 00 00 00 00 00 3f 00 00 00 00 ae 8c 
[01:57:05] [ClientServer/ClientDecoder/INFO]: Receive a package 0019(背包信息)
[01:57:05] [AioModule/Read/Completed/DEBUG]: Received 50 bytes from session/192.168.1.100:8438
[01:57:05] [AioModule/Read/Completed/DEBUG]: Received contents(50bytes): ff ff 00 00 00 32 00 1a 00 00 00 03 00 00 00 03 3b 9a ca 01 00 00 00 01 00 00 00 04 3b 9a ca 02 00 00 00 01 00 00 00 05 3b 9a ca 03 00 00 00 01 18 6d 
[01:57:05] [ClientServer/ClientDecoder/INFO]: Receive a package 001A(技能信息)
[01:57:05] [AioModule/Read/Completed/DEBUG]: Received 14 bytes from session/192.168.1.100:8438
[01:57:05] [AioModule/Read/Completed/DEBUG]: Received contents(14bytes): ff ff 00 00 00 0e 00 1b 00 00 00 00 72 5c 
[01:57:05] [ClientServer/ClientMain/KERNEL]: 5.登陆结束
[01:57:05] [ClientServer/ClientMain/KERNEL]: 6.开始游戏，启动gameBox
[01:57:05] [ClientServer/GameBox/startGame/KERNEL]: 接收主角详细信息(000A):关闭加载窗口,开始游戏!
[01:57:06] [AioModule/Read/Completed/DEBUG]: Received 30 bytes from session/192.168.1.100:8438
[01:57:06] [AioModule/Read/Completed/DEBUG]: Received contents(30bytes): ff ff 00 00 00 1e 00 0c 00 00 00 11 00 00 10 2d 00 00 0b 50 00 00 01 4d f3 38 b7 6d b6 ad 
[01:57:06] [ClientServer/ClientDecoder/INFO]: Receive a package 000C(所有玩家目标坐标更新)
[01:57:06] [ClientServer/ClientDecoder/INFO]: package 000C: /id: 17/posX: 4141/posY: 2896
[01:57:06] [Client/GameBox/updateTarget/INFO]: receive Package 000C(角色目标)
[01:57:06] [Client/GameBox/updateTarget/INFO]: targetX: 4141/targetY 2896
[01:57:06] [AioModule/Read/Completed/DEBUG]: Received 30 bytes from session/192.168.1.100:8438
[01:57:06] [AioModule/Read/Completed/DEBUG]: Received contents(30bytes): ff ff 00 00 00 1e 00 0c 00 00 00 11 00 00 10 f5 00 00 0a d9 00 00 01 4d f3 38 ba 75 82 91 
[01:57:06] [ClientServer/ClientDecoder/INFO]: Receive a package 000C(所有玩家目标坐标更新)
[01:57:06] [ClientServer/ClientDecoder/INFO]: package 000C: /id: 17/posX: 4341/posY: 2777
[01:57:06] [Client/GameBox/updateTarget/INFO]: receive Package 000C(角色目标)
[01:57:06] [Client/GameBox/updateTarget/INFO]: targetX: 4341/targetY 2777
[01:57:06] [SendingModule/sendTargetPos/DEBUG]: package 000B(角色移动意图) send!
[01:57:06] [AioModule/Write/Completed/DEBUG]: Sent 26 bytes to session/192.168.1.100:8438
[01:57:06] [SendingModule/sendTargetPos/DEBUG]: targetX: 2655/targetY: 3285
[01:57:06] [AioModule/Write/Completed/DEBUG]: Sent contents(26bytes): ff ff 00 00 00 1a 00 0b 00 00 0a 5f 00 00 0c d5 00 00 01 4d f3 38 bb 23 27 e5 
[01:57:06] [AioModule/Read/Completed/DEBUG]: Received 30 bytes from session/192.168.1.100:8438
[01:57:06] [AioModule/Read/Completed/DEBUG]: Received contents(30bytes): ff ff 00 00 00 1e 00 0c 00 00 00 10 00 00 0a 5f 00 00 0c d5 00 00 01 4d f3 38 bb 23 b3 62 
[01:57:06] [ClientServer/ClientDecoder/INFO]: Receive a package 000C(所有玩家目标坐标更新)
[01:57:06] [ClientServer/ClientDecoder/INFO]: package 000C: /id: 16/posX: 2655/posY: 3285
[01:57:06] [Client/GameBox/updateTarget/INFO]: receive Package 000C(角色目标)
[01:57:06] [Client/GameBox/updateTarget/INFO]: targetX: 2655/targetY 3285
[01:57:07] [SendingModule/sendTargetPos/DEBUG]: package 000B(角色移动意图) send!
[01:57:07] [AioModule/Write/Completed/DEBUG]: Sent 26 bytes to session/192.168.1.100:8438
[01:57:07] [SendingModule/sendTargetPos/DEBUG]: targetX: 3097/targetY: 3660
[01:57:07] [AioModule/Write/Completed/DEBUG]: Sent contents(26bytes): ff ff 00 00 00 1a 00 0b 00 00 0c 19 00 00 0e 4c 00 00 01 4d f3 38 bd 68 15 ff 
[01:57:07] [AioModule/Read/Completed/DEBUG]: Received 30 bytes from session/192.168.1.100:8438
[01:57:07] [AioModule/Read/Completed/DEBUG]: Received contents(30bytes): ff ff 00 00 00 1e 00 0c 00 00 00 10 00 00 0c 19 00 00 0e 4c 00 00 01 4d f3 38 bd 68 30 b6 
[01:57:07] [ClientServer/ClientDecoder/INFO]: Receive a package 000C(所有玩家目标坐标更新)
[01:57:07] [ClientServer/ClientDecoder/INFO]: package 000C: /id: 16/posX: 3097/posY: 3660
[01:57:07] [Client/GameBox/updateTarget/INFO]: receive Package 000C(角色目标)
[01:57:07] [Client/GameBox/updateTarget/INFO]: targetX: 3097/targetY 3660
[01:57:07] [SendingModule/sendTargetPos/DEBUG]: package 000B(角色移动意图) send!
[01:57:07] [AioModule/Write/Completed/DEBUG]: Sent 26 bytes to session/192.168.1.100:8438
[01:57:07] [SendingModule/sendTargetPos/DEBUG]: targetX: 3440/targetY: 4048
[01:57:07] [AioModule/Write/Completed/DEBUG]: Sent contents(26bytes): ff ff 00 00 00 1a 00 0b 00 00 0d 70 00 00 0f d0 00 00 01 4d f3 38 be a4 40 5a 
[01:57:07] [AioModule/Read/Completed/DEBUG]: Received 30 bytes from session/192.168.1.100:8438
[01:57:07] [AioModule/Read/Completed/DEBUG]: Received contents(30bytes): ff ff 00 00 00 1e 00 0c 00 00 00 10 00 00 0d 70 00 00 0f d0 00 00 01 4d f3 38 be a4 05 2d 
[01:57:07] [ClientServer/ClientDecoder/INFO]: Receive a package 000C(所有玩家目标坐标更新)
[01:57:07] [ClientServer/ClientDecoder/INFO]: package 000C: /id: 16/posX: 3440/posY: 4048
[01:57:07] [Client/GameBox/updateTarget/INFO]: receive Package 000C(角色目标)
[01:57:07] [Client/GameBox/updateTarget/INFO]: targetX: 3440/targetY 4048
[01:57:08] [AioModule/Read/Completed/DEBUG]: Received 30 bytes from session/192.168.1.100:8438
[01:57:08] [AioModule/Read/Completed/DEBUG]: Received contents(30bytes): ff ff 00 00 00 1e 00 0c 00 00 00 11 00 00 0f df 00 00 0b 04 00 00 01 4d f3 38 c0 0b ab b8 
[01:57:08] [ClientServer/ClientDecoder/INFO]: Receive a package 000C(所有玩家目标坐标更新)
[01:57:08] [ClientServer/ClientDecoder/INFO]: package 000C: /id: 17/posX: 4063/posY: 2820
[01:57:08] [Client/GameBox/updateTarget/INFO]: receive Package 000C(角色目标)
[01:57:08] [Client/GameBox/updateTarget/INFO]: targetX: 4063/targetY 2820
[01:57:08] [AioModule/Write/Completed/DEBUG]: Sent 26 bytes to session/192.168.1.100:8438
[01:57:08] [SendingModule/sendTargetPos/DEBUG]: package 000B(角色移动意图) send!
[01:57:08] [SendingModule/sendTargetPos/DEBUG]: targetX: 3651/targetY: 4147
[01:57:08] [AioModule/Write/Completed/DEBUG]: Sent contents(26bytes): ff ff 00 00 00 1a 00 0b 00 00 0e 43 00 00 10 33 00 00 01 4d f3 38 c0 2e 0f 48 
[01:57:08] [AioModule/Read/Completed/DEBUG]: Received 30 bytes from session/192.168.1.100:8438
[01:57:08] [AioModule/Read/Completed/DEBUG]: Received contents(30bytes): ff ff 00 00 00 1e 00 0c 00 00 00 10 00 00 0e 43 00 00 10 33 00 00 01 4d f3 38 c0 2e 89 a9 
[01:57:08] [ClientServer/ClientDecoder/INFO]: Receive a package 000C(所有玩家目标坐标更新)
[01:57:08] [ClientServer/ClientDecoder/INFO]: package 000C: /id: 16/posX: 3651/posY: 4147
[01:57:08] [Client/GameBox/updateTarget/INFO]: receive Package 000C(角色目标)
[01:57:08] [Client/GameBox/updateTarget/INFO]: targetX: 3651/targetY 4147
[01:57:08] [AioModule/Write/Completed/DEBUG]: Sent 26 bytes to session/192.168.1.100:8438
[01:57:08] [SendingModule/sendTargetPos/DEBUG]: package 000B(角色移动意图) send!
[01:57:08] [SendingModule/sendTargetPos/DEBUG]: targetX: 3875/targetY: 4211
[01:57:08] [AioModule/Write/Completed/DEBUG]: Sent contents(26bytes): ff ff 00 00 00 1a 00 0b 00 00 0f 23 00 00 10 73 00 00 01 4d f3 38 c1 34 85 42 
[01:57:08] [AioModule/Read/Completed/DEBUG]: Received 30 bytes from session/192.168.1.100:8438
[01:57:08] [AioModule/Read/Completed/DEBUG]: Received contents(30bytes): ff ff 00 00 00 1e 00 0c 00 00 00 10 00 00 0f 23 00 00 10 73 00 00 01 4d f3 38 c1 34 41 a2 
[01:57:08] [ClientServer/ClientDecoder/INFO]: Receive a package 000C(所有玩家目标坐标更新)
[01:57:08] [ClientServer/ClientDecoder/INFO]: package 000C: /id: 16/posX: 3875/posY: 4211
[01:57:08] [Client/GameBox/updateTarget/INFO]: receive Package 000C(角色目标)
[01:57:08] [Client/GameBox/updateTarget/INFO]: targetX: 3875/targetY 4211
[01:57:08] [AioModule/Write/Completed/DEBUG]: Sent 26 bytes to session/192.168.1.100:8438
[01:57:08] [SendingModule/sendTargetPos/DEBUG]: package 000B(角色移动意图) send!
[01:57:08] [SendingModule/sendTargetPos/DEBUG]: targetX: 4023/targetY: 4125
[01:57:08] [AioModule/Write/Completed/DEBUG]: Sent contents(26bytes): ff ff 00 00 00 1a 00 0b 00 00 0f b7 00 00 10 1d 00 00 01 4d f3 38 c2 1a b7 3d 
[01:57:08] [AioModule/Read/Completed/DEBUG]: Received 30 bytes from session/192.168.1.100:8438
[01:57:08] [AioModule/Read/Completed/DEBUG]: Received contents(30bytes): ff ff 00 00 00 1e 00 0c 00 00 00 10 00 00 0f b7 00 00 10 1d 00 00 01 4d f3 38 c2 1a 0b d3 
[01:57:08] [ClientServer/ClientDecoder/INFO]: Receive a package 000C(所有玩家目标坐标更新)
[01:57:08] [ClientServer/ClientDecoder/INFO]: package 000C: /id: 16/posX: 4023/posY: 4125
[01:57:08] [Client/GameBox/updateTarget/INFO]: receive Package 000C(角色目标)
[01:57:08] [Client/GameBox/updateTarget/INFO]: targetX: 4023/targetY 4125
[01:57:09] [AioModule/Read/Completed/DEBUG]: Received 30 bytes from session/192.168.1.100:8438
[01:57:09] [AioModule/Read/Completed/DEBUG]: Received contents(30bytes): ff ff 00 00 00 1e 00 0c 00 00 00 11 00 00 0e c9 00 00 0b 2f 00 00 01 4d f3 38 c3 e8 a7 7d 
[01:57:09] [ClientServer/ClientDecoder/INFO]: Receive a package 000C(所有玩家目标坐标更新)
[01:57:09] [ClientServer/ClientDecoder/INFO]: package 000C: /id: 17/posX: 3785/posY: 2863
[01:57:09] [Client/GameBox/updateTarget/INFO]: receive Package 000C(角色目标)
[01:57:09] [Client/GameBox/updateTarget/INFO]: targetX: 3785/targetY 2863
[01:57:09] [SendingModule/sendTargetPos/DEBUG]: package 000B(角色移动意图) send!
[01:57:09] [AioModule/Write/Completed/DEBUG]: Sent 26 bytes to session/192.168.1.100:8438
[01:57:09] [SendingModule/sendTargetPos/DEBUG]: targetX: 4167/targetY: 4332
[01:57:09] [AioModule/Write/Completed/DEBUG]: Sent contents(26bytes): ff ff 00 00 00 1a 00 0b 00 00 10 47 00 00 10 ec 00 00 01 4d f3 38 c4 0c 7d ca 
[01:57:09] [AioModule/Read/Completed/DEBUG]: Received 30 bytes from session/192.168.1.100:8438
[01:57:09] [AioModule/Read/Completed/DEBUG]: Received contents(30bytes): ff ff 00 00 00 1e 00 0c 00 00 00 10 00 00 10 47 00 00 10 ec 00 00 01 4d f3 38 c4 0c ad 8a 
[01:57:09] [ClientServer/ClientDecoder/INFO]: Receive a package 000C(所有玩家目标坐标更新)
[01:57:09] [ClientServer/ClientDecoder/INFO]: package 000C: /id: 16/posX: 4167/posY: 4332
[01:57:09] [Client/GameBox/updateTarget/INFO]: receive Package 000C(角色目标)
[01:57:09] [Client/GameBox/updateTarget/INFO]: targetX: 4167/targetY 4332
[01:57:10] [SendingModule/sendTargetPos/DEBUG]: package 000B(角色移动意图) send!
[01:57:10] [AioModule/Write/Completed/DEBUG]: Sent 26 bytes to session/192.168.1.100:8438
[01:57:10] [SendingModule/sendTargetPos/DEBUG]: targetX: 2729/targetY: 3847
[01:57:10] [AioModule/Write/Completed/DEBUG]: Sent contents(26bytes): ff ff 00 00 00 1a 00 0b 00 00 0a a9 00 00 0f 07 00 00 01 4d f3 38 c7 24 81 10 
[01:57:10] [AioModule/Read/Completed/DEBUG]: Received 60 bytes from session/192.168.1.100:8438
[01:57:10] [AioModule/Read/Completed/DEBUG]: Received contents(60bytes): ff ff 00 00 00 1e 00 0c 00 00 00 11 00 00 0e 29 00 00 0b c7 00 00 01 4d f3 38 c7 24 42 c7 ff ff 00 00 00 1e 00 0c 00 00 00 10 00 00 0a a9 00 00 0f 07 00 00 01 4d f3 38 c7 24 af 55 
[01:57:10] [ClientServer/ClientDecoder/INFO]: Receive a package 000C(所有玩家目标坐标更新)
[01:57:10] [ClientServer/ClientDecoder/INFO]: package 000C: /id: 17/posX: 3625/posY: 3015
[01:57:10] [Client/GameBox/updateTarget/INFO]: receive Package 000C(角色目标)
[01:57:10] [Client/GameBox/updateTarget/INFO]: targetX: 3625/targetY 3015
[01:57:10] [ClientServer/ClientDecoder/INFO]: Receive a package 000C(所有玩家目标坐标更新)
[01:57:10] [ClientServer/ClientDecoder/INFO]: package 000C: /id: 16/posX: 2729/posY: 3847
[01:57:10] [Client/GameBox/updateTarget/INFO]: receive Package 000C(角色目标)
[01:57:10] [Client/GameBox/updateTarget/INFO]: targetX: 2729/targetY 3847
[01:57:11] [SendingModule/sendTargetPos/DEBUG]: package 000B(角色移动意图) send!
[01:57:11] [AioModule/Write/Completed/DEBUG]: Sent 26 bytes to session/192.168.1.100:8438
[01:57:11] [SendingModule/sendTargetPos/DEBUG]: targetX: 2435/targetY: 3447
[01:57:11] [AioModule/Write/Completed/DEBUG]: Sent contents(26bytes): ff ff 00 00 00 1a 00 0b 00 00 09 83 00 00 0d 77 00 00 01 4d f3 38 cb 2d 39 35 
[01:57:11] [AioModule/Read/Completed/DEBUG]: Received 30 bytes from session/192.168.1.100:8438
[01:57:11] [AioModule/Read/Completed/DEBUG]: Received contents(30bytes): ff ff 00 00 00 1e 00 0c 00 00 00 10 00 00 09 83 00 00 0d 77 00 00 01 4d f3 38 cb 2d a6 04 
[01:57:11] [ClientServer/ClientDecoder/INFO]: Receive a package 000C(所有玩家目标坐标更新)
[01:57:11] [ClientServer/ClientDecoder/INFO]: package 000C: /id: 16/posX: 2435/posY: 3447
[01:57:11] [Client/GameBox/updateTarget/INFO]: receive Package 000C(角色目标)
[01:57:11] [Client/GameBox/updateTarget/INFO]: targetX: 2435/targetY 3447
[01:57:11] [SendingModule/sendTargetPos/DEBUG]: package 000B(角色移动意图) send!
[01:57:11] [AioModule/Write/Completed/DEBUG]: Sent 26 bytes to session/192.168.1.100:8438
[01:57:11] [SendingModule/sendTargetPos/DEBUG]: targetX: 3732/targetY: 3318
[01:57:11] [AioModule/Write/Completed/DEBUG]: Sent contents(26bytes): ff ff 00 00 00 1a 00 0b 00 00 0e 94 00 00 0c f6 00 00 01 4d f3 38 ce 2d 49 aa 
[01:57:11] [AioModule/Read/Completed/DEBUG]: Received 30 bytes from session/192.168.1.100:8438
[01:57:11] [AioModule/Read/Completed/DEBUG]: Received contents(30bytes): ff ff 00 00 00 1e 00 0c 00 00 00 10 00 00 0e 94 00 00 0c f6 00 00 01 4d f3 38 ce 2d 9f 32 
[01:57:11] [ClientServer/ClientDecoder/INFO]: Receive a package 000C(所有玩家目标坐标更新)
[01:57:11] [ClientServer/ClientDecoder/INFO]: package 000C: /id: 16/posX: 3732/posY: 3318
[01:57:11] [Client/GameBox/updateTarget/INFO]: receive Package 000C(角色目标)
[01:57:11] [Client/GameBox/updateTarget/INFO]: targetX: 3732/targetY 3318
[01:57:12] [AioModule/Write/Completed/DEBUG]: Sent 26 bytes to session/192.168.1.100:8438
[01:57:12] [SendingModule/sendTargetPos/DEBUG]: package 000B(角色移动意图) send!
[01:57:12] [SendingModule/sendTargetPos/DEBUG]: targetX: 3849/targetY: 3235
[01:57:12] [AioModule/Write/Completed/DEBUG]: Sent contents(26bytes): ff ff 00 00 00 1a 00 0b 00 00 0f 09 00 00 0c a3 00 00 01 4d f3 38 d0 d4 b2 19 
[01:57:12] [AioModule/Read/Completed/DEBUG]: Received 30 bytes from session/192.168.1.100:8438
[01:57:12] [AioModule/Read/Completed/DEBUG]: Received contents(30bytes): ff ff 00 00 00 1e 00 0c 00 00 00 10 00 00 0f 09 00 00 0c a3 00 00 01 4d f3 38 d0 d4 3b a5 
[01:57:12] [ClientServer/ClientDecoder/INFO]: Receive a package 000C(所有玩家目标坐标更新)
[01:57:12] [ClientServer/ClientDecoder/INFO]: package 000C: /id: 16/posX: 3849/posY: 3235
[01:57:12] [Client/GameBox/updateTarget/INFO]: receive Package 000C(角色目标)
[01:57:12] [Client/GameBox/updateTarget/INFO]: targetX: 3849/targetY 3235
[01:57:13] [SendingModule/sendTargetPos/DEBUG]: package 000B(角色移动意图) send!
[01:57:13] [AioModule/Write/Completed/DEBUG]: Sent 26 bytes to session/192.168.1.100:8438
[01:57:13] [SendingModule/sendTargetPos/DEBUG]: targetX: 3961/targetY: 3158
[01:57:13] [AioModule/Write/Completed/DEBUG]: Sent contents(26bytes): ff ff 00 00 00 1a 00 0b 00 00 0f 79 00 00 0c 56 00 00 01 4d f3 38 d3 1b 89 5b 
[01:57:13] [AioModule/Read/Completed/DEBUG]: Received 30 bytes from session/192.168.1.100:8438
[01:57:13] [AioModule/Read/Completed/DEBUG]: Received contents(30bytes): ff ff 00 00 00 1e 00 0c 00 00 00 10 00 00 0f 79 00 00 0c 56 00 00 01 4d f3 38 d3 1b 56 eb 
[01:57:13] [ClientServer/ClientDecoder/INFO]: Receive a package 000C(所有玩家目标坐标更新)
[01:57:13] [ClientServer/ClientDecoder/INFO]: package 000C: /id: 16/posX: 3961/posY: 3158
[01:57:13] [Client/GameBox/updateTarget/INFO]: receive Package 000C(角色目标)
[01:57:13] [Client/GameBox/updateTarget/INFO]: targetX: 3961/targetY 3158
[01:57:13] [AioModule/Read/Completed/DEBUG]: Received 30 bytes from session/192.168.1.100:8438
[01:57:13] [AioModule/Read/Completed/DEBUG]: Received contents(30bytes): ff ff 00 00 00 1e 00 0c 00 00 00 11 00 00 0e dc 00 00 0c 8a 00 00 01 4d f3 38 d3 90 9f 13 
[01:57:13] [ClientServer/ClientDecoder/INFO]: Receive a package 000C(所有玩家目标坐标更新)
[01:57:13] [ClientServer/ClientDecoder/INFO]: package 000C: /id: 17/posX: 3804/posY: 3210
[01:57:13] [Client/GameBox/updateTarget/INFO]: receive Package 000C(角色目标)
[01:57:13] [Client/GameBox/updateTarget/INFO]: targetX: 3804/targetY 3210
[01:57:13] [AioModule/Read/Completed/DEBUG]: Received 30 bytes from session/192.168.1.100:8438
[01:57:13] [AioModule/Read/Completed/DEBUG]: Received contents(30bytes): ff ff 00 00 00 1e 00 0c 00 00 00 11 00 00 0f 4a 00 00 0d 02 00 00 01 4d f3 38 d5 f5 a6 42 
[01:57:13] [ClientServer/ClientDecoder/INFO]: Receive a package 000C(所有玩家目标坐标更新)
[01:57:13] [ClientServer/ClientDecoder/INFO]: package 000C: /id: 17/posX: 3914/posY: 3330
[01:57:13] [Client/GameBox/updateTarget/INFO]: receive Package 000C(角色目标)
[01:57:13] [Client/GameBox/updateTarget/INFO]: targetX: 3914/targetY 3330
[01:57:14] [SendingModule/sendTargetPos/DEBUG]: package 000B(角色移动意图) send!
[01:57:14] [AioModule/Write/Completed/DEBUG]: Sent 26 bytes to session/192.168.1.100:8438
[01:57:14] [SendingModule/sendTargetPos/DEBUG]: targetX: 3952/targetY: 3171
[01:57:14] [AioModule/Write/Completed/DEBUG]: Sent contents(26bytes): ff ff 00 00 00 1a 00 0b 00 00 0f 70 00 00 0c 63 00 00 01 4d f3 38 d7 12 84 e1 
[01:57:14] [AioModule/Read/Completed/DEBUG]: Received 30 bytes from session/192.168.1.100:8438
[01:57:14] [AioModule/Read/Completed/DEBUG]: Received contents(30bytes): ff ff 00 00 00 1e 00 0c 00 00 00 10 00 00 0f 70 00 00 0c 63 00 00 01 4d f3 38 d7 12 68 31 
[01:57:14] [ClientServer/ClientDecoder/INFO]: Receive a package 000C(所有玩家目标坐标更新)
[01:57:14] [ClientServer/ClientDecoder/INFO]: package 000C: /id: 16/posX: 3952/posY: 3171
[01:57:14] [Client/GameBox/updateTarget/INFO]: receive Package 000C(角色目标)
[01:57:14] [Client/GameBox/updateTarget/INFO]: targetX: 3952/targetY 3171
[01:57:14] [AioModule/Read/Completed/DEBUG]: Received 30 bytes from session/192.168.1.100:8438
[01:57:14] [AioModule/Read/Completed/DEBUG]: Received contents(30bytes): ff ff 00 00 00 1e 00 0c 00 00 00 11 00 00 0f fd 00 00 0d c5 00 00 01 4d f3 38 d9 84 11 a7 
[01:57:14] [ClientServer/ClientDecoder/INFO]: Receive a package 000C(所有玩家目标坐标更新)
[01:57:14] [ClientServer/ClientDecoder/INFO]: package 000C: /id: 17/posX: 4093/posY: 3525
[01:57:14] [Client/GameBox/updateTarget/INFO]: receive Package 000C(角色目标)
[01:57:14] [Client/GameBox/updateTarget/INFO]: targetX: 4093/targetY 3525
[01:57:15] [SendingModule/sendTargetPos/DEBUG]: package 000B(角色移动意图) send!
[01:57:15] [AioModule/Write/Completed/DEBUG]: Sent 26 bytes to session/192.168.1.100:8438
[01:57:15] [SendingModule/sendTargetPos/DEBUG]: targetX: 3994/targetY: 3681
[01:57:15] [AioModule/Write/Completed/DEBUG]: Sent contents(26bytes): ff ff 00 00 00 1a 00 0b 00 00 0f 9a 00 00 0e 61 00 00 01 4d f3 38 db ac 25 17 
[01:57:15] [AioModule/Read/Completed/DEBUG]: Received 30 bytes from session/192.168.1.100:8438
[01:57:15] [AioModule/Read/Completed/DEBUG]: Received contents(30bytes): ff ff 00 00 00 1e 00 0c 00 00 00 10 00 00 0f 9a 00 00 0e 61 00 00 01 4d f3 38 db ac 55 b8 
[01:57:15] [ClientServer/ClientDecoder/INFO]: Receive a package 000C(所有玩家目标坐标更新)
[01:57:15] [ClientServer/ClientDecoder/INFO]: package 000C: /id: 16/posX: 3994/posY: 3681
[01:57:15] [Client/GameBox/updateTarget/INFO]: receive Package 000C(角色目标)
[01:57:15] [Client/GameBox/updateTarget/INFO]: targetX: 3994/targetY 3681
[01:57:15] [SendingModule/sendTargetPos/DEBUG]: package 000B(角色移动意图) send!
[01:57:15] [AioModule/Write/Completed/DEBUG]: Sent 26 bytes to session/192.168.1.100:8438
[01:57:15] [SendingModule/sendTargetPos/DEBUG]: targetX: 4292/targetY: 3866
[01:57:15] [AioModule/Write/Completed/DEBUG]: Sent contents(26bytes): ff ff 00 00 00 1a 00 0b 00 00 10 c4 00 00 0f 1a 00 00 01 4d f3 38 de 1d 63 23 
[01:57:15] [AioModule/Read/Completed/DEBUG]: Received 30 bytes from session/192.168.1.100:8438
[01:57:15] [AioModule/Read/Completed/DEBUG]: Received contents(30bytes): ff ff 00 00 00 1e 00 0c 00 00 00 10 00 00 10 c4 00 00 0f 1a 00 00 01 4d f3 38 de 1d 64 c4 
[01:57:15] [ClientServer/ClientDecoder/INFO]: Receive a package 000C(所有玩家目标坐标更新)
[01:57:15] [ClientServer/ClientDecoder/INFO]: package 000C: /id: 16/posX: 4292/posY: 3866
[01:57:15] [Client/GameBox/updateTarget/INFO]: receive Package 000C(角色目标)
[01:57:15] [Client/GameBox/updateTarget/INFO]: targetX: 4292/targetY 3866
[01:57:16] [AioModule/Read/Completed/DEBUG]: Received 30 bytes from session/192.168.1.100:8438
[01:57:16] [AioModule/Read/Completed/DEBUG]: Received contents(30bytes): ff ff 00 00 00 1e 00 0c 00 00 00 11 00 00 10 da 00 00 0e 54 00 00 01 4d f3 38 df c2 a6 96 
[01:57:16] [ClientServer/ClientDecoder/INFO]: Receive a package 000C(所有玩家目标坐标更新)
[01:57:16] [ClientServer/ClientDecoder/INFO]: package 000C: /id: 17/posX: 4314/posY: 3668
[01:57:16] [Client/GameBox/updateTarget/INFO]: receive Package 000C(角色目标)
[01:57:16] [Client/GameBox/updateTarget/INFO]: targetX: 4314/targetY 3668
[01:57:16] [SendingModule/sendTargetPos/DEBUG]: package 000B(角色移动意图) send!
[01:57:16] [AioModule/Write/Completed/DEBUG]: Sent 26 bytes to session/192.168.1.100:8438
[01:57:16] [SendingModule/sendTargetPos/DEBUG]: targetX: 4511/targetY: 3631
[01:57:16] [AioModule/Write/Completed/DEBUG]: Sent contents(26bytes): ff ff 00 00 00 1a 00 0b 00 00 11 9f 00 00 0e 2f 00 00 01 4d f3 38 e0 73 49 7b 
[01:57:16] [AioModule/Read/Completed/DEBUG]: Received 30 bytes from session/192.168.1.100:8438
[01:57:16] [AioModule/Read/Completed/DEBUG]: Received contents(30bytes): ff ff 00 00 00 1e 00 0c 00 00 00 10 00 00 11 9f 00 00 0e 2f 00 00 01 4d f3 38 e0 73 4a 33 
[01:57:16] [ClientServer/ClientDecoder/INFO]: Receive a package 000C(所有玩家目标坐标更新)
[01:57:16] [ClientServer/ClientDecoder/INFO]: package 000C: /id: 16/posX: 4511/posY: 3631
[01:57:16] [Client/GameBox/updateTarget/INFO]: receive Package 000C(角色目标)
[01:57:16] [Client/GameBox/updateTarget/INFO]: targetX: 4511/targetY 3631
[01:57:17] [AioModule/Read/Completed/DEBUG]: Received 30 bytes from session/192.168.1.100:8438
[01:57:17] [AioModule/Read/Completed/DEBUG]: Received contents(30bytes): ff ff 00 00 00 1e 00 0c 00 00 00 11 00 00 10 72 00 00 0e 7a 00 00 01 4d f3 38 e2 68 ae 28 
[01:57:17] [ClientServer/ClientDecoder/INFO]: Receive a package 000C(所有玩家目标坐标更新)
[01:57:17] [ClientServer/ClientDecoder/INFO]: package 000C: /id: 17/posX: 4210/posY: 3706
[01:57:17] [Client/GameBox/updateTarget/INFO]: receive Package 000C(角色目标)
[01:57:17] [Client/GameBox/updateTarget/INFO]: targetX: 4210/targetY 3706
[01:57:17] [SendingModule/sendTargetPos/DEBUG]: package 000B(角色移动意图) send!
[01:57:17] [AioModule/Write/Completed/DEBUG]: Sent 26 bytes to session/192.168.1.100:8438
[01:57:17] [SendingModule/sendTargetPos/DEBUG]: targetX: 4746/targetY: 3739
[01:57:17] [AioModule/Write/Completed/DEBUG]: Sent contents(26bytes): ff ff 00 00 00 1a 00 0b 00 00 12 8a 00 00 0e 9b 00 00 01 4d f3 38 e2 e3 24 24 
[01:57:17] [AioModule/Read/Completed/DEBUG]: Received 30 bytes from session/192.168.1.100:8438
[01:57:17] [AioModule/Read/Completed/DEBUG]: Received contents(30bytes): ff ff 00 00 00 1e 00 0c 00 00 00 10 00 00 12 8a 00 00 0e 9b 00 00 01 4d f3 38 e2 e3 a9 c6 
[01:57:17] [ClientServer/ClientDecoder/INFO]: Receive a package 000C(所有玩家目标坐标更新)
[01:57:17] [ClientServer/ClientDecoder/INFO]: package 000C: /id: 16/posX: 4746/posY: 3739
[01:57:17] [Client/GameBox/updateTarget/INFO]: receive Package 000C(角色目标)
[01:57:17] [Client/GameBox/updateTarget/INFO]: targetX: 4746/targetY 3739
[01:57:17] [SendingModule/sendTargetPos/DEBUG]: package 000B(角色移动意图) send!
[01:57:17] [AioModule/Write/Completed/DEBUG]: Sent 26 bytes to session/192.168.1.100:8438
[01:57:17] [SendingModule/sendTargetPos/DEBUG]: targetX: 4666/targetY: 4045
[01:57:17] [AioModule/Write/Completed/DEBUG]: Sent contents(26bytes): ff ff 00 00 00 1a 00 0b 00 00 12 3a 00 00 0f cd 00 00 01 4d f3 38 e4 ff 79 d3 
[01:57:17] [AioModule/Read/Completed/DEBUG]: Received 30 bytes from session/192.168.1.100:8438
[01:57:17] [AioModule/Read/Completed/DEBUG]: Received contents(30bytes): ff ff 00 00 00 1e 00 0c 00 00 00 10 00 00 12 3a 00 00 0f cd 00 00 01 4d f3 38 e4 ff 57 fb 
[01:57:17] [ClientServer/ClientDecoder/INFO]: Receive a package 000C(所有玩家目标坐标更新)
[01:57:17] [ClientServer/ClientDecoder/INFO]: package 000C: /id: 16/posX: 4666/posY: 4045
[01:57:17] [Client/GameBox/updateTarget/INFO]: receive Package 000C(角色目标)
[01:57:17] [Client/GameBox/updateTarget/INFO]: targetX: 4666/targetY 4045
[01:57:18] [AioModule/Read/Completed/DEBUG]: Received 30 bytes from session/192.168.1.100:8438
[01:57:18] [AioModule/Read/Completed/DEBUG]: Received contents(30bytes): ff ff 00 00 00 1e 00 0c 00 00 00 11 00 00 0f be 00 00 0e 9b 00 00 01 4d f3 38 e6 d3 7c e5 
[01:57:18] [ClientServer/ClientDecoder/INFO]: Receive a package 000C(所有玩家目标坐标更新)
[01:57:18] [ClientServer/ClientDecoder/INFO]: package 000C: /id: 17/posX: 4030/posY: 3739
[01:57:18] [Client/GameBox/updateTarget/INFO]: receive Package 000C(角色目标)
[01:57:18] [Client/GameBox/updateTarget/INFO]: targetX: 4030/targetY 3739
[01:57:18] [SendingModule/sendTargetPos/DEBUG]: package 000B(角色移动意图) send!
[01:57:18] [AioModule/Write/Completed/DEBUG]: Sent 26 bytes to session/192.168.1.100:8438
[01:57:18] [SendingModule/sendTargetPos/DEBUG]: targetX: 4671/targetY: 4201
[01:57:18] [AioModule/Write/Completed/DEBUG]: Sent contents(26bytes): ff ff 00 00 00 1a 00 0b 00 00 12 3f 00 00 10 69 00 00 01 4d f3 38 e6 f7 4e 05 
[01:57:18] [AioModule/Read/Completed/DEBUG]: Received 30 bytes from session/192.168.1.100:8438
[01:57:18] [AioModule/Read/Completed/DEBUG]: Received contents(30bytes): ff ff 00 00 00 1e 00 0c 00 00 00 10 00 00 12 3f 00 00 10 69 00 00 01 4d f3 38 e6 f7 37 b7 
[01:57:18] [ClientServer/ClientDecoder/INFO]: Receive a package 000C(所有玩家目标坐标更新)
[01:57:18] [ClientServer/ClientDecoder/INFO]: package 000C: /id: 16/posX: 4671/posY: 4201
[01:57:18] [Client/GameBox/updateTarget/INFO]: receive Package 000C(角色目标)
[01:57:18] [Client/GameBox/updateTarget/INFO]: targetX: 4671/targetY 4201
[01:57:18] [SendingModule/sendTargetPos/DEBUG]: package 000B(角色移动意图) send!
[01:57:18] [AioModule/Write/Completed/DEBUG]: Sent 26 bytes to session/192.168.1.100:8438
[01:57:18] [SendingModule/sendTargetPos/DEBUG]: targetX: 4226/targetY: 4229
[01:57:18] [AioModule/Write/Completed/DEBUG]: Sent contents(26bytes): ff ff 00 00 00 1a 00 0b 00 00 10 82 00 00 10 85 00 00 01 4d f3 38 e8 a2 40 43 
[01:57:18] [AioModule/Read/Completed/DEBUG]: Received 30 bytes from session/192.168.1.100:8438
[01:57:18] [AioModule/Read/Completed/DEBUG]: Received contents(30bytes): ff ff 00 00 00 1e 00 0c 00 00 00 10 00 00 10 82 00 00 10 85 00 00 01 4d f3 38 e8 a2 39 95 
[01:57:18] [ClientServer/ClientDecoder/INFO]: Receive a package 000C(所有玩家目标坐标更新)
[01:57:18] [ClientServer/ClientDecoder/INFO]: package 000C: /id: 16/posX: 4226/posY: 4229
[01:57:18] [Client/GameBox/updateTarget/INFO]: receive Package 000C(角色目标)
[01:57:18] [Client/GameBox/updateTarget/INFO]: targetX: 4226/targetY 4229
[01:57:19] [SendingModule/sendTargetPos/DEBUG]: package 000B(角色移动意图) send!
[01:57:19] [AioModule/Write/Completed/DEBUG]: Sent 26 bytes to session/192.168.1.100:8438
[01:57:19] [SendingModule/sendTargetPos/DEBUG]: targetX: 3842/targetY: 4201
[01:57:19] [AioModule/Write/Completed/DEBUG]: Sent contents(26bytes): ff ff 00 00 00 1a 00 0b 00 00 0f 02 00 00 10 69 00 00 01 4d f3 38 ea 42 7a e8 
[01:57:19] [AioModule/Read/Completed/DEBUG]: Received 30 bytes from session/192.168.1.100:8438
[01:57:19] [AioModule/Read/Completed/DEBUG]: Received contents(30bytes): ff ff 00 00 00 1e 00 0c 00 00 00 10 00 00 0f 02 00 00 10 69 00 00 01 4d f3 38 ea 42 93 73 
[01:57:19] [ClientServer/ClientDecoder/INFO]: Receive a package 000C(所有玩家目标坐标更新)
[01:57:19] [ClientServer/ClientDecoder/INFO]: package 000C: /id: 16/posX: 3842/posY: 4201
[01:57:19] [Client/GameBox/updateTarget/INFO]: receive Package 000C(角色目标)
[01:57:19] [Client/GameBox/updateTarget/INFO]: targetX: 3842/targetY 4201
[01:57:19] [SendingModule/sendTargetPos/DEBUG]: package 000B(角色移动意图) send!
[01:57:19] [AioModule/Write/Completed/DEBUG]: Sent 26 bytes to session/192.168.1.100:8438
[01:57:19] [SendingModule/sendTargetPos/DEBUG]: targetX: 3762/targetY: 4004
[01:57:19] [AioModule/Write/Completed/DEBUG]: Sent contents(26bytes): ff ff 00 00 00 1a 00 0b 00 00 0e b2 00 00 0f a4 00 00 01 4d f3 38 ec 14 25 d3 
[01:57:19] [AioModule/Read/Completed/DEBUG]: Received 30 bytes from session/192.168.1.100:8438
[01:57:19] [AioModule/Read/Completed/DEBUG]: Received contents(30bytes): ff ff 00 00 00 1e 00 0c 00 00 00 10 00 00 0e b2 00 00 0f a4 00 00 01 4d f3 38 ec 14 9a 7f 
[01:57:19] [ClientServer/ClientDecoder/INFO]: Receive a package 000C(所有玩家目标坐标更新)
[01:57:19] [ClientServer/ClientDecoder/INFO]: package 000C: /id: 16/posX: 3762/posY: 4004
[01:57:19] [Client/GameBox/updateTarget/INFO]: receive Package 000C(角色目标)
[01:57:19] [Client/GameBox/updateTarget/INFO]: targetX: 3762/targetY 4004
[01:57:20] [SendingModule/sendTargetPos/DEBUG]: package 000B(角色移动意图) send!
[01:57:20] [AioModule/Write/Completed/DEBUG]: Sent 26 bytes to session/192.168.1.100:8438
[01:57:20] [SendingModule/sendTargetPos/DEBUG]: targetX: 3731/targetY: 3930
[01:57:20] [AioModule/Write/Completed/DEBUG]: Sent contents(26bytes): ff ff 00 00 00 1a 00 0b 00 00 0e 93 00 00 0f 5a 00 00 01 4d f3 38 ee 41 19 df 
[01:57:20] [AioModule/Read/Completed/DEBUG]: Received 30 bytes from session/192.168.1.100:8438
[01:57:20] [AioModule/Read/Completed/DEBUG]: Received contents(30bytes): ff ff 00 00 00 1e 00 0c 00 00 00 10 00 00 0e 93 00 00 0f 5a 00 00 01 4d f3 38 ee 41 b7 13 
[01:57:20] [ClientServer/ClientDecoder/INFO]: Receive a package 000C(所有玩家目标坐标更新)
[01:57:20] [ClientServer/ClientDecoder/INFO]: package 000C: /id: 16/posX: 3731/posY: 3930
[01:57:20] [Client/GameBox/updateTarget/INFO]: receive Package 000C(角色目标)
[01:57:20] [Client/GameBox/updateTarget/INFO]: targetX: 3731/targetY 3930
[01:57:21] [SendingModule/sendUseItem/DEBUG]: 发送物品逻辑包:技能实例ID:5
[01:57:21] [AioModule/Write/Completed/DEBUG]: Sent 22 bytes to session/192.168.1.100:8438
[01:57:21] [AioModule/Write/Completed/DEBUG]: Sent contents(22bytes): ff ff 00 00 00 16 00 18 00 00 00 05 00 00 00 00 00 00 00 11 ba de 
[01:57:21] [AioModule/Read/Completed/DEBUG]: Received 18 bytes from session/192.168.1.100:8438
[01:57:21] [AioModule/Read/Completed/DEBUG]: Received contents(18bytes): ff ff 00 00 00 12 00 1d 00 00 00 10 00 00 00 11 b9 62 
[01:57:21] [AioModule/Read/Completed/WARNING]: java.nio.BufferUnderflowException
[01:57:22] [SendingModule/sendUseItem/DEBUG]: 发送物品逻辑包:技能实例ID:5
[01:57:22] [AioModule/Write/Completed/DEBUG]: Sent 22 bytes to session/192.168.1.100:8438
[01:57:22] [AioModule/Write/Completed/DEBUG]: Sent contents(22bytes): ff ff 00 00 00 16 00 18 00 00 00 05 00 00 00 00 00 00 00 11 ba de 
[01:57:27] [SendingModule/sendTargetPos/DEBUG]: package 000B(角色移动意图) send!
[01:57:27] [AioModule/Write/Completed/DEBUG]: Sent 26 bytes to session/192.168.1.100:8438
[01:57:27] [SendingModule/sendTargetPos/DEBUG]: targetX: 4265/targetY: 3966
[01:57:27] [AioModule/Write/Completed/DEBUG]: Sent contents(26bytes): ff ff 00 00 00 1a 00 0b 00 00 10 a9 00 00 0f 7e 00 00 01 4d f3 39 0b 0a 97 93 
[01:57:28] [SendingModule/sendUseItem/DEBUG]: 发送物品逻辑包:技能实例ID:5
[01:57:28] [AioModule/Write/Completed/DEBUG]: Sent 22 bytes to session/192.168.1.100:8438
[01:57:28] [AioModule/Write/Completed/DEBUG]: Sent contents(22bytes): ff ff 00 00 00 16 00 18 00 00 00 05 00 00 00 00 00 00 00 11 ba de 
[02:00:01] [ClientServer/ClientMain/KERNEL]: 7.游戏结束，退出主程序
[02:00:01] [SendingModule/sendLogout/INFO]: logout send!
[02:00:01] [AioModule/Write/Completed/DEBUG]: Sent 14 bytes to session/192.168.1.100:8438
[02:00:01] [AioModule/Write/Completed/DEBUG]: Sent contents(14bytes): ff ff 00 00 00 0e 00 13 00 00 00 00 84 c6 
