[15:52:46] [ClientServer/ClientMain/init/DEBUG]: address: 192.168.1.104:8438
[15:52:46] [ClientServer/ClientMain/init/DEBUG]: 图片加载成功
[15:52:46] [ClientServer/ClientMain/init/DEBUG]: GIF动画加载成功
[15:52:46] [ClientServer/ClientMain/init/DEBUG]: 物品预加载成功
[15:52:46] [ClientServer/ClientMain/init/DEBUG]: init over
[15:52:46] [ClientServer/ClientMain/KERNEL]: 0.开始建立网络连接…………
[15:52:46] [ClientServer/ClientMain/setUpConnection/DEBUG]: setUpConnection over
[15:52:46] [ClientServer/ClientMain/KERNEL]: 1.网络连接成功!
[15:52:46] [ClientServer/ClientMain/KERNEL]: 2.发送0000包，确认对方是否为服务器Gate端
[15:52:46] [SendingModule/send00Package/INFO]: send00Package over
[15:52:46] [AioModule/Write/Completed/DEBUG]: Sent 14 bytes to session/192.168.1.104:8438
[15:52:46] [AioModule/Write/Completed/DEBUG]: Sent contents(14bytes): ff ff 00 00 00 0e 00 00 00 00 30 39 20 db 
[15:52:46] [AioModule/Read/Completed/DEBUG]: Received 18 bytes from session/192.168.1.104:8438
[15:52:46] [AioModule/Read/Completed/DEBUG]: Received contents(18bytes): ff ff 00 00 00 12 00 14 00 00 01 4d f1 0f 6c 84 3e 39 
[15:52:46] [ClientServer/ClientDecoder/INFO]: Receive a package 0014(PING)
[15:52:46] [SendingModule/PINGResponse/DEBUG]: package 0015(PING回应包) send!
[15:52:46] [AioModule/Write/Completed/DEBUG]: Sent 18 bytes to session/192.168.1.104:8438
[15:52:46] [AioModule/Read/Completed/DEBUG]: Received 11 bytes from session/192.168.1.104:8438
[15:52:46] [AioModule/Read/Completed/DEBUG]: Received contents(11bytes): ff ff 00 00 00 0b 00 01 01 2a 46 
[15:52:46] [AioModule/Write/Completed/DEBUG]: Sent contents(18bytes): ff ff 00 00 00 12 00 15 00 00 01 4d f1 0f 6c 84 36 c5 
[15:52:46] [ClientServer/ClientDecoder/INFO]: Receive a package 0001(回应连接请求)
[15:52:46] [ClientServer/ClientDecoder/INFO]: package 0001: 1
[15:52:46] [ClientSever/LoginBox/serverState/INFO]: Receive a package 0001(回应连接请求)
[15:52:46] [ClientSever/LoginBox/serverState/INFO]: package 0001: 1
[15:52:46] [AioModule/Read/Completed/DEBUG]: Received 18 bytes from session/192.168.1.104:8438
[15:52:46] [AioModule/Read/Completed/DEBUG]: Received contents(18bytes): ff ff 00 00 00 12 00 16 00 00 01 4d f1 0f 6d c6 2f a3 
[15:52:46] [ClientServer/ClientDecoder/INFO]: Receive a package 0016(时间同步)
[15:52:47] [ClientServer/ClientMain/KERNEL]: 3.收到0001包，确认对方为服务器Gate端
[15:52:47] [ClientServer/ClientMain/KERNEL]: 4.初始化loginBox登陆界面
[15:52:58] [AioModule/Write/Completed/DEBUG]: Sent 48 bytes to session/192.168.1.104:8438
[15:52:58] [SendingModule/sendRegister/INFO]: package 0004(注册信息) send!
[15:52:58] [AioModule/Write/Completed/DEBUG]: Sent contents(48bytes): ff ff 00 00 00 30 00 04 31 32 33 34 00 38 31 44 43 39 42 44 42 35 32 44 30 34 44 43 32 30 30 33 36 44 42 44 38 33 31 33 45 44 30 35 35 00 94 74 
[15:52:59] [AioModule/Read/Completed/DEBUG]: Received 14 bytes from session/192.168.1.104:8438
[15:52:59] [AioModule/Read/Completed/DEBUG]: Received contents(14bytes): ff ff 00 00 00 0e 00 05 00 00 00 01 43 96 
[15:52:59] [ClientServer/ClientDecoder/INFO]: Receive a package 0005(注册结果)
[15:52:59] [ClientServer/ClientDecoder/INFO]: package 0005: true
[15:52:59] [ClientServer/LoginBox/onRegistResponse/INFO]: Receive a package 0005(注册结果)
[15:52:59] [ClientServer/LoginBox/onRegistResponse/INFO]: package 0005: true
[15:53:02] [AioModule/Write/Completed/DEBUG]: Sent 48 bytes to session/192.168.1.104:8438
[15:53:02] [SendingModule/sendLogin/INFO]: package 0002(登陆信息) send!
[15:53:02] [AioModule/Write/Completed/DEBUG]: Sent contents(48bytes): ff ff 00 00 00 30 00 02 31 32 33 34 00 38 31 44 43 39 42 44 42 35 32 44 30 34 44 43 32 30 30 33 36 44 42 44 38 33 31 33 45 44 30 35 35 00 79 71 
[15:53:02] [AioModule/Read/Completed/DEBUG]: Received 11 bytes from session/192.168.1.104:8438
[15:53:02] [AioModule/Read/Completed/DEBUG]: Received contents(11bytes): ff ff 00 00 00 0b 00 03 01 2a 58 
[15:53:02] [ClientServer/ClientDecoder/INFO]: Receive a package 0003(登陆反馈)
[15:53:02] [ClientServer/ClientDecoder/INFO]: package 0003: true
[15:53:02] [ClientServer/LoginBox/onLoginResponse/INFO]: Receive a package 0003(登陆反馈)
[15:53:02] [ClientServer/LoginBox/onLoginResponse/INFO]: package 0003: true
[15:53:02] [AioModule/Read/Completed/DEBUG]: Received 10 bytes from session/192.168.1.104:8438
[15:53:02] [AioModule/Read/Completed/DEBUG]: Received contents(10bytes): ff ff 00 00 00 0a 00 06 45 71 
[15:53:02] [ClientServer/ClientDecoder/INFO]: Receive a package 0006(角色预加载――空包)
[15:53:02] [ClientServer/LoginBox/noMorePackage/INFO]: Receive a package 0006(角色预加载: 这是最后一个空包
[15:53:12] [SendingModule/sendCreateCharacter/INFO]: package 0008(创建角色) send!
[15:53:12] [AioModule/Write/Completed/DEBUG]: Sent 24 bytes to session/192.168.1.104:8438
[15:53:12] [AioModule/Write/Completed/DEBUG]: Sent contents(24bytes): ff ff 00 00 00 18 00 08 31 32 33 34 00 31 32 33 00 01 00 00 00 0b 89 95 
[15:53:13] [AioModule/Read/Completed/DEBUG]: Received 11 bytes from session/192.168.1.104:8438
[15:53:13] [AioModule/Read/Completed/DEBUG]: Received contents(11bytes): ff ff 00 00 00 0b 00 09 01 2a 8e 
[15:53:13] [ClientServer/ClientDecoder/INFO]: Receive a package 0009(角色创建结果)
[15:53:13] [ClientServer/ClientDecoder/INFO]: package 0009: true
[15:53:13] [ClientServer/LoginBox/onCreatResponse/INFO]: Receive a package 0009(角色创建结果)
[15:53:15] [AioModule/Read/Completed/DEBUG]: Received 60 bytes from session/192.168.1.104:8438
[15:53:15] [AioModule/Read/Completed/DEBUG]: Received contents(60bytes): ff ff 00 00 00 3c 00 06 00 00 00 00 00 00 00 00 00 00 00 00 00 00 00 00 00 00 00 00 00 00 00 00 00 00 00 00 00 00 00 00 00 00 00 00 00 00 00 00 00 00 00 00 00 00 00 00 00 00 3d f7 
[15:53:15] [ClientServer/ClientDecoder/INFO]: Receive a package 0006(角色预加载)
[15:53:15] [ClientServer/ClientDecoder/INFO]: package 0006: /id: 0/name: /level: 0/gender: 0
[15:53:15] [ClientSever/LoginBox/addCharacter/INFO]: Receive a package 0006(角色预加载)
[15:53:47] [AioModule/Write/Completed/DEBUG]: Sent 14 bytes to session/192.168.1.104:8438
[15:53:47] [SendingModule/sendCharacter/INFO]: package 0007(角色选择) send!
[15:53:47] [AioModule/Write/Completed/DEBUG]: Sent contents(14bytes): ff ff 00 00 00 0e 00 07 00 00 00 00 a0 65 
[15:53:47] [ClientServer/ClientMain/KERNEL]: 5.登陆结束
[15:53:47] [ClientServer/ClientMain/KERNEL]: 6.开始游戏，启动gameBox
[15:54:08] [ClientServer/GameBox/startGame/KERNEL]: 接收角色详细信息(000A)超时!(未接收到主角信息)
[15:54:08] [ClientServer/GameBox/startGame/KERNEL]: 接收角色详细信息(000A)超时!(未接收到主角信息)
[15:54:08] [ClientServer/GameBox/startGame/KERNEL]: 接收角色详细信息(000A)超时!(未接收到主角信息)
[15:54:08] [ClientServer/GameBox/startGame/KERNEL]: 接收角色详细信息(000A)超时!(未接收到主角信息)
[15:54:08] [ClientServer/GameBox/startGame/KERNEL]: 接收角色详细信息(000A)超时!(未接收到主角信息)
[15:54:09] [ClientServer/GameBox/startGame/KERNEL]: 接收角色详细信息(000A)超时!(未接收到主角信息)
[15:54:09] [ClientServer/GameBox/startGame/KERNEL]: 接收角色详细信息(000A)超时!(未接收到主角信息)
[15:54:09] [ClientServer/GameBox/startGame/KERNEL]: 接收角色详细信息(000A)超时!(未接收到主角信息)
[15:54:09] [ClientServer/GameBox/startGame/KERNEL]: 接收角色详细信息(000A)超时!(未接收到主角信息)
[15:54:09] [ClientServer/GameBox/startGame/KERNEL]: 接收角色详细信息(000A)超时!(未接收到主角信息)
[15:54:10] [ClientServer/GameBox/startGame/KERNEL]: 接收角色详细信息(000A)超时!(未接收到主角信息)
[15:54:10] [ClientServer/GameBox/startGame/KERNEL]: 接收角色详细信息(000A)超时!(未接收到主角信息)
[15:54:10] [ClientServer/GameBox/startGame/KERNEL]: 接收角色详细信息(000A)超时!(未接收到主角信息)
[15:54:10] [ClientServer/GameBox/startGame/KERNEL]: 接收角色详细信息(000A)超时!(未接收到主角信息)
[15:54:10] [ClientServer/GameBox/startGame/KERNEL]: 接收角色详细信息(000A)超时!(未接收到主角信息)
[15:54:11] [ClientServer/GameBox/startGame/KERNEL]: 接收角色详细信息(000A)超时!(未接收到主角信息)
[15:54:11] [ClientServer/GameBox/startGame/KERNEL]: 接收角色详细信息(000A)超时!(未接收到主角信息)
[15:54:11] [ClientServer/GameBox/startGame/KERNEL]: 接收角色详细信息(000A)超时!(未接收到主角信息)
[15:54:11] [ClientServer/GameBox/startGame/KERNEL]: 接收角色详细信息(000A)超时!(未接收到主角信息)
[15:54:11] [ClientServer/GameBox/startGame/KERNEL]: 接收角色详细信息(000A)超时!(未接收到主角信息)
[15:54:12] [ClientServer/GameBox/startGame/KERNEL]: 接收角色详细信息(000A)超时!(未接收到主角信息)
[15:54:12] [ClientServer/GameBox/startGame/KERNEL]: 接收角色详细信息(000A)超时!(未接收到主角信息)
[15:54:12] [ClientServer/GameBox/startGame/KERNEL]: 接收角色详细信息(000A)超时!(未接收到主角信息)
[15:54:12] [ClientServer/GameBox/startGame/KERNEL]: 接收角色详细信息(000A)超时!(未接收到主角信息)
[15:54:12] [ClientServer/GameBox/startGame/KERNEL]: 接收角色详细信息(000A)超时!(未接收到主角信息)
[15:54:13] [ClientServer/GameBox/startGame/KERNEL]: 接收角色详细信息(000A)超时!(未接收到主角信息)
[15:54:13] [ClientServer/GameBox/startGame/KERNEL]: 接收角色详细信息(000A)超时!(未接收到主角信息)
[15:54:13] [ClientServer/GameBox/startGame/KERNEL]: 接收角色详细信息(000A)超时!(未接收到主角信息)
[15:54:13] [ClientServer/GameBox/startGame/KERNEL]: 接收角色详细信息(000A)超时!(未接收到主角信息)
[15:54:13] [ClientServer/GameBox/startGame/KERNEL]: 接收角色详细信息(000A)超时!(未接收到主角信息)
[15:54:14] [ClientServer/GameBox/startGame/KERNEL]: 接收角色详细信息(000A)超时!(未接收到主角信息)
[15:54:14] [ClientServer/GameBox/startGame/KERNEL]: 接收角色详细信息(000A)超时!(未接收到主角信息)
[15:54:14] [ClientServer/GameBox/startGame/KERNEL]: 接收角色详细信息(000A)超时!(未接收到主角信息)
[15:54:14] [ClientServer/GameBox/startGame/KERNEL]: 接收角色详细信息(000A)超时!(未接收到主角信息)
[15:54:14] [ClientServer/GameBox/startGame/KERNEL]: 接收角色详细信息(000A)超时!(未接收到主角信息)
[15:54:15] [ClientServer/GameBox/startGame/KERNEL]: 接收角色详细信息(000A)超时!(未接收到主角信息)
[15:54:15] [ClientServer/GameBox/startGame/KERNEL]: 接收角色详细信息(000A)超时!(未接收到主角信息)
[15:54:15] [ClientServer/GameBox/startGame/KERNEL]: 接收角色详细信息(000A)超时!(未接收到主角信息)
[15:54:15] [ClientServer/GameBox/startGame/KERNEL]: 接收角色详细信息(000A)超时!(未接收到主角信息)
[15:54:15] [ClientServer/GameBox/startGame/KERNEL]: 接收角色详细信息(000A)超时!(未接收到主角信息)
[15:54:16] [ClientServer/GameBox/startGame/KERNEL]: 接收角色详细信息(000A)超时!(未接收到主角信息)
[15:54:16] [ClientServer/GameBox/startGame/KERNEL]: 接收角色详细信息(000A)超时!(未接收到主角信息)
[15:54:16] [ClientServer/GameBox/startGame/KERNEL]: 接收角色详细信息(000A)超时!(未接收到主角信息)
[15:54:16] [ClientServer/GameBox/startGame/KERNEL]: 接收角色详细信息(000A)超时!(未接收到主角信息)
[15:54:16] [ClientServer/GameBox/startGame/KERNEL]: 接收角色详细信息(000A)超时!(未接收到主角信息)
[15:54:17] [ClientServer/GameBox/startGame/KERNEL]: 接收角色详细信息(000A)超时!(未接收到主角信息)
[15:54:17] [ClientServer/GameBox/startGame/KERNEL]: 接收角色详细信息(000A)超时!(未接收到主角信息)
[15:54:17] [ClientServer/GameBox/startGame/KERNEL]: 接收角色详细信息(000A)超时!(未接收到主角信息)
[15:54:17] [ClientServer/GameBox/startGame/KERNEL]: 接收角色详细信息(000A)超时!(未接收到主角信息)
[15:54:17] [ClientServer/GameBox/startGame/KERNEL]: 接收角色详细信息(000A)超时!(未接收到主角信息)
[15:54:18] [ClientServer/GameBox/startGame/KERNEL]: 接收角色详细信息(000A)超时!(未接收到主角信息)
[15:54:18] [ClientServer/GameBox/startGame/KERNEL]: 接收角色详细信息(000A)超时!(未接收到主角信息)
[15:54:18] [ClientServer/GameBox/startGame/KERNEL]: 接收角色详细信息(000A)超时!(未接收到主角信息)
[15:54:18] [ClientServer/GameBox/startGame/KERNEL]: 接收角色详细信息(000A)超时!(未接收到主角信息)
[15:54:18] [ClientServer/GameBox/startGame/KERNEL]: 接收角色详细信息(000A)超时!(未接收到主角信息)
[15:54:19] [ClientServer/GameBox/startGame/KERNEL]: 接收角色详细信息(000A)超时!(未接收到主角信息)
[15:54:19] [ClientServer/GameBox/startGame/KERNEL]: 接收角色详细信息(000A)超时!(未接收到主角信息)
[15:54:19] [ClientServer/GameBox/startGame/KERNEL]: 接收角色详细信息(000A)超时!(未接收到主角信息)
[15:54:19] [ClientServer/GameBox/startGame/KERNEL]: 接收角色详细信息(000A)超时!(未接收到主角信息)
[15:54:19] [ClientServer/GameBox/startGame/KERNEL]: 接收角色详细信息(000A)超时!(未接收到主角信息)
[15:54:20] [ClientServer/GameBox/startGame/KERNEL]: 接收角色详细信息(000A)超时!(未接收到主角信息)
[15:54:20] [ClientServer/GameBox/startGame/KERNEL]: 接收角色详细信息(000A)超时!(未接收到主角信息)
[15:54:20] [ClientServer/GameBox/startGame/KERNEL]: 接收角色详细信息(000A)超时!(未接收到主角信息)
[15:54:20] [ClientServer/GameBox/startGame/KERNEL]: 接收角色详细信息(000A)超时!(未接收到主角信息)
[15:54:20] [ClientServer/GameBox/startGame/KERNEL]: 接收角色详细信息(000A)超时!(未接收到主角信息)
[15:54:21] [ClientServer/GameBox/startGame/KERNEL]: 接收角色详细信息(000A)超时!(未接收到主角信息)
[15:54:21] [ClientServer/GameBox/startGame/KERNEL]: 接收角色详细信息(000A)超时!(未接收到主角信息)
[15:54:21] [ClientServer/GameBox/startGame/KERNEL]: 接收角色详细信息(000A)超时!(未接收到主角信息)
[15:54:21] [ClientServer/GameBox/startGame/KERNEL]: 接收角色详细信息(000A)超时!(未接收到主角信息)
[15:54:21] [ClientServer/GameBox/startGame/KERNEL]: 接收角色详细信息(000A)超时!(未接收到主角信息)
[15:54:22] [ClientServer/GameBox/startGame/KERNEL]: 接收角色详细信息(000A)超时!(未接收到主角信息)
[15:54:22] [ClientServer/GameBox/startGame/KERNEL]: 接收角色详细信息(000A)超时!(未接收到主角信息)
[15:54:22] [ClientServer/GameBox/startGame/KERNEL]: 接收角色详细信息(000A)超时!(未接收到主角信息)
[15:54:22] [ClientServer/GameBox/startGame/KERNEL]: 接收角色详细信息(000A)超时!(未接收到主角信息)
[15:54:22] [ClientServer/GameBox/startGame/KERNEL]: 接收角色详细信息(000A)超时!(未接收到主角信息)
[15:54:23] [ClientServer/GameBox/startGame/KERNEL]: 接收角色详细信息(000A)超时!(未接收到主角信息)
[15:54:23] [ClientServer/GameBox/startGame/KERNEL]: 接收角色详细信息(000A)超时!(未接收到主角信息)
[15:54:23] [ClientServer/GameBox/startGame/KERNEL]: 接收角色详细信息(000A)超时!(未接收到主角信息)
[15:54:23] [ClientServer/GameBox/startGame/KERNEL]: 接收角色详细信息(000A)超时!(未接收到主角信息)
[15:54:23] [ClientServer/GameBox/startGame/KERNEL]: 接收角色详细信息(000A)超时!(未接收到主角信息)
[15:54:24] [ClientServer/GameBox/startGame/KERNEL]: 接收角色详细信息(000A)超时!(未接收到主角信息)
[15:54:24] [ClientServer/GameBox/startGame/KERNEL]: 接收角色详细信息(000A)超时!(未接收到主角信息)
[15:54:24] [ClientServer/GameBox/startGame/KERNEL]: 接收角色详细信息(000A)超时!(未接收到主角信息)
[15:54:24] [ClientServer/GameBox/startGame/KERNEL]: 接收角色详细信息(000A)超时!(未接收到主角信息)
[15:54:24] [ClientServer/GameBox/startGame/KERNEL]: 接收角色详细信息(000A)超时!(未接收到主角信息)
[15:54:25] [ClientServer/GameBox/startGame/KERNEL]: 接收角色详细信息(000A)超时!(未接收到主角信息)
[15:54:25] [ClientServer/GameBox/startGame/KERNEL]: 接收角色详细信息(000A)超时!(未接收到主角信息)
[15:54:25] [ClientServer/GameBox/startGame/KERNEL]: 接收角色详细信息(000A)超时!(未接收到主角信息)
[15:54:25] [ClientServer/GameBox/startGame/KERNEL]: 接收角色详细信息(000A)超时!(未接收到主角信息)
[15:54:25] [ClientServer/GameBox/startGame/KERNEL]: 接收角色详细信息(000A)超时!(未接收到主角信息)
[15:54:26] [ClientServer/GameBox/startGame/KERNEL]: 接收角色详细信息(000A)超时!(未接收到主角信息)
[15:54:26] [ClientServer/GameBox/startGame/KERNEL]: 接收角色详细信息(000A)超时!(未接收到主角信息)
[15:54:26] [ClientServer/GameBox/startGame/KERNEL]: 接收角色详细信息(000A)超时!(未接收到主角信息)
[15:54:26] [ClientServer/GameBox/startGame/KERNEL]: 接收角色详细信息(000A)超时!(未接收到主角信息)
[15:54:26] [ClientServer/GameBox/startGame/KERNEL]: 接收角色详细信息(000A)超时!(未接收到主角信息)
[15:54:27] [ClientServer/GameBox/startGame/KERNEL]: 接收角色详细信息(000A)超时!(未接收到主角信息)
[15:54:27] [ClientServer/GameBox/startGame/KERNEL]: 接收角色详细信息(000A)超时!(未接收到主角信息)
[15:54:27] [ClientServer/GameBox/startGame/KERNEL]: 接收角色详细信息(000A)超时!(未接收到主角信息)
[15:54:27] [ClientServer/GameBox/startGame/KERNEL]: 接收角色详细信息(000A)超时!(未接收到主角信息)
[15:54:27] [ClientServer/GameBox/startGame/KERNEL]: 接收角色详细信息(000A)超时!(未接收到主角信息)
[15:54:28] [ClientServer/GameBox/startGame/KERNEL]: 接收角色详细信息(000A)超时!(未接收到主角信息)
[15:54:28] [ClientServer/GameBox/startGame/KERNEL]: 接收角色详细信息(000A)超时!(未接收到主角信息)
[15:54:28] [ClientServer/GameBox/startGame/KERNEL]: 接收角色详细信息(000A)超时!(未接收到主角信息)
[15:54:28] [ClientServer/GameBox/startGame/KERNEL]: 接收角色详细信息(000A)超时!(未接收到主角信息)
[15:54:28] [ClientServer/GameBox/startGame/KERNEL]: 接收角色详细信息(000A)超时!(未接收到主角信息)
[15:54:29] [ClientServer/GameBox/startGame/KERNEL]: 接收角色详细信息(000A)超时!(未接收到主角信息)
[15:54:29] [ClientServer/GameBox/startGame/KERNEL]: 接收角色详细信息(000A)超时!(未接收到主角信息)
[15:54:29] [ClientServer/GameBox/startGame/KERNEL]: 接收角色详细信息(000A)超时!(未接收到主角信息)
[15:54:29] [ClientServer/GameBox/startGame/KERNEL]: 接收角色详细信息(000A)超时!(未接收到主角信息)
[15:54:29] [ClientServer/GameBox/startGame/KERNEL]: 接收角色详细信息(000A)超时!(未接收到主角信息)
[15:54:30] [ClientServer/GameBox/startGame/KERNEL]: 接收角色详细信息(000A)超时!(未接收到主角信息)
[15:54:30] [ClientServer/GameBox/startGame/KERNEL]: 接收角色详细信息(000A)超时!(未接收到主角信息)
[15:54:30] [ClientServer/GameBox/startGame/KERNEL]: 接收角色详细信息(000A)超时!(未接收到主角信息)
[15:54:30] [ClientServer/GameBox/startGame/KERNEL]: 接收角色详细信息(000A)超时!(未接收到主角信息)
[15:54:30] [ClientServer/GameBox/startGame/KERNEL]: 接收角色详细信息(000A)超时!(未接收到主角信息)
[15:54:31] [ClientServer/GameBox/startGame/KERNEL]: 接收角色详细信息(000A)超时!(未接收到主角信息)
[15:54:31] [ClientServer/GameBox/startGame/KERNEL]: 接收角色详细信息(000A)超时!(未接收到主角信息)
[15:54:31] [ClientServer/GameBox/startGame/KERNEL]: 接收角色详细信息(000A)超时!(未接收到主角信息)
[15:54:31] [ClientServer/GameBox/startGame/KERNEL]: 接收角色详细信息(000A)超时!(未接收到主角信息)
[15:54:31] [ClientServer/GameBox/startGame/KERNEL]: 接收角色详细信息(000A)超时!(未接收到主角信息)
[15:54:32] [ClientServer/GameBox/startGame/KERNEL]: 接收角色详细信息(000A)超时!(未接收到主角信息)
[15:54:32] [ClientServer/GameBox/startGame/KERNEL]: 接收角色详细信息(000A)超时!(未接收到主角信息)
[15:54:32] [ClientServer/GameBox/startGame/KERNEL]: 接收角色详细信息(000A)超时!(未接收到主角信息)
[15:54:32] [ClientServer/GameBox/startGame/KERNEL]: 接收角色详细信息(000A)超时!(未接收到主角信息)
[15:54:32] [ClientServer/GameBox/startGame/KERNEL]: 接收角色详细信息(000A)超时!(未接收到主角信息)
[15:54:33] [ClientServer/GameBox/startGame/KERNEL]: 接收角色详细信息(000A)超时!(未接收到主角信息)
[15:54:33] [ClientServer/GameBox/startGame/KERNEL]: 接收角色详细信息(000A)超时!(未接收到主角信息)
[15:54:33] [ClientServer/GameBox/startGame/KERNEL]: 接收角色详细信息(000A)超时!(未接收到主角信息)
[15:54:33] [ClientServer/GameBox/startGame/KERNEL]: 接收角色详细信息(000A)超时!(未接收到主角信息)
[15:54:33] [ClientServer/GameBox/startGame/KERNEL]: 接收角色详细信息(000A)超时!(未接收到主角信息)
[15:54:34] [ClientServer/GameBox/startGame/KERNEL]: 接收角色详细信息(000A)超时!(未接收到主角信息)
[15:54:34] [ClientServer/GameBox/startGame/KERNEL]: 接收角色详细信息(000A)超时!(未接收到主角信息)
[15:54:34] [ClientServer/GameBox/startGame/KERNEL]: 接收角色详细信息(000A)超时!(未接收到主角信息)
[15:54:34] [ClientServer/GameBox/startGame/KERNEL]: 接收角色详细信息(000A)超时!(未接收到主角信息)
[15:54:34] [ClientServer/GameBox/startGame/KERNEL]: 接收角色详细信息(000A)超时!(未接收到主角信息)
[15:54:35] [ClientServer/GameBox/startGame/KERNEL]: 接收角色详细信息(000A)超时!(未接收到主角信息)
[15:54:35] [ClientServer/GameBox/startGame/KERNEL]: 接收角色详细信息(000A)超时!(未接收到主角信息)
[15:54:35] [ClientServer/GameBox/startGame/KERNEL]: 接收角色详细信息(000A)超时!(未接收到主角信息)
[15:54:35] [ClientServer/GameBox/startGame/KERNEL]: 接收角色详细信息(000A)超时!(未接收到主角信息)
[15:54:35] [ClientServer/GameBox/startGame/KERNEL]: 接收角色详细信息(000A)超时!(未接收到主角信息)
[15:54:36] [ClientServer/GameBox/startGame/KERNEL]: 接收角色详细信息(000A)超时!(未接收到主角信息)
[15:54:36] [ClientServer/GameBox/startGame/KERNEL]: 接收角色详细信息(000A)超时!(未接收到主角信息)
[15:54:36] [ClientServer/GameBox/startGame/KERNEL]: 接收角色详细信息(000A)超时!(未接收到主角信息)
[15:54:36] [ClientServer/GameBox/startGame/KERNEL]: 接收角色详细信息(000A)超时!(未接收到主角信息)
[15:54:36] [ClientServer/GameBox/startGame/KERNEL]: 接收角色详细信息(000A)超时!(未接收到主角信息)
[15:54:37] [ClientServer/GameBox/startGame/KERNEL]: 接收角色详细信息(000A)超时!(未接收到主角信息)
[15:54:37] [ClientServer/GameBox/startGame/KERNEL]: 接收角色详细信息(000A)超时!(未接收到主角信息)
[15:54:37] [ClientServer/GameBox/startGame/KERNEL]: 接收角色详细信息(000A)超时!(未接收到主角信息)
[15:54:37] [ClientServer/GameBox/startGame/KERNEL]: 接收角色详细信息(000A)超时!(未接收到主角信息)
[15:54:37] [ClientServer/GameBox/startGame/KERNEL]: 接收角色详细信息(000A)超时!(未接收到主角信息)
[15:54:38] [ClientServer/GameBox/startGame/KERNEL]: 接收角色详细信息(000A)超时!(未接收到主角信息)
[15:54:38] [ClientServer/GameBox/startGame/KERNEL]: 接收角色详细信息(000A)超时!(未接收到主角信息)
[15:54:38] [ClientServer/GameBox/startGame/KERNEL]: 接收角色详细信息(000A)超时!(未接收到主角信息)
[15:54:38] [ClientServer/GameBox/startGame/KERNEL]: 接收角色详细信息(000A)超时!(未接收到主角信息)
[15:54:38] [ClientServer/GameBox/startGame/KERNEL]: 接收角色详细信息(000A)超时!(未接收到主角信息)
[15:54:39] [ClientServer/GameBox/startGame/KERNEL]: 接收角色详细信息(000A)超时!(未接收到主角信息)
[15:54:39] [ClientServer/GameBox/startGame/KERNEL]: 接收角色详细信息(000A)超时!(未接收到主角信息)
[15:54:39] [ClientServer/GameBox/startGame/KERNEL]: 接收角色详细信息(000A)超时!(未接收到主角信息)
[15:54:39] [ClientServer/GameBox/startGame/KERNEL]: 接收角色详细信息(000A)超时!(未接收到主角信息)
[15:54:39] [ClientServer/GameBox/startGame/KERNEL]: 接收角色详细信息(000A)超时!(未接收到主角信息)
[15:54:40] [ClientServer/GameBox/startGame/KERNEL]: 接收角色详细信息(000A)超时!(未接收到主角信息)
[15:54:40] [ClientServer/GameBox/startGame/KERNEL]: 接收角色详细信息(000A)超时!(未接收到主角信息)
[15:54:40] [ClientServer/GameBox/startGame/KERNEL]: 接收角色详细信息(000A)超时!(未接收到主角信息)
[15:54:40] [ClientServer/GameBox/startGame/KERNEL]: 接收角色详细信息(000A)超时!(未接收到主角信息)
[15:54:40] [ClientServer/GameBox/startGame/KERNEL]: 接收角色详细信息(000A)超时!(未接收到主角信息)
[15:54:41] [ClientServer/GameBox/startGame/KERNEL]: 接收角色详细信息(000A)超时!(未接收到主角信息)
[15:54:41] [ClientServer/GameBox/startGame/KERNEL]: 接收角色详细信息(000A)超时!(未接收到主角信息)
[15:54:41] [ClientServer/GameBox/startGame/KERNEL]: 接收角色详细信息(000A)超时!(未接收到主角信息)
[15:54:41] [ClientServer/GameBox/startGame/KERNEL]: 接收角色详细信息(000A)超时!(未接收到主角信息)
[15:54:41] [ClientServer/GameBox/startGame/KERNEL]: 接收角色详细信息(000A)超时!(未接收到主角信息)
[15:54:42] [ClientServer/GameBox/startGame/KERNEL]: 接收角色详细信息(000A)超时!(未接收到主角信息)
[15:54:42] [ClientServer/GameBox/startGame/KERNEL]: 接收角色详细信息(000A)超时!(未接收到主角信息)
[15:54:42] [ClientServer/GameBox/startGame/KERNEL]: 接收角色详细信息(000A)超时!(未接收到主角信息)
[15:54:42] [ClientServer/GameBox/startGame/KERNEL]: 接收角色详细信息(000A)超时!(未接收到主角信息)
[15:54:42] [ClientServer/GameBox/startGame/KERNEL]: 接收角色详细信息(000A)超时!(未接收到主角信息)
[15:54:43] [ClientServer/GameBox/startGame/KERNEL]: 接收角色详细信息(000A)超时!(未接收到主角信息)
[15:54:43] [ClientServer/GameBox/startGame/KERNEL]: 接收角色详细信息(000A)超时!(未接收到主角信息)
[15:54:43] [ClientServer/GameBox/startGame/KERNEL]: 接收角色详细信息(000A)超时!(未接收到主角信息)
[15:54:43] [ClientServer/GameBox/startGame/KERNEL]: 接收角色详细信息(000A)超时!(未接收到主角信息)
[15:54:43] [ClientServer/GameBox/startGame/KERNEL]: 接收角色详细信息(000A)超时!(未接收到主角信息)
[15:54:44] [ClientServer/GameBox/startGame/KERNEL]: 接收角色详细信息(000A)超时!(未接收到主角信息)
[15:54:44] [ClientServer/GameBox/startGame/KERNEL]: 接收角色详细信息(000A)超时!(未接收到主角信息)
[15:54:44] [ClientServer/GameBox/startGame/KERNEL]: 接收角色详细信息(000A)超时!(未接收到主角信息)
[15:54:44] [ClientServer/GameBox/startGame/KERNEL]: 接收角色详细信息(000A)超时!(未接收到主角信息)
[15:54:44] [ClientServer/GameBox/startGame/KERNEL]: 接收角色详细信息(000A)超时!(未接收到主角信息)
[15:54:45] [ClientServer/GameBox/startGame/KERNEL]: 接收角色详细信息(000A)超时!(未接收到主角信息)
[15:54:45] [ClientServer/GameBox/startGame/KERNEL]: 接收角色详细信息(000A)超时!(未接收到主角信息)
[15:54:45] [ClientServer/GameBox/startGame/KERNEL]: 接收角色详细信息(000A)超时!(未接收到主角信息)
[15:54:45] [ClientServer/GameBox/startGame/KERNEL]: 接收角色详细信息(000A)超时!(未接收到主角信息)
[15:54:45] [ClientServer/GameBox/startGame/KERNEL]: 接收角色详细信息(000A)超时!(未接收到主角信息)
[15:54:46] [ClientServer/GameBox/startGame/KERNEL]: 接收角色详细信息(000A)超时!(未接收到主角信息)
[15:54:46] [ClientServer/GameBox/startGame/KERNEL]: 接收角色详细信息(000A)超时!(未接收到主角信息)
[15:54:46] [ClientServer/GameBox/startGame/KERNEL]: 接收角色详细信息(000A)超时!(未接收到主角信息)
[15:54:46] [ClientServer/GameBox/startGame/KERNEL]: 接收角色详细信息(000A)超时!(未接收到主角信息)
[15:54:46] [ClientServer/GameBox/startGame/KERNEL]: 接收角色详细信息(000A)超时!(未接收到主角信息)
[15:54:47] [ClientServer/GameBox/startGame/KERNEL]: 接收角色详细信息(000A)超时!(未接收到主角信息)
[15:54:47] [ClientServer/GameBox/startGame/KERNEL]: 接收角色详细信息(000A)超时!(未接收到主角信息)
[15:54:47] [ClientServer/GameBox/startGame/KERNEL]: 接收角色详细信息(000A)超时!(未接收到主角信息)
[15:54:47] [ClientServer/GameBox/startGame/KERNEL]: 接收角色详细信息(000A)超时!(未接收到主角信息)
[15:54:47] [ClientServer/GameBox/startGame/KERNEL]: 接收角色详细信息(000A)超时!(未接收到主角信息)
[15:54:48] [ClientServer/GameBox/startGame/KERNEL]: 接收角色详细信息(000A)超时!(未接收到主角信息)
[15:54:48] [ClientServer/GameBox/startGame/KERNEL]: 接收角色详细信息(000A)超时!(未接收到主角信息)
[15:54:48] [ClientServer/GameBox/startGame/KERNEL]: 接收角色详细信息(000A)超时!(未接收到主角信息)
[15:54:48] [ClientServer/GameBox/startGame/KERNEL]: 接收角色详细信息(000A)超时!(未接收到主角信息)
[15:54:48] [ClientServer/GameBox/startGame/KERNEL]: 接收角色详细信息(000A)超时!(未接收到主角信息)
[15:54:49] [ClientServer/GameBox/startGame/KERNEL]: 接收角色详细信息(000A)超时!(未接收到主角信息)
[15:54:49] [ClientServer/GameBox/startGame/KERNEL]: 接收角色详细信息(000A)超时!(未接收到主角信息)
[15:54:49] [ClientServer/GameBox/startGame/KERNEL]: 接收角色详细信息(000A)超时!(未接收到主角信息)
[15:54:49] [ClientServer/GameBox/startGame/KERNEL]: 接收角色详细信息(000A)超时!(未接收到主角信息)
[15:54:49] [ClientServer/GameBox/startGame/KERNEL]: 接收角色详细信息(000A)超时!(未接收到主角信息)
[15:54:50] [ClientServer/GameBox/startGame/KERNEL]: 接收角色详细信息(000A)超时!(未接收到主角信息)
[15:54:50] [ClientServer/GameBox/startGame/KERNEL]: 接收角色详细信息(000A)超时!(未接收到主角信息)
[15:54:50] [ClientServer/GameBox/startGame/KERNEL]: 接收角色详细信息(000A)超时!(未接收到主角信息)
[15:54:50] [ClientServer/GameBox/startGame/KERNEL]: 接收角色详细信息(000A)超时!(未接收到主角信息)
[15:54:50] [ClientServer/GameBox/startGame/KERNEL]: 接收角色详细信息(000A)超时!(未接收到主角信息)
[15:54:51] [ClientServer/GameBox/startGame/KERNEL]: 接收角色详细信息(000A)超时!(未接收到主角信息)
[15:54:51] [ClientServer/GameBox/startGame/KERNEL]: 接收角色详细信息(000A)超时!(未接收到主角信息)
[15:54:51] [ClientServer/GameBox/startGame/KERNEL]: 接收角色详细信息(000A)超时!(未接收到主角信息)
[15:54:51] [ClientServer/GameBox/startGame/KERNEL]: 接收角色详细信息(000A)超时!(未接收到主角信息)
[15:54:51] [ClientServer/GameBox/startGame/KERNEL]: 接收角色详细信息(000A)超时!(未接收到主角信息)
[15:54:52] [ClientServer/GameBox/startGame/KERNEL]: 接收角色详细信息(000A)超时!(未接收到主角信息)
[15:54:52] [ClientServer/GameBox/startGame/KERNEL]: 接收角色详细信息(000A)超时!(未接收到主角信息)
[15:54:52] [ClientServer/GameBox/startGame/KERNEL]: 接收角色详细信息(000A)超时!(未接收到主角信息)
[15:54:52] [ClientServer/GameBox/startGame/KERNEL]: 接收角色详细信息(000A)超时!(未接收到主角信息)
[15:54:52] [ClientServer/GameBox/startGame/KERNEL]: 接收角色详细信息(000A)超时!(未接收到主角信息)
[15:54:53] [ClientServer/GameBox/startGame/KERNEL]: 接收角色详细信息(000A)超时!(未接收到主角信息)
[15:54:53] [ClientServer/GameBox/startGame/KERNEL]: 接收角色详细信息(000A)超时!(未接收到主角信息)
[15:54:53] [ClientServer/GameBox/startGame/KERNEL]: 接收角色详细信息(000A)超时!(未接收到主角信息)
[15:54:53] [ClientServer/GameBox/startGame/KERNEL]: 接收角色详细信息(000A)超时!(未接收到主角信息)
[15:54:53] [ClientServer/GameBox/startGame/KERNEL]: 接收角色详细信息(000A)超时!(未接收到主角信息)
[15:54:54] [ClientServer/GameBox/startGame/KERNEL]: 接收角色详细信息(000A)超时!(未接收到主角信息)
[15:54:54] [ClientServer/GameBox/startGame/KERNEL]: 接收角色详细信息(000A)超时!(未接收到主角信息)
[15:54:54] [ClientServer/GameBox/startGame/KERNEL]: 接收角色详细信息(000A)超时!(未接收到主角信息)
[15:54:54] [ClientServer/GameBox/startGame/KERNEL]: 接收角色详细信息(000A)超时!(未接收到主角信息)
[15:54:54] [ClientServer/GameBox/startGame/KERNEL]: 接收角色详细信息(000A)超时!(未接收到主角信息)
[15:54:55] [ClientServer/GameBox/startGame/KERNEL]: 接收角色详细信息(000A)超时!(未接收到主角信息)
[15:54:55] [ClientServer/GameBox/startGame/KERNEL]: 接收角色详细信息(000A)超时!(未接收到主角信息)
[15:54:55] [ClientServer/GameBox/startGame/KERNEL]: 接收角色详细信息(000A)超时!(未接收到主角信息)
[15:54:55] [ClientServer/GameBox/startGame/KERNEL]: 接收角色详细信息(000A)超时!(未接收到主角信息)
[15:54:55] [ClientServer/GameBox/startGame/KERNEL]: 接收角色详细信息(000A)超时!(未接收到主角信息)
[15:54:56] [ClientServer/GameBox/startGame/KERNEL]: 接收角色详细信息(000A)超时!(未接收到主角信息)
[15:54:56] [ClientServer/GameBox/startGame/KERNEL]: 接收角色详细信息(000A)超时!(未接收到主角信息)
[15:54:56] [ClientServer/GameBox/startGame/KERNEL]: 接收角色详细信息(000A)超时!(未接收到主角信息)
[15:54:56] [ClientServer/GameBox/startGame/KERNEL]: 接收角色详细信息(000A)超时!(未接收到主角信息)
[15:54:56] [ClientServer/GameBox/startGame/KERNEL]: 接收角色详细信息(000A)超时!(未接收到主角信息)
[15:54:57] [ClientServer/GameBox/startGame/KERNEL]: 接收角色详细信息(000A)超时!(未接收到主角信息)
[15:54:57] [ClientServer/GameBox/startGame/KERNEL]: 接收角色详细信息(000A)超时!(未接收到主角信息)
[15:54:57] [ClientServer/GameBox/startGame/KERNEL]: 接收角色详细信息(000A)超时!(未接收到主角信息)
[15:54:57] [ClientServer/GameBox/startGame/KERNEL]: 接收角色详细信息(000A)超时!(未接收到主角信息)
[15:54:57] [ClientServer/GameBox/startGame/KERNEL]: 接收角色详细信息(000A)超时!(未接收到主角信息)
[15:54:58] [ClientServer/GameBox/startGame/KERNEL]: 接收角色详细信息(000A)超时!(未接收到主角信息)
[15:54:58] [ClientServer/GameBox/startGame/KERNEL]: 接收角色详细信息(000A)超时!(未接收到主角信息)
[15:54:58] [ClientServer/GameBox/startGame/KERNEL]: 接收角色详细信息(000A)超时!(未接收到主角信息)
[15:54:58] [ClientServer/GameBox/startGame/KERNEL]: 接收角色详细信息(000A)超时!(未接收到主角信息)
[15:54:58] [ClientServer/GameBox/startGame/KERNEL]: 接收角色详细信息(000A)超时!(未接收到主角信息)
[15:54:59] [ClientServer/GameBox/startGame/KERNEL]: 接收角色详细信息(000A)超时!(未接收到主角信息)
[15:54:59] [ClientServer/GameBox/startGame/KERNEL]: 接收角色详细信息(000A)超时!(未接收到主角信息)
[15:54:59] [ClientServer/GameBox/startGame/KERNEL]: 接收角色详细信息(000A)超时!(未接收到主角信息)
[15:54:59] [ClientServer/GameBox/startGame/KERNEL]: 接收角色详细信息(000A)超时!(未接收到主角信息)
[15:54:59] [ClientServer/GameBox/startGame/KERNEL]: 接收角色详细信息(000A)超时!(未接收到主角信息)
[15:55:00] [ClientServer/GameBox/startGame/KERNEL]: 接收角色详细信息(000A)超时!(未接收到主角信息)
[15:55:00] [ClientServer/GameBox/startGame/KERNEL]: 接收角色详细信息(000A)超时!(未接收到主角信息)
[15:55:00] [ClientServer/GameBox/startGame/KERNEL]: 接收角色详细信息(000A)超时!(未接收到主角信息)
[15:55:00] [ClientServer/GameBox/startGame/KERNEL]: 接收角色详细信息(000A)超时!(未接收到主角信息)
[15:55:00] [ClientServer/GameBox/startGame/KERNEL]: 接收角色详细信息(000A)超时!(未接收到主角信息)
[15:55:01] [ClientServer/GameBox/startGame/KERNEL]: 接收角色详细信息(000A)超时!(未接收到主角信息)
[15:55:01] [ClientServer/GameBox/startGame/KERNEL]: 接收角色详细信息(000A)超时!(未接收到主角信息)
[15:55:01] [ClientServer/GameBox/startGame/KERNEL]: 接收角色详细信息(000A)超时!(未接收到主角信息)
[15:55:01] [ClientServer/GameBox/startGame/KERNEL]: 接收角色详细信息(000A)超时!(未接收到主角信息)
[15:55:01] [ClientServer/GameBox/startGame/KERNEL]: 接收角色详细信息(000A)超时!(未接收到主角信息)
[15:55:02] [ClientServer/GameBox/startGame/KERNEL]: 接收角色详细信息(000A)超时!(未接收到主角信息)
[15:55:02] [ClientServer/GameBox/startGame/KERNEL]: 接收角色详细信息(000A)超时!(未接收到主角信息)
[15:55:02] [ClientServer/GameBox/startGame/KERNEL]: 接收角色详细信息(000A)超时!(未接收到主角信息)
[15:55:02] [ClientServer/GameBox/startGame/KERNEL]: 接收角色详细信息(000A)超时!(未接收到主角信息)
[15:55:02] [ClientServer/GameBox/startGame/KERNEL]: 接收角色详细信息(000A)超时!(未接收到主角信息)
[15:55:03] [ClientServer/GameBox/startGame/KERNEL]: 接收角色详细信息(000A)超时!(未接收到主角信息)
[15:55:03] [ClientServer/GameBox/startGame/KERNEL]: 接收角色详细信息(000A)超时!(未接收到主角信息)
[15:55:03] [ClientServer/GameBox/startGame/KERNEL]: 接收角色详细信息(000A)超时!(未接收到主角信息)
[15:55:03] [ClientServer/GameBox/startGame/KERNEL]: 接收角色详细信息(000A)超时!(未接收到主角信息)
[15:55:03] [ClientServer/GameBox/startGame/KERNEL]: 接收角色详细信息(000A)超时!(未接收到主角信息)
[15:55:04] [ClientServer/GameBox/startGame/KERNEL]: 接收角色详细信息(000A)超时!(未接收到主角信息)
[15:55:04] [ClientServer/GameBox/startGame/KERNEL]: 接收角色详细信息(000A)超时!(未接收到主角信息)
[15:55:04] [ClientServer/GameBox/startGame/KERNEL]: 接收角色详细信息(000A)超时!(未接收到主角信息)
[15:55:04] [ClientServer/GameBox/startGame/KERNEL]: 接收角色详细信息(000A)超时!(未接收到主角信息)
[15:55:04] [ClientServer/GameBox/startGame/KERNEL]: 接收角色详细信息(000A)超时!(未接收到主角信息)
[15:55:05] [ClientServer/GameBox/startGame/KERNEL]: 接收角色详细信息(000A)超时!(未接收到主角信息)
[15:55:05] [ClientServer/GameBox/startGame/KERNEL]: 接收角色详细信息(000A)超时!(未接收到主角信息)
[15:55:05] [ClientServer/GameBox/startGame/KERNEL]: 接收角色详细信息(000A)超时!(未接收到主角信息)
[15:55:05] [ClientServer/GameBox/startGame/KERNEL]: 接收角色详细信息(000A)超时!(未接收到主角信息)
[15:55:05] [ClientServer/GameBox/startGame/KERNEL]: 接收角色详细信息(000A)超时!(未接收到主角信息)
[15:55:06] [ClientServer/GameBox/startGame/KERNEL]: 接收角色详细信息(000A)超时!(未接收到主角信息)
[15:55:06] [ClientServer/GameBox/startGame/KERNEL]: 接收角色详细信息(000A)超时!(未接收到主角信息)
[15:55:06] [ClientServer/GameBox/startGame/KERNEL]: 接收角色详细信息(000A)超时!(未接收到主角信息)
[15:55:06] [ClientServer/GameBox/startGame/KERNEL]: 接收角色详细信息(000A)超时!(未接收到主角信息)
[15:55:06] [ClientServer/GameBox/startGame/KERNEL]: 接收角色详细信息(000A)超时!(未接收到主角信息)
[15:55:07] [ClientServer/GameBox/startGame/KERNEL]: 接收角色详细信息(000A)超时!(未接收到主角信息)
[15:55:07] [ClientServer/GameBox/startGame/KERNEL]: 接收角色详细信息(000A)超时!(未接收到主角信息)
[15:55:07] [ClientServer/GameBox/startGame/KERNEL]: 接收角色详细信息(000A)超时!(未接收到主角信息)
[15:55:07] [ClientServer/GameBox/startGame/KERNEL]: 接收角色详细信息(000A)超时!(未接收到主角信息)
[15:55:07] [ClientServer/GameBox/startGame/KERNEL]: 接收角色详细信息(000A)超时!(未接收到主角信息)
[15:55:08] [ClientServer/GameBox/startGame/KERNEL]: 接收角色详细信息(000A)超时!(未接收到主角信息)
[15:55:08] [ClientServer/GameBox/startGame/KERNEL]: 接收角色详细信息(000A)超时!(未接收到主角信息)
[15:55:08] [ClientServer/GameBox/startGame/KERNEL]: 接收角色详细信息(000A)超时!(未接收到主角信息)
[15:55:08] [ClientServer/GameBox/startGame/KERNEL]: 接收角色详细信息(000A)超时!(未接收到主角信息)
[15:55:08] [ClientServer/GameBox/startGame/KERNEL]: 接收角色详细信息(000A)超时!(未接收到主角信息)
[15:55:09] [ClientServer/GameBox/startGame/KERNEL]: 接收角色详细信息(000A)超时!(未接收到主角信息)
[15:55:09] [ClientServer/GameBox/startGame/KERNEL]: 接收角色详细信息(000A)超时!(未接收到主角信息)
[15:55:09] [ClientServer/GameBox/startGame/KERNEL]: 接收角色详细信息(000A)超时!(未接收到主角信息)
[15:55:09] [ClientServer/GameBox/startGame/KERNEL]: 接收角色详细信息(000A)超时!(未接收到主角信息)
[15:55:09] [ClientServer/GameBox/startGame/KERNEL]: 接收角色详细信息(000A)超时!(未接收到主角信息)
[15:55:10] [ClientServer/GameBox/startGame/KERNEL]: 接收角色详细信息(000A)超时!(未接收到主角信息)
[15:55:10] [ClientServer/GameBox/startGame/KERNEL]: 接收角色详细信息(000A)超时!(未接收到主角信息)
[15:55:10] [ClientServer/GameBox/startGame/KERNEL]: 接收角色详细信息(000A)超时!(未接收到主角信息)
[15:55:10] [ClientServer/GameBox/startGame/KERNEL]: 接收角色详细信息(000A)超时!(未接收到主角信息)
[15:55:10] [ClientServer/GameBox/startGame/KERNEL]: 接收角色详细信息(000A)超时!(未接收到主角信息)
[15:55:11] [ClientServer/GameBox/startGame/KERNEL]: 接收角色详细信息(000A)超时!(未接收到主角信息)
[15:55:11] [ClientServer/GameBox/startGame/KERNEL]: 接收角色详细信息(000A)超时!(未接收到主角信息)
[15:55:11] [ClientServer/GameBox/startGame/KERNEL]: 接收角色详细信息(000A)超时!(未接收到主角信息)
[15:55:11] [ClientServer/GameBox/startGame/KERNEL]: 接收角色详细信息(000A)超时!(未接收到主角信息)
[15:55:11] [ClientServer/GameBox/startGame/KERNEL]: 接收角色详细信息(000A)超时!(未接收到主角信息)
[15:55:12] [ClientServer/GameBox/startGame/KERNEL]: 接收角色详细信息(000A)超时!(未接收到主角信息)
[15:55:12] [ClientServer/GameBox/startGame/KERNEL]: 接收角色详细信息(000A)超时!(未接收到主角信息)
[15:55:12] [ClientServer/GameBox/startGame/KERNEL]: 接收角色详细信息(000A)超时!(未接收到主角信息)
[15:55:12] [ClientServer/GameBox/startGame/KERNEL]: 接收角色详细信息(000A)超时!(未接收到主角信息)
[15:55:12] [ClientServer/GameBox/startGame/KERNEL]: 接收角色详细信息(000A)超时!(未接收到主角信息)
[15:55:13] [ClientServer/GameBox/startGame/KERNEL]: 接收角色详细信息(000A)超时!(未接收到主角信息)
[15:55:13] [ClientServer/GameBox/startGame/KERNEL]: 接收角色详细信息(000A)超时!(未接收到主角信息)
[15:55:13] [ClientServer/GameBox/startGame/KERNEL]: 接收角色详细信息(000A)超时!(未接收到主角信息)
[15:55:13] [ClientServer/GameBox/startGame/KERNEL]: 接收角色详细信息(000A)超时!(未接收到主角信息)
[15:55:13] [ClientServer/GameBox/startGame/KERNEL]: 接收角色详细信息(000A)超时!(未接收到主角信息)
[15:55:14] [ClientServer/GameBox/startGame/KERNEL]: 接收角色详细信息(000A)超时!(未接收到主角信息)
[15:55:14] [ClientServer/GameBox/startGame/KERNEL]: 接收角色详细信息(000A)超时!(未接收到主角信息)
[15:55:14] [ClientServer/GameBox/startGame/KERNEL]: 接收角色详细信息(000A)超时!(未接收到主角信息)
[15:55:14] [ClientServer/GameBox/startGame/KERNEL]: 接收角色详细信息(000A)超时!(未接收到主角信息)
[15:55:14] [ClientServer/GameBox/startGame/KERNEL]: 接收角色详细信息(000A)超时!(未接收到主角信息)
[15:55:15] [ClientServer/GameBox/startGame/KERNEL]: 接收角色详细信息(000A)超时!(未接收到主角信息)
[15:55:15] [ClientServer/GameBox/startGame/KERNEL]: 接收角色详细信息(000A)超时!(未接收到主角信息)
[15:55:15] [ClientServer/GameBox/startGame/KERNEL]: 接收角色详细信息(000A)超时!(未接收到主角信息)
[15:55:15] [ClientServer/GameBox/startGame/KERNEL]: 接收角色详细信息(000A)超时!(未接收到主角信息)
[15:55:15] [ClientServer/GameBox/startGame/KERNEL]: 接收角色详细信息(000A)超时!(未接收到主角信息)
[15:55:16] [ClientServer/GameBox/startGame/KERNEL]: 接收角色详细信息(000A)超时!(未接收到主角信息)
[15:55:16] [ClientServer/GameBox/startGame/KERNEL]: 接收角色详细信息(000A)超时!(未接收到主角信息)
[15:55:16] [ClientServer/GameBox/startGame/KERNEL]: 接收角色详细信息(000A)超时!(未接收到主角信息)
[15:55:16] [ClientServer/GameBox/startGame/KERNEL]: 接收角色详细信息(000A)超时!(未接收到主角信息)
[15:55:16] [ClientServer/GameBox/startGame/KERNEL]: 接收角色详细信息(000A)超时!(未接收到主角信息)
[15:55:17] [ClientServer/GameBox/startGame/KERNEL]: 接收角色详细信息(000A)超时!(未接收到主角信息)
[15:55:17] [ClientServer/GameBox/startGame/KERNEL]: 接收角色详细信息(000A)超时!(未接收到主角信息)
[15:55:17] [ClientServer/GameBox/startGame/KERNEL]: 接收角色详细信息(000A)超时!(未接收到主角信息)
[15:55:17] [ClientServer/GameBox/startGame/KERNEL]: 接收角色详细信息(000A)超时!(未接收到主角信息)
[15:55:17] [ClientServer/GameBox/startGame/KERNEL]: 接收角色详细信息(000A)超时!(未接收到主角信息)
[15:55:18] [ClientServer/GameBox/startGame/KERNEL]: 接收角色详细信息(000A)超时!(未接收到主角信息)
[15:55:18] [ClientServer/GameBox/startGame/KERNEL]: 接收角色详细信息(000A)超时!(未接收到主角信息)
[15:55:18] [ClientServer/GameBox/startGame/KERNEL]: 接收角色详细信息(000A)超时!(未接收到主角信息)
[15:55:18] [ClientServer/GameBox/startGame/KERNEL]: 接收角色详细信息(000A)超时!(未接收到主角信息)
[15:55:18] [ClientServer/GameBox/startGame/KERNEL]: 接收角色详细信息(000A)超时!(未接收到主角信息)
[15:55:19] [ClientServer/GameBox/startGame/KERNEL]: 接收角色详细信息(000A)超时!(未接收到主角信息)
[15:55:19] [ClientServer/GameBox/startGame/KERNEL]: 接收角色详细信息(000A)超时!(未接收到主角信息)
[15:55:19] [ClientServer/GameBox/startGame/KERNEL]: 接收角色详细信息(000A)超时!(未接收到主角信息)
[15:55:19] [ClientServer/GameBox/startGame/KERNEL]: 接收角色详细信息(000A)超时!(未接收到主角信息)
[15:55:19] [ClientServer/GameBox/startGame/KERNEL]: 接收角色详细信息(000A)超时!(未接收到主角信息)
[15:55:20] [ClientServer/GameBox/startGame/KERNEL]: 接收角色详细信息(000A)超时!(未接收到主角信息)
[15:55:20] [ClientServer/GameBox/startGame/KERNEL]: 接收角色详细信息(000A)超时!(未接收到主角信息)
[15:55:20] [ClientServer/GameBox/startGame/KERNEL]: 接收角色详细信息(000A)超时!(未接收到主角信息)
[15:55:20] [ClientServer/GameBox/startGame/KERNEL]: 接收角色详细信息(000A)超时!(未接收到主角信息)
[15:55:20] [ClientServer/GameBox/startGame/KERNEL]: 接收角色详细信息(000A)超时!(未接收到主角信息)
[15:55:21] [ClientServer/GameBox/startGame/KERNEL]: 接收角色详细信息(000A)超时!(未接收到主角信息)
[15:55:21] [ClientServer/GameBox/startGame/KERNEL]: 接收角色详细信息(000A)超时!(未接收到主角信息)
[15:55:21] [ClientServer/GameBox/startGame/KERNEL]: 接收角色详细信息(000A)超时!(未接收到主角信息)
[15:55:21] [ClientServer/GameBox/startGame/KERNEL]: 接收角色详细信息(000A)超时!(未接收到主角信息)
[15:55:21] [ClientServer/GameBox/startGame/KERNEL]: 接收角色详细信息(000A)超时!(未接收到主角信息)
[15:55:22] [ClientServer/GameBox/startGame/KERNEL]: 接收角色详细信息(000A)超时!(未接收到主角信息)
[15:55:22] [ClientServer/GameBox/startGame/KERNEL]: 接收角色详细信息(000A)超时!(未接收到主角信息)
[15:55:22] [ClientServer/GameBox/startGame/KERNEL]: 接收角色详细信息(000A)超时!(未接收到主角信息)
[15:55:22] [ClientServer/GameBox/startGame/KERNEL]: 接收角色详细信息(000A)超时!(未接收到主角信息)
[15:55:22] [ClientServer/GameBox/startGame/KERNEL]: 接收角色详细信息(000A)超时!(未接收到主角信息)
[15:55:23] [ClientServer/GameBox/startGame/KERNEL]: 接收角色详细信息(000A)超时!(未接收到主角信息)
[15:55:23] [ClientServer/GameBox/startGame/KERNEL]: 接收角色详细信息(000A)超时!(未接收到主角信息)
[15:55:23] [ClientServer/GameBox/startGame/KERNEL]: 接收角色详细信息(000A)超时!(未接收到主角信息)
[15:55:23] [ClientServer/GameBox/startGame/KERNEL]: 接收角色详细信息(000A)超时!(未接收到主角信息)
[15:55:23] [ClientServer/GameBox/startGame/KERNEL]: 接收角色详细信息(000A)超时!(未接收到主角信息)
[15:55:24] [ClientServer/GameBox/startGame/KERNEL]: 接收角色详细信息(000A)超时!(未接收到主角信息)
[15:55:24] [ClientServer/GameBox/startGame/KERNEL]: 接收角色详细信息(000A)超时!(未接收到主角信息)
[15:55:24] [ClientServer/GameBox/startGame/KERNEL]: 接收角色详细信息(000A)超时!(未接收到主角信息)
[15:55:24] [ClientServer/GameBox/startGame/KERNEL]: 接收角色详细信息(000A)超时!(未接收到主角信息)
[15:55:24] [ClientServer/GameBox/startGame/KERNEL]: 接收角色详细信息(000A)超时!(未接收到主角信息)
[15:55:25] [ClientServer/GameBox/startGame/KERNEL]: 接收角色详细信息(000A)超时!(未接收到主角信息)
[15:55:25] [ClientServer/GameBox/startGame/KERNEL]: 接收角色详细信息(000A)超时!(未接收到主角信息)
[15:55:25] [ClientServer/GameBox/startGame/KERNEL]: 接收角色详细信息(000A)超时!(未接收到主角信息)
[15:55:25] [ClientServer/GameBox/startGame/KERNEL]: 接收角色详细信息(000A)超时!(未接收到主角信息)
[15:55:25] [ClientServer/GameBox/startGame/KERNEL]: 接收角色详细信息(000A)超时!(未接收到主角信息)
[15:55:26] [ClientServer/GameBox/startGame/KERNEL]: 接收角色详细信息(000A)超时!(未接收到主角信息)
[15:55:26] [ClientServer/GameBox/startGame/KERNEL]: 接收角色详细信息(000A)超时!(未接收到主角信息)
[15:55:26] [ClientServer/GameBox/startGame/KERNEL]: 接收角色详细信息(000A)超时!(未接收到主角信息)
[15:55:26] [ClientServer/GameBox/startGame/KERNEL]: 接收角色详细信息(000A)超时!(未接收到主角信息)
[15:55:26] [ClientServer/GameBox/startGame/KERNEL]: 接收角色详细信息(000A)超时!(未接收到主角信息)
[15:55:27] [ClientServer/GameBox/startGame/KERNEL]: 接收角色详细信息(000A)超时!(未接收到主角信息)
[15:55:27] [ClientServer/GameBox/startGame/KERNEL]: 接收角色详细信息(000A)超时!(未接收到主角信息)
[15:55:27] [ClientServer/GameBox/startGame/KERNEL]: 接收角色详细信息(000A)超时!(未接收到主角信息)
[15:55:27] [ClientServer/GameBox/startGame/KERNEL]: 接收角色详细信息(000A)超时!(未接收到主角信息)
[15:55:27] [ClientServer/GameBox/startGame/KERNEL]: 接收角色详细信息(000A)超时!(未接收到主角信息)
[15:55:28] [ClientServer/GameBox/startGame/KERNEL]: 接收角色详细信息(000A)超时!(未接收到主角信息)
[15:55:28] [ClientServer/GameBox/startGame/KERNEL]: 接收角色详细信息(000A)超时!(未接收到主角信息)
[15:55:28] [ClientServer/GameBox/startGame/KERNEL]: 接收角色详细信息(000A)超时!(未接收到主角信息)
[15:55:28] [ClientServer/GameBox/startGame/KERNEL]: 接收角色详细信息(000A)超时!(未接收到主角信息)
[15:55:29] [ClientServer/GameBox/startGame/KERNEL]: 接收角色详细信息(000A)超时!(未接收到主角信息)
[15:55:29] [ClientServer/GameBox/startGame/KERNEL]: 接收角色详细信息(000A)超时!(未接收到主角信息)
[15:55:29] [ClientServer/GameBox/startGame/KERNEL]: 接收角色详细信息(000A)超时!(未接收到主角信息)
[15:55:29] [ClientServer/GameBox/startGame/KERNEL]: 接收角色详细信息(000A)超时!(未接收到主角信息)
[15:55:29] [ClientServer/GameBox/startGame/KERNEL]: 接收角色详细信息(000A)超时!(未接收到主角信息)
[15:55:30] [ClientServer/GameBox/startGame/KERNEL]: 接收角色详细信息(000A)超时!(未接收到主角信息)
[15:55:30] [ClientServer/GameBox/startGame/KERNEL]: 接收角色详细信息(000A)超时!(未接收到主角信息)
[15:55:30] [ClientServer/GameBox/startGame/KERNEL]: 接收角色详细信息(000A)超时!(未接收到主角信息)
[15:55:30] [ClientServer/GameBox/startGame/KERNEL]: 接收角色详细信息(000A)超时!(未接收到主角信息)
[15:55:30] [ClientServer/GameBox/startGame/KERNEL]: 接收角色详细信息(000A)超时!(未接收到主角信息)
[15:55:31] [ClientServer/GameBox/startGame/KERNEL]: 接收角色详细信息(000A)超时!(未接收到主角信息)
[15:55:31] [ClientServer/GameBox/startGame/KERNEL]: 接收角色详细信息(000A)超时!(未接收到主角信息)
[15:55:31] [ClientServer/GameBox/startGame/KERNEL]: 接收角色详细信息(000A)超时!(未接收到主角信息)
[15:55:31] [ClientServer/GameBox/startGame/KERNEL]: 接收角色详细信息(000A)超时!(未接收到主角信息)
[15:55:31] [ClientServer/GameBox/startGame/KERNEL]: 接收角色详细信息(000A)超时!(未接收到主角信息)
[15:55:32] [ClientServer/GameBox/startGame/KERNEL]: 接收角色详细信息(000A)超时!(未接收到主角信息)
[15:55:32] [ClientServer/GameBox/startGame/KERNEL]: 接收角色详细信息(000A)超时!(未接收到主角信息)
[15:55:32] [ClientServer/GameBox/startGame/KERNEL]: 接收角色详细信息(000A)超时!(未接收到主角信息)
[15:55:32] [ClientServer/GameBox/startGame/KERNEL]: 接收角色详细信息(000A)超时!(未接收到主角信息)
[15:55:32] [ClientServer/GameBox/startGame/KERNEL]: 接收角色详细信息(000A)超时!(未接收到主角信息)
[15:55:33] [ClientServer/GameBox/startGame/KERNEL]: 接收角色详细信息(000A)超时!(未接收到主角信息)
[15:55:33] [ClientServer/GameBox/startGame/KERNEL]: 接收角色详细信息(000A)超时!(未接收到主角信息)
[15:55:33] [ClientServer/GameBox/startGame/KERNEL]: 接收角色详细信息(000A)超时!(未接收到主角信息)
[15:55:33] [ClientServer/GameBox/startGame/KERNEL]: 接收角色详细信息(000A)超时!(未接收到主角信息)
[15:55:33] [ClientServer/GameBox/startGame/KERNEL]: 接收角色详细信息(000A)超时!(未接收到主角信息)
[15:55:34] [ClientServer/GameBox/startGame/KERNEL]: 接收角色详细信息(000A)超时!(未接收到主角信息)
[15:55:34] [ClientServer/GameBox/startGame/KERNEL]: 接收角色详细信息(000A)超时!(未接收到主角信息)
[15:55:34] [ClientServer/GameBox/startGame/KERNEL]: 接收角色详细信息(000A)超时!(未接收到主角信息)
[15:55:34] [ClientServer/GameBox/startGame/KERNEL]: 接收角色详细信息(000A)超时!(未接收到主角信息)
[15:55:34] [ClientServer/GameBox/startGame/KERNEL]: 接收角色详细信息(000A)超时!(未接收到主角信息)
[15:55:35] [ClientServer/GameBox/startGame/KERNEL]: 接收角色详细信息(000A)超时!(未接收到主角信息)
[15:55:35] [ClientServer/GameBox/startGame/KERNEL]: 接收角色详细信息(000A)超时!(未接收到主角信息)
[15:55:35] [ClientServer/GameBox/startGame/KERNEL]: 接收角色详细信息(000A)超时!(未接收到主角信息)
[15:55:35] [ClientServer/GameBox/startGame/KERNEL]: 接收角色详细信息(000A)超时!(未接收到主角信息)
[15:55:35] [ClientServer/GameBox/startGame/KERNEL]: 接收角色详细信息(000A)超时!(未接收到主角信息)
[15:55:36] [ClientServer/GameBox/startGame/KERNEL]: 接收角色详细信息(000A)超时!(未接收到主角信息)
[15:55:36] [ClientServer/GameBox/startGame/KERNEL]: 接收角色详细信息(000A)超时!(未接收到主角信息)
[15:55:36] [ClientServer/GameBox/startGame/KERNEL]: 接收角色详细信息(000A)超时!(未接收到主角信息)
[15:55:36] [ClientServer/GameBox/startGame/KERNEL]: 接收角色详细信息(000A)超时!(未接收到主角信息)
[15:55:36] [ClientServer/GameBox/startGame/KERNEL]: 接收角色详细信息(000A)超时!(未接收到主角信息)
[15:55:37] [ClientServer/GameBox/startGame/KERNEL]: 接收角色详细信息(000A)超时!(未接收到主角信息)
[15:55:37] [ClientServer/GameBox/startGame/KERNEL]: 接收角色详细信息(000A)超时!(未接收到主角信息)
[15:55:37] [ClientServer/GameBox/startGame/KERNEL]: 接收角色详细信息(000A)超时!(未接收到主角信息)
[15:55:37] [ClientServer/GameBox/startGame/KERNEL]: 接收角色详细信息(000A)超时!(未接收到主角信息)
[15:55:37] [ClientServer/GameBox/startGame/KERNEL]: 接收角色详细信息(000A)超时!(未接收到主角信息)
[15:55:38] [ClientServer/GameBox/startGame/KERNEL]: 接收角色详细信息(000A)超时!(未接收到主角信息)
[15:55:38] [ClientServer/GameBox/startGame/KERNEL]: 接收角色详细信息(000A)超时!(未接收到主角信息)
[15:55:38] [ClientServer/GameBox/startGame/KERNEL]: 接收角色详细信息(000A)超时!(未接收到主角信息)
[15:55:38] [ClientServer/GameBox/startGame/KERNEL]: 接收角色详细信息(000A)超时!(未接收到主角信息)
[15:55:38] [ClientServer/GameBox/startGame/KERNEL]: 接收角色详细信息(000A)超时!(未接收到主角信息)
[15:55:39] [ClientServer/GameBox/startGame/KERNEL]: 接收角色详细信息(000A)超时!(未接收到主角信息)
[15:55:39] [ClientServer/GameBox/startGame/KERNEL]: 接收角色详细信息(000A)超时!(未接收到主角信息)
[15:55:39] [ClientServer/GameBox/startGame/KERNEL]: 接收角色详细信息(000A)超时!(未接收到主角信息)
[15:55:39] [ClientServer/GameBox/startGame/KERNEL]: 接收角色详细信息(000A)超时!(未接收到主角信息)
[15:55:39] [ClientServer/GameBox/startGame/KERNEL]: 接收角色详细信息(000A)超时!(未接收到主角信息)
[15:55:40] [ClientServer/GameBox/startGame/KERNEL]: 接收角色详细信息(000A)超时!(未接收到主角信息)
[15:55:40] [ClientServer/GameBox/startGame/KERNEL]: 接收角色详细信息(000A)超时!(未接收到主角信息)
[15:55:40] [ClientServer/GameBox/startGame/KERNEL]: 接收角色详细信息(000A)超时!(未接收到主角信息)
