[00:43:46] [ClientServer/ClientMain/init/DEBUG]: address: 192.168.1.100:8438
[00:43:46] [ClientServer/ClientMain/init/DEBUG]: 图片加载成功
[00:43:46] [ClientServer/ClientMain/init/DEBUG]: GIF动画加载成功
[00:43:46] [ClientServer/ClientMain/init/DEBUG]: 物品预加载成功
[00:43:46] [ClientServer/ClientMain/init/DEBUG]: init over
[00:43:46] [ClientServer/ClientMain/KERNEL]: 0.开始建立网络连接…………
[00:43:46] [ClientServer/ClientMain/setUpConnection/DEBUG]: setUpConnection over
[00:43:46] [ClientServer/ClientMain/KERNEL]: 1.网络连接成功!
[00:43:46] [ClientServer/ClientMain/KERNEL]: 2.发送0000包，确认对方是否为服务器Gate端
[00:43:46] [AioModule/Read/Completed/DEBUG]: Received 18 bytes from session/192.168.1.100:8438
[00:43:46] [AioModule/Read/Completed/DEBUG]: Received contents(18bytes): ff ff 00 00 00 12 00 14 00 00 01 4d f2 f5 96 62 26 77 
[00:43:46] [ClientServer/ClientDecoder/INFO]: Receive a package 0014(PING)1434300290658
[00:43:46] [SendingModule/send00Package/INFO]: send00Package over
[00:43:46] [AioModule/Write/Completed/DEBUG]: Sent 14 bytes to session/192.168.1.100:8438
[00:43:46] [SendingModule/PINGResponse/DEBUG]: package 0015(PING回应包) send!
[00:43:46] [AioModule/Write/Completed/DEBUG]: Sent contents(14bytes): ff ff 00 00 00 0e 00 00 00 00 30 39 20 db 
[00:43:46] [AioModule/Write/Completed/DEBUG]: Sent 18 bytes to session/192.168.1.100:8438
[00:43:46] [AioModule/Write/Completed/DEBUG]: Sent contents(18bytes): ff ff 00 00 00 12 00 15 00 00 01 4d f2 f5 96 62 1f 03 
[00:43:46] [AioModule/Read/Completed/DEBUG]: Received 11 bytes from session/192.168.1.100:8438
[00:43:46] [AioModule/Read/Completed/DEBUG]: Received contents(11bytes): ff ff 00 00 00 0b 00 01 01 2a 46 
[00:43:46] [ClientServer/ClientDecoder/INFO]: Receive a package 0001(回应连接请求)
[00:43:46] [ClientServer/ClientDecoder/INFO]: package 0001: 1
[00:43:46] [ClientSever/LoginBox/serverState/INFO]: Receive a package 0001(回应连接请求)
[00:43:46] [ClientSever/LoginBox/serverState/INFO]: package 0001: 1
[00:43:46] [AioModule/Read/Completed/DEBUG]: Received 18 bytes from session/192.168.1.100:8438
[00:43:46] [AioModule/Read/Completed/DEBUG]: Received contents(18bytes): ff ff 00 00 00 12 00 16 00 00 00 00 00 00 00 06 28 54 
[00:43:46] [ClientServer/ClientDecoder/INFO]: Receive a package 0016(时间同步)-64054
[00:43:46] [ClientServer/ClientMain/KERNEL]: 3.收到0001包，确认对方为服务器Gate端
[00:43:46] [ClientServer/ClientMain/KERNEL]: 4.初始化loginBox登陆界面
[00:43:50] [SendingModule/sendLogin/INFO]: package 0002(登陆信息) send!
[00:43:50] [AioModule/Write/Completed/DEBUG]: Sent 47 bytes to session/192.168.1.100:8438
[00:43:50] [AioModule/Write/Completed/DEBUG]: Sent contents(47bytes): ff ff 00 00 00 2f 00 02 31 32 33 00 32 30 32 43 42 39 36 32 41 43 35 39 30 37 35 42 39 36 34 42 30 37 31 35 32 44 32 33 34 42 37 30 00 03 ee 
[00:43:50] [AioModule/Read/Completed/DEBUG]: Received 11 bytes from session/192.168.1.100:8438
[00:43:50] [AioModule/Read/Completed/DEBUG]: Received contents(11bytes): ff ff 00 00 00 0b 00 03 01 2a 58 
[00:43:50] [ClientServer/ClientDecoder/INFO]: Receive a package 0003(登陆反馈)
[00:43:50] [ClientServer/ClientDecoder/INFO]: package 0003: true
[00:43:50] [ClientServer/LoginBox/onLoginResponse/INFO]: Receive a package 0003(登陆反馈)
[00:43:50] [ClientServer/LoginBox/onLoginResponse/INFO]: package 0003: true
[00:43:51] [AioModule/Read/Completed/DEBUG]: Received 59 bytes from session/192.168.1.100:8438
[00:43:51] [AioModule/Read/Completed/DEBUG]: Received contents(59bytes): ff ff 00 00 00 18 00 06 00 00 00 0e 74 74 74 00 01 01 00 00 00 0b 14 3a ff ff 00 00 00 19 00 06 00 00 00 10 b9 fe b9 fe 00 01 01 00 00 00 0b 66 12 ff ff 00 00 00 0a 00 06 45 71 
[00:43:51] [ClientServer/ClientDecoder/INFO]: Receive a package 0006(角色预加载)
[00:43:51] [ClientServer/ClientDecoder/INFO]: package 0006: /id: 14/name: ttt/level: 1/gender: 1
[00:43:51] [ClientSever/LoginBox/addCharacter/INFO]: Receive a package 0006(角色预加载)
[00:43:51] [ClientServer/ClientDecoder/INFO]: Receive a package 0006(角色预加载)
[00:43:51] [ClientServer/ClientDecoder/INFO]: package 0006: /id: 16/name: 哈哈/level: 1/gender: 1
[00:43:51] [ClientSever/LoginBox/addCharacter/INFO]: Receive a package 0006(角色预加载)
[00:43:51] [ClientServer/ClientDecoder/INFO]: Receive a package 0006(角色预加载――空包)
[00:43:51] [ClientServer/LoginBox/noMorePackage/INFO]: Receive a package 0006(角色预加载: 这是最后一个空包
[00:43:55] [AioModule/Write/Completed/DEBUG]: Sent 14 bytes to session/192.168.1.100:8438
[00:43:55] [SendingModule/sendCharacter/INFO]: package 0007(角色选择) send!
[00:43:55] [AioModule/Write/Completed/DEBUG]: Sent contents(14bytes): ff ff 00 00 00 0e 00 07 00 00 00 10 a0 75 
[00:43:55] [ClientServer/ClientMain/KERNEL]: 5.登陆结束
[00:43:55] [ClientServer/ClientMain/KERNEL]: 6.开始游戏，启动gameBox
