[19:43:29] [ClientServer/ClientMain/init/DEBUG]: address: 192.168.1.104:8438
[19:43:29] [ClientServer/ClientMain/init/DEBUG]: 图片加载成功
[19:43:29] [ClientServer/ClientMain/init/DEBUG]: GIF动画加载成功
[19:43:29] [ClientServer/ClientMain/init/DEBUG]: 物品预加载成功
[19:43:29] [ClientServer/ClientMain/init/DEBUG]: init over
[19:43:29] [ClientServer/ClientMain/KERNEL]: 0.开始建立网络连接…………
[19:43:29] [ClientServer/ClientMain/setUpConnection/DEBUG]: setUpConnection over
[19:43:29] [ClientServer/ClientMain/KERNEL]: 1.网络连接成功!
[19:43:29] [ClientServer/ClientMain/KERNEL]: 2.发送0000包，确认对方是否为服务器Gate端
[19:43:29] [AioModule/Read/Completed/DEBUG]: Received 18 bytes from session/192.168.1.104:8438
[19:43:29] [AioModule/Read/Completed/DEBUG]: Received contents(18bytes): ff ff 00 00 00 12 00 14 00 00 01 4d f1 e2 a6 60 08 85 
[19:43:29] [ClientServer/ClientDecoder/INFO]: Receive a package 0014(PING)1434282272352
[19:43:29] [SendingModule/send00Package/INFO]: send00Package over
[19:43:29] [SendingModule/PINGResponse/DEBUG]: package 0015(PING回应包) send!
[19:43:29] [AioModule/Write/Completed/DEBUG]: Sent 14 bytes to session/192.168.1.104:8438
[19:43:29] [AioModule/Write/Completed/DEBUG]: Sent contents(14bytes): ff ff 00 00 00 0e 00 00 00 00 30 39 20 db 
[19:43:29] [AioModule/Write/Completed/DEBUG]: Sent 18 bytes to session/192.168.1.104:8438
[19:43:29] [AioModule/Write/Completed/DEBUG]: Sent contents(18bytes): ff ff 00 00 00 12 00 15 00 00 01 4d f1 e2 a6 60 01 11 
[19:43:29] [AioModule/Read/Completed/DEBUG]: Received 11 bytes from session/192.168.1.104:8438
[19:43:29] [AioModule/Read/Completed/DEBUG]: Received contents(11bytes): ff ff 00 00 00 0b 00 01 01 2a 46 
[19:43:29] [ClientServer/ClientDecoder/INFO]: Receive a package 0001(回应连接请求)
[19:43:29] [ClientServer/ClientDecoder/INFO]: package 0001: 1
[19:43:29] [ClientSever/LoginBox/serverState/INFO]: Receive a package 0001(回应连接请求)
[19:43:29] [ClientSever/LoginBox/serverState/INFO]: package 0001: 1
[19:43:29] [AioModule/Read/Completed/DEBUG]: Received 18 bytes from session/192.168.1.104:8438
[19:43:29] [AioModule/Read/Completed/DEBUG]: Received contents(18bytes): ff ff 00 00 00 12 00 16 00 00 01 4d f1 e2 a6 f1 bc 03 
[19:43:29] [ClientServer/ClientDecoder/INFO]: Receive a package 0016(时间同步)-62604
[19:43:30] [ClientServer/ClientMain/KERNEL]: 3.收到0001包，确认对方为服务器Gate端
[19:43:30] [ClientServer/ClientMain/KERNEL]: 4.初始化loginBox登陆界面
[19:44:06] [ClientServer/ClientMain/KERNEL]: 5.登陆结束
[19:44:06] [ClientServer/ClientMain/KERNEL]: 登陆失败，退出主程序
[19:44:06] [SendingModule/sendLogout/INFO]: logout send!
[19:44:06] [AioModule/Write/Failed/WARNING]: Failed to send to sessionnull. java.nio.channels.ClosedChannelException
