[00:29:37] [ClientServer/ClientMain/init/DEBUG]: address: baidu.com:80
[00:29:37] [ClientServer/ClientMain/init/DEBUG]: 图片加载成功
[00:29:37] [ClientServer/ClientMain/init/DEBUG]: GIF动画加载成功
[00:29:37] [ClientServer/ClientMain/init/DEBUG]: 物品预加载成功
[00:29:37] [ClientServer/ClientMain/init/DEBUG]: init over
[00:29:37] [ClientServer/ClientMain/KERNEL]: 0.开始建立网络连接…………
[00:29:37] [ClientServer/ClientMain/setUpConnection/DEBUG]: setUpConnection over
[00:29:38] [ClientServer/ClientMain/KERNEL]: 1.网络连接成功!
[00:29:38] [ClientServer/ClientMain/KERNEL]: 2.发送0000包，确认对方是否为服务器Gate端
[00:29:38] [SendingModule/send00Package/INFO]: send00Package over
[00:29:38] [AioModule/Write/Completed/DEBUG]: Sent 14 bytes to sessionbaidu.com/180.149.132.47:80
[00:29:38] [ClientSever/LoginBox/serverState/INFO]: Receive a package 0001(回应连接请求)
[00:29:38] [ClientSever/LoginBox/serverState/INFO]: package 0001: 1
[00:29:38] [AioModule/Write/Completed/DEBUG]: Sent contents(14bytes): ff ff 00 00 00 0e 00 00 00 00 30 39 20 db 
[00:29:38] [ClientServer/ClientMain/KERNEL]: 3.收到0001包，确认对方为服务器Gate端
[00:29:38] [ClientServer/ClientMain/KERNEL]: 4.初始化loginBox登陆界面
[00:29:38] [ClientServer/LoginBox/onLoginResponse/INFO]: Receive a package 0003(登陆反馈)
[00:29:38] [ClientServer/LoginBox/onLoginResponse/INFO]: package 0003: true
[00:29:39] [ClientSever/LoginBox/addCharacter/INFO]: Receive a package 0006(角色预加载)
[00:29:39] [ClientSever/LoginBox/addCharacter/INFO]: Receive a package 0006(角色预加载)
[00:29:39] [ClientServer/LoginBox/noMorePackage/INFO]: Receive a package 0006(角色预加载: 这是最后一个空包
[00:29:40] [AioModule/Write/Completed/DEBUG]: Sent 21 bytes to sessionbaidu.com/180.149.132.47:80
[00:29:40] [SendingModule/sendCreateCharacter/INFO]: package 0008(创建角色) send!
[00:29:40] [AioModule/Write/Completed/DEBUG]: Sent contents(21bytes): ff ff 00 00 00 15 00 08 6e 75 6c 6c 00 64 64 64 64 00 01 21 a7 
[00:29:40] [ClientServer/LoginBox/onCreatResponse/INFO]: Receive a package 0009(角色创建结果)
[00:29:41] [ClientSever/LoginBox/addCharacter/INFO]: Receive a package 0006(角色预加载)
[00:29:41] [ClientServer/GameBox/addCharacter/DEBUG]: Receive a package 000A(游戏中所有玩家信息)
[00:29:41] [ClientServer/GameBox/addCharacter/DEBUG]: 000A:加入一个主角玩家:third role
[00:29:41] [ClientServer/GameBox/addCharacter/DEBUG]: Receive a package 000A(游戏中所有玩家信息)
[00:29:41] [ClientServer/GameBox/addCharacter/DEBUG]: 000A:加入一个非主角玩家:another role
[00:29:41] [ClientServer/ClientMain/KERNEL]: 5.登陆结束
[00:29:41] [ClientServer/ClientMain/KERNEL]: 6.开始游戏，启动gameBox
[00:29:41] [ClientServer/GameBox/startGame/KERNEL]: 接收主角详细信息(000A):关闭加载窗口,开始游戏!
[00:29:41] [Client/GameBox/updateTarget/INFO]: receive Package 000C(角色目标)
[00:29:41] [Client/GameBox/updateTarget/INFO]: targetX: 10000/targetY 20000
[00:29:42] [Client/GameBox/updateTarget/INFO]: receive Package 000C(角色目标)
[00:29:42] [Client/GameBox/updateTarget/INFO]: targetX: 72/targetY 364
[00:29:42] [AioModule/Write/Completed/DEBUG]: Sent 30 bytes to sessionbaidu.com/180.149.132.47:80
[00:29:42] [SendingModule/sendTargetPos/DEBUG]: package 000B(角色移动意图) send!
[00:29:43] [AioModule/Write/Completed/DEBUG]: Sent contents(30bytes): ff ff 00 00 00 1e 00 0b 00 00 00 03 00 00 00 48 00 00 01 6c 00 00 01 4d ed c1 60 c5 a0 77 
[00:29:43] [SendingModule/sendTargetPos/DEBUG]: targetX: 72/targetY: 364
[00:29:43] [Client/GameBox/updateTarget/INFO]: receive Package 000C(角色目标)
[00:29:43] [Client/GameBox/updateTarget/INFO]: targetX: 202/targetY 561
[00:29:43] [SendingModule/sendTargetPos/DEBUG]: package 000B(角色移动意图) send!
[00:29:43] [AioModule/Write/Completed/DEBUG]: Sent 30 bytes to sessionbaidu.com/180.149.132.47:80
[00:29:43] [SendingModule/sendTargetPos/DEBUG]: targetX: 202/targetY: 561
[00:29:43] [AioModule/Write/Completed/DEBUG]: Sent contents(30bytes): ff ff 00 00 00 1e 00 0b 00 00 00 03 00 00 00 ca 00 00 02 31 00 00 01 4d ed c1 62 c3 8b 7e 
[00:29:43] [Client/GameBox/updateTarget/INFO]: receive Package 000C(角色目标)
[00:29:43] [Client/GameBox/updateTarget/INFO]: targetX: 303/targetY 689
[00:29:43] [SendingModule/sendTargetPos/DEBUG]: package 000B(角色移动意图) send!
[00:29:43] [AioModule/Write/Completed/DEBUG]: Sent 30 bytes to sessionbaidu.com/180.149.132.47:80
[00:29:43] [SendingModule/sendTargetPos/DEBUG]: targetX: 303/targetY: 689
[00:29:43] [AioModule/Write/Completed/DEBUG]: Sent contents(30bytes): ff ff 00 00 00 1e 00 0b 00 00 00 03 00 00 01 2f 00 00 02 b1 00 00 01 4d ed c1 63 e0 9f 72 
[00:29:43] [Client/GameBox/updateTarget/INFO]: receive Package 000C(角色目标)
[00:29:43] [Client/GameBox/updateTarget/INFO]: targetX: 321/targetY 725
[00:29:43] [AioModule/Write/Completed/DEBUG]: Sent 30 bytes to sessionbaidu.com/180.149.132.47:80
[00:29:43] [SendingModule/sendTargetPos/DEBUG]: package 000B(角色移动意图) send!
[00:29:44] [AioModule/Write/Completed/DEBUG]: Sent contents(30bytes): ff ff 00 00 00 1e 00 0b 00 00 00 03 00 00 01 41 00 00 02 d5 00 00 01 4d ed c1 64 b3 a8 c0 
[00:29:44] [SendingModule/sendTargetPos/DEBUG]: targetX: 321/targetY: 725
[00:29:44] [Client/GameBox/updateTarget/INFO]: receive Package 000C(角色目标)
[00:29:44] [Client/GameBox/updateTarget/INFO]: targetX: 343/targetY 770
[00:29:44] [SendingModule/sendTargetPos/DEBUG]: package 000B(角色移动意图) send!
[00:29:44] [AioModule/Write/Completed/DEBUG]: Sent 30 bytes to sessionbaidu.com/180.149.132.47:80
[00:29:44] [SendingModule/sendTargetPos/DEBUG]: targetX: 343/targetY: 770
[00:29:44] [AioModule/Write/Completed/DEBUG]: Sent contents(30bytes): ff ff 00 00 00 1e 00 0b 00 00 00 03 00 00 01 57 00 00 03 02 00 00 01 4d ed c1 65 b2 06 04 
[00:29:44] [Client/GameBox/updateTarget/INFO]: receive Package 000C(角色目标)
[00:29:44] [Client/GameBox/updateTarget/INFO]: targetX: 505/targetY 905
[00:29:44] [AioModule/Write/Completed/DEBUG]: Sent 30 bytes to sessionbaidu.com/180.149.132.47:80
[00:29:44] [SendingModule/sendTargetPos/DEBUG]: package 000B(角色移动意图) send!
[00:29:45] [AioModule/Write/Completed/DEBUG]: Sent contents(30bytes): ff ff 00 00 00 1e 00 0b 00 00 00 03 00 00 01 f9 00 00 03 89 00 00 01 4d ed c1 68 8f 88 31 
[00:29:45] [SendingModule/sendTargetPos/DEBUG]: targetX: 505/targetY: 905
[00:29:45] [Client/GameBox/updateTarget/INFO]: receive Package 000C(角色目标)
[00:29:45] [Client/GameBox/updateTarget/INFO]: targetX: 577/targetY 1012
[00:29:45] [AioModule/Write/Completed/DEBUG]: Sent 30 bytes to sessionbaidu.com/180.149.132.47:80
[00:29:45] [SendingModule/sendTargetPos/DEBUG]: package 000B(角色移动意图) send!
[00:29:45] [SendingModule/sendTargetPos/DEBUG]: targetX: 577/targetY: 1012
[00:29:45] [AioModule/Write/Completed/DEBUG]: Sent contents(30bytes): ff ff 00 00 00 1e 00 0b 00 00 00 03 00 00 02 41 00 00 03 f4 00 00 01 4d ed c1 6a da a1 6c 
[00:29:46] [Client/GameBox/updateTarget/INFO]: receive Package 000C(角色目标)
[00:29:46] [Client/GameBox/updateTarget/INFO]: targetX: 653/targetY 1124
[00:29:46] [AioModule/Write/Completed/DEBUG]: Sent 30 bytes to sessionbaidu.com/180.149.132.47:80
[00:29:46] [SendingModule/sendTargetPos/DEBUG]: package 000B(角色移动意图) send!
[00:29:46] [SendingModule/sendTargetPos/DEBUG]: targetX: 653/targetY: 1124
[00:29:46] [AioModule/Write/Completed/DEBUG]: Sent contents(30bytes): ff ff 00 00 00 1e 00 0b 00 00 00 03 00 00 02 8d 00 00 04 64 00 00 01 4d ed c1 6d 26 0e 83 
[00:29:46] [Client/GameBox/updateTarget/INFO]: receive Package 000C(角色目标)
[00:29:46] [Client/GameBox/updateTarget/INFO]: targetX: 745/targetY 1261
[00:29:46] [AioModule/Write/Completed/DEBUG]: Sent 30 bytes to sessionbaidu.com/180.149.132.47:80
[00:29:46] [SendingModule/sendTargetPos/DEBUG]: package 000B(角色移动意图) send!
[00:29:46] [SendingModule/sendTargetPos/DEBUG]: targetX: 745/targetY: 1261
[00:29:46] [AioModule/Write/Completed/DEBUG]: Sent contents(30bytes): ff ff 00 00 00 1e 00 0b 00 00 00 03 00 00 02 e9 00 00 04 ed 00 00 01 4d ed c1 70 0d 13 e3 
[00:29:48] [ClientServer/ClientMain/KERNEL]: 7.游戏结束，退出主程序
[00:29:48] [SendingModule/sendLogout/INFO]: logout send!
[00:29:48] [AioModule/Write/Failed/WARNING]: Failed to send to sessionnull. java.nio.channels.ClosedChannelException
