[01:55:05] [ClientServer/ClientMain/init/DEBUG]: address: 192.168.1.100:8438
[01:55:05] [ClientServer/ClientMain/init/DEBUG]: 图片加载成功
[01:55:05] [ClientServer/ClientMain/init/DEBUG]: GIF动画加载成功
[01:55:05] [ClientServer/ClientMain/init/DEBUG]: 物品预加载成功
[01:55:06] [ClientServer/ClientMain/init/DEBUG]: init over
[01:55:06] [ClientServer/ClientMain/KERNEL]: 0.开始建立网络连接…………
[01:55:06] [ClientServer/ClientMain/setUpConnection/DEBUG]: setUpConnection over
[01:55:06] [ClientServer/ClientMain/KERNEL]: 1.网络连接成功!
[01:55:06] [AioModule/Read/Completed/DEBUG]: Received 18 bytes from session/192.168.1.100:8438
[01:55:06] [ClientServer/ClientMain/KERNEL]: 2.发送0000包，确认对方是否为服务器Gate端
[01:55:06] [AioModule/Read/Completed/DEBUG]: Received contents(18bytes): ff ff 00 00 00 12 00 14 00 00 01 4d f3 36 e3 24 75 19 
[01:55:06] [ClientServer/ClientDecoder/INFO]: Receive a package 0014(PING)1434304570148
[01:55:06] [SendingModule/send00Package/INFO]: send00Package over
[01:55:06] [AioModule/Write/Completed/DEBUG]: Sent 14 bytes to session/192.168.1.100:8438
[01:55:06] [AioModule/Write/Completed/DEBUG]: Sent 18 bytes to session/192.168.1.100:8438
[01:55:06] [SendingModule/PINGResponse/DEBUG]: package 0015(PING回应包) send!
[01:55:06] [AioModule/Write/Completed/DEBUG]: Sent contents(14bytes): ff ff 00 00 00 0e 00 00 00 00 30 39 20 db 
[01:55:06] [AioModule/Write/Completed/DEBUG]: Sent contents(18bytes): ff ff 00 00 00 12 00 15 00 00 01 4d f3 36 e3 24 6d a5 
[01:55:06] [AioModule/Read/Completed/DEBUG]: Received 11 bytes from session/192.168.1.100:8438
[01:55:06] [AioModule/Read/Completed/DEBUG]: Received contents(11bytes): ff ff 00 00 00 0b 00 01 01 2a 46 
[01:55:06] [ClientServer/ClientDecoder/INFO]: Receive a package 0001(回应连接请求)
[01:55:06] [ClientServer/ClientDecoder/INFO]: package 0001: 1
[01:55:06] [ClientSever/LoginBox/serverState/INFO]: Receive a package 0001(回应连接请求)
[01:55:06] [ClientSever/LoginBox/serverState/INFO]: package 0001: 1
[01:55:06] [AioModule/Read/Completed/DEBUG]: Received 18 bytes from session/192.168.1.100:8438
[01:55:06] [AioModule/Read/Completed/DEBUG]: Received contents(18bytes): ff ff 00 00 00 12 00 16 00 00 00 00 00 00 00 2d 28 7b 
[01:55:06] [ClientServer/ClientDecoder/INFO]: Receive a package 0016(时间同步)-63988
[01:55:06] [ClientServer/ClientMain/KERNEL]: 3.收到0001包，确认对方为服务器Gate端
[01:55:06] [ClientServer/ClientMain/KERNEL]: 4.初始化loginBox登陆界面
[01:55:10] [AioModule/Write/Completed/DEBUG]: Sent 47 bytes to session/192.168.1.100:8438
[01:55:10] [SendingModule/sendLogin/INFO]: package 0002(登陆信息) send!
[01:55:10] [AioModule/Write/Completed/DEBUG]: Sent contents(47bytes): ff ff 00 00 00 2f 00 02 31 32 33 00 32 30 32 43 42 39 36 32 41 43 35 39 30 37 35 42 39 36 34 42 30 37 31 35 32 44 32 33 34 42 37 30 00 03 ee 
[01:55:11] [AioModule/Read/Completed/DEBUG]: Received 11 bytes from session/192.168.1.100:8438
[01:55:11] [AioModule/Read/Completed/DEBUG]: Received contents(11bytes): ff ff 00 00 00 0b 00 03 01 2a 58 
[01:55:11] [ClientServer/ClientDecoder/INFO]: Receive a package 0003(登陆反馈)
[01:55:11] [ClientServer/ClientDecoder/INFO]: package 0003: true
[01:55:11] [ClientServer/LoginBox/onLoginResponse/INFO]: Receive a package 0003(登陆反馈)
[01:55:11] [ClientServer/LoginBox/onLoginResponse/INFO]: package 0003: true
[01:55:12] [AioModule/Read/Completed/DEBUG]: Received 24 bytes from session/192.168.1.100:8438
[01:55:12] [AioModule/Read/Completed/DEBUG]: Received contents(24bytes): ff ff 00 00 00 18 00 06 00 00 00 0e 74 74 74 00 01 01 00 00 00 0b 14 3a 
[01:55:12] [ClientServer/ClientDecoder/INFO]: Receive a package 0006(角色预加载)
[01:55:12] [ClientServer/ClientDecoder/INFO]: package 0006: /id: 14/name: ttt/level: 1/gender: 1
[01:55:12] [ClientSever/LoginBox/addCharacter/INFO]: Receive a package 0006(角色预加载)
[01:55:12] [AioModule/Read/Completed/DEBUG]: Received 25 bytes from session/192.168.1.100:8438
[01:55:12] [AioModule/Read/Completed/DEBUG]: Received contents(25bytes): ff ff 00 00 00 19 00 06 00 00 00 10 b9 fe b9 fe 00 01 01 00 00 00 0b 66 12 
[01:55:12] [ClientServer/ClientDecoder/INFO]: Receive a package 0006(角色预加载)
[01:55:12] [ClientServer/ClientDecoder/INFO]: package 0006: /id: 16/name: 哈哈/level: 1/gender: 1
[01:55:12] [ClientSever/LoginBox/addCharacter/INFO]: Receive a package 0006(角色预加载)
[01:55:12] [AioModule/Read/Completed/DEBUG]: Received 10 bytes from session/192.168.1.100:8438
[01:55:12] [AioModule/Read/Completed/DEBUG]: Received contents(10bytes): ff ff 00 00 00 0a 00 06 45 71 
[01:55:12] [ClientServer/ClientDecoder/INFO]: Receive a package 0006(角色预加载――空包)
[01:55:12] [ClientServer/LoginBox/noMorePackage/INFO]: Receive a package 0006(角色预加载: 这是最后一个空包
[01:55:14] [AioModule/Write/Completed/DEBUG]: Sent 14 bytes to session/192.168.1.100:8438
[01:55:14] [SendingModule/sendCharacter/INFO]: package 0007(角色选择) send!
[01:55:14] [AioModule/Write/Completed/DEBUG]: Sent contents(14bytes): ff ff 00 00 00 0e 00 07 00 00 00 10 a0 75 
[01:55:14] [ClientServer/ClientMain/KERNEL]: 5.登陆结束
[01:55:14] [ClientServer/ClientMain/KERNEL]: 6.开始游戏，启动gameBox
[01:55:14] [AioModule/Read/Completed/DEBUG]: Received 85 bytes from session/192.168.1.100:8438
[01:55:14] [AioModule/Read/Completed/DEBUG]: Received contents(85bytes): ff ff 00 00 00 55 00 0a 00 00 00 11 6d 6f 63 61 6e 6f 72 79 00 74 68 69 73 20 69 73 20 61 20 70 6c 61 6e 65 00 01 01 00 00 00 64 00 00 00 64 00 00 00 64 00 00 00 64 00 00 00 14 00 00 00 14 00 00 00 01 00 00 00 c8 00 00 0c fe 00 00 0c 8b 00 00 00 0b 8f 3e 
[01:55:14] [ClientServer/ClientDecoder/INFO]: Receive a package 000A(游戏中所有玩家信息)
[01:55:14] [ClientServer/ClientDecoder/INFO]: package 000A: /id: 17/name: mocanory/level: 1/gender: 1/posX: 3326/posY: 3211
[01:55:14] [ClientServer/GameBox/addCharacter/DEBUG]: Receive a package 000A(游戏中所有玩家信息)
[01:55:14] [ClientServer/GameBox/addCharacter/DEBUG]: 000A:加入一个非主角玩家:mocanory
[01:55:14] [AioModule/Read/Completed/DEBUG]: Received 81 bytes from session/192.168.1.100:8438
[01:55:14] [AioModule/Read/Completed/DEBUG]: Received contents(81bytes): ff ff 00 00 00 51 00 0a 00 00 00 10 b9 fe b9 fe 00 74 68 69 73 20 69 73 20 61 20 70 6c 61 6e 65 00 01 01 00 00 00 64 00 00 00 64 00 00 00 64 00 00 00 64 00 00 00 14 00 00 00 14 00 00 00 01 00 00 00 c8 00 00 0d 2d 00 00 0c 12 00 00 00 0b 36 ae 
[01:55:14] [ClientServer/ClientDecoder/INFO]: Receive a package 000A(游戏中所有玩家信息)
[01:55:14] [ClientServer/ClientDecoder/INFO]: package 000A: /id: 16/name: 哈哈/level: 1/gender: 1/posX: 3373/posY: 3090
[01:55:14] [ClientServer/GameBox/addCharacter/DEBUG]: Receive a package 000A(游戏中所有玩家信息)
[01:55:14] [ClientServer/GameBox/addCharacter/DEBUG]: 000A:加入一个主角玩家:哈哈
[01:55:14] [AioModule/Read/Completed/DEBUG]: Received 270 bytes from session/192.168.1.100:8438
[01:55:14] [AioModule/Read/Completed/DEBUG]: Received contents(270bytes): ff ff 00 00 01 0e 00 19 00 00 00 20 00 00 00 20 00 00 00 00 00 00 00 21 00 00 00 00 00 00 00 22 00 00 00 00 00 00 00 23 00 00 00 00 00 00 00 24 00 00 00 00 00 00 00 25 00 00 00 00 00 00 00 26 00 00 00 00 00 00 00 27 00 00 00 00 00 00 00 28 00 00 00 00 00 00 00 29 00 00 00 00 00 00 00 2a 00 00 00 00 00 00 00 2b 00 00 00 00 00 00 00 2c 00 00 00 00 00 00 00 2d 00 00 00 00 00 00 00 2e 00 00 00 00 00 00 00 2f 00 00 00 00 00 00 00 30 00 00 00 00 00 00 00 31 00 00 00 00 00 00 00 32 00 00 00 00 00 00 00 33 00 00 00 00 00 00 00 34 00 00 00 00 00 00 00 35 00 00 00 00 00 00 00 36 00 00 00 00 00 00 00 37 00 00 00 00 00 00 00 38 00 00 00 00 00 00 00 39 00 00 00 00 00 00 00 3a 00 00 00 00 00 00 00 3b 00 00 00 00 00 00 00 3c 00 00 00 00 00 00 00 3d 00 00 00 00 00 00 00 3e 00 00 00 00 00 00 00 3f 00 00 00 00 ae 8c 
[01:55:14] [ClientServer/ClientDecoder/INFO]: Receive a package 0019(背包信息)
[01:55:14] [AioModule/Read/Completed/DEBUG]: Received 14 bytes from session/192.168.1.100:8438
[01:55:14] [AioModule/Read/Completed/DEBUG]: Received contents(14bytes): ff ff 00 00 00 0e 00 1b 00 00 00 00 72 5c 
[01:55:14] [AioModule/Read/Completed/DEBUG]: Received 50 bytes from session/192.168.1.100:8438
[01:55:14] [AioModule/Read/Completed/DEBUG]: Received contents(50bytes): ff ff 00 00 00 32 00 1a 00 00 00 03 00 00 00 03 3b 9a ca 01 00 00 00 01 00 00 00 04 3b 9a ca 02 00 00 00 01 00 00 00 05 3b 9a ca 03 00 00 00 01 18 6d 
[01:55:14] [ClientServer/ClientDecoder/INFO]: Receive a package 001A(技能信息)
[01:55:15] [ClientServer/GameBox/startGame/KERNEL]: 接收主角详细信息(000A):关闭加载窗口,开始游戏!
[01:55:15] [AioModule/Read/Completed/DEBUG]: Received 30 bytes from session/192.168.1.100:8438
[01:55:15] [AioModule/Read/Completed/DEBUG]: Received contents(30bytes): ff ff 00 00 00 1e 00 0c 00 00 00 11 00 00 0c 84 00 00 0c 9c 00 00 01 4d f3 37 07 3e 84 c6 
[01:55:15] [ClientServer/ClientDecoder/INFO]: Receive a package 000C(所有玩家目标坐标更新)
[01:55:15] [ClientServer/ClientDecoder/INFO]: package 000C: /id: 17/posX: 3204/posY: 3228
[01:55:15] [Client/GameBox/updateTarget/INFO]: receive Package 000C(角色目标)
[01:55:15] [Client/GameBox/updateTarget/INFO]: targetX: 3204/targetY 3228
[01:55:15] [AioModule/Read/Completed/DEBUG]: Received 30 bytes from session/192.168.1.100:8438
[01:55:15] [AioModule/Read/Completed/DEBUG]: Received contents(30bytes): ff ff 00 00 00 1e 00 0c 00 00 00 11 00 00 0c 04 00 00 0c 3a 00 00 01 4d f3 37 09 7a b7 65 
[01:55:15] [ClientServer/ClientDecoder/INFO]: Receive a package 000C(所有玩家目标坐标更新)
[01:55:15] [ClientServer/ClientDecoder/INFO]: package 000C: /id: 17/posX: 3076/posY: 3130
[01:55:15] [Client/GameBox/updateTarget/INFO]: receive Package 000C(角色目标)
[01:55:15] [Client/GameBox/updateTarget/INFO]: targetX: 3076/targetY 3130
[01:55:16] [AioModule/Read/Completed/DEBUG]: Received 30 bytes from session/192.168.1.100:8438
[01:55:16] [AioModule/Read/Completed/DEBUG]: Received contents(30bytes): ff ff 00 00 00 1e 00 0c 00 00 00 11 00 00 0b f7 00 00 0c 31 00 00 01 4d f3 37 09 d0 18 55 
[01:55:16] [ClientServer/ClientDecoder/INFO]: Receive a package 000C(所有玩家目标坐标更新)
[01:55:16] [ClientServer/ClientDecoder/INFO]: package 000C: /id: 17/posX: 3063/posY: 3121
[01:55:16] [Client/GameBox/updateTarget/INFO]: receive Package 000C(角色目标)
[01:55:16] [Client/GameBox/updateTarget/INFO]: targetX: 3063/targetY 3121
[01:55:16] [AioModule/Read/Completed/DEBUG]: Received 30 bytes from session/192.168.1.100:8438
[01:55:16] [AioModule/Read/Completed/DEBUG]: Received contents(30bytes): ff ff 00 00 00 1e 00 0c 00 00 00 11 00 00 0b f8 00 00 0b cb 00 00 01 4d f3 37 0b ac bb a8 
[01:55:16] [ClientServer/ClientDecoder/INFO]: Receive a package 000C(所有玩家目标坐标更新)
[01:55:16] [ClientServer/ClientDecoder/INFO]: package 000C: /id: 17/posX: 3064/posY: 3019
[01:55:16] [Client/GameBox/updateTarget/INFO]: receive Package 000C(角色目标)
[01:55:16] [Client/GameBox/updateTarget/INFO]: targetX: 3064/targetY 3019
[01:55:16] [AioModule/Write/Completed/DEBUG]: Sent 26 bytes to session/192.168.1.100:8438
[01:55:16] [SendingModule/sendTargetPos/DEBUG]: package 000B(角色移动意图) send!
[01:55:16] [SendingModule/sendTargetPos/DEBUG]: targetX: 3314/targetY: 3318
[01:55:16] [AioModule/Write/Completed/DEBUG]: Sent contents(26bytes): ff ff 00 00 00 1a 00 0b 00 00 0c f2 00 00 0c f6 00 00 01 4d f3 37 0c 1f 6b 9f 
[01:55:16] [AioModule/Read/Completed/DEBUG]: Received 30 bytes from session/192.168.1.100:8438
[01:55:16] [AioModule/Read/Completed/DEBUG]: Received contents(30bytes): ff ff 00 00 00 1e 00 0c 00 00 00 10 00 00 0c f2 00 00 0c f6 00 00 01 4d f3 37 0c 1f 98 51 
[01:55:16] [ClientServer/ClientDecoder/INFO]: Receive a package 000C(所有玩家目标坐标更新)
[01:55:16] [ClientServer/ClientDecoder/INFO]: package 000C: /id: 16/posX: 3314/posY: 3318
[01:55:16] [Client/GameBox/updateTarget/INFO]: receive Package 000C(角色目标)
[01:55:16] [Client/GameBox/updateTarget/INFO]: targetX: 3314/targetY 3318
[01:55:17] [AioModule/Read/Completed/DEBUG]: Received 30 bytes from session/192.168.1.100:8438
[01:55:17] [AioModule/Read/Completed/DEBUG]: Received contents(30bytes): ff ff 00 00 00 1e 00 0c 00 00 00 11 00 00 0c 90 00 00 0b 54 00 00 01 4d f3 37 0e 93 83 b9 
[01:55:17] [ClientServer/ClientDecoder/INFO]: Receive a package 000C(所有玩家目标坐标更新)
[01:55:17] [ClientServer/ClientDecoder/INFO]: package 000C: /id: 17/posX: 3216/posY: 2900
[01:55:17] [Client/GameBox/updateTarget/INFO]: receive Package 000C(角色目标)
[01:55:17] [Client/GameBox/updateTarget/INFO]: targetX: 3216/targetY 2900
[01:55:17] [SendingModule/sendTargetPos/DEBUG]: package 000B(角色移动意图) send!
[01:55:17] [AioModule/Write/Completed/DEBUG]: Sent 26 bytes to session/192.168.1.100:8438
[01:55:17] [SendingModule/sendTargetPos/DEBUG]: targetX: 2856/targetY: 3234
[01:55:17] [AioModule/Write/Completed/DEBUG]: Sent contents(26bytes): ff ff 00 00 00 1a 00 0b 00 00 0b 28 00 00 0c a2 00 00 01 4d f3 37 0e a4 47 7f 
[01:55:17] [AioModule/Read/Completed/DEBUG]: Received 30 bytes from session/192.168.1.100:8438
[01:55:17] [AioModule/Read/Completed/DEBUG]: Received contents(30bytes): ff ff 00 00 00 1e 00 0c 00 00 00 10 00 00 0b 28 00 00 0c a2 00 00 01 4d f3 37 0e a4 70 41 
[01:55:17] [ClientServer/ClientDecoder/INFO]: Receive a package 000C(所有玩家目标坐标更新)
[01:55:17] [ClientServer/ClientDecoder/INFO]: package 000C: /id: 16/posX: 2856/posY: 3234
[01:55:17] [Client/GameBox/updateTarget/INFO]: receive Package 000C(角色目标)
[01:55:17] [Client/GameBox/updateTarget/INFO]: targetX: 2856/targetY 3234
[01:55:17] [AioModule/Read/Completed/DEBUG]: Received 30 bytes from session/192.168.1.100:8438
[01:55:17] [AioModule/Read/Completed/DEBUG]: Received contents(30bytes): ff ff 00 00 00 1e 00 0c 00 00 00 11 00 00 0d a1 00 00 0b 9c 00 00 01 4d f3 37 10 3c 66 af 
[01:55:17] [ClientServer/ClientDecoder/INFO]: Receive a package 000C(所有玩家目标坐标更新)
[01:55:17] [ClientServer/ClientDecoder/INFO]: package 000C: /id: 17/posX: 3489/posY: 2972
[01:55:17] [Client/GameBox/updateTarget/INFO]: receive Package 000C(角色目标)
[01:55:17] [Client/GameBox/updateTarget/INFO]: targetX: 3489/targetY 2972
[01:55:17] [SendingModule/sendTargetPos/DEBUG]: package 000B(角色移动意图) send!
[01:55:17] [AioModule/Write/Completed/DEBUG]: Sent 26 bytes to session/192.168.1.100:8438
[01:55:17] [SendingModule/sendTargetPos/DEBUG]: targetX: 2836/targetY: 2900
[01:55:17] [AioModule/Write/Completed/DEBUG]: Sent contents(26bytes): ff ff 00 00 00 1a 00 0b 00 00 0b 14 00 00 0b 54 00 00 01 4d f3 37 11 01 06 44 
[01:55:17] [AioModule/Read/Completed/DEBUG]: Received 30 bytes from session/192.168.1.100:8438
[01:55:17] [AioModule/Read/Completed/DEBUG]: Received contents(30bytes): ff ff 00 00 00 1e 00 0c 00 00 00 10 00 00 0b 14 00 00 0b 54 00 00 01 4d f3 37 11 01 96 d5 
[01:55:17] [ClientServer/ClientDecoder/INFO]: Receive a package 000C(所有玩家目标坐标更新)
[01:55:17] [ClientServer/ClientDecoder/INFO]: package 000C: /id: 16/posX: 2836/posY: 2900
[01:55:17] [Client/GameBox/updateTarget/INFO]: receive Package 000C(角色目标)
[01:55:17] [Client/GameBox/updateTarget/INFO]: targetX: 2836/targetY 2900
[01:55:18] [AioModule/Read/Completed/DEBUG]: Received 30 bytes from session/192.168.1.100:8438
[01:55:18] [AioModule/Read/Completed/DEBUG]: Received contents(30bytes): ff ff 00 00 00 1e 00 0c 00 00 00 11 00 00 0d e7 00 00 0b f4 00 00 01 4d f3 37 11 ca 6b 85 
[01:55:18] [ClientServer/ClientDecoder/INFO]: Receive a package 000C(所有玩家目标坐标更新)
[01:55:18] [ClientServer/ClientDecoder/INFO]: package 000C: /id: 17/posX: 3559/posY: 3060
[01:55:18] [Client/GameBox/updateTarget/INFO]: receive Package 000C(角色目标)
[01:55:18] [Client/GameBox/updateTarget/INFO]: targetX: 3559/targetY 3060
[01:55:18] [AioModule/Read/Completed/DEBUG]: Received 30 bytes from session/192.168.1.100:8438
[01:55:18] [AioModule/Read/Completed/DEBUG]: Received contents(30bytes): ff ff 00 00 00 1e 00 0c 00 00 00 11 00 00 0e 00 00 00 0c 3f 00 00 01 4d f3 37 13 a2 b9 74 
[01:55:18] [SendingModule/sendTargetPos/DEBUG]: package 000B(角色移动意图) send!
[01:55:18] [ClientServer/ClientDecoder/INFO]: Receive a package 000C(所有玩家目标坐标更新)
[01:55:18] [AioModule/Write/Completed/DEBUG]: Sent 26 bytes to session/192.168.1.100:8438
[01:55:18] [SendingModule/sendTargetPos/DEBUG]: targetX: 3260/targetY: 2781
[01:55:18] [ClientServer/ClientDecoder/INFO]: package 000C: /id: 17/posX: 3584/posY: 3135
[01:55:18] [Client/GameBox/updateTarget/INFO]: receive Package 000C(角色目标)
[01:55:18] [AioModule/Write/Completed/DEBUG]: Sent contents(26bytes): ff ff 00 00 00 1a 00 0b 00 00 0c bc 00 00 0a dd 00 00 01 4d f3 37 13 9b 75 41 
[01:55:18] [Client/GameBox/updateTarget/INFO]: targetX: 3584/targetY 3135
[01:55:18] [AioModule/Read/Completed/DEBUG]: Received 30 bytes from session/192.168.1.100:8438
[01:55:18] [AioModule/Read/Completed/DEBUG]: Received contents(30bytes): ff ff 00 00 00 1e 00 0c 00 00 00 10 00 00 0c bc 00 00 0a dd 00 00 01 4d f3 37 13 9b 4b cb 
[01:55:18] [ClientServer/ClientDecoder/INFO]: Receive a package 000C(所有玩家目标坐标更新)
[01:55:18] [ClientServer/ClientDecoder/INFO]: package 000C: /id: 16/posX: 3260/posY: 2781
[01:55:18] [Client/GameBox/updateTarget/INFO]: receive Package 000C(角色目标)
[01:55:18] [Client/GameBox/updateTarget/INFO]: targetX: 3260/targetY 2781
[01:55:18] [AioModule/Read/Completed/DEBUG]: Received 30 bytes from session/192.168.1.100:8438
[01:55:18] [AioModule/Read/Completed/DEBUG]: Received contents(30bytes): ff ff 00 00 00 1e 00 0c 00 00 00 11 00 00 0d 86 00 00 0c 63 00 00 01 4d f3 37 15 47 ac 36 
[01:55:18] [ClientServer/ClientDecoder/INFO]: Receive a package 000C(所有玩家目标坐标更新)
[01:55:18] [ClientServer/ClientDecoder/INFO]: package 000C: /id: 17/posX: 3462/posY: 3171
[01:55:18] [Client/GameBox/updateTarget/INFO]: receive Package 000C(角色目标)
[01:55:18] [Client/GameBox/updateTarget/INFO]: targetX: 3462/targetY 3171
[01:55:19] [AioModule/Read/Completed/DEBUG]: Received 30 bytes from session/192.168.1.100:8438
[01:55:19] [AioModule/Read/Completed/DEBUG]: Received contents(30bytes): ff ff 00 00 00 1e 00 0c 00 00 00 11 00 00 0c d4 00 00 0c a2 00 00 01 4d f3 37 18 08 a2 8f 
[01:55:19] [ClientServer/ClientDecoder/INFO]: Receive a package 000C(所有玩家目标坐标更新)
[01:55:19] [ClientServer/ClientDecoder/INFO]: package 000C: /id: 17/posX: 3284/posY: 3234
[01:55:19] [Client/GameBox/updateTarget/INFO]: receive Package 000C(角色目标)
[01:55:19] [Client/GameBox/updateTarget/INFO]: targetX: 3284/targetY 3234
[01:55:20] [SendingModule/sendTargetPos/DEBUG]: package 000B(角色移动意图) send!
[01:55:20] [AioModule/Write/Completed/DEBUG]: Sent 26 bytes to session/192.168.1.100:8438
[01:55:20] [SendingModule/sendTargetPos/DEBUG]: targetX: 3490/targetY: 3070
[01:55:20] [AioModule/Write/Completed/DEBUG]: Sent contents(26bytes): ff ff 00 00 00 1a 00 0b 00 00 0d a2 00 00 0b fe 00 00 01 4d f3 37 19 bd 88 e9 
[01:55:20] [AioModule/Read/Completed/DEBUG]: Received 30 bytes from session/192.168.1.100:8438
[01:55:20] [AioModule/Read/Completed/DEBUG]: Received contents(30bytes): ff ff 00 00 00 1e 00 0c 00 00 00 10 00 00 0d a2 00 00 0b fe 00 00 01 4d f3 37 19 bd 24 98 
[01:55:20] [ClientServer/ClientDecoder/INFO]: Receive a package 000C(所有玩家目标坐标更新)
[01:55:20] [ClientServer/ClientDecoder/INFO]: package 000C: /id: 16/posX: 3490/posY: 3070
[01:55:20] [Client/GameBox/updateTarget/INFO]: receive Package 000C(角色目标)
[01:55:20] [Client/GameBox/updateTarget/INFO]: targetX: 3490/targetY 3070
[01:55:20] [AioModule/Read/Completed/DEBUG]: Received 30 bytes from session/192.168.1.100:8438
[01:55:20] [AioModule/Read/Completed/DEBUG]: Received contents(30bytes): ff ff 00 00 00 1e 00 0c 00 00 00 11 00 00 0c 3f 00 00 0c 61 00 00 01 4d f3 37 1a 0a 3f 88 
[01:55:20] [ClientServer/ClientDecoder/INFO]: Receive a package 000C(所有玩家目标坐标更新)
[01:55:20] [ClientServer/ClientDecoder/INFO]: package 000C: /id: 17/posX: 3135/posY: 3169
[01:55:20] [Client/GameBox/updateTarget/INFO]: receive Package 000C(角色目标)
[01:55:20] [Client/GameBox/updateTarget/INFO]: targetX: 3135/targetY 3169
[01:55:20] [SendingModule/sendTargetPos/DEBUG]: package 000B(角色移动意图) send!
[01:55:20] [AioModule/Write/Completed/DEBUG]: Sent 26 bytes to session/192.168.1.100:8438
[01:55:20] [SendingModule/sendTargetPos/DEBUG]: targetX: 3436/targetY: 3328
[01:55:20] [AioModule/Write/Completed/DEBUG]: Sent contents(26bytes): ff ff 00 00 00 1a 00 0b 00 00 0d 6c 00 00 0d 00 00 00 01 4d f3 37 1b af 94 2c 
[01:55:20] [AioModule/Read/Completed/DEBUG]: Received 30 bytes from session/192.168.1.100:8438
[01:55:20] [AioModule/Read/Completed/DEBUG]: Received contents(30bytes): ff ff 00 00 00 1e 00 0c 00 00 00 10 00 00 0d 6c 00 00 0d 00 00 00 01 4d f3 37 1b af 18 f9 
[01:55:20] [ClientServer/ClientDecoder/INFO]: Receive a package 000C(所有玩家目标坐标更新)
[01:55:20] [ClientServer/ClientDecoder/INFO]: package 000C: /id: 16/posX: 3436/posY: 3328
[01:55:20] [Client/GameBox/updateTarget/INFO]: receive Package 000C(角色目标)
[01:55:20] [Client/GameBox/updateTarget/INFO]: targetX: 3436/targetY 3328
[01:55:20] [AioModule/Read/Completed/DEBUG]: Received 30 bytes from session/192.168.1.100:8438
[01:55:20] [AioModule/Read/Completed/DEBUG]: Received contents(30bytes): ff ff 00 00 00 1e 00 0c 00 00 00 11 00 00 0b ae 00 00 0c 4c 00 00 01 4d f3 37 1c dd 52 eb 
[01:55:20] [ClientServer/ClientDecoder/INFO]: Receive a package 000C(所有玩家目标坐标更新)
[01:55:20] [ClientServer/ClientDecoder/INFO]: package 000C: /id: 17/posX: 2990/posY: 3148
[01:55:20] [Client/GameBox/updateTarget/INFO]: receive Package 000C(角色目标)
[01:55:20] [Client/GameBox/updateTarget/INFO]: targetX: 2990/targetY 3148
[01:55:21] [AioModule/Read/Completed/DEBUG]: Received 30 bytes from session/192.168.1.100:8438
[01:55:21] [AioModule/Read/Completed/DEBUG]: Received contents(30bytes): ff ff 00 00 00 1e 00 0c 00 00 00 11 00 00 0a ce 00 00 0b fc 00 00 01 4d f3 37 1f 24 4a 16 
[01:55:21] [ClientServer/ClientDecoder/INFO]: Receive a package 000C(所有玩家目标坐标更新)
[01:55:21] [ClientServer/ClientDecoder/INFO]: package 000C: /id: 17/posX: 2766/posY: 3068
[01:55:21] [Client/GameBox/updateTarget/INFO]: receive Package 000C(角色目标)
[01:55:21] [Client/GameBox/updateTarget/INFO]: targetX: 2766/targetY 3068
[01:55:21] [AioModule/Read/Completed/DEBUG]: Received 30 bytes from session/192.168.1.100:8438
[01:55:21] [AioModule/Read/Completed/DEBUG]: Received contents(30bytes): ff ff 00 00 00 1e 00 0c 00 00 00 11 00 00 0a 62 00 00 0b c7 00 00 01 4d f3 37 20 cf 0e b9 
[01:55:21] [ClientServer/ClientDecoder/INFO]: Receive a package 000C(所有玩家目标坐标更新)
[01:55:21] [ClientServer/ClientDecoder/INFO]: package 000C: /id: 17/posX: 2658/posY: 3015
[01:55:21] [Client/GameBox/updateTarget/INFO]: receive Package 000C(角色目标)
[01:55:21] [Client/GameBox/updateTarget/INFO]: targetX: 2658/targetY 3015
[01:55:22] [AioModule/Read/Completed/DEBUG]: Received 30 bytes from session/192.168.1.100:8438
[01:55:22] [AioModule/Read/Completed/DEBUG]: Received contents(30bytes): ff ff 00 00 00 1e 00 0c 00 00 00 11 00 00 09 ae 00 00 0b 6f 00 00 01 4d f3 37 22 bf 79 62 
[01:55:22] [ClientServer/ClientDecoder/INFO]: Receive a package 000C(所有玩家目标坐标更新)
[01:55:22] [ClientServer/ClientDecoder/INFO]: package 000C: /id: 17/posX: 2478/posY: 2927
[01:55:22] [Client/GameBox/updateTarget/INFO]: receive Package 000C(角色目标)
[01:55:22] [Client/GameBox/updateTarget/INFO]: targetX: 2478/targetY 2927
[01:55:22] [AioModule/Read/Completed/DEBUG]: Received 30 bytes from session/192.168.1.100:8438
[01:55:22] [AioModule/Read/Completed/DEBUG]: Received contents(30bytes): ff ff 00 00 00 1e 00 0c 00 00 00 11 00 00 0a 72 00 00 0b 0f 00 00 01 4d f3 37 24 05 06 20 
[01:55:22] [ClientServer/ClientDecoder/INFO]: Receive a package 000C(所有玩家目标坐标更新)
[01:55:22] [ClientServer/ClientDecoder/INFO]: package 000C: /id: 17/posX: 2674/posY: 2831
[01:55:22] [Client/GameBox/updateTarget/INFO]: receive Package 000C(角色目标)
[01:55:22] [Client/GameBox/updateTarget/INFO]: targetX: 2674/targetY 2831
[01:55:22] [AioModule/Read/Completed/DEBUG]: Received 30 bytes from session/192.168.1.100:8438
[01:55:22] [AioModule/Read/Completed/DEBUG]: Received contents(30bytes): ff ff 00 00 00 1e 00 0c 00 00 00 11 00 00 0a 90 00 00 0b 12 00 00 01 4d f3 37 24 70 26 08 
[01:55:22] [ClientServer/ClientDecoder/INFO]: Receive a package 000C(所有玩家目标坐标更新)
[01:55:22] [ClientServer/ClientDecoder/INFO]: package 000C: /id: 17/posX: 2704/posY: 2834
[01:55:22] [Client/GameBox/updateTarget/INFO]: receive Package 000C(角色目标)
[01:55:22] [Client/GameBox/updateTarget/INFO]: targetX: 2704/targetY 2834
[01:55:23] [AioModule/Read/Completed/DEBUG]: Received 30 bytes from session/192.168.1.100:8438
[01:55:23] [AioModule/Read/Completed/DEBUG]: Received contents(30bytes): ff ff 00 00 00 1e 00 0c 00 00 00 11 00 00 0a a5 00 00 0a fb 00 00 01 4d f3 37 25 32 43 3d 
[01:55:23] [ClientServer/ClientDecoder/INFO]: Receive a package 000C(所有玩家目标坐标更新)
[01:55:23] [ClientServer/ClientDecoder/INFO]: package 000C: /id: 17/posX: 2725/posY: 2811
[01:55:23] [Client/GameBox/updateTarget/INFO]: receive Package 000C(角色目标)
[01:55:23] [Client/GameBox/updateTarget/INFO]: targetX: 2725/targetY 2811
[01:55:23] [AioModule/Read/Completed/DEBUG]: Received 30 bytes from session/192.168.1.100:8438
[01:55:23] [AioModule/Read/Completed/DEBUG]: Received contents(30bytes): ff ff 00 00 00 1e 00 0c 00 00 00 11 00 00 0b 6f 00 00 0b 26 00 00 01 4d f3 37 26 be 4c 64 
[01:55:23] [ClientServer/ClientDecoder/INFO]: Receive a package 000C(所有玩家目标坐标更新)
[01:55:23] [ClientServer/ClientDecoder/INFO]: package 000C: /id: 17/posX: 2927/posY: 2854
[01:55:23] [Client/GameBox/updateTarget/INFO]: receive Package 000C(角色目标)
[01:55:23] [Client/GameBox/updateTarget/INFO]: targetX: 2927/targetY 2854
[01:55:23] [SendingModule/sendUseItem/DEBUG]: 发送物品逻辑包:技能实例ID:5
[01:55:23] [AioModule/Write/Completed/DEBUG]: Sent 22 bytes to session/192.168.1.100:8438
[01:55:23] [AioModule/Write/Completed/DEBUG]: Sent contents(22bytes): ff ff 00 00 00 16 00 18 00 00 00 05 00 00 00 00 00 00 00 11 ba de 
[01:55:23] [AioModule/Read/Completed/DEBUG]: Received 18 bytes from session/192.168.1.100:8438
[01:55:23] [AioModule/Read/Completed/DEBUG]: Received contents(18bytes): ff ff 00 00 00 12 00 1d 00 00 00 10 00 00 00 11 b9 62 
[01:55:23] [AioModule/Read/Completed/WARNING]: java.nio.BufferUnderflowException
[01:55:27] [SendingModule/sendTargetPos/DEBUG]: package 000B(角色移动意图) send!
[01:55:27] [AioModule/Write/Completed/DEBUG]: Sent 26 bytes to session/192.168.1.100:8438
[01:55:27] [SendingModule/sendTargetPos/DEBUG]: targetX: 2894/targetY: 3181
[01:55:27] [AioModule/Write/Completed/DEBUG]: Sent contents(26bytes): ff ff 00 00 00 1a 00 0b 00 00 0b 4e 00 00 0c 6d 00 00 01 4d f3 37 34 e6 75 91 
[01:56:34] [SendingModule/sendUseItem/DEBUG]: 发送物品逻辑包:技能实例ID:5
[01:56:35] [AioModule/Write/Failed/WARNING]: Failed to send to sessionnull. java.nio.channels.ClosedChannelException
[01:56:35] [ClientServer/ClientMain/KERNEL]: 7.游戏结束，退出主程序
[01:56:35] [SendingModule/sendLogout/INFO]: logout send!
