[17:54:22] [ClientServer/ClientMain/init/DEBUG]: address: 192.168.1.104:8438
[17:54:22] [ClientServer/ClientMain/init/DEBUG]: 图片加载成功
[17:54:22] [ClientServer/ClientMain/init/DEBUG]: GIF动画加载成功
[17:54:22] [ClientServer/ClientMain/init/DEBUG]: 物品预加载成功
[17:54:22] [ClientServer/ClientMain/init/DEBUG]: init over
[17:54:22] [ClientServer/ClientMain/KERNEL]: 0.开始建立网络连接…………
[17:54:22] [ClientServer/ClientMain/setUpConnection/DEBUG]: setUpConnection over
[17:54:22] [ClientServer/ClientMain/KERNEL]: 1.网络连接成功!
[17:54:22] [ClientServer/ClientMain/KERNEL]: 2.发送0000包，确认对方是否为服务器Gate端
[17:54:22] [AioModule/Read/Completed/DEBUG]: Received 18 bytes from session/192.168.1.104:8438
[17:54:22] [AioModule/Read/Completed/DEBUG]: Received contents(18bytes): ff ff 00 00 00 12 00 14 00 00 01 4d f1 7e bf b2 9b a7 
[17:54:22] [SendingModule/send00Package/INFO]: send00Package over
[17:54:22] [AioModule/Write/Completed/DEBUG]: Sent 14 bytes to session/192.168.1.104:8438
[17:54:22] [ClientServer/ClientDecoder/INFO]: Receive a package 0014(PING)
[17:54:22] [SendingModule/PINGResponse/DEBUG]: package 0015(PING回应包) send!
[17:54:22] [AioModule/Write/Completed/DEBUG]: Sent 18 bytes to session/192.168.1.104:8438
[17:54:22] [AioModule/Write/Completed/DEBUG]: Sent contents(14bytes): ff ff 00 00 00 0e 00 00 00 00 30 39 20 db 
[17:54:22] [AioModule/Write/Completed/DEBUG]: Sent contents(18bytes): ff ff 00 00 00 12 00 15 00 00 01 4d f1 7e bf b2 94 33 
[17:54:22] [AioModule/Read/Completed/DEBUG]: Received 11 bytes from session/192.168.1.104:8438
[17:54:22] [AioModule/Read/Completed/DEBUG]: Received contents(11bytes): ff ff 00 00 00 0b 00 01 01 2a 46 
[17:54:22] [ClientServer/ClientDecoder/INFO]: Receive a package 0001(回应连接请求)
[17:54:22] [ClientServer/ClientDecoder/INFO]: package 0001: 1
[17:54:22] [ClientSever/LoginBox/serverState/INFO]: Receive a package 0001(回应连接请求)
[17:54:22] [ClientSever/LoginBox/serverState/INFO]: package 0001: 1
[17:54:22] [AioModule/Read/Completed/DEBUG]: Received 18 bytes from session/192.168.1.104:8438
[17:54:22] [AioModule/Read/Completed/DEBUG]: Received contents(18bytes): ff ff 00 00 00 12 00 16 00 00 01 4d f1 7e c0 f9 8d 16 
[17:54:22] [ClientServer/ClientDecoder/INFO]: Receive a package 0016(时间同步)
[17:54:22] [ClientServer/ClientMain/KERNEL]: 3.收到0001包，确认对方为服务器Gate端
[17:54:22] [ClientServer/ClientMain/KERNEL]: 4.初始化loginBox登陆界面
[17:54:29] [SendingModule/sendLogin/INFO]: package 0002(登陆信息) send!
[17:54:29] [AioModule/Write/Completed/DEBUG]: Sent 48 bytes to session/192.168.1.104:8438
[17:54:29] [AioModule/Write/Completed/DEBUG]: Sent contents(48bytes): ff ff 00 00 00 30 00 02 31 32 33 34 00 38 31 44 43 39 42 44 42 35 32 44 30 34 44 43 32 30 30 33 36 44 42 44 38 33 31 33 45 44 30 35 35 00 79 71 
[17:54:29] [AioModule/Read/Completed/DEBUG]: Received 11 bytes from session/192.168.1.104:8438
[17:54:29] [AioModule/Read/Completed/DEBUG]: Received contents(11bytes): ff ff 00 00 00 0b 00 03 01 2a 58 
[17:54:29] [ClientServer/ClientDecoder/INFO]: Receive a package 0003(登陆反馈)
[17:54:29] [ClientServer/ClientDecoder/INFO]: package 0003: true
[17:54:29] [ClientServer/LoginBox/onLoginResponse/INFO]: Receive a package 0003(登陆反馈)
[17:54:29] [ClientServer/LoginBox/onLoginResponse/INFO]: package 0003: true
[17:54:30] [AioModule/Read/Completed/DEBUG]: Received 82 bytes from session/192.168.1.104:8438
[17:54:30] [AioModule/Read/Completed/DEBUG]: Received contents(82bytes): ff ff 00 00 00 18 00 06 00 00 00 0a 31 32 33 00 01 01 00 00 00 0b 36 32 ff ff 00 00 00 18 00 06 00 00 00 0b 34 35 36 00 01 01 00 00 00 0b 64 a6 ff ff 00 00 00 18 00 06 00 00 00 0c 37 38 39 00 01 01 00 00 00 0b 93 1a ff ff 00 00 00 0a 00 06 45 71 
[17:54:30] [ClientServer/ClientDecoder/INFO]: Receive a package 0006(角色预加载)
[17:54:30] [ClientServer/ClientDecoder/INFO]: package 0006: /id: 10/name: 123/level: 1/gender: 1
[17:54:30] [ClientSever/LoginBox/addCharacter/INFO]: Receive a package 0006(角色预加载)
[17:54:30] [ClientServer/ClientDecoder/INFO]: Receive a package 0006(角色预加载)
[17:54:30] [ClientServer/ClientDecoder/INFO]: package 0006: /id: 11/name: 456/level: 1/gender: 1
[17:54:30] [ClientSever/LoginBox/addCharacter/INFO]: Receive a package 0006(角色预加载)
[17:54:30] [ClientServer/ClientDecoder/INFO]: Receive a package 0006(角色预加载)
[17:54:30] [ClientServer/ClientDecoder/INFO]: package 0006: /id: 12/name: 789/level: 1/gender: 1
[17:54:30] [ClientSever/LoginBox/addCharacter/INFO]: Receive a package 0006(角色预加载)
[17:54:30] [ClientServer/ClientDecoder/INFO]: Receive a package 0006(角色预加载――空包)
[17:54:30] [ClientServer/LoginBox/noMorePackage/INFO]: Receive a package 0006(角色预加载: 这是最后一个空包
[17:54:33] [SendingModule/sendCharacter/INFO]: package 0007(角色选择) send!
[17:54:33] [AioModule/Write/Completed/DEBUG]: Sent 14 bytes to session/192.168.1.104:8438
[17:54:33] [AioModule/Write/Completed/DEBUG]: Sent contents(14bytes): ff ff 00 00 00 0e 00 07 00 00 00 0c a0 71 
[17:54:33] [ClientServer/ClientMain/KERNEL]: 5.登陆结束
[17:54:33] [ClientServer/ClientMain/KERNEL]: 6.开始游戏，启动gameBox
[17:54:33] [AioModule/Read/Completed/DEBUG]: Received 80 bytes from session/192.168.1.104:8438
[17:54:33] [AioModule/Read/Completed/DEBUG]: Received contents(80bytes): ff ff 00 00 00 50 00 0a 00 00 00 0c 37 38 39 00 74 68 69 73 20 69 73 20 61 20 70 6c 61 6e 65 00 01 01 00 00 00 64 00 00 00 64 00 00 00 64 00 00 00 64 00 00 00 14 00 00 00 14 00 00 00 01 00 00 00 c8 00 00 00 c8 00 00 00 c8 00 00 00 0b 52 8d 
[17:54:33] [ClientServer/ClientDecoder/INFO]: Receive a package 000A(游戏中所有玩家信息)
[17:54:33] [ClientServer/ClientDecoder/INFO]: package 000A: /id: 12/name: 789/level: 1/gender: 1/posX: 200/posY: 200
[17:54:33] [ClientServer/GameBox/addCharacter/DEBUG]: Receive a package 000A(游戏中所有玩家信息)
[17:54:33] [ClientServer/GameBox/addCharacter/DEBUG]: 000A:加入一个主角玩家:789
[17:54:33] [AioModule/Read/Completed/DEBUG]: Received 270 bytes from session/192.168.1.104:8438
[17:54:33] [AioModule/Read/Completed/DEBUG]: Received contents(270bytes): ff ff 00 00 01 0e 00 19 00 00 00 20 00 00 00 00 00 00 00 00 00 00 00 01 00 00 00 00 00 00 00 02 00 00 00 00 00 00 00 03 00 00 00 00 00 00 00 04 00 00 00 00 00 00 00 05 00 00 00 00 00 00 00 06 00 00 00 00 00 00 00 07 00 00 00 00 00 00 00 08 00 00 00 00 00 00 00 09 00 00 00 00 00 00 00 0a 00 00 00 00 00 00 00 0b 00 00 00 00 00 00 00 0c 00 00 00 00 00 00 00 0d 00 00 00 00 00 00 00 0e 00 00 00 00 00 00 00 0f 00 00 00 00 00 00 00 10 00 00 00 00 00 00 00 11 00 00 00 00 00 00 00 12 00 00 00 00 00 00 00 13 00 00 00 00 00 00 00 14 00 00 00 00 00 00 00 15 00 00 00 00 00 00 00 16 00 00 00 00 00 00 00 17 00 00 00 00 00 00 00 18 00 00 00 00 00 00 00 19 00 00 00 00 00 00 00 1a 00 00 00 00 00 00 00 1b 00 00 00 00 00 00 00 1c 00 00 00 00 00 00 00 1d 00 00 00 00 00 00 00 1e 00 00 00 00 00 00 00 1f 00 00 00 00 26 2a 
[17:54:33] [ClientServer/ClientDecoder/INFO]: Receive a package 0019(背包信息)
[17:54:33] [AioModule/Read/Completed/DEBUG]: Received 14 bytes from session/192.168.1.104:8438
[17:54:33] [AioModule/Read/Completed/DEBUG]: Received contents(14bytes): ff ff 00 00 00 0e 00 1b 00 00 00 00 72 5c 
[17:54:33] [AioModule/Read/Completed/DEBUG]: Received 38 bytes from session/192.168.1.104:8438
[17:54:33] [AioModule/Read/Completed/DEBUG]: Received contents(38bytes): ff ff 00 00 00 26 00 1a 00 00 00 02 00 00 00 02 3b 9a ca 01 00 00 00 01 00 00 00 03 3b 9a ca 02 00 00 00 01 b0 8f 
[17:54:33] [ClientServer/ClientDecoder/INFO]: Receive a package 001A(技能信息)
[17:54:33] [ClientServer/GameBox/startGame/KERNEL]: 接收主角详细信息(000A):关闭加载窗口,开始游戏!
[17:54:39] [AioModule/Write/Completed/DEBUG]: Sent 15 bytes to session/192.168.1.104:8438
[17:54:39] [SendingModule/sendPubChat/DEBUG]: 1234
[17:54:39] [AioModule/Write/Completed/DEBUG]: Sent contents(15bytes): ff ff 00 00 00 0f 00 0d 31 32 33 34 00 54 18 
[17:54:39] [AioModule/Read/Completed/DEBUG]: Received 19 bytes from session/192.168.1.104:8438
[17:54:39] [AioModule/Read/Completed/DEBUG]: Received contents(19bytes): ff ff 00 00 00 13 00 0f 37 38 39 00 31 32 33 34 00 2f d4 
[17:54:39] [ClientServer/ClientDecoder/INFO]: Receive a package 000F(全局喇叭信息)
[17:54:39] [ClientServer/ClientDecoder/INFO]: speakerID: 789/message: 1234
[17:54:46] [SendingModule/sendPriChat/DEBUG]: 789:123
[17:54:46] [AioModule/Write/Completed/DEBUG]: Sent 18 bytes to session/192.168.1.104:8438
[17:54:46] [AioModule/Write/Completed/DEBUG]: Sent contents(18bytes): ff ff 00 00 00 12 00 10 37 38 39 00 31 32 33 00 44 b6 
[17:54:46] [AioModule/Read/Completed/DEBUG]: Received 22 bytes from session/192.168.1.104:8438
[17:54:46] [AioModule/Read/Completed/DEBUG]: Received contents(22bytes): ff ff 00 00 00 16 00 12 37 38 39 00 37 38 39 00 31 32 33 00 77 47 
[17:54:46] [ClientServer/ClientDecoder/INFO]: Receive a package 000F(私聊信息)
[17:54:46] [ClientServer/ClientDecoder/INFO]: sendID: 789/recvidID: 789/message: 123
[17:55:09] [SendingModule/sendPriChat/DEBUG]: 789:1234
[17:55:09] [AioModule/Write/Completed/DEBUG]: Sent 19 bytes to session/192.168.1.104:8438
[17:55:09] [AioModule/Write/Completed/DEBUG]: Sent contents(19bytes): ff ff 00 00 00 13 00 10 37 38 39 00 31 32 33 34 00 73 f5 
[17:55:09] [AioModule/Read/Completed/DEBUG]: Received 23 bytes from session/192.168.1.104:8438
[17:55:09] [AioModule/Read/Completed/DEBUG]: Received contents(23bytes): ff ff 00 00 00 17 00 12 37 38 39 00 37 38 39 00 31 32 33 34 00 6e 27 
[17:55:09] [ClientServer/ClientDecoder/INFO]: Receive a package 000F(私聊信息)
[17:55:09] [ClientServer/ClientDecoder/INFO]: sendID: 789/recvidID: 789/message: 1234
[17:55:25] [AioModule/Read/Completed/DEBUG]: Received 81 bytes from session/192.168.1.104:8438
[17:55:25] [AioModule/Read/Completed/DEBUG]: Received contents(81bytes): ff ff 00 00 00 51 00 0a 00 00 00 0d 31 32 33 34 00 74 68 69 73 20 69 73 20 61 20 70 6c 61 6e 65 00 01 01 00 00 00 64 00 00 00 64 00 00 00 64 00 00 00 64 00 00 00 14 00 00 00 14 00 00 00 01 00 00 00 c8 00 00 00 c8 00 00 00 c8 00 00 00 0b 04 07 
[17:55:25] [ClientServer/ClientDecoder/INFO]: Receive a package 000A(游戏中所有玩家信息)
[17:55:25] [ClientServer/ClientDecoder/INFO]: package 000A: /id: 13/name: 1234/level: 1/gender: 1/posX: 200/posY: 200
[17:55:25] [ClientServer/GameBox/addCharacter/DEBUG]: Receive a package 000A(游戏中所有玩家信息)
[17:55:25] [ClientServer/GameBox/addCharacter/DEBUG]: 000A:加入一个非主角玩家:1234
[17:55:37] [AioModule/Read/Completed/DEBUG]: Received 30 bytes from session/192.168.1.104:8438
[17:55:37] [AioModule/Read/Completed/DEBUG]: Received contents(30bytes): ff ff 00 00 00 1e 00 0c 00 00 00 0d 00 00 00 0d ff ff ff ac 00 00 01 4d f1 7f e1 07 66 d6 
[17:55:37] [ClientServer/ClientDecoder/INFO]: Receive a package 000C(所有玩家目标坐标更新)
[17:55:37] [ClientServer/ClientDecoder/INFO]: package 000C: /id: 13/posX: 13/posY: -84
[17:55:37] [Client/GameBox/updateTarget/INFO]: receive Package 000C(角色目标)
[17:55:37] [Client/GameBox/updateTarget/INFO]: targetX: 13/targetY -84
[17:55:54] [SendingModule/sendPriChat/DEBUG]: 1234:哈哈
[17:55:54] [AioModule/Write/Completed/DEBUG]: Sent 20 bytes to session/192.168.1.104:8438
[17:55:54] [AioModule/Write/Completed/DEBUG]: Sent contents(20bytes): ff ff 00 00 00 14 00 10 31 32 33 34 00 b9 fe b9 fe 00 45 48 
[17:55:54] [AioModule/Read/Completed/DEBUG]: Received 24 bytes from session/192.168.1.104:8438
[17:55:54] [AioModule/Read/Completed/DEBUG]: Received contents(24bytes): ff ff 00 00 00 18 00 12 37 38 39 00 31 32 33 34 00 b9 fe b9 fe 00 8d 53 
[17:55:54] [ClientServer/ClientDecoder/INFO]: Receive a package 000F(私聊信息)
[17:55:54] [ClientServer/ClientDecoder/INFO]: sendID: 789/recvidID: 1234/message: 哈哈
[18:08:57] [Client/GameBox/updateTarget/INFO]: receive Package 000C(角色目标)
[18:08:57] [Client/GameBox/updateTarget/INFO]: targetX: 134/targetY 215
[18:08:57] [SendingModule/sendTargetPos/DEBUG]: package 000B(角色移动意图) send!
[18:08:57] [SendingModule/sendTargetPos/DEBUG]: targetX: 134/targetY: 215
[18:08:57] [AioModule/Write/Completed/DEBUG]: Sent 30 bytes to session/192.168.1.104:8438
[18:08:57] [AioModule/Write/Completed/DEBUG]: Sent contents(30bytes): ff ff 00 00 00 1e 00 0b 00 00 00 0c 00 00 00 86 00 00 00 d7 00 00 01 4d f1 8b 24 2b 73 34 
[18:08:57] [AioModule/Read/Completed/DEBUG]: Received 30 bytes from session/192.168.1.104:8438
[18:08:57] [AioModule/Read/Completed/DEBUG]: Received contents(30bytes): ff ff 00 00 00 1e 00 0c 00 00 00 0c 00 00 00 0c 00 00 00 86 00 00 01 4d f1 8c 17 7b 81 d5 
[18:08:57] [ClientServer/ClientDecoder/INFO]: Receive a package 000C(所有玩家目标坐标更新)
[18:08:57] [ClientServer/ClientDecoder/INFO]: package 000C: /id: 12/posX: 12/posY: 134
[18:08:57] [Client/GameBox/updateTarget/INFO]: receive Package 000C(角色目标)
[18:08:57] [Client/GameBox/updateTarget/INFO]: targetX: 12/targetY 134
[18:09:00] [Client/GameBox/updateTarget/INFO]: receive Package 000C(角色目标)
[18:09:00] [Client/GameBox/updateTarget/INFO]: targetX: 119/targetY 652
[18:09:00] [SendingModule/sendTargetPos/DEBUG]: package 000B(角色移动意图) send!
[18:09:00] [AioModule/Write/Completed/DEBUG]: Sent 30 bytes to session/192.168.1.104:8438
[18:09:00] [SendingModule/sendTargetPos/DEBUG]: targetX: 119/targetY: 652
[18:09:00] [AioModule/Write/Completed/DEBUG]: Sent contents(30bytes): ff ff 00 00 00 1e 00 0b 00 00 00 0c 00 00 00 77 00 00 02 8c 00 00 01 4d f1 8b 2f 7e 52 69 
[18:09:03] [Client/GameBox/updateTarget/INFO]: receive Package 000C(角色目标)
[18:09:03] [Client/GameBox/updateTarget/INFO]: targetX: 64/targetY 981
[18:09:03] [SendingModule/sendTargetPos/DEBUG]: package 000B(角色移动意图) send!
[18:09:03] [AioModule/Write/Completed/DEBUG]: Sent 30 bytes to session/192.168.1.104:8438
[18:09:03] [SendingModule/sendTargetPos/DEBUG]: targetX: 64/targetY: 981
[18:09:03] [AioModule/Write/Completed/DEBUG]: Sent contents(30bytes): ff ff 00 00 00 1e 00 0b 00 00 00 0c 00 00 00 40 00 00 03 d5 00 00 01 4d f1 8b 3b 12 77 b6 
[18:09:03] [Client/GameBox/updateTarget/INFO]: receive Package 000C(角色目标)
[18:09:03] [Client/GameBox/updateTarget/INFO]: targetX: -89/targetY 955
[18:09:03] [SendingModule/sendTargetPos/DEBUG]: package 000B(角色移动意图) send!
[18:09:03] [AioModule/Write/Completed/DEBUG]: Sent 30 bytes to session/192.168.1.104:8438
[18:09:03] [SendingModule/sendTargetPos/DEBUG]: targetX: -89/targetY: 955
[18:09:03] [AioModule/Write/Completed/DEBUG]: Sent contents(30bytes): ff ff 00 00 00 1e 00 0b 00 00 00 0c ff ff ff a7 00 00 03 bb 00 00 01 4d f1 8b 3d 13 c1 33 
[18:09:09] [AioModule/Read/Completed/DEBUG]: Received 30 bytes from session/192.168.1.104:8438
[18:09:09] [AioModule/Read/Completed/DEBUG]: Received contents(30bytes): ff ff 00 00 00 1e 00 0c 00 00 00 0d 00 00 00 0d ff ff ff e6 00 00 01 4d f1 8c 46 02 0e cc 
[18:09:09] [ClientServer/ClientDecoder/INFO]: Receive a package 000C(所有玩家目标坐标更新)
[18:09:09] [ClientServer/ClientDecoder/INFO]: package 000C: /id: 13/posX: 13/posY: -26
[18:09:09] [Client/GameBox/updateTarget/INFO]: receive Package 000C(角色目标)
[18:09:09] [Client/GameBox/updateTarget/INFO]: targetX: 13/targetY -26
[18:09:09] [AioModule/Read/Completed/DEBUG]: Received 30 bytes from session/192.168.1.104:8438
[18:09:09] [AioModule/Read/Completed/DEBUG]: Received contents(30bytes): ff ff 00 00 00 1e 00 0c 00 00 00 0d 00 00 00 0d ff ff ff e1 00 00 01 4d f1 8c 47 cc 34 12 
[18:09:09] [ClientServer/ClientDecoder/INFO]: Receive a package 000C(所有玩家目标坐标更新)
[18:09:09] [ClientServer/ClientDecoder/INFO]: package 000C: /id: 13/posX: 13/posY: -31
[18:09:09] [Client/GameBox/updateTarget/INFO]: receive Package 000C(角色目标)
[18:09:09] [Client/GameBox/updateTarget/INFO]: targetX: 13/targetY -31
[18:09:16] [Client/GameBox/updateTarget/INFO]: receive Package 000C(角色目标)
[18:09:16] [Client/GameBox/updateTarget/INFO]: targetX: 716/targetY 907
[18:09:16] [SendingModule/sendTargetPos/DEBUG]: package 000B(角色移动意图) send!
[18:09:16] [AioModule/Write/Completed/DEBUG]: Sent 30 bytes to session/192.168.1.104:8438
[18:09:16] [SendingModule/sendTargetPos/DEBUG]: targetX: 716/targetY: 907
[18:09:16] [AioModule/Write/Completed/DEBUG]: Sent contents(30bytes): ff ff 00 00 00 1e 00 0b 00 00 00 0c 00 00 02 cc 00 00 03 8b 00 00 01 4d f1 8b 70 94 83 fc 
[18:09:17] [Client/GameBox/updateTarget/INFO]: receive Package 000C(角色目标)
[18:09:17] [Client/GameBox/updateTarget/INFO]: targetX: 830/targetY 962
[18:09:17] [SendingModule/sendTargetPos/DEBUG]: package 000B(角色移动意图) send!
[18:09:17] [AioModule/Write/Completed/DEBUG]: Sent 30 bytes to session/192.168.1.104:8438
[18:09:17] [SendingModule/sendTargetPos/DEBUG]: targetX: 830/targetY: 962
[18:09:17] [AioModule/Write/Completed/DEBUG]: Sent contents(30bytes): ff ff 00 00 00 1e 00 0b 00 00 00 0c 00 00 03 3e 00 00 03 c2 00 00 01 4d f1 8b 72 e2 00 b9 
[18:09:18] [Client/GameBox/updateTarget/INFO]: receive Package 000C(角色目标)
[18:09:18] [Client/GameBox/updateTarget/INFO]: targetX: 1004/targetY 900
[18:09:18] [SendingModule/sendTargetPos/DEBUG]: package 000B(角色移动意图) send!
[18:09:18] [AioModule/Write/Completed/DEBUG]: Sent 30 bytes to session/192.168.1.104:8438
[18:09:18] [SendingModule/sendTargetPos/DEBUG]: targetX: 1004/targetY: 900
[18:09:18] [AioModule/Write/Completed/DEBUG]: Sent contents(30bytes): ff ff 00 00 00 1e 00 0b 00 00 00 0c 00 00 03 ec 00 00 03 84 00 00 01 4d f1 8b 75 80 87 0d 
[18:09:18] [Client/GameBox/updateTarget/INFO]: receive Package 000C(角色目标)
[18:09:18] [Client/GameBox/updateTarget/INFO]: targetX: 1148/targetY 891
[18:09:18] [SendingModule/sendTargetPos/DEBUG]: package 000B(角色移动意图) send!
[18:09:18] [AioModule/Write/Completed/DEBUG]: Sent 30 bytes to session/192.168.1.104:8438
[18:09:18] [SendingModule/sendTargetPos/DEBUG]: targetX: 1148/targetY: 891
[18:09:18] [AioModule/Write/Completed/DEBUG]: Sent contents(30bytes): ff ff 00 00 00 1e 00 0b 00 00 00 0c 00 00 04 7c 00 00 03 7b 00 00 01 4d f1 8b 78 63 bd 67 
[18:09:19] [Client/GameBox/updateTarget/INFO]: receive Package 000C(角色目标)
[18:09:19] [Client/GameBox/updateTarget/INFO]: targetX: 1276/targetY 884
[18:09:19] [SendingModule/sendTargetPos/DEBUG]: package 000B(角色移动意图) send!
[18:09:19] [AioModule/Write/Completed/DEBUG]: Sent 30 bytes to session/192.168.1.104:8438
[18:09:19] [SendingModule/sendTargetPos/DEBUG]: targetX: 1276/targetY: 884
[18:09:19] [AioModule/Write/Completed/DEBUG]: Sent contents(30bytes): ff ff 00 00 00 1e 00 0b 00 00 00 0c 00 00 04 fc 00 00 03 74 00 00 01 4d f1 8b 7a e9 8c 47 
[18:09:21] [Client/GameBox/updateTarget/INFO]: receive Package 000C(角色目标)
[18:09:21] [Client/GameBox/updateTarget/INFO]: targetX: 1003/targetY 531
[18:09:21] [SendingModule/sendTargetPos/DEBUG]: package 000B(角色移动意图) send!
[18:09:21] [AioModule/Write/Completed/DEBUG]: Sent 30 bytes to session/192.168.1.104:8438
[18:09:21] [SendingModule/sendTargetPos/DEBUG]: targetX: 1003/targetY: 531
[18:09:21] [AioModule/Write/Completed/DEBUG]: Sent contents(30bytes): ff ff 00 00 00 1e 00 0b 00 00 00 0c 00 00 03 eb 00 00 02 13 00 00 01 4d f1 8b 81 8a 5d 8c 
[18:09:21] [Client/GameBox/updateTarget/INFO]: receive Package 000C(角色目标)
[18:09:21] [Client/GameBox/updateTarget/INFO]: targetX: 1363/targetY 520
[18:09:21] [SendingModule/sendTargetPos/DEBUG]: package 000B(角色移动意图) send!
[18:09:21] [AioModule/Write/Completed/DEBUG]: Sent 30 bytes to session/192.168.1.104:8438
[18:09:21] [SendingModule/sendTargetPos/DEBUG]: targetX: 1363/targetY: 520
[18:09:21] [AioModule/Write/Completed/DEBUG]: Sent contents(30bytes): ff ff 00 00 00 1e 00 0b 00 00 00 0c 00 00 05 53 00 00 02 08 00 00 01 4d f1 8b 84 26 10 55 
[18:09:22] [Client/GameBox/updateTarget/INFO]: receive Package 000C(角色目标)
[18:09:22] [Client/GameBox/updateTarget/INFO]: targetX: 1224/targetY 492
[18:09:22] [SendingModule/sendTargetPos/DEBUG]: package 000B(角色移动意图) send!
[18:09:22] [AioModule/Write/Completed/DEBUG]: Sent 30 bytes to session/192.168.1.104:8438
[18:09:22] [SendingModule/sendTargetPos/DEBUG]: targetX: 1224/targetY: 492
[18:09:22] [AioModule/Write/Completed/DEBUG]: Sent contents(30bytes): ff ff 00 00 00 1e 00 0b 00 00 00 0c 00 00 04 c8 00 00 01 ec 00 00 01 4d f1 8b 86 f1 1f 98 
[18:09:23] [Client/GameBox/updateTarget/INFO]: receive Package 000C(角色目标)
[18:09:23] [Client/GameBox/updateTarget/INFO]: targetX: 1100/targetY 381
[18:09:23] [SendingModule/sendTargetPos/DEBUG]: package 000B(角色移动意图) send!
[18:09:23] [AioModule/Write/Completed/DEBUG]: Sent 30 bytes to session/192.168.1.104:8438
[18:09:23] [SendingModule/sendTargetPos/DEBUG]: targetX: 1100/targetY: 381
[18:09:23] [AioModule/Write/Completed/DEBUG]: Sent contents(30bytes): ff ff 00 00 00 1e 00 0b 00 00 00 0c 00 00 04 4c 00 00 01 7d 00 00 01 4d f1 8b 88 c3 6a a4 
[18:09:24] [Client/GameBox/updateTarget/INFO]: receive Package 000C(角色目标)
[18:09:24] [Client/GameBox/updateTarget/INFO]: targetX: 1083/targetY 742
[18:09:24] [SendingModule/sendTargetPos/DEBUG]: package 000B(角色移动意图) send!
[18:09:24] [AioModule/Write/Completed/DEBUG]: Sent 30 bytes to session/192.168.1.104:8438
[18:09:24] [SendingModule/sendTargetPos/DEBUG]: targetX: 1083/targetY: 742
[18:09:24] [AioModule/Write/Completed/DEBUG]: Sent contents(30bytes): ff ff 00 00 00 1e 00 0b 00 00 00 0c 00 00 04 3b 00 00 02 e6 00 00 01 4d f1 8b 8d d4 b0 34 
[18:09:24] [Client/GameBox/updateTarget/INFO]: receive Package 000C(角色目标)
[18:09:24] [Client/GameBox/updateTarget/INFO]: targetX: 1009/targetY 901
[18:09:24] [SendingModule/sendTargetPos/DEBUG]: package 000B(角色移动意图) send!
[18:09:24] [AioModule/Write/Completed/DEBUG]: Sent 30 bytes to session/192.168.1.104:8438
[18:09:24] [SendingModule/sendTargetPos/DEBUG]: targetX: 1009/targetY: 901
[18:09:24] [AioModule/Write/Completed/DEBUG]: Sent contents(30bytes): ff ff 00 00 00 1e 00 0b 00 00 00 0c 00 00 03 f1 00 00 03 85 00 00 01 4d f1 8b 8f ea 16 28 
[18:09:25] [Client/GameBox/updateTarget/INFO]: receive Package 000C(角色目标)
[18:09:25] [Client/GameBox/updateTarget/INFO]: targetX: 996/targetY 964
[18:09:25] [SendingModule/sendTargetPos/DEBUG]: package 000B(角色移动意图) send!
[18:09:25] [AioModule/Write/Completed/DEBUG]: Sent 30 bytes to session/192.168.1.104:8438
[18:09:25] [SendingModule/sendTargetPos/DEBUG]: targetX: 996/targetY: 964
[18:09:25] [AioModule/Write/Completed/DEBUG]: Sent contents(30bytes): ff ff 00 00 00 1e 00 0b 00 00 00 0c 00 00 03 e4 00 00 03 c4 00 00 01 4d f1 8b 91 32 31 d8 
[18:09:25] [Client/GameBox/updateTarget/INFO]: receive Package 000C(角色目标)
[18:09:25] [Client/GameBox/updateTarget/INFO]: targetX: 1013/targetY 1048
[18:09:25] [SendingModule/sendTargetPos/DEBUG]: package 000B(角色移动意图) send!
[18:09:25] [AioModule/Write/Completed/DEBUG]: Sent 30 bytes to session/192.168.1.104:8438
[18:09:25] [SendingModule/sendTargetPos/DEBUG]: targetX: 1013/targetY: 1048
[18:09:25] [AioModule/Write/Completed/DEBUG]: Sent contents(30bytes): ff ff 00 00 00 1e 00 0b 00 00 00 0c 00 00 03 f5 00 00 04 18 00 00 01 4d f1 8b 92 d0 41 8c 
[18:09:26] [Client/GameBox/updateTarget/INFO]: receive Package 000C(角色目标)
[18:09:26] [Client/GameBox/updateTarget/INFO]: targetX: 1005/targetY 1119
[18:09:26] [SendingModule/sendTargetPos/DEBUG]: package 000B(角色移动意图) send!
[18:09:26] [AioModule/Write/Completed/DEBUG]: Sent 30 bytes to session/192.168.1.104:8438
[18:09:26] [SendingModule/sendTargetPos/DEBUG]: targetX: 1005/targetY: 1119
[18:09:26] [AioModule/Write/Completed/DEBUG]: Sent contents(30bytes): ff ff 00 00 00 1e 00 0b 00 00 00 0c 00 00 03 ed 00 00 04 5f 00 00 01 4d f1 8b 94 3c 45 cc 
[18:09:26] [Client/GameBox/updateTarget/INFO]: receive Package 000C(角色目标)
[18:09:26] [Client/GameBox/updateTarget/INFO]: targetX: 1001/targetY 1151
[18:09:26] [SendingModule/sendTargetPos/DEBUG]: package 000B(角色移动意图) send!
[18:09:26] [SendingModule/sendTargetPos/DEBUG]: targetX: 1001/targetY: 1151
[18:09:26] [AioModule/Write/Completed/DEBUG]: Sent 30 bytes to session/192.168.1.104:8438
[18:09:26] [AioModule/Write/Completed/DEBUG]: Sent contents(30bytes): ff ff 00 00 00 1e 00 0b 00 00 00 0c 00 00 03 e9 00 00 04 7f 00 00 01 4d f1 8b 94 dd 88 5c 
[18:09:29] [ClientServer/ClientMain/KERNEL]: 7.游戏结束，退出主程序
[18:09:29] [SendingModule/sendLogout/INFO]: logout send!
[18:09:29] [AioModule/Write/Completed/DEBUG]: Sent 14 bytes to session/192.168.1.104:8438
[18:09:29] [AioModule/Write/Completed/DEBUG]: Sent contents(14bytes): ff ff 00 00 00 0e 00 13 00 00 00 00 84 c6 
